| distributed init (rank 2): env://
| distributed init (rank 1): env://
| distributed init (rank 0): env://
| distributed init (rank 3): env://
Creating vqa datasets
Creating model
reshape position embedding from 256 to 576
reshape position embedding from 256 to 576
load checkpoint from /projects/nlp/data/data/multimodal-gender-bias/outputs/Pretrain_CC3M_neutral/albef_4m/checkpoint_00.pth
_IncompatibleKeys(missing_keys=[], unexpected_keys=['temp', 'image_queue', 'text_queue', 'queue_ptr', 'vision_proj.weight', 'vision_proj.bias', 'text_proj.weight', 'text_proj.bias', 'itm_head.weight', 'itm_head.bias', 'vision_proj_m.weight', 'vision_proj_m.bias', 'text_proj_m.weight', 'text_proj_m.bias'])
Start training
Train Epoch: [0]  [   0/3466]  eta: 8:20:58  lr: 0.000010  loss: 33.3307  time: 8.6724  data: 2.8118  max mem: 22093
Train Epoch: [0]  [  50/3466]  eta: 1:29:58  lr: 0.000010  loss: 8.5539  time: 1.4399  data: 0.0001  max mem: 25974
Train Epoch: [0]  [ 100/3466]  eta: 1:24:56  lr: 0.000010  loss: 7.7929  time: 1.4509  data: 0.0001  max mem: 26094
Train Epoch: [0]  [ 150/3466]  eta: 1:22:32  lr: 0.000013  loss: 5.8503  time: 1.4516  data: 0.0001  max mem: 26094
Train Epoch: [0]  [ 200/3466]  eta: 1:20:45  lr: 0.000013  loss: 4.3986  time: 1.4560  data: 0.0001  max mem: 26094
Train Epoch: [0]  [ 250/3466]  eta: 1:19:15  lr: 0.000015  loss: 6.2280  time: 1.4612  data: 0.0001  max mem: 26905
Train Epoch: [0]  [ 300/3466]  eta: 1:17:50  lr: 0.000015  loss: 4.8238  time: 1.4563  data: 0.0001  max mem: 26905
Train Epoch: [0]  [ 350/3466]  eta: 1:16:27  lr: 0.000018  loss: 4.7755  time: 1.4531  data: 0.0002  max mem: 26905
Train Epoch: [0]  [ 400/3466]  eta: 1:15:08  lr: 0.000018  loss: 4.1035  time: 1.4547  data: 0.0002  max mem: 26905
Train Epoch: [0]  [ 450/3466]  eta: 1:13:49  lr: 0.000020  loss: 4.1052  time: 1.4551  data: 0.0001  max mem: 26905
Train Epoch: [0]  [ 500/3466]  eta: 1:12:32  lr: 0.000020  loss: 3.0877  time: 1.4551  data: 0.0001  max mem: 26905
Train Epoch: [0]  [ 550/3466]  eta: 1:11:16  lr: 0.000020  loss: 4.2221  time: 1.4543  data: 0.0001  max mem: 26905
Train Epoch: [0]  [ 600/3466]  eta: 1:10:00  lr: 0.000020  loss: 6.1333  time: 1.4574  data: 0.0001  max mem: 26905
Train Epoch: [0]  [ 650/3466]  eta: 1:08:45  lr: 0.000020  loss: 2.5307  time: 1.4615  data: 0.0001  max mem: 26905
Train Epoch: [0]  [ 700/3466]  eta: 1:07:31  lr: 0.000020  loss: 5.4047  time: 1.4579  data: 0.0001  max mem: 26905
Train Epoch: [0]  [ 750/3466]  eta: 1:06:16  lr: 0.000020  loss: 3.3898  time: 1.4570  data: 0.0002  max mem: 26905
Train Epoch: [0]  [ 800/3466]  eta: 1:05:01  lr: 0.000020  loss: 3.1694  time: 1.4512  data: 0.0001  max mem: 26905
Train Epoch: [0]  [ 850/3466]  eta: 1:03:47  lr: 0.000020  loss: 4.0932  time: 1.4520  data: 0.0001  max mem: 26905
Train Epoch: [0]  [ 900/3466]  eta: 1:02:32  lr: 0.000020  loss: 2.7987  time: 1.4556  data: 0.0001  max mem: 26905
Train Epoch: [0]  [ 950/3466]  eta: 1:01:18  lr: 0.000020  loss: 4.6083  time: 1.4581  data: 0.0001  max mem: 26905
Train Epoch: [0]  [1000/3466]  eta: 1:00:05  lr: 0.000020  loss: 3.6002  time: 1.4575  data: 0.0001  max mem: 26905
Train Epoch: [0]  [1050/3466]  eta: 0:58:51  lr: 0.000020  loss: 4.5877  time: 1.4600  data: 0.0001  max mem: 26905
Train Epoch: [0]  [1100/3466]  eta: 0:57:38  lr: 0.000020  loss: 3.7294  time: 1.4595  data: 0.0001  max mem: 26905
Train Epoch: [0]  [1150/3466]  eta: 0:56:25  lr: 0.000020  loss: 3.4177  time: 1.4563  data: 0.0001  max mem: 26905
Train Epoch: [0]  [1200/3466]  eta: 0:55:10  lr: 0.000020  loss: 2.7482  time: 1.4500  data: 0.0002  max mem: 26905
Train Epoch: [0]  [1250/3466]  eta: 0:53:57  lr: 0.000020  loss: 3.3540  time: 1.4579  data: 0.0001  max mem: 26905
Train Epoch: [0]  [1300/3466]  eta: 0:52:43  lr: 0.000020  loss: 3.4478  time: 1.4541  data: 0.0001  max mem: 26905
Train Epoch: [0]  [1350/3466]  eta: 0:51:30  lr: 0.000020  loss: 4.0877  time: 1.4615  data: 0.0001  max mem: 26905
Train Epoch: [0]  [1400/3466]  eta: 0:50:17  lr: 0.000020  loss: 4.2782  time: 1.4567  data: 0.0001  max mem: 26905
Train Epoch: [0]  [1450/3466]  eta: 0:49:04  lr: 0.000020  loss: 3.1078  time: 1.4612  data: 0.0001  max mem: 26905
Train Epoch: [0]  [1500/3466]  eta: 0:47:51  lr: 0.000020  loss: 2.6317  time: 1.4580  data: 0.0002  max mem: 26905
Train Epoch: [0]  [1550/3466]  eta: 0:46:38  lr: 0.000020  loss: 1.6133  time: 1.4595  data: 0.0002  max mem: 26905
Train Epoch: [0]  [1600/3466]  eta: 0:45:24  lr: 0.000020  loss: 4.2857  time: 1.4594  data: 0.0001  max mem: 26905
Train Epoch: [0]  [1650/3466]  eta: 0:44:11  lr: 0.000020  loss: 4.2545  time: 1.4586  data: 0.0001  max mem: 26905
Train Epoch: [0]  [1700/3466]  eta: 0:42:58  lr: 0.000020  loss: 2.7676  time: 1.4583  data: 0.0001  max mem: 26905
Train Epoch: [0]  [1750/3466]  eta: 0:41:45  lr: 0.000020  loss: 3.4789  time: 1.4556  data: 0.0001  max mem: 26905
Train Epoch: [0]  [1800/3466]  eta: 0:40:32  lr: 0.000020  loss: 3.0909  time: 1.4570  data: 0.0001  max mem: 26905
Train Epoch: [0]  [1850/3466]  eta: 0:39:19  lr: 0.000020  loss: 3.1305  time: 1.4573  data: 0.0001  max mem: 26905
Train Epoch: [0]  [1900/3466]  eta: 0:38:06  lr: 0.000020  loss: 3.2128  time: 1.4568  data: 0.0001  max mem: 26905
Train Epoch: [0]  [1950/3466]  eta: 0:36:53  lr: 0.000020  loss: 2.9809  time: 1.4542  data: 0.0001  max mem: 26905
Train Epoch: [0]  [2000/3466]  eta: 0:35:39  lr: 0.000020  loss: 1.7818  time: 1.4571  data: 0.0001  max mem: 26905
Train Epoch: [0]  [2050/3466]  eta: 0:34:26  lr: 0.000020  loss: 2.4272  time: 1.4575  data: 0.0002  max mem: 26905
Train Epoch: [0]  [2100/3466]  eta: 0:33:13  lr: 0.000020  loss: 2.7618  time: 1.4571  data: 0.0001  max mem: 26905
Train Epoch: [0]  [2150/3466]  eta: 0:32:00  lr: 0.000020  loss: 2.2751  time: 1.4527  data: 0.0001  max mem: 26905
Train Epoch: [0]  [2200/3466]  eta: 0:30:47  lr: 0.000020  loss: 3.2067  time: 1.4584  data: 0.0001  max mem: 26905
Train Epoch: [0]  [2250/3466]  eta: 0:29:34  lr: 0.000020  loss: 2.9473  time: 1.4550  data: 0.0001  max mem: 26905
Train Epoch: [0]  [2300/3466]  eta: 0:28:21  lr: 0.000020  loss: 1.6807  time: 1.4579  data: 0.0001  max mem: 26905
Train Epoch: [0]  [2350/3466]  eta: 0:27:08  lr: 0.000020  loss: 2.7247  time: 1.4555  data: 0.0001  max mem: 26905
Train Epoch: [0]  [2400/3466]  eta: 0:25:55  lr: 0.000020  loss: 2.2129  time: 1.4541  data: 0.0001  max mem: 26905
Train Epoch: [0]  [2450/3466]  eta: 0:24:42  lr: 0.000020  loss: 2.4457  time: 1.4566  data: 0.0001  max mem: 26905
Train Epoch: [0]  [2500/3466]  eta: 0:23:29  lr: 0.000020  loss: 2.5999  time: 1.4557  data: 0.0002  max mem: 26905
Train Epoch: [0]  [2550/3466]  eta: 0:22:16  lr: 0.000020  loss: 2.6234  time: 1.4589  data: 0.0002  max mem: 26905
Train Epoch: [0]  [2600/3466]  eta: 0:21:03  lr: 0.000020  loss: 3.5660  time: 1.4531  data: 0.0001  max mem: 26905
Train Epoch: [0]  [2650/3466]  eta: 0:19:50  lr: 0.000020  loss: 3.2193  time: 1.4619  data: 0.0001  max mem: 26905
Train Epoch: [0]  [2700/3466]  eta: 0:18:37  lr: 0.000020  loss: 2.9460  time: 1.4544  data: 0.0001  max mem: 26905
Train Epoch: [0]  [2750/3466]  eta: 0:17:24  lr: 0.000020  loss: 3.7257  time: 1.4533  data: 0.0001  max mem: 26905
Train Epoch: [0]  [2800/3466]  eta: 0:16:11  lr: 0.000020  loss: 2.9116  time: 1.4577  data: 0.0002  max mem: 26905
Train Epoch: [0]  [2850/3466]  eta: 0:14:58  lr: 0.000020  loss: 2.2471  time: 1.4571  data: 0.0001  max mem: 26905
Train Epoch: [0]  [2900/3466]  eta: 0:13:45  lr: 0.000020  loss: 2.8285  time: 1.4599  data: 0.0001  max mem: 26905
Train Epoch: [0]  [2950/3466]  eta: 0:12:32  lr: 0.000020  loss: 3.1612  time: 1.4546  data: 0.0001  max mem: 26905
Train Epoch: [0]  [3000/3466]  eta: 0:11:19  lr: 0.000020  loss: 3.0185  time: 1.4574  data: 0.0001  max mem: 26905
Train Epoch: [0]  [3050/3466]  eta: 0:10:06  lr: 0.000020  loss: 2.7980  time: 1.4534  data: 0.0002  max mem: 26905
Train Epoch: [0]  [3100/3466]  eta: 0:08:53  lr: 0.000020  loss: 2.5780  time: 1.4579  data: 0.0001  max mem: 26905
Train Epoch: [0]  [3150/3466]  eta: 0:07:40  lr: 0.000020  loss: 2.7843  time: 1.4600  data: 0.0001  max mem: 26905
Train Epoch: [0]  [3200/3466]  eta: 0:06:27  lr: 0.000020  loss: 3.1078  time: 1.4572  data: 0.0001  max mem: 26905
Train Epoch: [0]  [3250/3466]  eta: 0:05:15  lr: 0.000020  loss: 2.9575  time: 1.4566  data: 0.0001  max mem: 26905
Train Epoch: [0]  [3300/3466]  eta: 0:04:02  lr: 0.000020  loss: 3.3263  time: 1.4566  data: 0.0002  max mem: 26905
Train Epoch: [0]  [3350/3466]  eta: 0:02:49  lr: 0.000020  loss: 3.1599  time: 1.4588  data: 0.0001  max mem: 26905
Train Epoch: [0]  [3400/3466]  eta: 0:01:36  lr: 0.000020  loss: 2.6355  time: 1.4606  data: 0.0001  max mem: 26905
Train Epoch: [0]  [3450/3466]  eta: 0:00:23  lr: 0.000020  loss: 3.4688  time: 1.4535  data: 0.0001  max mem: 26905
Train Epoch: [0]  [3465/3466]  eta: 0:00:01  lr: 0.000020  loss: 2.9492  time: 1.4549  data: 0.0004  max mem: 26905
Train Epoch: [0] Total time: 1:24:15 (1.4585 s / it)
Averaged stats: lr: 0.0000  loss: 3.6106
Train Epoch: [1]  [   0/3466]  eta: 3:24:03  lr: 0.000019  loss: 2.3811  time: 3.5325  data: 1.3870  max mem: 26905
Train Epoch: [1]  [  50/3466]  eta: 1:24:30  lr: 0.000019  loss: 2.7004  time: 1.4434  data: 0.0001  max mem: 27124
Train Epoch: [1]  [ 100/3466]  eta: 1:22:16  lr: 0.000019  loss: 3.7723  time: 1.4537  data: 0.0001  max mem: 27124
Train Epoch: [1]  [ 150/3466]  eta: 1:20:51  lr: 0.000019  loss: 2.3763  time: 1.4520  data: 0.0001  max mem: 27124
Train Epoch: [1]  [ 200/3466]  eta: 1:19:30  lr: 0.000019  loss: 3.4925  time: 1.4523  data: 0.0001  max mem: 27124
Train Epoch: [1]  [ 250/3466]  eta: 1:18:13  lr: 0.000019  loss: 2.1589  time: 1.4574  data: 0.0001  max mem: 27124
Train Epoch: [1]  [ 300/3466]  eta: 1:16:58  lr: 0.000019  loss: 3.1624  time: 1.4564  data: 0.0001  max mem: 27124
Train Epoch: [1]  [ 350/3466]  eta: 1:15:45  lr: 0.000019  loss: 1.8590  time: 1.4552  data: 0.0001  max mem: 27124
Train Epoch: [1]  [ 400/3466]  eta: 1:14:33  lr: 0.000019  loss: 3.2175  time: 1.4600  data: 0.0001  max mem: 27124
Train Epoch: [1]  [ 450/3466]  eta: 1:13:19  lr: 0.000019  loss: 2.6395  time: 1.4556  data: 0.0001  max mem: 27174
Train Epoch: [1]  [ 500/3466]  eta: 1:12:06  lr: 0.000019  loss: 2.7553  time: 1.4592  data: 0.0001  max mem: 27174
Train Epoch: [1]  [ 550/3466]  eta: 1:10:52  lr: 0.000019  loss: 2.3566  time: 1.4552  data: 0.0001  max mem: 27174
Train Epoch: [1]  [ 600/3466]  eta: 1:09:39  lr: 0.000019  loss: 4.1102  time: 1.4602  data: 0.0001  max mem: 27174
Train Epoch: [1]  [ 650/3466]  eta: 1:08:25  lr: 0.000019  loss: 2.6800  time: 1.4531  data: 0.0001  max mem: 27174
Train Epoch: [1]  [ 700/3466]  eta: 1:07:12  lr: 0.000019  loss: 2.4539  time: 1.4591  data: 0.0001  max mem: 27174
Train Epoch: [1]  [ 750/3466]  eta: 1:05:59  lr: 0.000019  loss: 3.2484  time: 1.4570  data: 0.0002  max mem: 27174
Train Epoch: [1]  [ 800/3466]  eta: 1:04:46  lr: 0.000019  loss: 2.8930  time: 1.4581  data: 0.0002  max mem: 27175
Train Epoch: [1]  [ 850/3466]  eta: 1:03:33  lr: 0.000019  loss: 2.6846  time: 1.4566  data: 0.0002  max mem: 27175
Train Epoch: [1]  [ 900/3466]  eta: 1:02:20  lr: 0.000019  loss: 2.2226  time: 1.4557  data: 0.0002  max mem: 27447
Train Epoch: [1]  [ 950/3466]  eta: 1:01:07  lr: 0.000019  loss: 3.5733  time: 1.4635  data: 0.0001  max mem: 27447
Train Epoch: [1]  [1000/3466]  eta: 0:59:54  lr: 0.000019  loss: 2.3077  time: 1.4531  data: 0.0001  max mem: 27447
Train Epoch: [1]  [1050/3466]  eta: 0:58:41  lr: 0.000019  loss: 2.6582  time: 1.4555  data: 0.0002  max mem: 27447
Train Epoch: [1]  [1100/3466]  eta: 0:57:28  lr: 0.000019  loss: 3.4075  time: 1.4565  data: 0.0002  max mem: 27447
Train Epoch: [1]  [1150/3466]  eta: 0:56:14  lr: 0.000019  loss: 3.3458  time: 1.4526  data: 0.0001  max mem: 27447
Train Epoch: [1]  [1200/3466]  eta: 0:55:01  lr: 0.000019  loss: 2.8796  time: 1.4542  data: 0.0002  max mem: 27447
Train Epoch: [1]  [1250/3466]  eta: 0:53:48  lr: 0.000019  loss: 3.4170  time: 1.4574  data: 0.0001  max mem: 27447
Train Epoch: [1]  [1300/3466]  eta: 0:52:36  lr: 0.000019  loss: 2.2900  time: 1.4563  data: 0.0002  max mem: 27447
Train Epoch: [1]  [1350/3466]  eta: 0:51:23  lr: 0.000019  loss: 2.5302  time: 1.4551  data: 0.0001  max mem: 27447
Train Epoch: [1]  [1400/3466]  eta: 0:50:10  lr: 0.000019  loss: 2.5719  time: 1.4556  data: 0.0001  max mem: 27447
Train Epoch: [1]  [1450/3466]  eta: 0:48:57  lr: 0.000019  loss: 3.9370  time: 1.4577  data: 0.0001  max mem: 27447
Train Epoch: [1]  [1500/3466]  eta: 0:47:44  lr: 0.000019  loss: 2.8037  time: 1.4524  data: 0.0001  max mem: 27447
Train Epoch: [1]  [1550/3466]  eta: 0:46:31  lr: 0.000019  loss: 2.9815  time: 1.4545  data: 0.0001  max mem: 27447
Train Epoch: [1]  [1600/3466]  eta: 0:45:18  lr: 0.000019  loss: 2.2120  time: 1.4487  data: 0.0001  max mem: 27447
Train Epoch: [1]  [1650/3466]  eta: 0:44:05  lr: 0.000019  loss: 2.2080  time: 1.4581  data: 0.0002  max mem: 27447
Train Epoch: [1]  [1700/3466]  eta: 0:42:53  lr: 0.000019  loss: 2.2676  time: 1.4579  data: 0.0001  max mem: 27447
Train Epoch: [1]  [1750/3466]  eta: 0:41:40  lr: 0.000019  loss: 3.8952  time: 1.4603  data: 0.0001  max mem: 27447
Train Epoch: [1]  [1800/3466]  eta: 0:40:27  lr: 0.000019  loss: 3.5625  time: 1.4623  data: 0.0001  max mem: 27447
Train Epoch: [1]  [1850/3466]  eta: 0:39:14  lr: 0.000019  loss: 1.6563  time: 1.4574  data: 0.0002  max mem: 27447
Train Epoch: [1]  [1900/3466]  eta: 0:38:01  lr: 0.000019  loss: 4.0839  time: 1.4509  data: 0.0001  max mem: 27447
Train Epoch: [1]  [1950/3466]  eta: 0:36:49  lr: 0.000019  loss: 1.4684  time: 1.4613  data: 0.0001  max mem: 27447
Train Epoch: [1]  [2000/3466]  eta: 0:35:36  lr: 0.000019  loss: 2.6632  time: 1.4546  data: 0.0001  max mem: 27681
Train Epoch: [1]  [2050/3466]  eta: 0:34:23  lr: 0.000019  loss: 2.3814  time: 1.4596  data: 0.0001  max mem: 27681
Train Epoch: [1]  [2100/3466]  eta: 0:33:10  lr: 0.000019  loss: 4.1889  time: 1.4583  data: 0.0002  max mem: 27681
Train Epoch: [1]  [2150/3466]  eta: 0:31:57  lr: 0.000019  loss: 1.7076  time: 1.4593  data: 0.0002  max mem: 27681
Train Epoch: [1]  [2200/3466]  eta: 0:30:44  lr: 0.000019  loss: 2.7656  time: 1.4549  data: 0.0001  max mem: 27681
Train Epoch: [1]  [2250/3466]  eta: 0:29:32  lr: 0.000019  loss: 3.1842  time: 1.4598  data: 0.0001  max mem: 27681
Train Epoch: [1]  [2300/3466]  eta: 0:28:19  lr: 0.000019  loss: 2.3484  time: 1.4547  data: 0.0001  max mem: 27681
Train Epoch: [1]  [2350/3466]  eta: 0:27:06  lr: 0.000019  loss: 1.9557  time: 1.4601  data: 0.0001  max mem: 27681
Train Epoch: [1]  [2400/3466]  eta: 0:25:53  lr: 0.000019  loss: 1.7868  time: 1.4571  data: 0.0001  max mem: 27681
Train Epoch: [1]  [2450/3466]  eta: 0:24:40  lr: 0.000019  loss: 3.3773  time: 1.4601  data: 0.0001  max mem: 27681
Train Epoch: [1]  [2500/3466]  eta: 0:23:27  lr: 0.000019  loss: 3.0452  time: 1.4611  data: 0.0001  max mem: 27681
Train Epoch: [1]  [2550/3466]  eta: 0:22:15  lr: 0.000019  loss: 2.6148  time: 1.4577  data: 0.0001  max mem: 27681
Train Epoch: [1]  [2600/3466]  eta: 0:21:02  lr: 0.000019  loss: 2.1830  time: 1.4585  data: 0.0001  max mem: 27681
Train Epoch: [1]  [2650/3466]  eta: 0:19:49  lr: 0.000019  loss: 2.0332  time: 1.4556  data: 0.0001  max mem: 27681
Train Epoch: [1]  [2700/3466]  eta: 0:18:36  lr: 0.000019  loss: 4.4758  time: 1.4601  data: 0.0001  max mem: 27681
Train Epoch: [1]  [2750/3466]  eta: 0:17:23  lr: 0.000019  loss: 2.5422  time: 1.4558  data: 0.0001  max mem: 27681
Train Epoch: [1]  [2800/3466]  eta: 0:16:10  lr: 0.000019  loss: 1.7484  time: 1.4561  data: 0.0001  max mem: 27681
Train Epoch: [1]  [2850/3466]  eta: 0:14:57  lr: 0.000019  loss: 1.9012  time: 1.4566  data: 0.0001  max mem: 27681
Train Epoch: [1]  [2900/3466]  eta: 0:13:44  lr: 0.000019  loss: 2.5484  time: 1.4520  data: 0.0001  max mem: 27681
Train Epoch: [1]  [2950/3466]  eta: 0:12:32  lr: 0.000019  loss: 2.1452  time: 1.4590  data: 0.0001  max mem: 27681
Train Epoch: [1]  [3000/3466]  eta: 0:11:19  lr: 0.000019  loss: 2.6493  time: 1.4582  data: 0.0001  max mem: 27681
Train Epoch: [1]  [3050/3466]  eta: 0:10:06  lr: 0.000019  loss: 2.0348  time: 1.4505  data: 0.0001  max mem: 27863
Train Epoch: [1]  [3100/3466]  eta: 0:08:53  lr: 0.000019  loss: 3.1962  time: 1.4536  data: 0.0001  max mem: 27863
Train Epoch: [1]  [3150/3466]  eta: 0:07:40  lr: 0.000019  loss: 1.3526  time: 1.4502  data: 0.0001  max mem: 27863
Train Epoch: [1]  [3200/3466]  eta: 0:06:27  lr: 0.000019  loss: 2.0671  time: 1.4516  data: 0.0001  max mem: 27863
Train Epoch: [1]  [3250/3466]  eta: 0:05:14  lr: 0.000019  loss: 3.2413  time: 1.4561  data: 0.0001  max mem: 27863
Train Epoch: [1]  [3300/3466]  eta: 0:04:01  lr: 0.000019  loss: 2.2380  time: 1.4575  data: 0.0001  max mem: 27863
Train Epoch: [1]  [3350/3466]  eta: 0:02:49  lr: 0.000019  loss: 2.5417  time: 1.4581  data: 0.0001  max mem: 27863
Train Epoch: [1]  [3400/3466]  eta: 0:01:36  lr: 0.000019  loss: 2.7671  time: 1.4543  data: 0.0001  max mem: 27863
Train Epoch: [1]  [3450/3466]  eta: 0:00:23  lr: 0.000019  loss: 4.5144  time: 1.4502  data: 0.0001  max mem: 27863
Train Epoch: [1]  [3465/3466]  eta: 0:00:01  lr: 0.000019  loss: 1.5670  time: 1.4478  data: 0.0004  max mem: 27863
Train Epoch: [1] Total time: 1:24:10 (1.4571 s / it)
Averaged stats: lr: 0.0000  loss: 2.6167
Train Epoch: [2]  [   0/3466]  eta: 3:12:08  lr: 0.000017  loss: 3.1012  time: 3.3261  data: 1.5510  max mem: 27863
Train Epoch: [2]  [  50/3466]  eta: 1:24:25  lr: 0.000017  loss: 3.1424  time: 1.4548  data: 0.0001  max mem: 27863
Train Epoch: [2]  [ 100/3466]  eta: 1:22:23  lr: 0.000017  loss: 2.1337  time: 1.4558  data: 0.0001  max mem: 27863
Train Epoch: [2]  [ 150/3466]  eta: 1:20:53  lr: 0.000017  loss: 2.0108  time: 1.4535  data: 0.0001  max mem: 27863
Train Epoch: [2]  [ 200/3466]  eta: 1:19:33  lr: 0.000017  loss: 1.6607  time: 1.4549  data: 0.0001  max mem: 27863
Train Epoch: [2]  [ 250/3466]  eta: 1:18:17  lr: 0.000017  loss: 2.7347  time: 1.4595  data: 0.0001  max mem: 27863
Train Epoch: [2]  [ 300/3466]  eta: 1:17:03  lr: 0.000017  loss: 3.0990  time: 1.4557  data: 0.0001  max mem: 27863
Train Epoch: [2]  [ 350/3466]  eta: 1:15:47  lr: 0.000017  loss: 2.0269  time: 1.4534  data: 0.0001  max mem: 27863
Train Epoch: [2]  [ 400/3466]  eta: 1:14:31  lr: 0.000017  loss: 2.2664  time: 1.4524  data: 0.0001  max mem: 27863
Train Epoch: [2]  [ 450/3466]  eta: 1:13:17  lr: 0.000017  loss: 2.0401  time: 1.4527  data: 0.0001  max mem: 27863
Train Epoch: [2]  [ 500/3466]  eta: 1:12:03  lr: 0.000017  loss: 1.5095  time: 1.4563  data: 0.0001  max mem: 27863
Train Epoch: [2]  [ 550/3466]  eta: 1:10:50  lr: 0.000017  loss: 2.6345  time: 1.4555  data: 0.0001  max mem: 27863
Train Epoch: [2]  [ 600/3466]  eta: 1:09:36  lr: 0.000017  loss: 4.1827  time: 1.4546  data: 0.0001  max mem: 27863
Train Epoch: [2]  [ 650/3466]  eta: 1:08:24  lr: 0.000017  loss: 2.9432  time: 1.4584  data: 0.0001  max mem: 27863
Train Epoch: [2]  [ 700/3466]  eta: 1:07:10  lr: 0.000017  loss: 2.4651  time: 1.4490  data: 0.0001  max mem: 27863
Train Epoch: [2]  [ 750/3466]  eta: 1:05:56  lr: 0.000017  loss: 1.8374  time: 1.4489  data: 0.0001  max mem: 27863
Train Epoch: [2]  [ 800/3466]  eta: 1:04:42  lr: 0.000017  loss: 3.5818  time: 1.4545  data: 0.0001  max mem: 27863
Train Epoch: [2]  [ 850/3466]  eta: 1:03:29  lr: 0.000017  loss: 1.8683  time: 1.4531  data: 0.0001  max mem: 27863
Train Epoch: [2]  [ 900/3466]  eta: 1:02:16  lr: 0.000017  loss: 1.6648  time: 1.4540  data: 0.0001  max mem: 27863
Train Epoch: [2]  [ 950/3466]  eta: 1:01:04  lr: 0.000017  loss: 2.8598  time: 1.4662  data: 0.0001  max mem: 27863
Train Epoch: [2]  [1000/3466]  eta: 0:59:51  lr: 0.000017  loss: 1.9600  time: 1.4593  data: 0.0001  max mem: 27863
Train Epoch: [2]  [1050/3466]  eta: 0:58:39  lr: 0.000017  loss: 1.8969  time: 1.4591  data: 0.0001  max mem: 27863
Train Epoch: [2]  [1100/3466]  eta: 0:57:26  lr: 0.000017  loss: 1.7394  time: 1.4531  data: 0.0001  max mem: 27863
Train Epoch: [2]  [1150/3466]  eta: 0:56:13  lr: 0.000017  loss: 2.3990  time: 1.4538  data: 0.0001  max mem: 27863
Train Epoch: [2]  [1200/3466]  eta: 0:55:00  lr: 0.000017  loss: 3.1940  time: 1.4569  data: 0.0002  max mem: 27863
Train Epoch: [2]  [1250/3466]  eta: 0:53:47  lr: 0.000017  loss: 2.2469  time: 1.4605  data: 0.0001  max mem: 27863
Train Epoch: [2]  [1300/3466]  eta: 0:52:34  lr: 0.000017  loss: 2.7757  time: 1.4574  data: 0.0001  max mem: 27863
Train Epoch: [2]  [1350/3466]  eta: 0:51:22  lr: 0.000017  loss: 2.5362  time: 1.4575  data: 0.0001  max mem: 27863
Train Epoch: [2]  [1400/3466]  eta: 0:50:09  lr: 0.000017  loss: 3.5614  time: 1.4563  data: 0.0001  max mem: 27863
Train Epoch: [2]  [1450/3466]  eta: 0:48:56  lr: 0.000017  loss: 2.7704  time: 1.4594  data: 0.0001  max mem: 27863
Train Epoch: [2]  [1500/3466]  eta: 0:47:43  lr: 0.000017  loss: 2.7587  time: 1.4542  data: 0.0001  max mem: 27863
Train Epoch: [2]  [1550/3466]  eta: 0:46:31  lr: 0.000017  loss: 2.8855  time: 1.4562  data: 0.0001  max mem: 27863
Train Epoch: [2]  [1600/3466]  eta: 0:45:18  lr: 0.000017  loss: 2.2429  time: 1.4606  data: 0.0002  max mem: 27863
Train Epoch: [2]  [1650/3466]  eta: 0:44:05  lr: 0.000017  loss: 1.4423  time: 1.4529  data: 0.0002  max mem: 27863
Train Epoch: [2]  [1700/3466]  eta: 0:42:52  lr: 0.000017  loss: 2.2309  time: 1.4629  data: 0.0001  max mem: 27863
Train Epoch: [2]  [1750/3466]  eta: 0:41:39  lr: 0.000017  loss: 2.5101  time: 1.4614  data: 0.0001  max mem: 27863
Train Epoch: [2]  [1800/3466]  eta: 0:40:26  lr: 0.000017  loss: 2.0908  time: 1.4564  data: 0.0001  max mem: 27863
Train Epoch: [2]  [1850/3466]  eta: 0:39:14  lr: 0.000017  loss: 2.0602  time: 1.4605  data: 0.0002  max mem: 27863
Train Epoch: [2]  [1900/3466]  eta: 0:38:01  lr: 0.000017  loss: 1.9755  time: 1.4544  data: 0.0001  max mem: 27863
Train Epoch: [2]  [1950/3466]  eta: 0:36:48  lr: 0.000017  loss: 1.9852  time: 1.4510  data: 0.0001  max mem: 27863
Train Epoch: [2]  [2000/3466]  eta: 0:35:35  lr: 0.000017  loss: 2.3957  time: 1.4591  data: 0.0001  max mem: 27863
Train Epoch: [2]  [2050/3466]  eta: 0:34:22  lr: 0.000017  loss: 2.4054  time: 1.4548  data: 0.0002  max mem: 27863
Train Epoch: [2]  [2100/3466]  eta: 0:33:09  lr: 0.000017  loss: 1.5353  time: 1.4581  data: 0.0002  max mem: 27863
Train Epoch: [2]  [2150/3466]  eta: 0:31:57  lr: 0.000017  loss: 1.9359  time: 1.4625  data: 0.0001  max mem: 27863
Train Epoch: [2]  [2200/3466]  eta: 0:30:44  lr: 0.000017  loss: 2.0224  time: 1.4622  data: 0.0002  max mem: 27863
Train Epoch: [2]  [2250/3466]  eta: 0:29:31  lr: 0.000017  loss: 2.2244  time: 1.4491  data: 0.0002  max mem: 27863
Train Epoch: [2]  [2300/3466]  eta: 0:28:18  lr: 0.000017  loss: 2.3130  time: 1.4578  data: 0.0001  max mem: 27863
Train Epoch: [2]  [2350/3466]  eta: 0:27:05  lr: 0.000017  loss: 2.6091  time: 1.4551  data: 0.0002  max mem: 27863
Train Epoch: [2]  [2400/3466]  eta: 0:25:52  lr: 0.000017  loss: 3.0078  time: 1.4594  data: 0.0001  max mem: 27863
Train Epoch: [2]  [2450/3466]  eta: 0:24:40  lr: 0.000017  loss: 3.1548  time: 1.4557  data: 0.0001  max mem: 27863
Train Epoch: [2]  [2500/3466]  eta: 0:23:27  lr: 0.000017  loss: 2.2869  time: 1.4573  data: 0.0001  max mem: 27863
Train Epoch: [2]  [2550/3466]  eta: 0:22:14  lr: 0.000017  loss: 2.3085  time: 1.4550  data: 0.0001  max mem: 27863
Train Epoch: [2]  [2600/3466]  eta: 0:21:01  lr: 0.000017  loss: 2.1256  time: 1.4625  data: 0.0001  max mem: 27863
Train Epoch: [2]  [2650/3466]  eta: 0:19:48  lr: 0.000017  loss: 2.8438  time: 1.4564  data: 0.0001  max mem: 27863
Train Epoch: [2]  [2700/3466]  eta: 0:18:35  lr: 0.000017  loss: 2.1747  time: 1.4542  data: 0.0001  max mem: 27863
Train Epoch: [2]  [2750/3466]  eta: 0:17:23  lr: 0.000017  loss: 1.5045  time: 1.4534  data: 0.0001  max mem: 27863
Train Epoch: [2]  [2800/3466]  eta: 0:16:10  lr: 0.000017  loss: 2.0225  time: 1.4561  data: 0.0001  max mem: 27863
Train Epoch: [2]  [2850/3466]  eta: 0:14:57  lr: 0.000017  loss: 1.6793  time: 1.4618  data: 0.0001  max mem: 27863
Train Epoch: [2]  [2900/3466]  eta: 0:13:44  lr: 0.000017  loss: 3.2632  time: 1.4601  data: 0.0001  max mem: 27863
Train Epoch: [2]  [2950/3466]  eta: 0:12:31  lr: 0.000017  loss: 1.3725  time: 1.4562  data: 0.0001  max mem: 27863
Train Epoch: [2]  [3000/3466]  eta: 0:11:18  lr: 0.000017  loss: 1.7678  time: 1.4628  data: 0.0001  max mem: 27863
Train Epoch: [2]  [3050/3466]  eta: 0:10:06  lr: 0.000017  loss: 3.8206  time: 1.4581  data: 0.0001  max mem: 27863
Train Epoch: [2]  [3100/3466]  eta: 0:08:53  lr: 0.000017  loss: 1.9013  time: 1.4564  data: 0.0001  max mem: 27863
Train Epoch: [2]  [3150/3466]  eta: 0:07:40  lr: 0.000017  loss: 3.5009  time: 1.4607  data: 0.0001  max mem: 27863
Train Epoch: [2]  [3200/3466]  eta: 0:06:27  lr: 0.000017  loss: 2.1361  time: 1.4558  data: 0.0001  max mem: 27863
Train Epoch: [2]  [3250/3466]  eta: 0:05:14  lr: 0.000017  loss: 1.9337  time: 1.4592  data: 0.0001  max mem: 27863
Train Epoch: [2]  [3300/3466]  eta: 0:04:01  lr: 0.000017  loss: 3.1014  time: 1.4595  data: 0.0001  max mem: 27863
Train Epoch: [2]  [3350/3466]  eta: 0:02:49  lr: 0.000017  loss: 1.7380  time: 1.4597  data: 0.0001  max mem: 27863
Train Epoch: [2]  [3400/3466]  eta: 0:01:36  lr: 0.000017  loss: 2.5004  time: 1.4517  data: 0.0001  max mem: 27863
Train Epoch: [2]  [3450/3466]  eta: 0:00:23  lr: 0.000017  loss: 2.5081  time: 1.4504  data: 0.0001  max mem: 27863
Train Epoch: [2]  [3465/3466]  eta: 0:00:01  lr: 0.000017  loss: 2.8362  time: 1.4508  data: 0.0004  max mem: 27863
Train Epoch: [2] Total time: 1:24:10 (1.4571 s / it)
Averaged stats: lr: 0.0000  loss: 2.3685
Train Epoch: [3]  [   0/3466]  eta: 2:52:17  lr: 0.000014  loss: 1.7726  time: 2.9826  data: 1.3521  max mem: 27863
Train Epoch: [3]  [  50/3466]  eta: 1:23:58  lr: 0.000014  loss: 2.5793  time: 1.4473  data: 0.0001  max mem: 27863
Train Epoch: [3]  [ 100/3466]  eta: 1:22:08  lr: 0.000014  loss: 1.6317  time: 1.4483  data: 0.0001  max mem: 27863
Train Epoch: [3]  [ 150/3466]  eta: 1:20:45  lr: 0.000014  loss: 1.5692  time: 1.4568  data: 0.0001  max mem: 27863
Train Epoch: [3]  [ 200/3466]  eta: 1:19:26  lr: 0.000014  loss: 1.8184  time: 1.4563  data: 0.0001  max mem: 27863
Train Epoch: [3]  [ 250/3466]  eta: 1:18:12  lr: 0.000014  loss: 1.9233  time: 1.4573  data: 0.0001  max mem: 27863
Train Epoch: [3]  [ 300/3466]  eta: 1:16:57  lr: 0.000014  loss: 1.4643  time: 1.4555  data: 0.0001  max mem: 27863
Train Epoch: [3]  [ 350/3466]  eta: 1:15:44  lr: 0.000014  loss: 2.6612  time: 1.4599  data: 0.0001  max mem: 27863
Train Epoch: [3]  [ 400/3466]  eta: 1:14:32  lr: 0.000014  loss: 2.7930  time: 1.4611  data: 0.0001  max mem: 27863
Train Epoch: [3]  [ 450/3466]  eta: 1:13:19  lr: 0.000014  loss: 2.7606  time: 1.4587  data: 0.0001  max mem: 27863
Train Epoch: [3]  [ 500/3466]  eta: 1:12:06  lr: 0.000014  loss: 2.9909  time: 1.4576  data: 0.0001  max mem: 27863
Train Epoch: [3]  [ 550/3466]  eta: 1:10:53  lr: 0.000014  loss: 1.3595  time: 1.4569  data: 0.0001  max mem: 27863
Train Epoch: [3]  [ 600/3466]  eta: 1:09:41  lr: 0.000014  loss: 1.5029  time: 1.4594  data: 0.0001  max mem: 27863
Train Epoch: [3]  [ 650/3466]  eta: 1:08:28  lr: 0.000014  loss: 2.1058  time: 1.4565  data: 0.0001  max mem: 27863
Train Epoch: [3]  [ 700/3466]  eta: 1:07:15  lr: 0.000014  loss: 1.5915  time: 1.4537  data: 0.0001  max mem: 27863
Train Epoch: [3]  [ 750/3466]  eta: 1:06:01  lr: 0.000014  loss: 1.6823  time: 1.4560  data: 0.0001  max mem: 27863
Train Epoch: [3]  [ 800/3466]  eta: 1:04:47  lr: 0.000014  loss: 2.9365  time: 1.4539  data: 0.0001  max mem: 27863
Train Epoch: [3]  [ 850/3466]  eta: 1:03:33  lr: 0.000014  loss: 2.0011  time: 1.4532  data: 0.0001  max mem: 27863
Train Epoch: [3]  [ 900/3466]  eta: 1:02:20  lr: 0.000014  loss: 2.8494  time: 1.4584  data: 0.0001  max mem: 27863
Train Epoch: [3]  [ 950/3466]  eta: 1:01:07  lr: 0.000014  loss: 1.9629  time: 1.4541  data: 0.0001  max mem: 27863
Train Epoch: [3]  [1000/3466]  eta: 0:59:54  lr: 0.000014  loss: 3.0234  time: 1.4583  data: 0.0001  max mem: 27863
Train Epoch: [3]  [1050/3466]  eta: 0:58:41  lr: 0.000014  loss: 3.0833  time: 1.4594  data: 0.0001  max mem: 27863
Train Epoch: [3]  [1100/3466]  eta: 0:57:29  lr: 0.000014  loss: 2.0006  time: 1.4607  data: 0.0001  max mem: 27863
Train Epoch: [3]  [1150/3466]  eta: 0:56:16  lr: 0.000014  loss: 2.8955  time: 1.4519  data: 0.0001  max mem: 27863
Train Epoch: [3]  [1200/3466]  eta: 0:55:03  lr: 0.000014  loss: 2.8236  time: 1.4590  data: 0.0001  max mem: 27863
Train Epoch: [3]  [1250/3466]  eta: 0:53:50  lr: 0.000014  loss: 3.1382  time: 1.4586  data: 0.0001  max mem: 27863
Train Epoch: [3]  [1300/3466]  eta: 0:52:37  lr: 0.000014  loss: 2.9537  time: 1.4642  data: 0.0001  max mem: 27863
Train Epoch: [3]  [1350/3466]  eta: 0:51:25  lr: 0.000014  loss: 2.1813  time: 1.4598  data: 0.0001  max mem: 27863
Train Epoch: [3]  [1400/3466]  eta: 0:50:12  lr: 0.000014  loss: 2.3707  time: 1.4554  data: 0.0001  max mem: 27863
Train Epoch: [3]  [1450/3466]  eta: 0:48:58  lr: 0.000014  loss: 2.3664  time: 1.4486  data: 0.0001  max mem: 27863
Train Epoch: [3]  [1500/3466]  eta: 0:47:45  lr: 0.000014  loss: 1.8197  time: 1.4544  data: 0.0001  max mem: 27863
Train Epoch: [3]  [1550/3466]  eta: 0:46:32  lr: 0.000014  loss: 1.5932  time: 1.4550  data: 0.0001  max mem: 27863
Train Epoch: [3]  [1600/3466]  eta: 0:45:19  lr: 0.000014  loss: 2.1857  time: 1.4547  data: 0.0001  max mem: 27863
Train Epoch: [3]  [1650/3466]  eta: 0:44:06  lr: 0.000014  loss: 2.5856  time: 1.4540  data: 0.0001  max mem: 27863
Train Epoch: [3]  [1700/3466]  eta: 0:42:53  lr: 0.000014  loss: 1.7819  time: 1.4586  data: 0.0001  max mem: 27863
Train Epoch: [3]  [1750/3466]  eta: 0:41:41  lr: 0.000014  loss: 2.2474  time: 1.4615  data: 0.0001  max mem: 27863
Train Epoch: [3]  [1800/3466]  eta: 0:40:28  lr: 0.000014  loss: 2.4622  time: 1.4567  data: 0.0001  max mem: 27863
Train Epoch: [3]  [1850/3466]  eta: 0:39:14  lr: 0.000014  loss: 3.1365  time: 1.4550  data: 0.0001  max mem: 27863
Train Epoch: [3]  [1900/3466]  eta: 0:38:02  lr: 0.000014  loss: 2.5236  time: 1.4661  data: 0.0001  max mem: 27863
Train Epoch: [3]  [1950/3466]  eta: 0:36:49  lr: 0.000014  loss: 2.4050  time: 1.4562  data: 0.0001  max mem: 27863
Train Epoch: [3]  [2000/3466]  eta: 0:35:36  lr: 0.000014  loss: 1.8804  time: 1.4587  data: 0.0001  max mem: 27863
Train Epoch: [3]  [2050/3466]  eta: 0:34:23  lr: 0.000014  loss: 2.3200  time: 1.4579  data: 0.0001  max mem: 27863
Train Epoch: [3]  [2100/3466]  eta: 0:33:10  lr: 0.000014  loss: 1.8241  time: 1.4554  data: 0.0001  max mem: 27863
Train Epoch: [3]  [2150/3466]  eta: 0:31:57  lr: 0.000014  loss: 2.4859  time: 1.4525  data: 0.0001  max mem: 27863
Train Epoch: [3]  [2200/3466]  eta: 0:30:44  lr: 0.000014  loss: 2.6327  time: 1.4541  data: 0.0001  max mem: 27863
Train Epoch: [3]  [2250/3466]  eta: 0:29:31  lr: 0.000014  loss: 2.3660  time: 1.4554  data: 0.0002  max mem: 27863
Train Epoch: [3]  [2300/3466]  eta: 0:28:19  lr: 0.000014  loss: 2.3921  time: 1.4571  data: 0.0001  max mem: 27863
Train Epoch: [3]  [2350/3466]  eta: 0:27:06  lr: 0.000014  loss: 3.1199  time: 1.4543  data: 0.0001  max mem: 27863
Train Epoch: [3]  [2400/3466]  eta: 0:25:53  lr: 0.000014  loss: 2.1312  time: 1.4601  data: 0.0001  max mem: 27863
Train Epoch: [3]  [2450/3466]  eta: 0:24:40  lr: 0.000014  loss: 2.8369  time: 1.4593  data: 0.0001  max mem: 27863
Train Epoch: [3]  [2500/3466]  eta: 0:23:27  lr: 0.000014  loss: 2.1931  time: 1.4545  data: 0.0001  max mem: 27863
Train Epoch: [3]  [2550/3466]  eta: 0:22:14  lr: 0.000014  loss: 2.0474  time: 1.4544  data: 0.0001  max mem: 27863
Train Epoch: [3]  [2600/3466]  eta: 0:21:01  lr: 0.000014  loss: 1.9216  time: 1.4488  data: 0.0001  max mem: 27863
Train Epoch: [3]  [2650/3466]  eta: 0:19:48  lr: 0.000014  loss: 1.7238  time: 1.4543  data: 0.0001  max mem: 27863
Train Epoch: [3]  [2700/3466]  eta: 0:18:35  lr: 0.000014  loss: 2.2237  time: 1.4550  data: 0.0001  max mem: 27863
Train Epoch: [3]  [2750/3466]  eta: 0:17:23  lr: 0.000014  loss: 2.2969  time: 1.4589  data: 0.0001  max mem: 27863
Train Epoch: [3]  [2800/3466]  eta: 0:16:10  lr: 0.000014  loss: 2.3659  time: 1.4609  data: 0.0001  max mem: 27863
Train Epoch: [3]  [2850/3466]  eta: 0:14:57  lr: 0.000014  loss: 1.9147  time: 1.4581  data: 0.0001  max mem: 27863
Train Epoch: [3]  [2900/3466]  eta: 0:13:44  lr: 0.000014  loss: 1.7038  time: 1.4580  data: 0.0001  max mem: 27863
Train Epoch: [3]  [2950/3466]  eta: 0:12:31  lr: 0.000014  loss: 2.3585  time: 1.4570  data: 0.0001  max mem: 27863
Train Epoch: [3]  [3000/3466]  eta: 0:11:18  lr: 0.000014  loss: 2.3289  time: 1.4580  data: 0.0001  max mem: 27863
Train Epoch: [3]  [3050/3466]  eta: 0:10:06  lr: 0.000014  loss: 2.1831  time: 1.4539  data: 0.0001  max mem: 27863
Train Epoch: [3]  [3100/3466]  eta: 0:08:53  lr: 0.000014  loss: 2.1358  time: 1.4590  data: 0.0001  max mem: 27863
Train Epoch: [3]  [3150/3466]  eta: 0:07:40  lr: 0.000014  loss: 1.8500  time: 1.4574  data: 0.0001  max mem: 27863
Train Epoch: [3]  [3200/3466]  eta: 0:06:27  lr: 0.000014  loss: 3.6405  time: 1.4590  data: 0.0001  max mem: 27863
Train Epoch: [3]  [3250/3466]  eta: 0:05:14  lr: 0.000014  loss: 2.6877  time: 1.4578  data: 0.0001  max mem: 27863
Train Epoch: [3]  [3300/3466]  eta: 0:04:01  lr: 0.000014  loss: 1.9483  time: 1.4638  data: 0.0001  max mem: 27863
Train Epoch: [3]  [3350/3466]  eta: 0:02:49  lr: 0.000014  loss: 1.4763  time: 1.4512  data: 0.0001  max mem: 27863
Train Epoch: [3]  [3400/3466]  eta: 0:01:36  lr: 0.000014  loss: 1.6219  time: 1.4553  data: 0.0001  max mem: 27863
Train Epoch: [3]  [3450/3466]  eta: 0:00:23  lr: 0.000014  loss: 1.9869  time: 1.4547  data: 0.0001  max mem: 27863
Train Epoch: [3]  [3465/3466]  eta: 0:00:01  lr: 0.000014  loss: 2.5242  time: 1.4525  data: 0.0004  max mem: 27863
Train Epoch: [3] Total time: 1:24:09 (1.4570 s / it)
Averaged stats: lr: 0.0000  loss: 2.1946
Train Epoch: [4]  [   0/3466]  eta: 2:56:30  lr: 0.000011  loss: 3.1516  time: 3.0555  data: 1.3164  max mem: 27863
Train Epoch: [4]  [  50/3466]  eta: 1:23:57  lr: 0.000011  loss: 2.7291  time: 1.4464  data: 0.0001  max mem: 27863
Train Epoch: [4]  [ 100/3466]  eta: 1:22:04  lr: 0.000011  loss: 2.2340  time: 1.4500  data: 0.0001  max mem: 27863
Train Epoch: [4]  [ 150/3466]  eta: 1:20:37  lr: 0.000011  loss: 2.0214  time: 1.4481  data: 0.0001  max mem: 28166
Train Epoch: [4]  [ 200/3466]  eta: 1:19:24  lr: 0.000011  loss: 2.1334  time: 1.4635  data: 0.0001  max mem: 28166
Train Epoch: [4]  [ 250/3466]  eta: 1:18:10  lr: 0.000011  loss: 2.5476  time: 1.4556  data: 0.0001  max mem: 28166
Train Epoch: [4]  [ 300/3466]  eta: 1:16:54  lr: 0.000011  loss: 1.7805  time: 1.4555  data: 0.0001  max mem: 28166
Train Epoch: [4]  [ 350/3466]  eta: 1:15:39  lr: 0.000011  loss: 1.7655  time: 1.4527  data: 0.0001  max mem: 28166
Train Epoch: [4]  [ 400/3466]  eta: 1:14:26  lr: 0.000011  loss: 2.3627  time: 1.4584  data: 0.0001  max mem: 28166
Train Epoch: [4]  [ 450/3466]  eta: 1:13:13  lr: 0.000011  loss: 2.9561  time: 1.4564  data: 0.0001  max mem: 28166
Train Epoch: [4]  [ 500/3466]  eta: 1:12:01  lr: 0.000011  loss: 1.3442  time: 1.4611  data: 0.0001  max mem: 28166
Train Epoch: [4]  [ 550/3466]  eta: 1:10:49  lr: 0.000011  loss: 2.6181  time: 1.4596  data: 0.0001  max mem: 28166
Train Epoch: [4]  [ 600/3466]  eta: 1:09:36  lr: 0.000011  loss: 1.7490  time: 1.4573  data: 0.0001  max mem: 28166
Train Epoch: [4]  [ 650/3466]  eta: 1:08:22  lr: 0.000011  loss: 2.0894  time: 1.4492  data: 0.0001  max mem: 28166
Train Epoch: [4]  [ 700/3466]  eta: 1:07:08  lr: 0.000011  loss: 1.5973  time: 1.4522  data: 0.0001  max mem: 28166
Train Epoch: [4]  [ 750/3466]  eta: 1:05:55  lr: 0.000011  loss: 1.4279  time: 1.4526  data: 0.0001  max mem: 28166
Train Epoch: [4]  [ 800/3466]  eta: 1:04:43  lr: 0.000011  loss: 1.7177  time: 1.4579  data: 0.0001  max mem: 28166
Train Epoch: [4]  [ 850/3466]  eta: 1:03:29  lr: 0.000011  loss: 1.7907  time: 1.4532  data: 0.0001  max mem: 28166
Train Epoch: [4]  [ 900/3466]  eta: 1:02:17  lr: 0.000011  loss: 2.3566  time: 1.4576  data: 0.0001  max mem: 28166
Train Epoch: [4]  [ 950/3466]  eta: 1:01:04  lr: 0.000011  loss: 2.4293  time: 1.4572  data: 0.0001  max mem: 28166
Train Epoch: [4]  [1000/3466]  eta: 0:59:52  lr: 0.000011  loss: 2.0543  time: 1.4560  data: 0.0001  max mem: 28166
Train Epoch: [4]  [1050/3466]  eta: 0:58:39  lr: 0.000011  loss: 2.2765  time: 1.4581  data: 0.0001  max mem: 28166
Train Epoch: [4]  [1100/3466]  eta: 0:57:26  lr: 0.000011  loss: 2.3683  time: 1.4534  data: 0.0001  max mem: 28166
Train Epoch: [4]  [1150/3466]  eta: 0:56:13  lr: 0.000011  loss: 1.4908  time: 1.4549  data: 0.0001  max mem: 28166
Train Epoch: [4]  [1200/3466]  eta: 0:55:00  lr: 0.000011  loss: 1.5166  time: 1.4558  data: 0.0001  max mem: 28166
Train Epoch: [4]  [1250/3466]  eta: 0:53:47  lr: 0.000011  loss: 1.6403  time: 1.4610  data: 0.0001  max mem: 28166
Train Epoch: [4]  [1300/3466]  eta: 0:52:35  lr: 0.000011  loss: 1.8678  time: 1.4612  data: 0.0001  max mem: 28166
Train Epoch: [4]  [1350/3466]  eta: 0:51:22  lr: 0.000011  loss: 1.8977  time: 1.4585  data: 0.0001  max mem: 28166
Train Epoch: [4]  [1400/3466]  eta: 0:50:09  lr: 0.000011  loss: 3.2592  time: 1.4517  data: 0.0001  max mem: 28166
Train Epoch: [4]  [1450/3466]  eta: 0:48:56  lr: 0.000011  loss: 1.3482  time: 1.4490  data: 0.0001  max mem: 28166
Train Epoch: [4]  [1500/3466]  eta: 0:47:43  lr: 0.000011  loss: 2.0433  time: 1.4536  data: 0.0001  max mem: 28166
Train Epoch: [4]  [1550/3466]  eta: 0:46:30  lr: 0.000011  loss: 2.0878  time: 1.4508  data: 0.0001  max mem: 28166
Train Epoch: [4]  [1600/3466]  eta: 0:45:17  lr: 0.000011  loss: 1.8810  time: 1.4606  data: 0.0001  max mem: 28166
Train Epoch: [4]  [1650/3466]  eta: 0:44:04  lr: 0.000011  loss: 1.8705  time: 1.4597  data: 0.0001  max mem: 28166
Train Epoch: [4]  [1700/3466]  eta: 0:42:51  lr: 0.000011  loss: 1.5649  time: 1.4590  data: 0.0001  max mem: 28166
Train Epoch: [4]  [1750/3466]  eta: 0:41:39  lr: 0.000011  loss: 2.1767  time: 1.4622  data: 0.0002  max mem: 28166
Train Epoch: [4]  [1800/3466]  eta: 0:40:26  lr: 0.000011  loss: 1.6088  time: 1.4525  data: 0.0001  max mem: 28166
Train Epoch: [4]  [1850/3466]  eta: 0:39:13  lr: 0.000011  loss: 2.0268  time: 1.4571  data: 0.0001  max mem: 28166
Train Epoch: [4]  [1900/3466]  eta: 0:38:00  lr: 0.000011  loss: 2.6533  time: 1.4562  data: 0.0001  max mem: 28166
Train Epoch: [4]  [1950/3466]  eta: 0:36:47  lr: 0.000011  loss: 1.8064  time: 1.4548  data: 0.0001  max mem: 28166
Train Epoch: [4]  [2000/3466]  eta: 0:35:35  lr: 0.000011  loss: 2.3382  time: 1.4541  data: 0.0001  max mem: 28166
Train Epoch: [4]  [2050/3466]  eta: 0:34:22  lr: 0.000011  loss: 2.6124  time: 1.4542  data: 0.0001  max mem: 28166
Train Epoch: [4]  [2100/3466]  eta: 0:33:09  lr: 0.000011  loss: 2.3037  time: 1.4592  data: 0.0001  max mem: 28166
Train Epoch: [4]  [2150/3466]  eta: 0:31:56  lr: 0.000011  loss: 2.2413  time: 1.4608  data: 0.0001  max mem: 28166
Train Epoch: [4]  [2200/3466]  eta: 0:30:43  lr: 0.000011  loss: 2.1345  time: 1.4565  data: 0.0001  max mem: 28166
Train Epoch: [4]  [2250/3466]  eta: 0:29:31  lr: 0.000011  loss: 1.9222  time: 1.4548  data: 0.0001  max mem: 28166
Train Epoch: [4]  [2300/3466]  eta: 0:28:18  lr: 0.000011  loss: 2.6098  time: 1.4557  data: 0.0001  max mem: 28166
Train Epoch: [4]  [2350/3466]  eta: 0:27:05  lr: 0.000011  loss: 2.3524  time: 1.4590  data: 0.0001  max mem: 28166
Train Epoch: [4]  [2400/3466]  eta: 0:25:52  lr: 0.000011  loss: 1.7928  time: 1.4562  data: 0.0001  max mem: 28166
Train Epoch: [4]  [2450/3466]  eta: 0:24:39  lr: 0.000011  loss: 2.8274  time: 1.4554  data: 0.0001  max mem: 28166
Train Epoch: [4]  [2500/3466]  eta: 0:23:26  lr: 0.000011  loss: 2.1045  time: 1.4613  data: 0.0001  max mem: 28166
Train Epoch: [4]  [2550/3466]  eta: 0:22:14  lr: 0.000011  loss: 2.0331  time: 1.4516  data: 0.0001  max mem: 28166
Train Epoch: [4]  [2600/3466]  eta: 0:21:01  lr: 0.000011  loss: 2.9343  time: 1.4492  data: 0.0001  max mem: 28166
Train Epoch: [4]  [2650/3466]  eta: 0:19:48  lr: 0.000011  loss: 1.9370  time: 1.4542  data: 0.0001  max mem: 28166
Train Epoch: [4]  [2700/3466]  eta: 0:18:35  lr: 0.000011  loss: 2.5450  time: 1.4607  data: 0.0001  max mem: 28166
Train Epoch: [4]  [2750/3466]  eta: 0:17:22  lr: 0.000011  loss: 2.7427  time: 1.4540  data: 0.0001  max mem: 28166
Train Epoch: [4]  [2800/3466]  eta: 0:16:09  lr: 0.000011  loss: 1.3155  time: 1.4587  data: 0.0001  max mem: 28166
Train Epoch: [4]  [2850/3466]  eta: 0:14:57  lr: 0.000011  loss: 2.7152  time: 1.4554  data: 0.0001  max mem: 28166
Train Epoch: [4]  [2900/3466]  eta: 0:13:44  lr: 0.000011  loss: 2.0853  time: 1.4622  data: 0.0001  max mem: 28166
Train Epoch: [4]  [2950/3466]  eta: 0:12:31  lr: 0.000011  loss: 2.5370  time: 1.4522  data: 0.0001  max mem: 28166
Train Epoch: [4]  [3000/3466]  eta: 0:11:18  lr: 0.000011  loss: 2.5224  time: 1.4540  data: 0.0001  max mem: 28166
Train Epoch: [4]  [3050/3466]  eta: 0:10:05  lr: 0.000011  loss: 2.2324  time: 1.4554  data: 0.0001  max mem: 28166
Train Epoch: [4]  [3100/3466]  eta: 0:08:52  lr: 0.000011  loss: 1.9071  time: 1.4582  data: 0.0001  max mem: 28179
Train Epoch: [4]  [3150/3466]  eta: 0:07:40  lr: 0.000011  loss: 2.0033  time: 1.4625  data: 0.0001  max mem: 28179
Train Epoch: [4]  [3200/3466]  eta: 0:06:27  lr: 0.000011  loss: 2.5863  time: 1.4595  data: 0.0001  max mem: 28179
Train Epoch: [4]  [3250/3466]  eta: 0:05:14  lr: 0.000011  loss: 1.7215  time: 1.4568  data: 0.0001  max mem: 28179
Train Epoch: [4]  [3300/3466]  eta: 0:04:01  lr: 0.000011  loss: 2.5066  time: 1.4600  data: 0.0001  max mem: 28179
Train Epoch: [4]  [3350/3466]  eta: 0:02:48  lr: 0.000011  loss: 2.0352  time: 1.4605  data: 0.0001  max mem: 28179
Train Epoch: [4]  [3400/3466]  eta: 0:01:36  lr: 0.000011  loss: 1.9280  time: 1.4631  data: 0.0001  max mem: 28179
Train Epoch: [4]  [3450/3466]  eta: 0:00:23  lr: 0.000011  loss: 1.5068  time: 1.4596  data: 0.0001  max mem: 28179
Train Epoch: [4]  [3465/3466]  eta: 0:00:01  lr: 0.000011  loss: 2.3703  time: 1.4501  data: 0.0003  max mem: 28179
Train Epoch: [4] Total time: 1:24:08 (1.4566 s / it)
Averaged stats: lr: 0.0000  loss: 2.0639
Train Epoch: [5]  [   0/3466]  eta: 3:20:25  lr: 0.000007  loss: 2.1697  time: 3.4695  data: 1.4422  max mem: 28179
Train Epoch: [5]  [  50/3466]  eta: 1:24:28  lr: 0.000007  loss: 2.6018  time: 1.4465  data: 0.0001  max mem: 28179
Train Epoch: [5]  [ 100/3466]  eta: 1:22:17  lr: 0.000007  loss: 1.8571  time: 1.4500  data: 0.0001  max mem: 28179
Train Epoch: [5]  [ 150/3466]  eta: 1:20:50  lr: 0.000007  loss: 2.5788  time: 1.4537  data: 0.0001  max mem: 28179
Train Epoch: [5]  [ 200/3466]  eta: 1:19:31  lr: 0.000007  loss: 1.6995  time: 1.4560  data: 0.0001  max mem: 28179
Train Epoch: [5]  [ 250/3466]  eta: 1:18:15  lr: 0.000007  loss: 1.9606  time: 1.4573  data: 0.0001  max mem: 28179
Train Epoch: [5]  [ 300/3466]  eta: 1:17:01  lr: 0.000007  loss: 2.2367  time: 1.4593  data: 0.0001  max mem: 28179
Train Epoch: [5]  [ 350/3466]  eta: 1:15:47  lr: 0.000007  loss: 2.5360  time: 1.4560  data: 0.0001  max mem: 28179
Train Epoch: [5]  [ 400/3466]  eta: 1:14:33  lr: 0.000007  loss: 1.7828  time: 1.4540  data: 0.0001  max mem: 28179
Train Epoch: [5]  [ 450/3466]  eta: 1:13:20  lr: 0.000007  loss: 1.7955  time: 1.4562  data: 0.0001  max mem: 28179
Train Epoch: [5]  [ 500/3466]  eta: 1:12:06  lr: 0.000007  loss: 1.3298  time: 1.4562  data: 0.0001  max mem: 28179
Train Epoch: [5]  [ 550/3466]  eta: 1:10:52  lr: 0.000007  loss: 1.4073  time: 1.4559  data: 0.0001  max mem: 28179
Train Epoch: [5]  [ 600/3466]  eta: 1:09:40  lr: 0.000007  loss: 2.2416  time: 1.4567  data: 0.0001  max mem: 28179
Train Epoch: [5]  [ 650/3466]  eta: 1:08:26  lr: 0.000007  loss: 1.4444  time: 1.4607  data: 0.0001  max mem: 28179
Train Epoch: [5]  [ 700/3466]  eta: 1:07:13  lr: 0.000007  loss: 2.1121  time: 1.4569  data: 0.0001  max mem: 28179
Train Epoch: [5]  [ 750/3466]  eta: 1:06:00  lr: 0.000007  loss: 2.2779  time: 1.4581  data: 0.0001  max mem: 28179
Train Epoch: [5]  [ 800/3466]  eta: 1:04:47  lr: 0.000007  loss: 1.8474  time: 1.4591  data: 0.0001  max mem: 28179
Train Epoch: [5]  [ 850/3466]  eta: 1:03:35  lr: 0.000007  loss: 2.2624  time: 1.4624  data: 0.0001  max mem: 28179
Train Epoch: [5]  [ 900/3466]  eta: 1:02:22  lr: 0.000007  loss: 1.3484  time: 1.4584  data: 0.0001  max mem: 28179
Train Epoch: [5]  [ 950/3466]  eta: 1:01:09  lr: 0.000007  loss: 1.3219  time: 1.4595  data: 0.0001  max mem: 28179
Train Epoch: [5]  [1000/3466]  eta: 0:59:55  lr: 0.000007  loss: 2.2661  time: 1.4556  data: 0.0001  max mem: 28179
Train Epoch: [5]  [1050/3466]  eta: 0:58:42  lr: 0.000007  loss: 2.0927  time: 1.4573  data: 0.0001  max mem: 28179
Train Epoch: [5]  [1100/3466]  eta: 0:57:29  lr: 0.000007  loss: 2.0892  time: 1.4506  data: 0.0001  max mem: 28179
Train Epoch: [5]  [1150/3466]  eta: 0:56:16  lr: 0.000007  loss: 1.9444  time: 1.4583  data: 0.0001  max mem: 28179
Train Epoch: [5]  [1200/3466]  eta: 0:55:03  lr: 0.000007  loss: 2.5798  time: 1.4572  data: 0.0001  max mem: 28179
Train Epoch: [5]  [1250/3466]  eta: 0:53:50  lr: 0.000007  loss: 1.7701  time: 1.4586  data: 0.0002  max mem: 28179
Train Epoch: [5]  [1300/3466]  eta: 0:52:37  lr: 0.000007  loss: 2.5660  time: 1.4602  data: 0.0001  max mem: 28179
Train Epoch: [5]  [1350/3466]  eta: 0:51:24  lr: 0.000007  loss: 2.0957  time: 1.4578  data: 0.0001  max mem: 28179
Train Epoch: [5]  [1400/3466]  eta: 0:50:11  lr: 0.000007  loss: 2.0618  time: 1.4558  data: 0.0001  max mem: 28179
Train Epoch: [5]  [1450/3466]  eta: 0:48:58  lr: 0.000007  loss: 1.5047  time: 1.4597  data: 0.0001  max mem: 28179
Train Epoch: [5]  [1500/3466]  eta: 0:47:46  lr: 0.000007  loss: 1.7536  time: 1.4645  data: 0.0001  max mem: 28179
Train Epoch: [5]  [1550/3466]  eta: 0:46:33  lr: 0.000007  loss: 2.2762  time: 1.4596  data: 0.0001  max mem: 28179
Train Epoch: [5]  [1600/3466]  eta: 0:45:20  lr: 0.000007  loss: 2.0089  time: 1.4614  data: 0.0001  max mem: 28179
Train Epoch: [5]  [1650/3466]  eta: 0:44:07  lr: 0.000007  loss: 1.2996  time: 1.4626  data: 0.0001  max mem: 28179
Train Epoch: [5]  [1700/3466]  eta: 0:42:55  lr: 0.000007  loss: 1.6592  time: 1.4573  data: 0.0001  max mem: 28179
Train Epoch: [5]  [1750/3466]  eta: 0:41:42  lr: 0.000007  loss: 2.8576  time: 1.4605  data: 0.0001  max mem: 28179
Train Epoch: [5]  [1800/3466]  eta: 0:40:29  lr: 0.000007  loss: 3.0441  time: 1.4592  data: 0.0001  max mem: 28179
Train Epoch: [5]  [1850/3466]  eta: 0:39:16  lr: 0.000007  loss: 1.8466  time: 1.4615  data: 0.0001  max mem: 28179
Train Epoch: [5]  [1900/3466]  eta: 0:38:03  lr: 0.000007  loss: 2.2108  time: 1.4578  data: 0.0001  max mem: 28179
Train Epoch: [5]  [1950/3466]  eta: 0:36:50  lr: 0.000007  loss: 1.8701  time: 1.4586  data: 0.0001  max mem: 28179
Train Epoch: [5]  [2000/3466]  eta: 0:35:37  lr: 0.000007  loss: 1.4776  time: 1.4634  data: 0.0001  max mem: 28179
Train Epoch: [5]  [2050/3466]  eta: 0:34:24  lr: 0.000007  loss: 1.5737  time: 1.4613  data: 0.0001  max mem: 28179
Train Epoch: [5]  [2100/3466]  eta: 0:33:12  lr: 0.000007  loss: 2.4566  time: 1.4594  data: 0.0001  max mem: 28179
Train Epoch: [5]  [2150/3466]  eta: 0:31:59  lr: 0.000007  loss: 2.4943  time: 1.4558  data: 0.0001  max mem: 28179
Train Epoch: [5]  [2200/3466]  eta: 0:30:46  lr: 0.000007  loss: 2.1144  time: 1.4567  data: 0.0001  max mem: 28179
Train Epoch: [5]  [2250/3466]  eta: 0:29:33  lr: 0.000007  loss: 2.5499  time: 1.4571  data: 0.0001  max mem: 28179
Train Epoch: [5]  [2300/3466]  eta: 0:28:20  lr: 0.000007  loss: 1.4939  time: 1.4533  data: 0.0001  max mem: 28179
Train Epoch: [5]  [2350/3466]  eta: 0:27:07  lr: 0.000007  loss: 1.3466  time: 1.4587  data: 0.0001  max mem: 28179
Train Epoch: [5]  [2400/3466]  eta: 0:25:54  lr: 0.000007  loss: 1.8901  time: 1.4584  data: 0.0001  max mem: 28179
Train Epoch: [5]  [2450/3466]  eta: 0:24:41  lr: 0.000007  loss: 1.6982  time: 1.4615  data: 0.0001  max mem: 28179
Train Epoch: [5]  [2500/3466]  eta: 0:23:28  lr: 0.000007  loss: 2.3823  time: 1.4510  data: 0.0001  max mem: 28179
Train Epoch: [5]  [2550/3466]  eta: 0:22:15  lr: 0.000007  loss: 2.4804  time: 1.4499  data: 0.0001  max mem: 28179
Train Epoch: [5]  [2600/3466]  eta: 0:21:02  lr: 0.000007  loss: 1.8755  time: 1.4562  data: 0.0001  max mem: 28179
Train Epoch: [5]  [2650/3466]  eta: 0:19:49  lr: 0.000007  loss: 1.9494  time: 1.4560  data: 0.0001  max mem: 28179
Train Epoch: [5]  [2700/3466]  eta: 0:18:36  lr: 0.000007  loss: 2.3096  time: 1.4587  data: 0.0001  max mem: 28179
Train Epoch: [5]  [2750/3466]  eta: 0:17:23  lr: 0.000007  loss: 2.1123  time: 1.4549  data: 0.0001  max mem: 28179
Train Epoch: [5]  [2800/3466]  eta: 0:16:10  lr: 0.000007  loss: 1.9221  time: 1.4567  data: 0.0001  max mem: 28179
Train Epoch: [5]  [2850/3466]  eta: 0:14:58  lr: 0.000007  loss: 2.3675  time: 1.4585  data: 0.0002  max mem: 28179
Train Epoch: [5]  [2900/3466]  eta: 0:13:45  lr: 0.000007  loss: 1.5684  time: 1.4580  data: 0.0001  max mem: 28179
Train Epoch: [5]  [2950/3466]  eta: 0:12:32  lr: 0.000007  loss: 1.7782  time: 1.4544  data: 0.0001  max mem: 28179
Train Epoch: [5]  [3000/3466]  eta: 0:11:19  lr: 0.000007  loss: 2.0573  time: 1.4600  data: 0.0002  max mem: 28179
Train Epoch: [5]  [3050/3466]  eta: 0:10:06  lr: 0.000007  loss: 2.3358  time: 1.4592  data: 0.0001  max mem: 28179
Train Epoch: [5]  [3100/3466]  eta: 0:08:53  lr: 0.000007  loss: 1.3595  time: 1.4596  data: 0.0001  max mem: 28179
Train Epoch: [5]  [3150/3466]  eta: 0:07:40  lr: 0.000007  loss: 1.8348  time: 1.4564  data: 0.0001  max mem: 28179
Train Epoch: [5]  [3200/3466]  eta: 0:06:27  lr: 0.000007  loss: 2.5132  time: 1.4577  data: 0.0001  max mem: 28179
Train Epoch: [5]  [3250/3466]  eta: 0:05:14  lr: 0.000007  loss: 1.5444  time: 1.4619  data: 0.0001  max mem: 28179
Train Epoch: [5]  [3300/3466]  eta: 0:04:02  lr: 0.000007  loss: 1.4533  time: 1.4545  data: 0.0001  max mem: 28179
Train Epoch: [5]  [3350/3466]  eta: 0:02:49  lr: 0.000007  loss: 2.2960  time: 1.4619  data: 0.0001  max mem: 28179
Train Epoch: [5]  [3400/3466]  eta: 0:01:36  lr: 0.000007  loss: 1.6208  time: 1.4607  data: 0.0001  max mem: 28179
Train Epoch: [5]  [3450/3466]  eta: 0:00:23  lr: 0.000007  loss: 2.2590  time: 1.4609  data: 0.0001  max mem: 28179
Train Epoch: [5]  [3465/3466]  eta: 0:00:01  lr: 0.000007  loss: 1.5976  time: 1.4569  data: 0.0004  max mem: 28179
Train Epoch: [5] Total time: 1:24:13 (1.4581 s / it)
Averaged stats: lr: 0.0000  loss: 1.9673
Train Epoch: [6]  [   0/3466]  eta: 3:11:16  lr: 0.000004  loss: 1.6458  time: 3.3113  data: 1.5702  max mem: 28179
Train Epoch: [6]  [  50/3466]  eta: 1:24:48  lr: 0.000004  loss: 2.1107  time: 1.4561  data: 0.0001  max mem: 28179
Train Epoch: [6]  [ 100/3466]  eta: 1:22:34  lr: 0.000004  loss: 1.5249  time: 1.4535  data: 0.0001  max mem: 28179
Train Epoch: [6]  [ 150/3466]  eta: 1:21:03  lr: 0.000004  loss: 2.1195  time: 1.4519  data: 0.0001  max mem: 28179
Train Epoch: [6]  [ 200/3466]  eta: 1:19:40  lr: 0.000004  loss: 2.2033  time: 1.4567  data: 0.0001  max mem: 28179
Train Epoch: [6]  [ 250/3466]  eta: 1:18:21  lr: 0.000004  loss: 1.8590  time: 1.4533  data: 0.0001  max mem: 28179
Train Epoch: [6]  [ 300/3466]  eta: 1:17:05  lr: 0.000004  loss: 1.3036  time: 1.4562  data: 0.0001  max mem: 28179
Train Epoch: [6]  [ 350/3466]  eta: 1:15:51  lr: 0.000004  loss: 1.4495  time: 1.4610  data: 0.0001  max mem: 28179
Train Epoch: [6]  [ 400/3466]  eta: 1:14:37  lr: 0.000004  loss: 2.5197  time: 1.4549  data: 0.0001  max mem: 28179
Train Epoch: [6]  [ 450/3466]  eta: 1:13:22  lr: 0.000004  loss: 1.9646  time: 1.4574  data: 0.0001  max mem: 28179
Train Epoch: [6]  [ 500/3466]  eta: 1:12:08  lr: 0.000004  loss: 1.9697  time: 1.4586  data: 0.0001  max mem: 28179
Train Epoch: [6]  [ 550/3466]  eta: 1:10:55  lr: 0.000004  loss: 1.8972  time: 1.4555  data: 0.0001  max mem: 28179
Train Epoch: [6]  [ 600/3466]  eta: 1:09:40  lr: 0.000004  loss: 1.5397  time: 1.4551  data: 0.0001  max mem: 28179
Train Epoch: [6]  [ 650/3466]  eta: 1:08:27  lr: 0.000004  loss: 2.2939  time: 1.4540  data: 0.0001  max mem: 28179
Train Epoch: [6]  [ 700/3466]  eta: 1:07:13  lr: 0.000004  loss: 1.8242  time: 1.4547  data: 0.0001  max mem: 28179
Train Epoch: [6]  [ 750/3466]  eta: 1:06:00  lr: 0.000004  loss: 2.0272  time: 1.4582  data: 0.0001  max mem: 28179
Train Epoch: [6]  [ 800/3466]  eta: 1:04:47  lr: 0.000004  loss: 2.3123  time: 1.4592  data: 0.0001  max mem: 28179
Train Epoch: [6]  [ 850/3466]  eta: 1:03:34  lr: 0.000004  loss: 2.4201  time: 1.4565  data: 0.0001  max mem: 28179
Train Epoch: [6]  [ 900/3466]  eta: 1:02:21  lr: 0.000004  loss: 1.3730  time: 1.4571  data: 0.0001  max mem: 28179
Train Epoch: [6]  [ 950/3466]  eta: 1:01:08  lr: 0.000004  loss: 2.4530  time: 1.4598  data: 0.0001  max mem: 28179
Train Epoch: [6]  [1000/3466]  eta: 0:59:55  lr: 0.000004  loss: 2.0901  time: 1.4601  data: 0.0001  max mem: 28179
Train Epoch: [6]  [1050/3466]  eta: 0:58:42  lr: 0.000004  loss: 1.1592  time: 1.4556  data: 0.0001  max mem: 28179
Train Epoch: [6]  [1100/3466]  eta: 0:57:29  lr: 0.000004  loss: 1.8293  time: 1.4615  data: 0.0001  max mem: 28179
Train Epoch: [6]  [1150/3466]  eta: 0:56:16  lr: 0.000004  loss: 2.3466  time: 1.4565  data: 0.0001  max mem: 28179
Train Epoch: [6]  [1200/3466]  eta: 0:55:03  lr: 0.000004  loss: 2.3087  time: 1.4558  data: 0.0001  max mem: 28179
Train Epoch: [6]  [1250/3466]  eta: 0:53:50  lr: 0.000004  loss: 2.1079  time: 1.4587  data: 0.0001  max mem: 28179
Train Epoch: [6]  [1300/3466]  eta: 0:52:37  lr: 0.000004  loss: 2.1408  time: 1.4585  data: 0.0001  max mem: 28179
Train Epoch: [6]  [1350/3466]  eta: 0:51:25  lr: 0.000004  loss: 1.9650  time: 1.4592  data: 0.0001  max mem: 28179
Train Epoch: [6]  [1400/3466]  eta: 0:50:12  lr: 0.000004  loss: 1.5576  time: 1.4642  data: 0.0001  max mem: 28179
Train Epoch: [6]  [1450/3466]  eta: 0:48:59  lr: 0.000004  loss: 1.8877  time: 1.4588  data: 0.0001  max mem: 28179
Train Epoch: [6]  [1500/3466]  eta: 0:47:46  lr: 0.000004  loss: 2.0338  time: 1.4561  data: 0.0001  max mem: 28179
Train Epoch: [6]  [1550/3466]  eta: 0:46:34  lr: 0.000004  loss: 2.2455  time: 1.4587  data: 0.0001  max mem: 28179
Train Epoch: [6]  [1600/3466]  eta: 0:45:21  lr: 0.000004  loss: 1.5024  time: 1.4581  data: 0.0001  max mem: 28179
Train Epoch: [6]  [1650/3466]  eta: 0:44:08  lr: 0.000004  loss: 2.0089  time: 1.4615  data: 0.0001  max mem: 28179
Train Epoch: [6]  [1700/3466]  eta: 0:42:55  lr: 0.000004  loss: 1.9583  time: 1.4580  data: 0.0001  max mem: 28179
Train Epoch: [6]  [1750/3466]  eta: 0:41:42  lr: 0.000004  loss: 0.9915  time: 1.4573  data: 0.0001  max mem: 28179
Train Epoch: [6]  [1800/3466]  eta: 0:40:29  lr: 0.000004  loss: 1.8139  time: 1.4572  data: 0.0001  max mem: 28179
Train Epoch: [6]  [1850/3466]  eta: 0:39:16  lr: 0.000004  loss: 2.1596  time: 1.4611  data: 0.0001  max mem: 28179
Train Epoch: [6]  [1900/3466]  eta: 0:38:04  lr: 0.000004  loss: 2.7018  time: 1.4600  data: 0.0001  max mem: 28179
Train Epoch: [6]  [1950/3466]  eta: 0:36:51  lr: 0.000004  loss: 1.1671  time: 1.4645  data: 0.0001  max mem: 28179
Train Epoch: [6]  [2000/3466]  eta: 0:35:38  lr: 0.000004  loss: 2.1543  time: 1.4558  data: 0.0001  max mem: 28179
Train Epoch: [6]  [2050/3466]  eta: 0:34:25  lr: 0.000004  loss: 1.8376  time: 1.4601  data: 0.0001  max mem: 28179
Train Epoch: [6]  [2100/3466]  eta: 0:33:12  lr: 0.000004  loss: 2.2183  time: 1.4593  data: 0.0001  max mem: 28179
Train Epoch: [6]  [2150/3466]  eta: 0:31:59  lr: 0.000004  loss: 1.8757  time: 1.4575  data: 0.0001  max mem: 28179
Train Epoch: [6]  [2200/3466]  eta: 0:30:46  lr: 0.000004  loss: 1.5760  time: 1.4572  data: 0.0001  max mem: 28179
Train Epoch: [6]  [2250/3466]  eta: 0:29:33  lr: 0.000004  loss: 1.6547  time: 1.4579  data: 0.0001  max mem: 28179
Train Epoch: [6]  [2300/3466]  eta: 0:28:20  lr: 0.000004  loss: 2.7582  time: 1.4669  data: 0.0001  max mem: 28179
Train Epoch: [6]  [2350/3466]  eta: 0:27:08  lr: 0.000004  loss: 1.6380  time: 1.4592  data: 0.0001  max mem: 28179
Train Epoch: [6]  [2400/3466]  eta: 0:25:55  lr: 0.000004  loss: 1.7453  time: 1.4627  data: 0.0001  max mem: 28179
Train Epoch: [6]  [2450/3466]  eta: 0:24:42  lr: 0.000004  loss: 1.8963  time: 1.4575  data: 0.0001  max mem: 28179
Train Epoch: [6]  [2500/3466]  eta: 0:23:29  lr: 0.000004  loss: 1.8255  time: 1.4556  data: 0.0001  max mem: 28179
Train Epoch: [6]  [2550/3466]  eta: 0:22:16  lr: 0.000004  loss: 1.5229  time: 1.4563  data: 0.0001  max mem: 28179
Train Epoch: [6]  [2600/3466]  eta: 0:21:03  lr: 0.000004  loss: 1.4202  time: 1.4619  data: 0.0001  max mem: 28179
Train Epoch: [6]  [2650/3466]  eta: 0:19:50  lr: 0.000004  loss: 1.7546  time: 1.4610  data: 0.0001  max mem: 28179
Train Epoch: [6]  [2700/3466]  eta: 0:18:37  lr: 0.000004  loss: 2.1659  time: 1.4597  data: 0.0001  max mem: 28179
Train Epoch: [6]  [2750/3466]  eta: 0:17:24  lr: 0.000004  loss: 1.6494  time: 1.4539  data: 0.0001  max mem: 28179
Train Epoch: [6]  [2800/3466]  eta: 0:16:11  lr: 0.000004  loss: 2.2015  time: 1.4559  data: 0.0001  max mem: 28179
Train Epoch: [6]  [2850/3466]  eta: 0:14:58  lr: 0.000004  loss: 2.3646  time: 1.4543  data: 0.0001  max mem: 28179
Train Epoch: [6]  [2900/3466]  eta: 0:13:45  lr: 0.000004  loss: 1.7355  time: 1.4619  data: 0.0001  max mem: 28179
Train Epoch: [6]  [2950/3466]  eta: 0:12:32  lr: 0.000004  loss: 2.0666  time: 1.4572  data: 0.0001  max mem: 28179
Train Epoch: [6]  [3000/3466]  eta: 0:11:19  lr: 0.000004  loss: 1.7762  time: 1.4593  data: 0.0001  max mem: 28179
Train Epoch: [6]  [3050/3466]  eta: 0:10:06  lr: 0.000004  loss: 1.9340  time: 1.4573  data: 0.0001  max mem: 28179
Train Epoch: [6]  [3100/3466]  eta: 0:08:53  lr: 0.000004  loss: 1.7837  time: 1.4570  data: 0.0001  max mem: 28179
Train Epoch: [6]  [3150/3466]  eta: 0:07:40  lr: 0.000004  loss: 1.6406  time: 1.4529  data: 0.0001  max mem: 28179
Train Epoch: [6]  [3200/3466]  eta: 0:06:27  lr: 0.000004  loss: 1.5711  time: 1.4564  data: 0.0001  max mem: 28179
Train Epoch: [6]  [3250/3466]  eta: 0:05:15  lr: 0.000004  loss: 1.1403  time: 1.4565  data: 0.0001  max mem: 28179
Train Epoch: [6]  [3300/3466]  eta: 0:04:02  lr: 0.000004  loss: 2.1336  time: 1.4572  data: 0.0001  max mem: 28179
Train Epoch: [6]  [3350/3466]  eta: 0:02:49  lr: 0.000004  loss: 1.6831  time: 1.4561  data: 0.0001  max mem: 28179
Train Epoch: [6]  [3400/3466]  eta: 0:01:36  lr: 0.000004  loss: 2.7415  time: 1.4538  data: 0.0001  max mem: 28179
Train Epoch: [6]  [3450/3466]  eta: 0:00:23  lr: 0.000004  loss: 1.9908  time: 1.4622  data: 0.0001  max mem: 28179
Train Epoch: [6]  [3465/3466]  eta: 0:00:01  lr: 0.000004  loss: 1.6527  time: 1.4565  data: 0.0004  max mem: 28179
Train Epoch: [6] Total time: 1:24:15 (1.4586 s / it)
Averaged stats: lr: 0.0000  loss: 1.8998
Train Epoch: [7]  [   0/3466]  eta: 3:09:33  lr: 0.000002  loss: 1.7084  time: 3.2814  data: 1.7263  max mem: 28179
Train Epoch: [7]  [  50/3466]  eta: 1:24:30  lr: 0.000002  loss: 1.9491  time: 1.4473  data: 0.0001  max mem: 28179
Train Epoch: [7]  [ 100/3466]  eta: 1:22:19  lr: 0.000002  loss: 1.4271  time: 1.4514  data: 0.0001  max mem: 28179
Train Epoch: [7]  [ 150/3466]  eta: 1:20:50  lr: 0.000002  loss: 1.4235  time: 1.4546  data: 0.0001  max mem: 28179
Train Epoch: [7]  [ 200/3466]  eta: 1:19:33  lr: 0.000002  loss: 1.1960  time: 1.4611  data: 0.0001  max mem: 28179
Train Epoch: [7]  [ 250/3466]  eta: 1:18:19  lr: 0.000002  loss: 2.3247  time: 1.4595  data: 0.0001  max mem: 28179
Train Epoch: [7]  [ 300/3466]  eta: 1:17:02  lr: 0.000002  loss: 2.1150  time: 1.4538  data: 0.0001  max mem: 28179
Train Epoch: [7]  [ 350/3466]  eta: 1:15:50  lr: 0.000002  loss: 1.1009  time: 1.4662  data: 0.0001  max mem: 28179
Train Epoch: [7]  [ 400/3466]  eta: 1:14:36  lr: 0.000002  loss: 2.5217  time: 1.4600  data: 0.0001  max mem: 28179
Train Epoch: [7]  [ 450/3466]  eta: 1:13:23  lr: 0.000002  loss: 1.6351  time: 1.4580  data: 0.0001  max mem: 28179
Train Epoch: [7]  [ 500/3466]  eta: 1:12:10  lr: 0.000002  loss: 2.1822  time: 1.4631  data: 0.0001  max mem: 28179
Train Epoch: [7]  [ 550/3466]  eta: 1:10:56  lr: 0.000002  loss: 1.6297  time: 1.4572  data: 0.0001  max mem: 28179
Train Epoch: [7]  [ 600/3466]  eta: 1:09:43  lr: 0.000002  loss: 2.0472  time: 1.4564  data: 0.0001  max mem: 28179
Train Epoch: [7]  [ 650/3466]  eta: 1:08:29  lr: 0.000002  loss: 1.9858  time: 1.4543  data: 0.0001  max mem: 28179
Train Epoch: [7]  [ 700/3466]  eta: 1:07:15  lr: 0.000002  loss: 0.9421  time: 1.4549  data: 0.0001  max mem: 28179
Train Epoch: [7]  [ 750/3466]  eta: 1:06:02  lr: 0.000002  loss: 1.1186  time: 1.4579  data: 0.0001  max mem: 28179
Train Epoch: [7]  [ 800/3466]  eta: 1:04:48  lr: 0.000002  loss: 2.2687  time: 1.4549  data: 0.0001  max mem: 28179
Train Epoch: [7]  [ 850/3466]  eta: 1:03:36  lr: 0.000002  loss: 2.2278  time: 1.4600  data: 0.0001  max mem: 28179
Train Epoch: [7]  [ 900/3466]  eta: 1:02:23  lr: 0.000002  loss: 1.1501  time: 1.4610  data: 0.0001  max mem: 28179
Train Epoch: [7]  [ 950/3466]  eta: 1:01:10  lr: 0.000002  loss: 2.6915  time: 1.4596  data: 0.0001  max mem: 28179
Train Epoch: [7]  [1000/3466]  eta: 0:59:57  lr: 0.000002  loss: 1.0893  time: 1.4644  data: 0.0001  max mem: 28179
Train Epoch: [7]  [1050/3466]  eta: 0:58:45  lr: 0.000002  loss: 1.5292  time: 1.4631  data: 0.0001  max mem: 28179
Train Epoch: [7]  [1100/3466]  eta: 0:57:32  lr: 0.000002  loss: 2.6212  time: 1.4570  data: 0.0001  max mem: 28179
Train Epoch: [7]  [1150/3466]  eta: 0:56:19  lr: 0.000002  loss: 1.5985  time: 1.4571  data: 0.0001  max mem: 28179
Train Epoch: [7]  [1200/3466]  eta: 0:55:05  lr: 0.000002  loss: 2.0879  time: 1.4562  data: 0.0001  max mem: 28179
Train Epoch: [7]  [1250/3466]  eta: 0:53:52  lr: 0.000002  loss: 1.4040  time: 1.4598  data: 0.0001  max mem: 28179
Train Epoch: [7]  [1300/3466]  eta: 0:52:39  lr: 0.000002  loss: 1.7456  time: 1.4556  data: 0.0001  max mem: 28179
Train Epoch: [7]  [1350/3466]  eta: 0:51:26  lr: 0.000002  loss: 1.8811  time: 1.4596  data: 0.0001  max mem: 28179
Train Epoch: [7]  [1400/3466]  eta: 0:50:13  lr: 0.000002  loss: 2.2495  time: 1.4615  data: 0.0001  max mem: 28179
Train Epoch: [7]  [1450/3466]  eta: 0:49:00  lr: 0.000002  loss: 2.0280  time: 1.4549  data: 0.0001  max mem: 28179
Train Epoch: [7]  [1500/3466]  eta: 0:47:47  lr: 0.000002  loss: 1.6250  time: 1.4548  data: 0.0001  max mem: 28179
Train Epoch: [7]  [1550/3466]  eta: 0:46:34  lr: 0.000002  loss: 1.8081  time: 1.4549  data: 0.0001  max mem: 28179
Train Epoch: [7]  [1600/3466]  eta: 0:45:21  lr: 0.000002  loss: 1.7518  time: 1.4583  data: 0.0001  max mem: 28179
Train Epoch: [7]  [1650/3466]  eta: 0:44:08  lr: 0.000002  loss: 1.9406  time: 1.4632  data: 0.0001  max mem: 28179
Train Epoch: [7]  [1700/3466]  eta: 0:42:55  lr: 0.000002  loss: 1.2677  time: 1.4553  data: 0.0001  max mem: 28179
Train Epoch: [7]  [1750/3466]  eta: 0:41:42  lr: 0.000002  loss: 1.4917  time: 1.4558  data: 0.0001  max mem: 28179
Train Epoch: [7]  [1800/3466]  eta: 0:40:29  lr: 0.000002  loss: 2.4586  time: 1.4573  data: 0.0001  max mem: 28179
Train Epoch: [7]  [1850/3466]  eta: 0:39:17  lr: 0.000002  loss: 1.7563  time: 1.4639  data: 0.0001  max mem: 28179
Train Epoch: [7]  [1900/3466]  eta: 0:38:04  lr: 0.000002  loss: 2.5809  time: 1.4634  data: 0.0001  max mem: 28179
Train Epoch: [7]  [1950/3466]  eta: 0:36:51  lr: 0.000002  loss: 2.1644  time: 1.4588  data: 0.0001  max mem: 28179
Train Epoch: [7]  [2000/3466]  eta: 0:35:38  lr: 0.000002  loss: 1.6348  time: 1.4590  data: 0.0001  max mem: 28179
Train Epoch: [7]  [2050/3466]  eta: 0:34:25  lr: 0.000002  loss: 2.0141  time: 1.4566  data: 0.0001  max mem: 28179
Train Epoch: [7]  [2100/3466]  eta: 0:33:12  lr: 0.000002  loss: 1.8703  time: 1.4540  data: 0.0001  max mem: 28179
Train Epoch: [7]  [2150/3466]  eta: 0:31:59  lr: 0.000002  loss: 1.2915  time: 1.4570  data: 0.0001  max mem: 28179
Train Epoch: [7]  [2200/3466]  eta: 0:30:46  lr: 0.000002  loss: 1.0095  time: 1.4569  data: 0.0001  max mem: 28179
Train Epoch: [7]  [2250/3466]  eta: 0:29:33  lr: 0.000002  loss: 1.5295  time: 1.4494  data: 0.0001  max mem: 28179
Train Epoch: [7]  [2300/3466]  eta: 0:28:20  lr: 0.000002  loss: 2.0537  time: 1.4583  data: 0.0001  max mem: 28179
Train Epoch: [7]  [2350/3466]  eta: 0:27:07  lr: 0.000002  loss: 1.5454  time: 1.4568  data: 0.0001  max mem: 28179
Train Epoch: [7]  [2400/3466]  eta: 0:25:54  lr: 0.000002  loss: 1.9963  time: 1.4560  data: 0.0001  max mem: 28179
Train Epoch: [7]  [2450/3466]  eta: 0:24:41  lr: 0.000002  loss: 1.7645  time: 1.4538  data: 0.0001  max mem: 28179
Train Epoch: [7]  [2500/3466]  eta: 0:23:28  lr: 0.000002  loss: 2.3349  time: 1.4556  data: 0.0001  max mem: 28179
Train Epoch: [7]  [2550/3466]  eta: 0:22:15  lr: 0.000002  loss: 1.7109  time: 1.4558  data: 0.0001  max mem: 28179
Train Epoch: [7]  [2600/3466]  eta: 0:21:02  lr: 0.000002  loss: 1.2381  time: 1.4561  data: 0.0001  max mem: 28179
Train Epoch: [7]  [2650/3466]  eta: 0:19:49  lr: 0.000002  loss: 1.6113  time: 1.4546  data: 0.0001  max mem: 28179
Train Epoch: [7]  [2700/3466]  eta: 0:18:36  lr: 0.000002  loss: 1.6836  time: 1.4596  data: 0.0001  max mem: 28179
Train Epoch: [7]  [2750/3466]  eta: 0:17:24  lr: 0.000002  loss: 1.6679  time: 1.4515  data: 0.0001  max mem: 28179
Train Epoch: [7]  [2800/3466]  eta: 0:16:11  lr: 0.000002  loss: 1.4733  time: 1.4584  data: 0.0001  max mem: 28179
Train Epoch: [7]  [2850/3466]  eta: 0:14:58  lr: 0.000002  loss: 1.9324  time: 1.4577  data: 0.0001  max mem: 28179
Train Epoch: [7]  [2900/3466]  eta: 0:13:45  lr: 0.000002  loss: 1.6434  time: 1.4587  data: 0.0001  max mem: 28179
Train Epoch: [7]  [2950/3466]  eta: 0:12:32  lr: 0.000002  loss: 2.2620  time: 1.4555  data: 0.0001  max mem: 28179
Train Epoch: [7]  [3000/3466]  eta: 0:11:19  lr: 0.000002  loss: 1.6375  time: 1.4577  data: 0.0001  max mem: 28179
Train Epoch: [7]  [3050/3466]  eta: 0:10:06  lr: 0.000002  loss: 1.6450  time: 1.4579  data: 0.0001  max mem: 28179
Train Epoch: [7]  [3100/3466]  eta: 0:08:53  lr: 0.000002  loss: 2.0069  time: 1.4593  data: 0.0001  max mem: 28179
Train Epoch: [7]  [3150/3466]  eta: 0:07:40  lr: 0.000002  loss: 2.1739  time: 1.4563  data: 0.0001  max mem: 28179
Train Epoch: [7]  [3200/3466]  eta: 0:06:27  lr: 0.000002  loss: 2.3811  time: 1.4584  data: 0.0001  max mem: 28179
Train Epoch: [7]  [3250/3466]  eta: 0:05:14  lr: 0.000002  loss: 2.2587  time: 1.4529  data: 0.0001  max mem: 28179
Train Epoch: [7]  [3300/3466]  eta: 0:04:02  lr: 0.000002  loss: 1.8082  time: 1.4566  data: 0.0001  max mem: 28179
Train Epoch: [7]  [3350/3466]  eta: 0:02:49  lr: 0.000002  loss: 1.9123  time: 1.4569  data: 0.0001  max mem: 28179
Train Epoch: [7]  [3400/3466]  eta: 0:01:36  lr: 0.000002  loss: 1.5966  time: 1.4588  data: 0.0001  max mem: 28179
Train Epoch: [7]  [3450/3466]  eta: 0:00:23  lr: 0.000002  loss: 1.1156  time: 1.4562  data: 0.0001  max mem: 28179
Train Epoch: [7]  [3465/3466]  eta: 0:00:01  lr: 0.000002  loss: 1.3327  time: 1.4538  data: 0.0004  max mem: 28179
Train Epoch: [7] Total time: 1:24:13 (1.4582 s / it)
Averaged stats: lr: 0.0000  loss: 1.8613
Generate VQA test result:  [    0/12025]  eta: 4:39:01    time: 1.3922  data: 0.9050  max mem: 28179
Generate VQA test result:  [   50/12025]  eta: 1:13:20    time: 0.3477  data: 0.0001  max mem: 28179
Generate VQA test result:  [  100/12025]  eta: 1:11:26    time: 0.3525  data: 0.0002  max mem: 28179
Generate VQA test result:  [  150/12025]  eta: 1:10:30    time: 0.3514  data: 0.0002  max mem: 28179
Generate VQA test result:  [  200/12025]  eta: 1:09:58    time: 0.3493  data: 0.0002  max mem: 28179
Generate VQA test result:  [  250/12025]  eta: 1:09:31    time: 0.3524  data: 0.0002  max mem: 28179
Generate VQA test result:  [  300/12025]  eta: 1:09:11    time: 0.3536  data: 0.0001  max mem: 28179
Generate VQA test result:  [  350/12025]  eta: 1:08:50    time: 0.3516  data: 0.0001  max mem: 28179
Generate VQA test result:  [  400/12025]  eta: 1:08:29    time: 0.3508  data: 0.0002  max mem: 28179
Generate VQA test result:  [  450/12025]  eta: 1:08:12    time: 0.3535  data: 0.0001  max mem: 28179
Generate VQA test result:  [  500/12025]  eta: 1:07:55    time: 0.3535  data: 0.0002  max mem: 28179
Generate VQA test result:  [  550/12025]  eta: 1:07:37    time: 0.3553  data: 0.0001  max mem: 28179
Generate VQA test result:  [  600/12025]  eta: 1:07:21    time: 0.3578  data: 0.0002  max mem: 28179
Generate VQA test result:  [  650/12025]  eta: 1:07:04    time: 0.3544  data: 0.0002  max mem: 28179
Generate VQA test result:  [  700/12025]  eta: 1:06:47    time: 0.3535  data: 0.0002  max mem: 28179
Generate VQA test result:  [  750/12025]  eta: 1:06:30    time: 0.3544  data: 0.0001  max mem: 28179
Generate VQA test result:  [  800/12025]  eta: 1:06:14    time: 0.3578  data: 0.0002  max mem: 28179
Generate VQA test result:  [  850/12025]  eta: 1:05:59    time: 0.3564  data: 0.0002  max mem: 28179
Generate VQA test result:  [  900/12025]  eta: 1:05:44    time: 0.3577  data: 0.0002  max mem: 28179
Generate VQA test result:  [  950/12025]  eta: 1:05:27    time: 0.3560  data: 0.0002  max mem: 28179
Generate VQA test result:  [ 1000/12025]  eta: 1:05:10    time: 0.3546  data: 0.0001  max mem: 28179
Generate VQA test result:  [ 1050/12025]  eta: 1:04:55    time: 0.3594  data: 0.0002  max mem: 28179
Generate VQA test result:  [ 1100/12025]  eta: 1:04:38    time: 0.3578  data: 0.0002  max mem: 28179
Generate VQA test result:  [ 1150/12025]  eta: 1:04:21    time: 0.3558  data: 0.0002  max mem: 28179
Generate VQA test result:  [ 1200/12025]  eta: 1:04:04    time: 0.3569  data: 0.0002  max mem: 28179
Generate VQA test result:  [ 1250/12025]  eta: 1:03:48    time: 0.3576  data: 0.0002  max mem: 28179
Generate VQA test result:  [ 1300/12025]  eta: 1:03:31    time: 0.3576  data: 0.0002  max mem: 28179
Generate VQA test result:  [ 1350/12025]  eta: 1:03:13    time: 0.3568  data: 0.0002  max mem: 28179
Generate VQA test result:  [ 1400/12025]  eta: 1:02:56    time: 0.3587  data: 0.0002  max mem: 28179
Generate VQA test result:  [ 1450/12025]  eta: 1:02:38    time: 0.3562  data: 0.0002  max mem: 28179
Generate VQA test result:  [ 1500/12025]  eta: 1:02:21    time: 0.3599  data: 0.0002  max mem: 28179
Generate VQA test result:  [ 1550/12025]  eta: 1:02:04    time: 0.3569  data: 0.0002  max mem: 28179
Generate VQA test result:  [ 1600/12025]  eta: 1:01:47    time: 0.3588  data: 0.0002  max mem: 28179
Generate VQA test result:  [ 1650/12025]  eta: 1:01:29    time: 0.3569  data: 0.0002  max mem: 28179
Generate VQA test result:  [ 1700/12025]  eta: 1:01:12    time: 0.3591  data: 0.0002  max mem: 28179
Generate VQA test result:  [ 1750/12025]  eta: 1:00:55    time: 0.3582  data: 0.0002  max mem: 28179
Generate VQA test result:  [ 1800/12025]  eta: 1:00:38    time: 0.3595  data: 0.0002  max mem: 28179
Generate VQA test result:  [ 1850/12025]  eta: 1:00:21    time: 0.3610  data: 0.0002  max mem: 28179
Generate VQA test result:  [ 1900/12025]  eta: 1:00:03    time: 0.3576  data: 0.0002  max mem: 28179
Generate VQA test result:  [ 1950/12025]  eta: 0:59:46    time: 0.3557  data: 0.0002  max mem: 28179
Generate VQA test result:  [ 2000/12025]  eta: 0:59:28    time: 0.3577  data: 0.0002  max mem: 28179
Generate VQA test result:  [ 2050/12025]  eta: 0:59:11    time: 0.3544  data: 0.0001  max mem: 28179
Generate VQA test result:  [ 2100/12025]  eta: 0:58:53    time: 0.3567  data: 0.0001  max mem: 28179
Generate VQA test result:  [ 2150/12025]  eta: 0:58:35    time: 0.3584  data: 0.0002  max mem: 28179
Generate VQA test result:  [ 2200/12025]  eta: 0:58:18    time: 0.3574  data: 0.0002  max mem: 28179
Generate VQA test result:  [ 2250/12025]  eta: 0:58:01    time: 0.3594  data: 0.0002  max mem: 28179
Generate VQA test result:  [ 2300/12025]  eta: 0:57:43    time: 0.3550  data: 0.0002  max mem: 28179
Generate VQA test result:  [ 2350/12025]  eta: 0:57:26    time: 0.3594  data: 0.0002  max mem: 28179
Generate VQA test result:  [ 2400/12025]  eta: 0:57:08    time: 0.3556  data: 0.0002  max mem: 28179
Generate VQA test result:  [ 2450/12025]  eta: 0:56:51    time: 0.3586  data: 0.0002  max mem: 28179
Generate VQA test result:  [ 2500/12025]  eta: 0:56:33    time: 0.3584  data: 0.0002  max mem: 28179
Generate VQA test result:  [ 2550/12025]  eta: 0:56:16    time: 0.3576  data: 0.0001  max mem: 28179
Generate VQA test result:  [ 2600/12025]  eta: 0:55:58    time: 0.3600  data: 0.0001  max mem: 28179
Generate VQA test result:  [ 2650/12025]  eta: 0:55:41    time: 0.3571  data: 0.0002  max mem: 28179
Generate VQA test result:  [ 2700/12025]  eta: 0:55:23    time: 0.3573  data: 0.0001  max mem: 28179
Generate VQA test result:  [ 2750/12025]  eta: 0:55:05    time: 0.3558  data: 0.0002  max mem: 28179
Generate VQA test result:  [ 2800/12025]  eta: 0:54:48    time: 0.3578  data: 0.0001  max mem: 28179
Generate VQA test result:  [ 2850/12025]  eta: 0:54:30    time: 0.3578  data: 0.0002  max mem: 28179
Generate VQA test result:  [ 2900/12025]  eta: 0:54:13    time: 0.3567  data: 0.0002  max mem: 28179
Generate VQA test result:  [ 2950/12025]  eta: 0:53:55    time: 0.3568  data: 0.0002  max mem: 28179
Generate VQA test result:  [ 3000/12025]  eta: 0:53:38    time: 0.3617  data: 0.0002  max mem: 28179
Generate VQA test result:  [ 3050/12025]  eta: 0:53:20    time: 0.3576  data: 0.0002  max mem: 28179
Generate VQA test result:  [ 3100/12025]  eta: 0:53:02    time: 0.3552  data: 0.0002  max mem: 28179
Generate VQA test result:  [ 3150/12025]  eta: 0:52:44    time: 0.3560  data: 0.0002  max mem: 28179
Generate VQA test result:  [ 3200/12025]  eta: 0:52:26    time: 0.3546  data: 0.0002  max mem: 28179
Generate VQA test result:  [ 3250/12025]  eta: 0:52:09    time: 0.3569  data: 0.0002  max mem: 28179
Generate VQA test result:  [ 3300/12025]  eta: 0:51:51    time: 0.3587  data: 0.0002  max mem: 28179
