| distributed init (rank 1): env://
| distributed init (rank 2): env://
| distributed init (rank 3): env://
| distributed init (rank 0): env://
Creating dataset
Creating model
reshape position embedding from 256 to 576
reshape position embedding from 256 to 576
load checkpoint from /projects/nlp/data/data/multimodal-gender-bias/checkpoints/ALBEF.pth
_IncompatibleKeys(missing_keys=['cls_head.0.weight', 'cls_head.0.bias', 'cls_head.2.weight', 'cls_head.2.bias', 'cls_head_m.0.weight', 'cls_head_m.0.bias', 'cls_head_m.2.weight', 'cls_head_m.2.bias'], unexpected_keys=['temp', 'image_queue', 'text_queue', 'queue_ptr', 'vision_proj.weight', 'vision_proj.bias', 'text_proj.weight', 'text_proj.bias', 'itm_head.weight', 'itm_head.bias', 'vision_proj_m.weight', 'vision_proj_m.bias', 'text_proj_m.weight', 'text_proj_m.bias', 'text_encoder.cls.predictions.bias', 'text_encoder.cls.predictions.transform.dense.weight', 'text_encoder.cls.predictions.transform.dense.bias', 'text_encoder.cls.predictions.transform.LayerNorm.weight', 'text_encoder.cls.predictions.transform.LayerNorm.bias', 'text_encoder.cls.predictions.decoder.weight', 'text_encoder.cls.predictions.decoder.bias', 'text_encoder_m.cls.predictions.bias', 'text_encoder_m.cls.predictions.transform.dense.weight', 'text_encoder_m.cls.predictions.transform.dense.bias', 'text_encoder_m.cls.predictions.transform.LayerNorm.weight', 'text_encoder_m.cls.predictions.transform.LayerNorm.bias', 'text_encoder_m.cls.predictions.decoder.weight', 'text_encoder_m.cls.predictions.decoder.bias'])
Start training
Train Epoch: [0]  [   0/1349]  eta: 3:12:58  lr: 0.000010  loss: 0.6898  time: 8.5830  data: 2.8362  max mem: 22212
Train Epoch: [0]  [  50/1349]  eta: 0:33:58  lr: 0.000010  loss: 0.7109  time: 1.4302  data: 0.0001  max mem: 25468
Train Epoch: [0]  [ 100/1349]  eta: 0:31:16  lr: 0.000010  loss: 0.6961  time: 1.4354  data: 0.0001  max mem: 25468
Train Epoch: [0]  [ 150/1349]  eta: 0:29:36  lr: 0.000020  loss: 0.7122  time: 1.4415  data: 0.0001  max mem: 25468
Train Epoch: [0]  [ 200/1349]  eta: 0:28:12  lr: 0.000020  loss: 0.6684  time: 1.4478  data: 0.0001  max mem: 25468
Train Epoch: [0]  [ 250/1349]  eta: 0:26:53  lr: 0.000020  loss: 0.6254  time: 1.4494  data: 0.0001  max mem: 25468
Train Epoch: [0]  [ 300/1349]  eta: 0:25:36  lr: 0.000020  loss: 0.7726  time: 1.4514  data: 0.0001  max mem: 25468
Train Epoch: [0]  [ 350/1349]  eta: 0:24:21  lr: 0.000020  loss: 0.6977  time: 1.4503  data: 0.0001  max mem: 25546
Train Epoch: [0]  [ 400/1349]  eta: 0:23:07  lr: 0.000020  loss: 0.6740  time: 1.4517  data: 0.0001  max mem: 25546
Train Epoch: [0]  [ 450/1349]  eta: 0:21:53  lr: 0.000020  loss: 0.6120  time: 1.4565  data: 0.0001  max mem: 25546
Train Epoch: [0]  [ 500/1349]  eta: 0:20:39  lr: 0.000020  loss: 0.5867  time: 1.4509  data: 0.0001  max mem: 25546
Train Epoch: [0]  [ 550/1349]  eta: 0:19:26  lr: 0.000020  loss: 0.7359  time: 1.4544  data: 0.0001  max mem: 25546
Train Epoch: [0]  [ 600/1349]  eta: 0:18:12  lr: 0.000020  loss: 0.6820  time: 1.4514  data: 0.0001  max mem: 25546
Train Epoch: [0]  [ 650/1349]  eta: 0:16:59  lr: 0.000020  loss: 0.5437  time: 1.4553  data: 0.0001  max mem: 25546
Train Epoch: [0]  [ 700/1349]  eta: 0:15:46  lr: 0.000020  loss: 0.4589  time: 1.4532  data: 0.0001  max mem: 25546
Train Epoch: [0]  [ 750/1349]  eta: 0:14:33  lr: 0.000020  loss: 0.4177  time: 1.4559  data: 0.0001  max mem: 25546
Train Epoch: [0]  [ 800/1349]  eta: 0:13:20  lr: 0.000020  loss: 0.4653  time: 1.4575  data: 0.0001  max mem: 25546
Train Epoch: [0]  [ 850/1349]  eta: 0:12:07  lr: 0.000020  loss: 0.6110  time: 1.4517  data: 0.0001  max mem: 25557
Train Epoch: [0]  [ 900/1349]  eta: 0:10:54  lr: 0.000020  loss: 0.5722  time: 1.4529  data: 0.0001  max mem: 25557
Train Epoch: [0]  [ 950/1349]  eta: 0:09:41  lr: 0.000020  loss: 0.5630  time: 1.4538  data: 0.0001  max mem: 25557
Train Epoch: [0]  [1000/1349]  eta: 0:08:28  lr: 0.000020  loss: 0.6629  time: 1.4533  data: 0.0001  max mem: 25557
Train Epoch: [0]  [1050/1349]  eta: 0:07:15  lr: 0.000020  loss: 0.4132  time: 1.4535  data: 0.0001  max mem: 25557
Train Epoch: [0]  [1100/1349]  eta: 0:06:02  lr: 0.000020  loss: 0.5635  time: 1.4531  data: 0.0001  max mem: 25557
Train Epoch: [0]  [1150/1349]  eta: 0:04:49  lr: 0.000020  loss: 0.6853  time: 1.4517  data: 0.0001  max mem: 25557
Train Epoch: [0]  [1200/1349]  eta: 0:03:36  lr: 0.000020  loss: 0.6147  time: 1.4522  data: 0.0001  max mem: 25557
Train Epoch: [0]  [1250/1349]  eta: 0:02:24  lr: 0.000020  loss: 0.6225  time: 1.4549  data: 0.0001  max mem: 25557
Train Epoch: [0]  [1300/1349]  eta: 0:01:11  lr: 0.000020  loss: 0.4947  time: 1.4572  data: 0.0001  max mem: 25557
Train Epoch: [0]  [1348/1349]  eta: 0:00:01  lr: 0.000020  loss: 0.4536  time: 1.4489  data: 0.0002  max mem: 25557
Train Epoch: [0] Total time: 0:32:44 (1.4563 s / it)
Averaged stats: lr: 0.0000  loss: 0.5913
Evaluation:  [  0/110]  eta: 0:02:45  acc: 0.8750 (0.8750)  time: 1.5060  data: 1.0797  max mem: 25557
Evaluation:  [ 50/110]  eta: 0:00:23  acc: 0.6875 (0.7377)  time: 0.3664  data: 0.0002  max mem: 25557
Evaluation:  [100/110]  eta: 0:00:03  acc: 0.7500 (0.7556)  time: 0.3634  data: 0.0002  max mem: 25557
Evaluation:  [109/110]  eta: 0:00:00  acc: 0.7500 (0.7577)  time: 0.3471  data: 0.0002  max mem: 25557
Evaluation: Total time: 0:00:41 (0.3759 s / it)
Averaged stats: acc: 0.7540
Evaluation:  [  0/109]  eta: 0:02:46  acc: 0.7500 (0.7500)  time: 1.5300  data: 1.1461  max mem: 25557
Evaluation:  [ 50/109]  eta: 0:00:23  acc: 0.7500 (0.7843)  time: 0.3659  data: 0.0002  max mem: 25557
Evaluation:  [100/109]  eta: 0:00:03  acc: 0.8125 (0.7717)  time: 0.3655  data: 0.0002  max mem: 25557
Evaluation:  [108/109]  eta: 0:00:00  acc: 0.8125 (0.7727)  time: 0.3595  data: 0.0002  max mem: 25557
Evaluation: Total time: 0:00:41 (0.3778 s / it)
Averaged stats: acc: 0.7549
result file saved to /projects/nlp/data/data/multimodal-gender-bias/outputs/NLVR/albef_14m/result/nlvr2_val_epoch0.json
result file saved to /projects/nlp/data/data/multimodal-gender-bias/outputs/NLVR/albef_14m/result/nlvr2_test_epoch0.json
Train Epoch: [1]  [   0/1349]  eta: 1:17:14  lr: 0.000020  loss: 0.4569  time: 3.4357  data: 1.6387  max mem: 26281
Train Epoch: [1]  [  50/1349]  eta: 0:32:04  lr: 0.000020  loss: 0.4265  time: 1.4462  data: 0.0001  max mem: 26478
Train Epoch: [1]  [ 100/1349]  eta: 0:30:27  lr: 0.000020  loss: 0.5683  time: 1.4443  data: 0.0001  max mem: 26478
Train Epoch: [1]  [ 150/1349]  eta: 0:29:08  lr: 0.000020  loss: 0.4986  time: 1.4502  data: 0.0001  max mem: 26478
Train Epoch: [1]  [ 200/1349]  eta: 0:27:52  lr: 0.000020  loss: 0.5777  time: 1.4493  data: 0.0001  max mem: 26478
Train Epoch: [1]  [ 250/1349]  eta: 0:26:38  lr: 0.000020  loss: 0.4221  time: 1.4502  data: 0.0001  max mem: 26478
Train Epoch: [1]  [ 300/1349]  eta: 0:25:25  lr: 0.000020  loss: 0.4170  time: 1.4512  data: 0.0001  max mem: 26568
Train Epoch: [1]  [ 350/1349]  eta: 0:24:12  lr: 0.000020  loss: 0.4421  time: 1.4514  data: 0.0001  max mem: 26568
Train Epoch: [1]  [ 400/1349]  eta: 0:23:00  lr: 0.000020  loss: 0.5017  time: 1.4540  data: 0.0001  max mem: 26568
Train Epoch: [1]  [ 450/1349]  eta: 0:21:47  lr: 0.000020  loss: 0.4696  time: 1.4544  data: 0.0001  max mem: 26568
Train Epoch: [1]  [ 500/1349]  eta: 0:20:34  lr: 0.000020  loss: 0.4211  time: 1.4526  data: 0.0001  max mem: 26568
Train Epoch: [1]  [ 550/1349]  eta: 0:19:21  lr: 0.000020  loss: 0.7746  time: 1.4515  data: 0.0001  max mem: 26568
Train Epoch: [1]  [ 600/1349]  eta: 0:18:08  lr: 0.000020  loss: 0.6914  time: 1.4569  data: 0.0001  max mem: 26568
Train Epoch: [1]  [ 650/1349]  eta: 0:16:56  lr: 0.000020  loss: 0.4302  time: 1.4525  data: 0.0001  max mem: 26568
Train Epoch: [1]  [ 700/1349]  eta: 0:15:43  lr: 0.000020  loss: 0.4456  time: 1.4492  data: 0.0001  max mem: 26568
Train Epoch: [1]  [ 750/1349]  eta: 0:14:30  lr: 0.000020  loss: 0.4089  time: 1.4514  data: 0.0001  max mem: 26568
Train Epoch: [1]  [ 800/1349]  eta: 0:13:18  lr: 0.000020  loss: 0.4654  time: 1.4528  data: 0.0001  max mem: 26568
Train Epoch: [1]  [ 850/1349]  eta: 0:12:05  lr: 0.000020  loss: 0.3845  time: 1.4513  data: 0.0001  max mem: 26568
Train Epoch: [1]  [ 900/1349]  eta: 0:10:52  lr: 0.000020  loss: 0.3940  time: 1.4550  data: 0.0001  max mem: 26568
Train Epoch: [1]  [ 950/1349]  eta: 0:09:39  lr: 0.000020  loss: 0.3474  time: 1.4527  data: 0.0001  max mem: 26568
Train Epoch: [1]  [1000/1349]  eta: 0:08:27  lr: 0.000020  loss: 0.4896  time: 1.4509  data: 0.0001  max mem: 26568
Train Epoch: [1]  [1050/1349]  eta: 0:07:14  lr: 0.000020  loss: 0.3678  time: 1.4524  data: 0.0001  max mem: 26568
Train Epoch: [1]  [1100/1349]  eta: 0:06:01  lr: 0.000020  loss: 0.4275  time: 1.4548  data: 0.0001  max mem: 26568
Train Epoch: [1]  [1150/1349]  eta: 0:04:49  lr: 0.000020  loss: 0.5404  time: 1.4554  data: 0.0001  max mem: 26568
Train Epoch: [1]  [1200/1349]  eta: 0:03:36  lr: 0.000020  loss: 0.4546  time: 1.4518  data: 0.0001  max mem: 26568
Train Epoch: [1]  [1250/1349]  eta: 0:02:23  lr: 0.000020  loss: 0.4608  time: 1.4533  data: 0.0001  max mem: 26568
Train Epoch: [1]  [1300/1349]  eta: 0:01:11  lr: 0.000020  loss: 0.4091  time: 1.4567  data: 0.0001  max mem: 26568
Train Epoch: [1]  [1348/1349]  eta: 0:00:01  lr: 0.000020  loss: 0.3605  time: 1.4457  data: 0.0002  max mem: 26568
Train Epoch: [1] Total time: 0:32:40 (1.4532 s / it)
Averaged stats: lr: 0.0000  loss: 0.4658
Evaluation:  [  0/110]  eta: 0:02:41  acc: 0.8125 (0.8125)  time: 1.4672  data: 1.0900  max mem: 26568
Evaluation:  [ 50/110]  eta: 0:00:23  acc: 0.7500 (0.7696)  time: 0.3677  data: 0.0002  max mem: 26568
Evaluation:  [100/110]  eta: 0:00:03  acc: 0.8125 (0.7853)  time: 0.3670  data: 0.0002  max mem: 26568
Evaluation:  [109/110]  eta: 0:00:00  acc: 0.8125 (0.7847)  time: 0.3468  data: 0.0002  max mem: 26568
Evaluation: Total time: 0:00:41 (0.3755 s / it)
Averaged stats: acc: 0.7872
Evaluation:  [  0/109]  eta: 0:02:48  acc: 0.8125 (0.8125)  time: 1.5463  data: 1.1729  max mem: 26568
Evaluation:  [ 50/109]  eta: 0:00:23  acc: 0.8125 (0.8186)  time: 0.3681  data: 0.0002  max mem: 26568
Evaluation:  [100/109]  eta: 0:00:03  acc: 0.8125 (0.8045)  time: 0.3675  data: 0.0002  max mem: 26568
Evaluation:  [108/109]  eta: 0:00:00  acc: 0.8125 (0.8042)  time: 0.3604  data: 0.0002  max mem: 26568
Evaluation: Total time: 0:00:41 (0.3793 s / it)
Averaged stats: acc: 0.7886
result file saved to /projects/nlp/data/data/multimodal-gender-bias/outputs/NLVR/albef_14m/result/nlvr2_val_epoch1.json
result file saved to /projects/nlp/data/data/multimodal-gender-bias/outputs/NLVR/albef_14m/result/nlvr2_test_epoch1.json
Train Epoch: [2]  [   0/1349]  eta: 1:22:32  lr: 0.000018  loss: 0.4202  time: 3.6714  data: 1.7071  max mem: 26568
Train Epoch: [2]  [  50/1349]  eta: 0:32:07  lr: 0.000018  loss: 0.2785  time: 1.4408  data: 0.0001  max mem: 26568
Train Epoch: [2]  [ 100/1349]  eta: 0:30:29  lr: 0.000018  loss: 0.2826  time: 1.4449  data: 0.0001  max mem: 26568
Train Epoch: [2]  [ 150/1349]  eta: 0:29:09  lr: 0.000018  loss: 0.4895  time: 1.4492  data: 0.0001  max mem: 26568
Train Epoch: [2]  [ 200/1349]  eta: 0:27:53  lr: 0.000018  loss: 0.3309  time: 1.4515  data: 0.0001  max mem: 26568
Train Epoch: [2]  [ 250/1349]  eta: 0:26:40  lr: 0.000018  loss: 0.2937  time: 1.4530  data: 0.0001  max mem: 26568
Train Epoch: [2]  [ 300/1349]  eta: 0:25:27  lr: 0.000018  loss: 0.2566  time: 1.4523  data: 0.0001  max mem: 26568
Train Epoch: [2]  [ 350/1349]  eta: 0:24:14  lr: 0.000018  loss: 0.3457  time: 1.4561  data: 0.0001  max mem: 26568
Train Epoch: [2]  [ 400/1349]  eta: 0:23:01  lr: 0.000018  loss: 0.4201  time: 1.4541  data: 0.0001  max mem: 26568
Train Epoch: [2]  [ 450/1349]  eta: 0:21:48  lr: 0.000018  loss: 0.3988  time: 1.4578  data: 0.0001  max mem: 26568
Train Epoch: [2]  [ 500/1349]  eta: 0:20:35  lr: 0.000018  loss: 0.3457  time: 1.4562  data: 0.0001  max mem: 26568
Train Epoch: [2]  [ 550/1349]  eta: 0:19:22  lr: 0.000018  loss: 0.3643  time: 1.4556  data: 0.0001  max mem: 26568
Train Epoch: [2]  [ 600/1349]  eta: 0:18:10  lr: 0.000018  loss: 0.3519  time: 1.4552  data: 0.0001  max mem: 26568
Train Epoch: [2]  [ 650/1349]  eta: 0:16:57  lr: 0.000018  loss: 0.4008  time: 1.4566  data: 0.0001  max mem: 26568
Train Epoch: [2]  [ 700/1349]  eta: 0:15:44  lr: 0.000018  loss: 0.5580  time: 1.4552  data: 0.0001  max mem: 26568
Train Epoch: [2]  [ 750/1349]  eta: 0:14:31  lr: 0.000018  loss: 0.3610  time: 1.4544  data: 0.0001  max mem: 26568
Train Epoch: [2]  [ 800/1349]  eta: 0:13:18  lr: 0.000018  loss: 0.5021  time: 1.4554  data: 0.0001  max mem: 26568
Train Epoch: [2]  [ 850/1349]  eta: 0:12:06  lr: 0.000018  loss: 0.3812  time: 1.4538  data: 0.0001  max mem: 26568
Train Epoch: [2]  [ 900/1349]  eta: 0:10:53  lr: 0.000018  loss: 0.5140  time: 1.4548  data: 0.0001  max mem: 26568
Train Epoch: [2]  [ 950/1349]  eta: 0:09:40  lr: 0.000018  loss: 0.3243  time: 1.4553  data: 0.0001  max mem: 26568
Train Epoch: [2]  [1000/1349]  eta: 0:08:27  lr: 0.000018  loss: 0.2510  time: 1.4524  data: 0.0001  max mem: 26568
Train Epoch: [2]  [1050/1349]  eta: 0:07:15  lr: 0.000018  loss: 0.3118  time: 1.4539  data: 0.0001  max mem: 26568
Train Epoch: [2]  [1100/1349]  eta: 0:06:02  lr: 0.000018  loss: 0.3950  time: 1.4560  data: 0.0001  max mem: 26568
Train Epoch: [2]  [1150/1349]  eta: 0:04:49  lr: 0.000018  loss: 0.2916  time: 1.4600  data: 0.0001  max mem: 26568
Train Epoch: [2]  [1200/1349]  eta: 0:03:36  lr: 0.000018  loss: 0.3238  time: 1.4503  data: 0.0001  max mem: 26568
Train Epoch: [2]  [1250/1349]  eta: 0:02:24  lr: 0.000018  loss: 0.3538  time: 1.4575  data: 0.0001  max mem: 26568
Train Epoch: [2]  [1300/1349]  eta: 0:01:11  lr: 0.000018  loss: 0.4143  time: 1.4522  data: 0.0001  max mem: 26568
Train Epoch: [2]  [1348/1349]  eta: 0:00:01  lr: 0.000018  loss: 0.4026  time: 1.4500  data: 0.0002  max mem: 26568
Train Epoch: [2] Total time: 0:32:42 (1.4550 s / it)
Averaged stats: lr: 0.0000  loss: 0.3810
Evaluation:  [  0/110]  eta: 0:02:33  acc: 0.8750 (0.8750)  time: 1.3984  data: 0.9987  max mem: 26568
Evaluation:  [ 50/110]  eta: 0:00:23  acc: 0.7500 (0.7953)  time: 0.3685  data: 0.0002  max mem: 26568
Evaluation:  [100/110]  eta: 0:00:03  acc: 0.8125 (0.7908)  time: 0.3674  data: 0.0002  max mem: 26568
Evaluation:  [109/110]  eta: 0:00:00  acc: 0.8125 (0.7881)  time: 0.3476  data: 0.0002  max mem: 26568
Evaluation: Total time: 0:00:41 (0.3764 s / it)
Averaged stats: acc: 0.7975
Evaluation:  [  0/109]  eta: 0:02:38  acc: 0.6875 (0.6875)  time: 1.4537  data: 1.0697  max mem: 26568
Evaluation:  [ 50/109]  eta: 0:00:22  acc: 0.7500 (0.8150)  time: 0.3646  data: 0.0002  max mem: 26568
Evaluation:  [100/109]  eta: 0:00:03  acc: 0.8125 (0.8094)  time: 0.3670  data: 0.0002  max mem: 26568
Evaluation:  [108/109]  eta: 0:00:00  acc: 0.8125 (0.8094)  time: 0.3615  data: 0.0002  max mem: 26568
Evaluation: Total time: 0:00:41 (0.3770 s / it)
Averaged stats: acc: 0.8057
result file saved to /projects/nlp/data/data/multimodal-gender-bias/outputs/NLVR/albef_14m/result/nlvr2_val_epoch2.json
result file saved to /projects/nlp/data/data/multimodal-gender-bias/outputs/NLVR/albef_14m/result/nlvr2_test_epoch2.json
Train Epoch: [3]  [   0/1349]  eta: 1:17:29  lr: 0.000016  loss: 0.3007  time: 3.4468  data: 1.5675  max mem: 26568
Train Epoch: [3]  [  50/1349]  eta: 0:32:11  lr: 0.000016  loss: 0.2374  time: 1.4487  data: 0.0001  max mem: 26568
Train Epoch: [3]  [ 100/1349]  eta: 0:30:31  lr: 0.000016  loss: 0.1656  time: 1.4444  data: 0.0001  max mem: 26568
Train Epoch: [3]  [ 150/1349]  eta: 0:29:11  lr: 0.000016  loss: 0.2607  time: 1.4494  data: 0.0001  max mem: 26568
Train Epoch: [3]  [ 200/1349]  eta: 0:27:56  lr: 0.000016  loss: 0.2981  time: 1.4526  data: 0.0001  max mem: 26568
Train Epoch: [3]  [ 250/1349]  eta: 0:26:41  lr: 0.000016  loss: 0.2028  time: 1.4558  data: 0.0001  max mem: 26568
Train Epoch: [3]  [ 300/1349]  eta: 0:25:28  lr: 0.000016  loss: 0.3485  time: 1.4557  data: 0.0001  max mem: 26568
Train Epoch: [3]  [ 350/1349]  eta: 0:24:15  lr: 0.000016  loss: 0.3511  time: 1.4548  data: 0.0001  max mem: 26568
Train Epoch: [3]  [ 400/1349]  eta: 0:23:02  lr: 0.000016  loss: 0.3615  time: 1.4566  data: 0.0001  max mem: 26568
Train Epoch: [3]  [ 450/1349]  eta: 0:21:49  lr: 0.000016  loss: 0.3250  time: 1.4557  data: 0.0001  max mem: 26568
Train Epoch: [3]  [ 500/1349]  eta: 0:20:36  lr: 0.000016  loss: 0.2528  time: 1.4635  data: 0.0001  max mem: 26568
Train Epoch: [3]  [ 550/1349]  eta: 0:19:23  lr: 0.000016  loss: 0.4228  time: 1.4522  data: 0.0001  max mem: 26568
Train Epoch: [3]  [ 600/1349]  eta: 0:18:10  lr: 0.000016  loss: 0.1820  time: 1.4565  data: 0.0001  max mem: 26568
Train Epoch: [3]  [ 650/1349]  eta: 0:16:57  lr: 0.000016  loss: 0.2898  time: 1.4550  data: 0.0001  max mem: 26568
Train Epoch: [3]  [ 700/1349]  eta: 0:15:44  lr: 0.000016  loss: 0.2867  time: 1.4544  data: 0.0001  max mem: 26568
Train Epoch: [3]  [ 750/1349]  eta: 0:14:31  lr: 0.000016  loss: 0.2882  time: 1.4532  data: 0.0001  max mem: 26568
Train Epoch: [3]  [ 800/1349]  eta: 0:13:19  lr: 0.000016  loss: 0.3860  time: 1.4530  data: 0.0001  max mem: 26568
Train Epoch: [3]  [ 850/1349]  eta: 0:12:06  lr: 0.000016  loss: 0.2767  time: 1.4571  data: 0.0001  max mem: 26568
Train Epoch: [3]  [ 900/1349]  eta: 0:10:53  lr: 0.000016  loss: 0.2487  time: 1.4566  data: 0.0001  max mem: 26568
Train Epoch: [3]  [ 950/1349]  eta: 0:09:40  lr: 0.000016  loss: 0.3275  time: 1.4559  data: 0.0001  max mem: 26568
Train Epoch: [3]  [1000/1349]  eta: 0:08:27  lr: 0.000016  loss: 0.4631  time: 1.4546  data: 0.0001  max mem: 26568
Train Epoch: [3]  [1050/1349]  eta: 0:07:15  lr: 0.000016  loss: 0.2908  time: 1.4506  data: 0.0001  max mem: 26568
Train Epoch: [3]  [1100/1349]  eta: 0:06:02  lr: 0.000016  loss: 0.2609  time: 1.4526  data: 0.0001  max mem: 26568
Train Epoch: [3]  [1150/1349]  eta: 0:04:49  lr: 0.000016  loss: 0.2613  time: 1.4571  data: 0.0001  max mem: 26568
Train Epoch: [3]  [1200/1349]  eta: 0:03:36  lr: 0.000016  loss: 0.2804  time: 1.4525  data: 0.0001  max mem: 26568
Train Epoch: [3]  [1250/1349]  eta: 0:02:24  lr: 0.000016  loss: 0.2095  time: 1.4550  data: 0.0001  max mem: 26568
Train Epoch: [3]  [1300/1349]  eta: 0:01:11  lr: 0.000016  loss: 0.2486  time: 1.4564  data: 0.0001  max mem: 26568
Train Epoch: [3]  [1348/1349]  eta: 0:00:01  lr: 0.000016  loss: 0.3491  time: 1.4494  data: 0.0002  max mem: 26568
Train Epoch: [3] Total time: 0:32:43 (1.4554 s / it)
Averaged stats: lr: 0.0000  loss: 0.3094
Evaluation:  [  0/110]  eta: 0:02:50  acc: 0.7500 (0.7500)  time: 1.5498  data: 1.1304  max mem: 26568
Evaluation:  [ 50/110]  eta: 0:00:23  acc: 0.8125 (0.7917)  time: 0.3671  data: 0.0002  max mem: 26568
Evaluation:  [100/110]  eta: 0:00:03  acc: 0.8125 (0.7946)  time: 0.3674  data: 0.0002  max mem: 26568
Evaluation:  [109/110]  eta: 0:00:00  acc: 0.8125 (0.7932)  time: 0.3467  data: 0.0002  max mem: 26568
Evaluation: Total time: 0:00:41 (0.3772 s / it)
Averaged stats: acc: 0.8027
Evaluation:  [  0/109]  eta: 0:02:39  acc: 0.8125 (0.8125)  time: 1.4604  data: 1.0865  max mem: 26568
Evaluation:  [ 50/109]  eta: 0:00:22  acc: 0.7500 (0.8199)  time: 0.3658  data: 0.0002  max mem: 26568
Evaluation:  [100/109]  eta: 0:00:03  acc: 0.8750 (0.8137)  time: 0.3647  data: 0.0002  max mem: 26568
Evaluation:  [108/109]  eta: 0:00:00  acc: 0.8750 (0.8140)  time: 0.3582  data: 0.0002  max mem: 26568
Evaluation: Total time: 0:00:40 (0.3759 s / it)
Averaged stats: acc: 0.8073
result file saved to /projects/nlp/data/data/multimodal-gender-bias/outputs/NLVR/albef_14m/result/nlvr2_val_epoch3.json
result file saved to /projects/nlp/data/data/multimodal-gender-bias/outputs/NLVR/albef_14m/result/nlvr2_test_epoch3.json
Train Epoch: [4]  [   0/1349]  eta: 1:16:00  lr: 0.000013  loss: 0.4378  time: 3.3806  data: 1.3783  max mem: 26568
Train Epoch: [4]  [  50/1349]  eta: 0:32:01  lr: 0.000013  loss: 0.1929  time: 1.4447  data: 0.0001  max mem: 26568
Train Epoch: [4]  [ 100/1349]  eta: 0:30:25  lr: 0.000013  loss: 0.1197  time: 1.4443  data: 0.0001  max mem: 26568
Train Epoch: [4]  [ 150/1349]  eta: 0:29:06  lr: 0.000013  loss: 0.4669  time: 1.4508  data: 0.0001  max mem: 26568
Train Epoch: [4]  [ 200/1349]  eta: 0:27:52  lr: 0.000013  loss: 0.0870  time: 1.4503  data: 0.0001  max mem: 26568
Train Epoch: [4]  [ 250/1349]  eta: 0:26:38  lr: 0.000013  loss: 0.2442  time: 1.4536  data: 0.0001  max mem: 26568
Train Epoch: [4]  [ 300/1349]  eta: 0:25:25  lr: 0.000013  loss: 0.1707  time: 1.4538  data: 0.0001  max mem: 26568
Train Epoch: [4]  [ 350/1349]  eta: 0:24:13  lr: 0.000013  loss: 0.1503  time: 1.4573  data: 0.0001  max mem: 26568
Train Epoch: [4]  [ 400/1349]  eta: 0:23:00  lr: 0.000013  loss: 0.3592  time: 1.4556  data: 0.0001  max mem: 26568
Train Epoch: [4]  [ 450/1349]  eta: 0:21:47  lr: 0.000013  loss: 0.3261  time: 1.4550  data: 0.0001  max mem: 26568
Train Epoch: [4]  [ 500/1349]  eta: 0:20:35  lr: 0.000013  loss: 0.3480  time: 1.4574  data: 0.0001  max mem: 26568
Train Epoch: [4]  [ 550/1349]  eta: 0:19:22  lr: 0.000013  loss: 0.3086  time: 1.4552  data: 0.0001  max mem: 26568
Train Epoch: [4]  [ 600/1349]  eta: 0:18:09  lr: 0.000013  loss: 0.3095  time: 1.4524  data: 0.0001  max mem: 26568
Train Epoch: [4]  [ 650/1349]  eta: 0:16:56  lr: 0.000013  loss: 0.2364  time: 1.4539  data: 0.0001  max mem: 26568
Train Epoch: [4]  [ 700/1349]  eta: 0:15:44  lr: 0.000013  loss: 0.2712  time: 1.4546  data: 0.0001  max mem: 26568
Train Epoch: [4]  [ 750/1349]  eta: 0:14:31  lr: 0.000013  loss: 0.1618  time: 1.4554  data: 0.0001  max mem: 26568
Train Epoch: [4]  [ 800/1349]  eta: 0:13:18  lr: 0.000013  loss: 0.3399  time: 1.4555  data: 0.0001  max mem: 26568
Train Epoch: [4]  [ 850/1349]  eta: 0:12:05  lr: 0.000013  loss: 0.4555  time: 1.4536  data: 0.0001  max mem: 26568
Train Epoch: [4]  [ 900/1349]  eta: 0:10:53  lr: 0.000013  loss: 0.1864  time: 1.4541  data: 0.0001  max mem: 26568
Train Epoch: [4]  [ 950/1349]  eta: 0:09:40  lr: 0.000013  loss: 0.2365  time: 1.4550  data: 0.0001  max mem: 26568
Train Epoch: [4]  [1000/1349]  eta: 0:08:27  lr: 0.000013  loss: 0.2916  time: 1.4571  data: 0.0001  max mem: 26568
Train Epoch: [4]  [1050/1349]  eta: 0:07:14  lr: 0.000013  loss: 0.3954  time: 1.4549  data: 0.0001  max mem: 26568
Train Epoch: [4]  [1100/1349]  eta: 0:06:02  lr: 0.000013  loss: 0.2391  time: 1.4521  data: 0.0001  max mem: 26568
Train Epoch: [4]  [1150/1349]  eta: 0:04:49  lr: 0.000013  loss: 0.5156  time: 1.4544  data: 0.0001  max mem: 26568
Train Epoch: [4]  [1200/1349]  eta: 0:03:36  lr: 0.000013  loss: 0.2517  time: 1.4585  data: 0.0001  max mem: 26568
Train Epoch: [4]  [1250/1349]  eta: 0:02:24  lr: 0.000013  loss: 0.2946  time: 1.4521  data: 0.0001  max mem: 26568
Train Epoch: [4]  [1300/1349]  eta: 0:01:11  lr: 0.000013  loss: 0.1625  time: 1.4548  data: 0.0001  max mem: 26569
Train Epoch: [4]  [1348/1349]  eta: 0:00:01  lr: 0.000013  loss: 0.2449  time: 1.4485  data: 0.0002  max mem: 26569
Train Epoch: [4] Total time: 0:32:42 (1.4547 s / it)
Averaged stats: lr: 0.0000  loss: 0.2517
Evaluation:  [  0/110]  eta: 0:02:40  acc: 0.8125 (0.8125)  time: 1.4586  data: 1.0390  max mem: 26569
Evaluation:  [ 50/110]  eta: 0:00:23  acc: 0.7500 (0.7868)  time: 0.3617  data: 0.0002  max mem: 26569
Evaluation:  [100/110]  eta: 0:00:03  acc: 0.8125 (0.7976)  time: 0.3651  data: 0.0002  max mem: 26569
Evaluation:  [109/110]  eta: 0:00:00  acc: 0.8125 (0.7961)  time: 0.3464  data: 0.0002  max mem: 26569
Evaluation: Total time: 0:00:41 (0.3739 s / it)
Averaged stats: acc: 0.8060
Evaluation:  [  0/109]  eta: 0:02:44  acc: 0.7500 (0.7500)  time: 1.5086  data: 1.1118  max mem: 26569
Evaluation:  [ 50/109]  eta: 0:00:22  acc: 0.7500 (0.8235)  time: 0.3633  data: 0.0002  max mem: 26569
Evaluation:  [100/109]  eta: 0:00:03  acc: 0.8750 (0.8230)  time: 0.3649  data: 0.0002  max mem: 26569
Evaluation:  [108/109]  eta: 0:00:00  acc: 0.8750 (0.8238)  time: 0.3594  data: 0.0002  max mem: 26569
Evaluation: Total time: 0:00:41 (0.3765 s / it)
Averaged stats: acc: 0.8120
result file saved to /projects/nlp/data/data/multimodal-gender-bias/outputs/NLVR/albef_14m/result/nlvr2_val_epoch4.json
result file saved to /projects/nlp/data/data/multimodal-gender-bias/outputs/NLVR/albef_14m/result/nlvr2_test_epoch4.json
Train Epoch: [5]  [   0/1349]  eta: 1:10:50  lr: 0.000011  loss: 0.2421  time: 3.1512  data: 1.3613  max mem: 26569
Train Epoch: [5]  [  50/1349]  eta: 0:32:02  lr: 0.000011  loss: 0.2821  time: 1.4466  data: 0.0001  max mem: 26569
Train Epoch: [5]  [ 100/1349]  eta: 0:30:27  lr: 0.000011  loss: 0.0961  time: 1.4469  data: 0.0001  max mem: 26569
Train Epoch: [5]  [ 150/1349]  eta: 0:29:09  lr: 0.000011  loss: 0.1811  time: 1.4543  data: 0.0001  max mem: 26569
Train Epoch: [5]  [ 200/1349]  eta: 0:27:54  lr: 0.000011  loss: 0.1966  time: 1.4512  data: 0.0001  max mem: 26569
Train Epoch: [5]  [ 250/1349]  eta: 0:26:41  lr: 0.000011  loss: 0.1550  time: 1.4543  data: 0.0001  max mem: 26569
Train Epoch: [5]  [ 300/1349]  eta: 0:25:27  lr: 0.000011  loss: 0.0757  time: 1.4534  data: 0.0001  max mem: 26569
Train Epoch: [5]  [ 350/1349]  eta: 0:24:14  lr: 0.000011  loss: 0.2432  time: 1.4546  data: 0.0001  max mem: 26569
Train Epoch: [5]  [ 400/1349]  eta: 0:23:01  lr: 0.000011  loss: 0.2797  time: 1.4569  data: 0.0001  max mem: 26569
Train Epoch: [5]  [ 450/1349]  eta: 0:21:48  lr: 0.000011  loss: 0.2788  time: 1.4557  data: 0.0001  max mem: 26569
Train Epoch: [5]  [ 500/1349]  eta: 0:20:35  lr: 0.000011  loss: 0.1319  time: 1.4536  data: 0.0001  max mem: 26569
Train Epoch: [5]  [ 550/1349]  eta: 0:19:23  lr: 0.000011  loss: 0.1546  time: 1.4521  data: 0.0001  max mem: 26569
Train Epoch: [5]  [ 600/1349]  eta: 0:18:10  lr: 0.000011  loss: 0.1290  time: 1.4523  data: 0.0001  max mem: 26569
Train Epoch: [5]  [ 650/1349]  eta: 0:16:57  lr: 0.000011  loss: 0.3006  time: 1.4586  data: 0.0001  max mem: 26569
Train Epoch: [5]  [ 700/1349]  eta: 0:15:44  lr: 0.000011  loss: 0.2353  time: 1.4554  data: 0.0001  max mem: 26569
Train Epoch: [5]  [ 750/1349]  eta: 0:14:31  lr: 0.000011  loss: 0.2198  time: 1.4584  data: 0.0001  max mem: 26569
Train Epoch: [5]  [ 800/1349]  eta: 0:13:19  lr: 0.000011  loss: 0.1889  time: 1.4523  data: 0.0001  max mem: 26569
Train Epoch: [5]  [ 850/1349]  eta: 0:12:06  lr: 0.000011  loss: 0.1895  time: 1.4557  data: 0.0001  max mem: 26569
Train Epoch: [5]  [ 900/1349]  eta: 0:10:53  lr: 0.000011  loss: 0.1507  time: 1.4540  data: 0.0001  max mem: 26571
Train Epoch: [5]  [ 950/1349]  eta: 0:09:40  lr: 0.000011  loss: 0.1658  time: 1.4528  data: 0.0001  max mem: 26571
Train Epoch: [5]  [1000/1349]  eta: 0:08:27  lr: 0.000011  loss: 0.1900  time: 1.4527  data: 0.0001  max mem: 26571
Train Epoch: [5]  [1050/1349]  eta: 0:07:15  lr: 0.000011  loss: 0.1118  time: 1.4515  data: 0.0001  max mem: 26571
Train Epoch: [5]  [1100/1349]  eta: 0:06:02  lr: 0.000011  loss: 0.1068  time: 1.4531  data: 0.0001  max mem: 26571
Train Epoch: [5]  [1150/1349]  eta: 0:04:49  lr: 0.000011  loss: 0.2042  time: 1.4563  data: 0.0001  max mem: 26571
Train Epoch: [5]  [1200/1349]  eta: 0:03:36  lr: 0.000011  loss: 0.4066  time: 1.4523  data: 0.0001  max mem: 26571
Train Epoch: [5]  [1250/1349]  eta: 0:02:24  lr: 0.000011  loss: 0.1801  time: 1.4515  data: 0.0001  max mem: 26571
Train Epoch: [5]  [1300/1349]  eta: 0:01:11  lr: 0.000011  loss: 0.1848  time: 1.4547  data: 0.0001  max mem: 26571
Train Epoch: [5]  [1348/1349]  eta: 0:00:01  lr: 0.000011  loss: 0.2993  time: 1.4502  data: 0.0002  max mem: 26571
Train Epoch: [5] Total time: 0:32:42 (1.4551 s / it)
Averaged stats: lr: 0.0000  loss: 0.2032
Evaluation:  [  0/110]  eta: 0:02:32  acc: 0.8750 (0.8750)  time: 1.3884  data: 1.0100  max mem: 26571
Evaluation:  [ 50/110]  eta: 0:00:23  acc: 0.7500 (0.7904)  time: 0.3693  data: 0.0002  max mem: 26571
Evaluation:  [100/110]  eta: 0:00:03  acc: 0.8125 (0.8026)  time: 0.3668  data: 0.0002  max mem: 26571
Evaluation:  [109/110]  eta: 0:00:00  acc: 0.8125 (0.8007)  time: 0.3471  data: 0.0002  max mem: 26571
Evaluation: Total time: 0:00:41 (0.3771 s / it)
Averaged stats: acc: 0.8133
Evaluation:  [  0/109]  eta: 0:02:38  acc: 0.8125 (0.8125)  time: 1.4529  data: 1.0814  max mem: 26571
Evaluation:  [ 50/109]  eta: 0:00:22  acc: 0.8125 (0.8407)  time: 0.3672  data: 0.0003  max mem: 26571
Evaluation:  [100/109]  eta: 0:00:03  acc: 0.8750 (0.8292)  time: 0.3636  data: 0.0002  max mem: 26571
Evaluation:  [108/109]  eta: 0:00:00  acc: 0.8750 (0.8266)  time: 0.3588  data: 0.0002  max mem: 26571
Evaluation: Total time: 0:00:41 (0.3770 s / it)
Averaged stats: acc: 0.8196
result file saved to /projects/nlp/data/data/multimodal-gender-bias/outputs/NLVR/albef_14m/result/nlvr2_val_epoch5.json
result file saved to /projects/nlp/data/data/multimodal-gender-bias/outputs/NLVR/albef_14m/result/nlvr2_test_epoch5.json
Train Epoch: [6]  [   0/1349]  eta: 1:20:14  lr: 0.000008  loss: 0.1016  time: 3.5688  data: 2.0852  max mem: 26571
Train Epoch: [6]  [  50/1349]  eta: 0:32:08  lr: 0.000008  loss: 0.1549  time: 1.4445  data: 0.0001  max mem: 26571
Train Epoch: [6]  [ 100/1349]  eta: 0:30:30  lr: 0.000008  loss: 0.4018  time: 1.4447  data: 0.0001  max mem: 26571
Train Epoch: [6]  [ 150/1349]  eta: 0:29:10  lr: 0.000008  loss: 0.1099  time: 1.4482  data: 0.0001  max mem: 26571
Train Epoch: [6]  [ 200/1349]  eta: 0:27:55  lr: 0.000008  loss: 0.2019  time: 1.4513  data: 0.0001  max mem: 26571
Train Epoch: [6]  [ 250/1349]  eta: 0:26:40  lr: 0.000008  loss: 0.1321  time: 1.4516  data: 0.0001  max mem: 26571
Train Epoch: [6]  [ 300/1349]  eta: 0:25:27  lr: 0.000008  loss: 0.1423  time: 1.4564  data: 0.0001  max mem: 26571
Train Epoch: [6]  [ 350/1349]  eta: 0:24:14  lr: 0.000008  loss: 0.0820  time: 1.4547  data: 0.0001  max mem: 26571
Train Epoch: [6]  [ 400/1349]  eta: 0:23:01  lr: 0.000008  loss: 0.1518  time: 1.4589  data: 0.0001  max mem: 26571
Train Epoch: [6]  [ 450/1349]  eta: 0:21:49  lr: 0.000008  loss: 0.1218  time: 1.4564  data: 0.0001  max mem: 26571
Train Epoch: [6]  [ 500/1349]  eta: 0:20:36  lr: 0.000008  loss: 0.2498  time: 1.4583  data: 0.0001  max mem: 26571
Train Epoch: [6]  [ 550/1349]  eta: 0:19:23  lr: 0.000008  loss: 0.1175  time: 1.4559  data: 0.0001  max mem: 26571
Train Epoch: [6]  [ 600/1349]  eta: 0:18:10  lr: 0.000008  loss: 0.0472  time: 1.4560  data: 0.0001  max mem: 26571
Train Epoch: [6]  [ 650/1349]  eta: 0:16:57  lr: 0.000008  loss: 0.0563  time: 1.4572  data: 0.0001  max mem: 26571
Train Epoch: [6]  [ 700/1349]  eta: 0:15:44  lr: 0.000008  loss: 0.0995  time: 1.4548  data: 0.0001  max mem: 26571
Train Epoch: [6]  [ 750/1349]  eta: 0:14:32  lr: 0.000008  loss: 0.0442  time: 1.4570  data: 0.0001  max mem: 26571
Train Epoch: [6]  [ 800/1349]  eta: 0:13:19  lr: 0.000008  loss: 0.2415  time: 1.4584  data: 0.0001  max mem: 26571
Train Epoch: [6]  [ 850/1349]  eta: 0:12:06  lr: 0.000008  loss: 0.1347  time: 1.4558  data: 0.0001  max mem: 26571
Train Epoch: [6]  [ 900/1349]  eta: 0:10:53  lr: 0.000008  loss: 0.2291  time: 1.4559  data: 0.0001  max mem: 26571
Train Epoch: [6]  [ 950/1349]  eta: 0:09:41  lr: 0.000008  loss: 0.0981  time: 1.4591  data: 0.0001  max mem: 26571
Train Epoch: [6]  [1000/1349]  eta: 0:08:28  lr: 0.000008  loss: 0.1753  time: 1.4556  data: 0.0001  max mem: 26571
Train Epoch: [6]  [1050/1349]  eta: 0:07:15  lr: 0.000008  loss: 0.2407  time: 1.4600  data: 0.0001  max mem: 26571
Train Epoch: [6]  [1100/1349]  eta: 0:06:02  lr: 0.000008  loss: 0.1900  time: 1.4560  data: 0.0001  max mem: 26571
Train Epoch: [6]  [1150/1349]  eta: 0:04:49  lr: 0.000008  loss: 0.1347  time: 1.4611  data: 0.0001  max mem: 26571
Train Epoch: [6]  [1200/1349]  eta: 0:03:37  lr: 0.000008  loss: 0.1415  time: 1.4571  data: 0.0001  max mem: 26571
Train Epoch: [6]  [1250/1349]  eta: 0:02:24  lr: 0.000008  loss: 0.1597  time: 1.4578  data: 0.0001  max mem: 26571
Train Epoch: [6]  [1300/1349]  eta: 0:01:11  lr: 0.000008  loss: 0.1859  time: 1.4610  data: 0.0001  max mem: 26571
Train Epoch: [6]  [1348/1349]  eta: 0:00:01  lr: 0.000008  loss: 0.3268  time: 1.4547  data: 0.0002  max mem: 26571
Train Epoch: [6] Total time: 0:32:45 (1.4568 s / it)
Averaged stats: lr: 0.0000  loss: 0.1653
Evaluation:  [  0/110]  eta: 0:02:40  acc: 0.8750 (0.8750)  time: 1.4626  data: 1.0561  max mem: 26571
Evaluation:  [ 50/110]  eta: 0:00:23  acc: 0.7500 (0.8002)  time: 0.3693  data: 0.0002  max mem: 26571
Evaluation:  [100/110]  eta: 0:00:03  acc: 0.8125 (0.8045)  time: 0.3633  data: 0.0002  max mem: 26571
Evaluation:  [109/110]  eta: 0:00:00  acc: 0.8125 (0.8024)  time: 0.3448  data: 0.0002  max mem: 26571
Evaluation: Total time: 0:00:41 (0.3747 s / it)
Averaged stats: acc: 0.8087
Evaluation:  [  0/109]  eta: 0:02:34  acc: 0.8750 (0.8750)  time: 1.4206  data: 1.0312  max mem: 26571
Evaluation:  [ 50/109]  eta: 0:00:22  acc: 0.7500 (0.8358)  time: 0.3658  data: 0.0002  max mem: 26571
Evaluation:  [100/109]  eta: 0:00:03  acc: 0.8750 (0.8304)  time: 0.3684  data: 0.0002  max mem: 26571
Evaluation:  [108/109]  eta: 0:00:00  acc: 0.8750 (0.8301)  time: 0.3609  data: 0.0002  max mem: 26571
Evaluation: Total time: 0:00:41 (0.3763 s / it)
Averaged stats: acc: 0.8196
result file saved to /projects/nlp/data/data/multimodal-gender-bias/outputs/NLVR/albef_14m/result/nlvr2_val_epoch6.json
result file saved to /projects/nlp/data/data/multimodal-gender-bias/outputs/NLVR/albef_14m/result/nlvr2_test_epoch6.json
Train Epoch: [7]  [   0/1349]  eta: 1:17:39  lr: 0.000005  loss: 0.0881  time: 3.4541  data: 1.6800  max mem: 26571
Train Epoch: [7]  [  50/1349]  eta: 0:32:14  lr: 0.000005  loss: 0.1186  time: 1.4465  data: 0.0001  max mem: 26571
Train Epoch: [7]  [ 100/1349]  eta: 0:30:36  lr: 0.000005  loss: 0.0991  time: 1.4538  data: 0.0001  max mem: 26571
Train Epoch: [7]  [ 150/1349]  eta: 0:29:15  lr: 0.000005  loss: 0.0559  time: 1.4529  data: 0.0001  max mem: 26571
Train Epoch: [7]  [ 200/1349]  eta: 0:27:59  lr: 0.000005  loss: 0.0814  time: 1.4528  data: 0.0001  max mem: 26571
Train Epoch: [7]  [ 250/1349]  eta: 0:26:44  lr: 0.000005  loss: 0.1470  time: 1.4505  data: 0.0001  max mem: 26571
Train Epoch: [7]  [ 300/1349]  eta: 0:25:30  lr: 0.000005  loss: 0.1209  time: 1.4556  data: 0.0001  max mem: 26571
Train Epoch: [7]  [ 350/1349]  eta: 0:24:17  lr: 0.000005  loss: 0.0886  time: 1.4517  data: 0.0001  max mem: 26571
Train Epoch: [7]  [ 400/1349]  eta: 0:23:04  lr: 0.000005  loss: 0.1485  time: 1.4550  data: 0.0001  max mem: 26571
Train Epoch: [7]  [ 450/1349]  eta: 0:21:50  lr: 0.000005  loss: 0.2620  time: 1.4571  data: 0.0001  max mem: 26571
Train Epoch: [7]  [ 500/1349]  eta: 0:20:38  lr: 0.000005  loss: 0.0989  time: 1.4603  data: 0.0001  max mem: 26571
Train Epoch: [7]  [ 550/1349]  eta: 0:19:24  lr: 0.000005  loss: 0.1030  time: 1.4545  data: 0.0001  max mem: 26571
Train Epoch: [7]  [ 600/1349]  eta: 0:18:11  lr: 0.000005  loss: 0.3021  time: 1.4555  data: 0.0001  max mem: 26571
Train Epoch: [7]  [ 650/1349]  eta: 0:16:58  lr: 0.000005  loss: 0.0694  time: 1.4558  data: 0.0001  max mem: 26571
Train Epoch: [7]  [ 700/1349]  eta: 0:15:45  lr: 0.000005  loss: 0.3187  time: 1.4595  data: 0.0001  max mem: 26571
Train Epoch: [7]  [ 750/1349]  eta: 0:14:32  lr: 0.000005  loss: 0.2366  time: 1.4581  data: 0.0001  max mem: 26571
Train Epoch: [7]  [ 800/1349]  eta: 0:13:20  lr: 0.000005  loss: 0.1590  time: 1.4588  data: 0.0001  max mem: 26571
Train Epoch: [7]  [ 850/1349]  eta: 0:12:07  lr: 0.000005  loss: 0.1811  time: 1.4541  data: 0.0001  max mem: 26571
Train Epoch: [7]  [ 900/1349]  eta: 0:10:54  lr: 0.000005  loss: 0.1613  time: 1.4577  data: 0.0001  max mem: 26571
Train Epoch: [7]  [ 950/1349]  eta: 0:09:41  lr: 0.000005  loss: 0.0848  time: 1.4540  data: 0.0001  max mem: 26571
Train Epoch: [7]  [1000/1349]  eta: 0:08:28  lr: 0.000005  loss: 0.1014  time: 1.4591  data: 0.0001  max mem: 26571
Train Epoch: [7]  [1050/1349]  eta: 0:07:15  lr: 0.000005  loss: 0.2443  time: 1.4556  data: 0.0001  max mem: 26571
Train Epoch: [7]  [1100/1349]  eta: 0:06:02  lr: 0.000005  loss: 0.2110  time: 1.4543  data: 0.0001  max mem: 26571
Train Epoch: [7]  [1150/1349]  eta: 0:04:49  lr: 0.000005  loss: 0.1211  time: 1.4548  data: 0.0001  max mem: 26571
Train Epoch: [7]  [1200/1349]  eta: 0:03:37  lr: 0.000005  loss: 0.1022  time: 1.4514  data: 0.0001  max mem: 26571
Train Epoch: [7]  [1250/1349]  eta: 0:02:24  lr: 0.000005  loss: 0.0768  time: 1.4529  data: 0.0001  max mem: 26571
Train Epoch: [7]  [1300/1349]  eta: 0:01:11  lr: 0.000005  loss: 0.1703  time: 1.4541  data: 0.0001  max mem: 26571
Train Epoch: [7]  [1348/1349]  eta: 0:00:01  lr: 0.000005  loss: 0.3409  time: 1.4476  data: 0.0002  max mem: 26571
Train Epoch: [7] Total time: 0:32:44 (1.4564 s / it)
Averaged stats: lr: 0.0000  loss: 0.1339
Evaluation:  [  0/110]  eta: 0:02:40  acc: 0.8125 (0.8125)  time: 1.4600  data: 1.0810  max mem: 26571
Evaluation:  [ 50/110]  eta: 0:00:23  acc: 0.7500 (0.8064)  time: 0.3665  data: 0.0002  max mem: 26571
Evaluation:  [100/110]  eta: 0:00:03  acc: 0.8125 (0.8082)  time: 0.3657  data: 0.0002  max mem: 26571
Evaluation:  [109/110]  eta: 0:00:00  acc: 0.8125 (0.8076)  time: 0.3465  data: 0.0002  max mem: 26571
Evaluation: Total time: 0:00:41 (0.3750 s / it)
Averaged stats: acc: 0.8091
Evaluation:  [  0/109]  eta: 0:02:37  acc: 0.9375 (0.9375)  time: 1.4413  data: 1.0659  max mem: 26571
Evaluation:  [ 50/109]  eta: 0:00:22  acc: 0.7500 (0.8382)  time: 0.3637  data: 0.0002  max mem: 26571
Evaluation:  [100/109]  eta: 0:00:03  acc: 0.8750 (0.8304)  time: 0.3645  data: 0.0002  max mem: 26571
Evaluation:  [108/109]  eta: 0:00:00  acc: 0.8750 (0.8301)  time: 0.3606  data: 0.0002  max mem: 26571
Evaluation: Total time: 0:00:41 (0.3765 s / it)
Averaged stats: acc: 0.8235
result file saved to /projects/nlp/data/data/multimodal-gender-bias/outputs/NLVR/albef_14m/result/nlvr2_val_epoch7.json
result file saved to /projects/nlp/data/data/multimodal-gender-bias/outputs/NLVR/albef_14m/result/nlvr2_test_epoch7.json
Train Epoch: [8]  [   0/1349]  eta: 1:16:41  lr: 0.000003  loss: 0.1774  time: 3.4108  data: 1.5049  max mem: 26571
Train Epoch: [8]  [  50/1349]  eta: 0:32:10  lr: 0.000003  loss: 0.1911  time: 1.4479  data: 0.0001  max mem: 26571
Train Epoch: [8]  [ 100/1349]  eta: 0:30:33  lr: 0.000003  loss: 0.0801  time: 1.4510  data: 0.0001  max mem: 26571
Train Epoch: [8]  [ 150/1349]  eta: 0:29:13  lr: 0.000003  loss: 0.0927  time: 1.4529  data: 0.0001  max mem: 26571
Train Epoch: [8]  [ 200/1349]  eta: 0:27:58  lr: 0.000003  loss: 0.1609  time: 1.4531  data: 0.0001  max mem: 26571
Train Epoch: [8]  [ 250/1349]  eta: 0:26:44  lr: 0.000003  loss: 0.1105  time: 1.4546  data: 0.0001  max mem: 26571
Train Epoch: [8]  [ 300/1349]  eta: 0:25:30  lr: 0.000003  loss: 0.0792  time: 1.4582  data: 0.0001  max mem: 26571
Train Epoch: [8]  [ 350/1349]  eta: 0:24:17  lr: 0.000003  loss: 0.2048  time: 1.4531  data: 0.0001  max mem: 26571
Train Epoch: [8]  [ 400/1349]  eta: 0:23:03  lr: 0.000003  loss: 0.1437  time: 1.4544  data: 0.0001  max mem: 26571
Train Epoch: [8]  [ 450/1349]  eta: 0:21:50  lr: 0.000003  loss: 0.0291  time: 1.4513  data: 0.0001  max mem: 26571
Train Epoch: [8]  [ 500/1349]  eta: 0:20:36  lr: 0.000003  loss: 0.1273  time: 1.4508  data: 0.0001  max mem: 26571
Train Epoch: [8]  [ 550/1349]  eta: 0:19:23  lr: 0.000003  loss: 0.1817  time: 1.4574  data: 0.0001  max mem: 26571
Train Epoch: [8]  [ 600/1349]  eta: 0:18:10  lr: 0.000003  loss: 0.1873  time: 1.4519  data: 0.0001  max mem: 26571
Train Epoch: [8]  [ 650/1349]  eta: 0:16:57  lr: 0.000003  loss: 0.2875  time: 1.4543  data: 0.0001  max mem: 26571
Train Epoch: [8]  [ 700/1349]  eta: 0:15:45  lr: 0.000003  loss: 0.0422  time: 1.4563  data: 0.0001  max mem: 26571
Train Epoch: [8]  [ 750/1349]  eta: 0:14:32  lr: 0.000003  loss: 0.0610  time: 1.4564  data: 0.0001  max mem: 26571
Train Epoch: [8]  [ 800/1349]  eta: 0:13:19  lr: 0.000003  loss: 0.2047  time: 1.4549  data: 0.0001  max mem: 26571
Train Epoch: [8]  [ 850/1349]  eta: 0:12:06  lr: 0.000003  loss: 0.1347  time: 1.4538  data: 0.0001  max mem: 26571
Train Epoch: [8]  [ 900/1349]  eta: 0:10:53  lr: 0.000003  loss: 0.0349  time: 1.4546  data: 0.0001  max mem: 26571
Train Epoch: [8]  [ 950/1349]  eta: 0:09:40  lr: 0.000003  loss: 0.0681  time: 1.4545  data: 0.0001  max mem: 26571
Train Epoch: [8]  [1000/1349]  eta: 0:08:28  lr: 0.000003  loss: 0.0216  time: 1.4512  data: 0.0001  max mem: 26571
Train Epoch: [8]  [1050/1349]  eta: 0:07:15  lr: 0.000003  loss: 0.1830  time: 1.4524  data: 0.0001  max mem: 26571
Train Epoch: [8]  [1100/1349]  eta: 0:06:02  lr: 0.000003  loss: 0.0914  time: 1.4500  data: 0.0001  max mem: 26571
Train Epoch: [8]  [1150/1349]  eta: 0:04:49  lr: 0.000003  loss: 0.0574  time: 1.4536  data: 0.0001  max mem: 26571
Train Epoch: [8]  [1200/1349]  eta: 0:03:36  lr: 0.000003  loss: 0.1130  time: 1.4556  data: 0.0001  max mem: 26571
Train Epoch: [8]  [1250/1349]  eta: 0:02:24  lr: 0.000003  loss: 0.1280  time: 1.4542  data: 0.0001  max mem: 26571
Train Epoch: [8]  [1300/1349]  eta: 0:01:11  lr: 0.000003  loss: 0.0364  time: 1.4587  data: 0.0001  max mem: 26571
Train Epoch: [8]  [1348/1349]  eta: 0:00:01  lr: 0.000003  loss: 0.0824  time: 1.4476  data: 0.0002  max mem: 26571
Train Epoch: [8] Total time: 0:32:43 (1.4553 s / it)
Averaged stats: lr: 0.0000  loss: 0.1126
Evaluation:  [  0/110]  eta: 0:02:34  acc: 0.8125 (0.8125)  time: 1.4089  data: 1.0305  max mem: 26571
Evaluation:  [ 50/110]  eta: 0:00:23  acc: 0.7500 (0.8039)  time: 0.3655  data: 0.0002  max mem: 26571
Evaluation:  [100/110]  eta: 0:00:03  acc: 0.8125 (0.8032)  time: 0.3653  data: 0.0002  max mem: 26571
Evaluation:  [109/110]  eta: 0:00:00  acc: 0.8125 (0.7995)  time: 0.3466  data: 0.0002  max mem: 26571
Evaluation: Total time: 0:00:41 (0.3752 s / it)
Averaged stats: acc: 0.8103
Evaluation:  [  0/109]  eta: 0:02:37  acc: 0.9375 (0.9375)  time: 1.4415  data: 1.0301  max mem: 26571
Evaluation:  [ 50/109]  eta: 0:00:23  acc: 0.7500 (0.8346)  time: 0.3703  data: 0.0002  max mem: 26571
Evaluation:  [100/109]  eta: 0:00:03  acc: 0.8125 (0.8304)  time: 0.3637  data: 0.0002  max mem: 26571
Evaluation:  [108/109]  eta: 0:00:00  acc: 0.8750 (0.8301)  time: 0.3575  data: 0.0002  max mem: 26571
Evaluation: Total time: 0:00:41 (0.3781 s / it)
Averaged stats: acc: 0.8229
result file saved to /projects/nlp/data/data/multimodal-gender-bias/outputs/NLVR/albef_14m/result/nlvr2_val_epoch8.json
result file saved to /projects/nlp/data/data/multimodal-gender-bias/outputs/NLVR/albef_14m/result/nlvr2_test_epoch8.json
Train Epoch: [9]  [   0/1349]  eta: 1:19:23  lr: 0.000001  loss: 0.1684  time: 3.5313  data: 1.6812  max mem: 26571
Train Epoch: [9]  [  50/1349]  eta: 0:32:14  lr: 0.000001  loss: 0.1008  time: 1.4479  data: 0.0001  max mem: 26571
Train Epoch: [9]  [ 100/1349]  eta: 0:30:35  lr: 0.000001  loss: 0.2472  time: 1.4498  data: 0.0001  max mem: 26571
Train Epoch: [9]  [ 150/1349]  eta: 0:29:14  lr: 0.000001  loss: 0.1282  time: 1.4517  data: 0.0001  max mem: 26571
Train Epoch: [9]  [ 200/1349]  eta: 0:27:57  lr: 0.000001  loss: 0.2214  time: 1.4499  data: 0.0001  max mem: 26571
Train Epoch: [9]  [ 250/1349]  eta: 0:26:43  lr: 0.000001  loss: 0.0802  time: 1.4558  data: 0.0001  max mem: 26571
Train Epoch: [9]  [ 300/1349]  eta: 0:25:29  lr: 0.000001  loss: 0.0798  time: 1.4516  data: 0.0001  max mem: 26571
Train Epoch: [9]  [ 350/1349]  eta: 0:24:15  lr: 0.000001  loss: 0.1169  time: 1.4498  data: 0.0001  max mem: 26571
Train Epoch: [9]  [ 400/1349]  eta: 0:23:02  lr: 0.000001  loss: 0.0384  time: 1.4535  data: 0.0001  max mem: 26571
Train Epoch: [9]  [ 450/1349]  eta: 0:21:49  lr: 0.000001  loss: 0.1108  time: 1.4530  data: 0.0001  max mem: 26571
Train Epoch: [9]  [ 500/1349]  eta: 0:20:36  lr: 0.000001  loss: 0.1622  time: 1.4559  data: 0.0001  max mem: 26571
Train Epoch: [9]  [ 550/1349]  eta: 0:19:23  lr: 0.000001  loss: 0.1562  time: 1.4519  data: 0.0001  max mem: 26571
Train Epoch: [9]  [ 600/1349]  eta: 0:18:10  lr: 0.000001  loss: 0.1187  time: 1.4514  data: 0.0001  max mem: 26571
Train Epoch: [9]  [ 650/1349]  eta: 0:16:57  lr: 0.000001  loss: 0.0493  time: 1.4533  data: 0.0001  max mem: 26571
Train Epoch: [9]  [ 700/1349]  eta: 0:15:44  lr: 0.000001  loss: 0.0453  time: 1.4552  data: 0.0001  max mem: 26571
Train Epoch: [9]  [ 750/1349]  eta: 0:14:31  lr: 0.000001  loss: 0.0690  time: 1.4468  data: 0.0001  max mem: 26571
Train Epoch: [9]  [ 800/1349]  eta: 0:13:18  lr: 0.000001  loss: 0.1588  time: 1.4503  data: 0.0001  max mem: 26571
Train Epoch: [9]  [ 850/1349]  eta: 0:12:05  lr: 0.000001  loss: 0.1764  time: 1.4533  data: 0.0001  max mem: 26571
Train Epoch: [9]  [ 900/1349]  eta: 0:10:53  lr: 0.000001  loss: 0.0208  time: 1.4543  data: 0.0001  max mem: 26571
Train Epoch: [9]  [ 950/1349]  eta: 0:09:40  lr: 0.000001  loss: 0.1972  time: 1.4546  data: 0.0001  max mem: 26571
Train Epoch: [9]  [1000/1349]  eta: 0:08:27  lr: 0.000001  loss: 0.1137  time: 1.4574  data: 0.0001  max mem: 26571
Train Epoch: [9]  [1050/1349]  eta: 0:07:14  lr: 0.000001  loss: 0.2137  time: 1.4509  data: 0.0001  max mem: 26571
Train Epoch: [9]  [1100/1349]  eta: 0:06:02  lr: 0.000001  loss: 0.0214  time: 1.4436  data: 0.0001  max mem: 26571
Train Epoch: [9]  [1150/1349]  eta: 0:04:49  lr: 0.000001  loss: 0.0780  time: 1.4516  data: 0.0001  max mem: 26571
Train Epoch: [9]  [1200/1349]  eta: 0:03:36  lr: 0.000001  loss: 0.2263  time: 1.4514  data: 0.0001  max mem: 26571
Train Epoch: [9]  [1250/1349]  eta: 0:02:23  lr: 0.000001  loss: 0.0331  time: 1.4544  data: 0.0001  max mem: 26571
Train Epoch: [9]  [1300/1349]  eta: 0:01:11  lr: 0.000001  loss: 0.0841  time: 1.4501  data: 0.0001  max mem: 26571
Train Epoch: [9]  [1348/1349]  eta: 0:00:01  lr: 0.000001  loss: 0.0251  time: 1.4487  data: 0.0002  max mem: 26571
Train Epoch: [9] Total time: 0:32:41 (1.4539 s / it)
Averaged stats: lr: 0.0000  loss: 0.1001
Evaluation:  [  0/110]  eta: 0:02:34  acc: 0.8125 (0.8125)  time: 1.4075  data: 1.0232  max mem: 26571
Evaluation:  [ 50/110]  eta: 0:00:23  acc: 0.7500 (0.7990)  time: 0.3666  data: 0.0002  max mem: 26571
Evaluation:  [100/110]  eta: 0:00:03  acc: 0.8125 (0.7983)  time: 0.3625  data: 0.0002  max mem: 26571
Evaluation:  [109/110]  eta: 0:00:00  acc: 0.7500 (0.7950)  time: 0.3434  data: 0.0002  max mem: 26571
Evaluation: Total time: 0:00:41 (0.3739 s / it)
Averaged stats: acc: 0.8064
Evaluation:  [  0/109]  eta: 0:02:42  acc: 1.0000 (1.0000)  time: 1.4875  data: 1.1020  max mem: 26571
Evaluation:  [ 50/109]  eta: 0:00:22  acc: 0.8125 (0.8382)  time: 0.3641  data: 0.0002  max mem: 26571
Evaluation:  [100/109]  eta: 0:00:03  acc: 0.8750 (0.8298)  time: 0.3656  data: 0.0002  max mem: 26571
Evaluation:  [108/109]  eta: 0:00:00  acc: 0.8750 (0.8295)  time: 0.3615  data: 0.0002  max mem: 26571
Evaluation: Total time: 0:00:40 (0.3759 s / it)
Averaged stats: acc: 0.8241
result file saved to /projects/nlp/data/data/multimodal-gender-bias/outputs/NLVR/albef_14m/result/nlvr2_val_epoch9.json
result file saved to /projects/nlp/data/data/multimodal-gender-bias/outputs/NLVR/albef_14m/result/nlvr2_test_epoch9.json
Training time 5:42:58
