| distributed init (rank 1): env://
| distributed init (rank 3): env://
| distributed init (rank 0): env://
| distributed init (rank 2): env://
Creating vqa datasets
Creating model
reshape position embedding from 256 to 576
reshape position embedding from 256 to 576
load checkpoint from /projects/nlp/data/data/multimodal-gender-bias/checkpoints/ALBEF_4M.pth
_IncompatibleKeys(missing_keys=[], unexpected_keys=['temp', 'image_queue', 'text_queue', 'queue_ptr', 'vision_proj.weight', 'vision_proj.bias', 'text_proj.weight', 'text_proj.bias', 'itm_head.weight', 'itm_head.bias', 'vision_proj_m.weight', 'vision_proj_m.bias', 'text_proj_m.weight', 'text_proj_m.bias'])
Start training
Train Epoch: [0]  [   0/3466]  eta: 7:55:15  lr: 0.000010  loss: 32.5674  time: 8.2273  data: 3.1673  max mem: 22093
Train Epoch: [0]  [  50/3466]  eta: 1:29:17  lr: 0.000010  loss: 8.5970  time: 1.4360  data: 0.0001  max mem: 25981
Train Epoch: [0]  [ 100/3466]  eta: 1:24:35  lr: 0.000010  loss: 7.7836  time: 1.4475  data: 0.0001  max mem: 26100
Train Epoch: [0]  [ 150/3466]  eta: 1:22:14  lr: 0.000013  loss: 5.8319  time: 1.4470  data: 0.0001  max mem: 26100
Train Epoch: [0]  [ 200/3466]  eta: 1:20:28  lr: 0.000013  loss: 4.1641  time: 1.4490  data: 0.0001  max mem: 26100
Train Epoch: [0]  [ 250/3466]  eta: 1:18:56  lr: 0.000015  loss: 6.1160  time: 1.4527  data: 0.0001  max mem: 26917
Train Epoch: [0]  [ 300/3466]  eta: 1:17:33  lr: 0.000015  loss: 4.8087  time: 1.4527  data: 0.0001  max mem: 26917
Train Epoch: [0]  [ 350/3466]  eta: 1:16:13  lr: 0.000018  loss: 4.7484  time: 1.4552  data: 0.0001  max mem: 26917
Train Epoch: [0]  [ 400/3466]  eta: 1:14:55  lr: 0.000018  loss: 4.1264  time: 1.4553  data: 0.0001  max mem: 26917
Train Epoch: [0]  [ 450/3466]  eta: 1:13:39  lr: 0.000020  loss: 3.9980  time: 1.4581  data: 0.0001  max mem: 26917
Train Epoch: [0]  [ 500/3466]  eta: 1:12:23  lr: 0.000020  loss: 3.1850  time: 1.4551  data: 0.0001  max mem: 26917
Train Epoch: [0]  [ 550/3466]  eta: 1:11:08  lr: 0.000020  loss: 4.1441  time: 1.4584  data: 0.0001  max mem: 26917
Train Epoch: [0]  [ 600/3466]  eta: 1:09:53  lr: 0.000020  loss: 6.0211  time: 1.4589  data: 0.0001  max mem: 26917
Train Epoch: [0]  [ 650/3466]  eta: 1:08:40  lr: 0.000020  loss: 2.4925  time: 1.4643  data: 0.0001  max mem: 26917
Train Epoch: [0]  [ 700/3466]  eta: 1:07:26  lr: 0.000020  loss: 5.2345  time: 1.4574  data: 0.0001  max mem: 26917
Train Epoch: [0]  [ 750/3466]  eta: 1:06:12  lr: 0.000020  loss: 3.3956  time: 1.4591  data: 0.0001  max mem: 26917
Train Epoch: [0]  [ 800/3466]  eta: 1:04:58  lr: 0.000020  loss: 3.1217  time: 1.4565  data: 0.0001  max mem: 26917
Train Epoch: [0]  [ 850/3466]  eta: 1:03:45  lr: 0.000020  loss: 4.0248  time: 1.4565  data: 0.0001  max mem: 26917
Train Epoch: [0]  [ 900/3466]  eta: 1:02:31  lr: 0.000020  loss: 2.7699  time: 1.4600  data: 0.0001  max mem: 26917
Train Epoch: [0]  [ 950/3466]  eta: 1:01:18  lr: 0.000020  loss: 4.5947  time: 1.4580  data: 0.0001  max mem: 26917
Train Epoch: [0]  [1000/3466]  eta: 1:00:04  lr: 0.000020  loss: 3.5842  time: 1.4591  data: 0.0001  max mem: 26917
Train Epoch: [0]  [1050/3466]  eta: 0:58:51  lr: 0.000020  loss: 4.5064  time: 1.4599  data: 0.0001  max mem: 26917
Train Epoch: [0]  [1100/3466]  eta: 0:57:37  lr: 0.000020  loss: 3.8658  time: 1.4602  data: 0.0001  max mem: 26917
Train Epoch: [0]  [1150/3466]  eta: 0:56:24  lr: 0.000020  loss: 3.3941  time: 1.4582  data: 0.0001  max mem: 26917
Train Epoch: [0]  [1200/3466]  eta: 0:55:10  lr: 0.000020  loss: 2.6125  time: 1.4566  data: 0.0001  max mem: 26917
Train Epoch: [0]  [1250/3466]  eta: 0:53:57  lr: 0.000020  loss: 3.3034  time: 1.4591  data: 0.0001  max mem: 26917
Train Epoch: [0]  [1300/3466]  eta: 0:52:44  lr: 0.000020  loss: 3.4532  time: 1.4562  data: 0.0001  max mem: 26917
Train Epoch: [0]  [1350/3466]  eta: 0:51:31  lr: 0.000020  loss: 4.1111  time: 1.4594  data: 0.0001  max mem: 26917
Train Epoch: [0]  [1400/3466]  eta: 0:50:18  lr: 0.000020  loss: 4.1403  time: 1.4617  data: 0.0001  max mem: 26917
Train Epoch: [0]  [1450/3466]  eta: 0:49:05  lr: 0.000020  loss: 3.0832  time: 1.4604  data: 0.0001  max mem: 26917
Train Epoch: [0]  [1500/3466]  eta: 0:47:51  lr: 0.000020  loss: 2.6828  time: 1.4651  data: 0.0001  max mem: 26917
Train Epoch: [0]  [1550/3466]  eta: 0:46:39  lr: 0.000020  loss: 1.6055  time: 1.4585  data: 0.0001  max mem: 26917
Train Epoch: [0]  [1600/3466]  eta: 0:45:25  lr: 0.000020  loss: 4.3366  time: 1.4602  data: 0.0001  max mem: 26917
Train Epoch: [0]  [1650/3466]  eta: 0:44:12  lr: 0.000020  loss: 4.0769  time: 1.4608  data: 0.0001  max mem: 26917
Train Epoch: [0]  [1700/3466]  eta: 0:42:59  lr: 0.000020  loss: 2.7406  time: 1.4545  data: 0.0001  max mem: 26917
Train Epoch: [0]  [1750/3466]  eta: 0:41:46  lr: 0.000020  loss: 3.4416  time: 1.4620  data: 0.0001  max mem: 26917
Train Epoch: [0]  [1800/3466]  eta: 0:40:33  lr: 0.000020  loss: 3.0749  time: 1.4582  data: 0.0001  max mem: 26917
Train Epoch: [0]  [1850/3466]  eta: 0:39:20  lr: 0.000020  loss: 3.0781  time: 1.4594  data: 0.0001  max mem: 26917
Train Epoch: [0]  [1900/3466]  eta: 0:38:07  lr: 0.000020  loss: 3.0605  time: 1.4635  data: 0.0001  max mem: 26917
Train Epoch: [0]  [1950/3466]  eta: 0:36:54  lr: 0.000020  loss: 3.0084  time: 1.4567  data: 0.0001  max mem: 26917
Train Epoch: [0]  [2000/3466]  eta: 0:35:41  lr: 0.000020  loss: 1.8106  time: 1.4634  data: 0.0001  max mem: 26917
Train Epoch: [0]  [2050/3466]  eta: 0:34:28  lr: 0.000020  loss: 2.4202  time: 1.4637  data: 0.0001  max mem: 26917
Train Epoch: [0]  [2100/3466]  eta: 0:33:14  lr: 0.000020  loss: 2.7414  time: 1.4568  data: 0.0001  max mem: 26917
Train Epoch: [0]  [2150/3466]  eta: 0:32:01  lr: 0.000020  loss: 2.2628  time: 1.4539  data: 0.0001  max mem: 26917
Train Epoch: [0]  [2200/3466]  eta: 0:30:48  lr: 0.000020  loss: 3.2509  time: 1.4615  data: 0.0001  max mem: 26917
Train Epoch: [0]  [2250/3466]  eta: 0:29:35  lr: 0.000020  loss: 3.0121  time: 1.4556  data: 0.0001  max mem: 26917
Train Epoch: [0]  [2300/3466]  eta: 0:28:22  lr: 0.000020  loss: 1.7358  time: 1.4540  data: 0.0001  max mem: 26917
Train Epoch: [0]  [2350/3466]  eta: 0:27:09  lr: 0.000020  loss: 2.7221  time: 1.4569  data: 0.0001  max mem: 26917
Train Epoch: [0]  [2400/3466]  eta: 0:25:56  lr: 0.000020  loss: 2.1735  time: 1.4574  data: 0.0001  max mem: 26917
Train Epoch: [0]  [2450/3466]  eta: 0:24:43  lr: 0.000020  loss: 2.4855  time: 1.4595  data: 0.0001  max mem: 26917
Train Epoch: [0]  [2500/3466]  eta: 0:23:30  lr: 0.000020  loss: 2.6148  time: 1.4602  data: 0.0001  max mem: 26917
Train Epoch: [0]  [2550/3466]  eta: 0:22:17  lr: 0.000020  loss: 2.6142  time: 1.4585  data: 0.0001  max mem: 26917
Train Epoch: [0]  [2600/3466]  eta: 0:21:04  lr: 0.000020  loss: 3.5905  time: 1.4601  data: 0.0001  max mem: 26917
Train Epoch: [0]  [2650/3466]  eta: 0:19:51  lr: 0.000020  loss: 3.2603  time: 1.4601  data: 0.0001  max mem: 26917
Train Epoch: [0]  [2700/3466]  eta: 0:18:38  lr: 0.000020  loss: 2.9346  time: 1.4553  data: 0.0001  max mem: 26917
Train Epoch: [0]  [2750/3466]  eta: 0:17:25  lr: 0.000020  loss: 3.6932  time: 1.4604  data: 0.0001  max mem: 26917
Train Epoch: [0]  [2800/3466]  eta: 0:16:12  lr: 0.000020  loss: 2.9608  time: 1.4576  data: 0.0001  max mem: 26917
Train Epoch: [0]  [2850/3466]  eta: 0:14:59  lr: 0.000020  loss: 2.2593  time: 1.4582  data: 0.0001  max mem: 26917
Train Epoch: [0]  [2900/3466]  eta: 0:13:46  lr: 0.000020  loss: 2.7392  time: 1.4653  data: 0.0001  max mem: 26917
Train Epoch: [0]  [2950/3466]  eta: 0:12:33  lr: 0.000020  loss: 3.1838  time: 1.4574  data: 0.0001  max mem: 26917
Train Epoch: [0]  [3000/3466]  eta: 0:11:20  lr: 0.000020  loss: 2.9772  time: 1.4605  data: 0.0001  max mem: 26917
Train Epoch: [0]  [3050/3466]  eta: 0:10:07  lr: 0.000020  loss: 2.7720  time: 1.4585  data: 0.0001  max mem: 26917
Train Epoch: [0]  [3100/3466]  eta: 0:08:54  lr: 0.000020  loss: 2.5738  time: 1.4560  data: 0.0001  max mem: 26917
Train Epoch: [0]  [3150/3466]  eta: 0:07:41  lr: 0.000020  loss: 2.7810  time: 1.4603  data: 0.0001  max mem: 26917
Train Epoch: [0]  [3200/3466]  eta: 0:06:28  lr: 0.000020  loss: 3.0657  time: 1.4581  data: 0.0001  max mem: 26917
Train Epoch: [0]  [3250/3466]  eta: 0:05:15  lr: 0.000020  loss: 3.0262  time: 1.4565  data: 0.0001  max mem: 26917
Train Epoch: [0]  [3300/3466]  eta: 0:04:02  lr: 0.000020  loss: 3.2871  time: 1.4554  data: 0.0001  max mem: 26917
Train Epoch: [0]  [3350/3466]  eta: 0:02:49  lr: 0.000020  loss: 3.1737  time: 1.4569  data: 0.0001  max mem: 26917
Train Epoch: [0]  [3400/3466]  eta: 0:01:36  lr: 0.000020  loss: 2.6753  time: 1.4586  data: 0.0001  max mem: 26917
Train Epoch: [0]  [3450/3466]  eta: 0:00:23  lr: 0.000020  loss: 3.5238  time: 1.4570  data: 0.0001  max mem: 26917
Train Epoch: [0]  [3465/3466]  eta: 0:00:01  lr: 0.000020  loss: 2.9388  time: 1.4566  data: 0.0004  max mem: 26917
Train Epoch: [0] Total time: 1:24:19 (1.4597 s / it)
Averaged stats: lr: 0.0000  loss: 3.5837
Train Epoch: [1]  [   0/3466]  eta: 3:03:58  lr: 0.000019  loss: 2.3704  time: 3.1849  data: 1.3774  max mem: 26917
Train Epoch: [1]  [  50/3466]  eta: 1:24:15  lr: 0.000019  loss: 2.6937  time: 1.4418  data: 0.0001  max mem: 27121
Train Epoch: [1]  [ 100/3466]  eta: 1:22:04  lr: 0.000019  loss: 3.7919  time: 1.4480  data: 0.0001  max mem: 27121
Train Epoch: [1]  [ 150/3466]  eta: 1:20:39  lr: 0.000019  loss: 2.3542  time: 1.4468  data: 0.0001  max mem: 27121
Train Epoch: [1]  [ 200/3466]  eta: 1:19:21  lr: 0.000019  loss: 3.5038  time: 1.4534  data: 0.0001  max mem: 27121
Train Epoch: [1]  [ 250/3466]  eta: 1:18:05  lr: 0.000019  loss: 2.1140  time: 1.4567  data: 0.0001  max mem: 27121
Train Epoch: [1]  [ 300/3466]  eta: 1:16:51  lr: 0.000019  loss: 2.9764  time: 1.4543  data: 0.0001  max mem: 27121
Train Epoch: [1]  [ 350/3466]  eta: 1:15:39  lr: 0.000019  loss: 1.8375  time: 1.4562  data: 0.0001  max mem: 27121
Train Epoch: [1]  [ 400/3466]  eta: 1:14:27  lr: 0.000019  loss: 3.1792  time: 1.4595  data: 0.0001  max mem: 27121
Train Epoch: [1]  [ 450/3466]  eta: 1:13:13  lr: 0.000019  loss: 2.6574  time: 1.4550  data: 0.0001  max mem: 27180
Train Epoch: [1]  [ 500/3466]  eta: 1:12:01  lr: 0.000019  loss: 2.8250  time: 1.4610  data: 0.0001  max mem: 27180
Train Epoch: [1]  [ 550/3466]  eta: 1:10:49  lr: 0.000019  loss: 2.3666  time: 1.4615  data: 0.0001  max mem: 27180
Train Epoch: [1]  [ 600/3466]  eta: 1:09:36  lr: 0.000019  loss: 4.0633  time: 1.4584  data: 0.0001  max mem: 27180
Train Epoch: [1]  [ 650/3466]  eta: 1:08:23  lr: 0.000019  loss: 2.6682  time: 1.4536  data: 0.0001  max mem: 27180
Train Epoch: [1]  [ 700/3466]  eta: 1:07:10  lr: 0.000019  loss: 2.4383  time: 1.4600  data: 0.0001  max mem: 27180
Train Epoch: [1]  [ 750/3466]  eta: 1:05:57  lr: 0.000019  loss: 3.1549  time: 1.4613  data: 0.0001  max mem: 27180
Train Epoch: [1]  [ 800/3466]  eta: 1:04:44  lr: 0.000019  loss: 2.9803  time: 1.4550  data: 0.0001  max mem: 27180
Train Epoch: [1]  [ 850/3466]  eta: 1:03:32  lr: 0.000019  loss: 2.6693  time: 1.4564  data: 0.0001  max mem: 27180
Train Epoch: [1]  [ 900/3466]  eta: 1:02:19  lr: 0.000019  loss: 2.2185  time: 1.4611  data: 0.0001  max mem: 27446
Train Epoch: [1]  [ 950/3466]  eta: 1:01:07  lr: 0.000019  loss: 3.5700  time: 1.4645  data: 0.0001  max mem: 27446
Train Epoch: [1]  [1000/3466]  eta: 0:59:54  lr: 0.000019  loss: 2.2344  time: 1.4553  data: 0.0001  max mem: 27446
Train Epoch: [1]  [1050/3466]  eta: 0:58:41  lr: 0.000019  loss: 2.6732  time: 1.4590  data: 0.0001  max mem: 27446
Train Epoch: [1]  [1100/3466]  eta: 0:57:28  lr: 0.000019  loss: 3.4311  time: 1.4568  data: 0.0001  max mem: 27446
Train Epoch: [1]  [1150/3466]  eta: 0:56:15  lr: 0.000019  loss: 3.3051  time: 1.4581  data: 0.0001  max mem: 27446
Train Epoch: [1]  [1200/3466]  eta: 0:55:02  lr: 0.000019  loss: 2.8558  time: 1.4585  data: 0.0001  max mem: 27446
Train Epoch: [1]  [1250/3466]  eta: 0:53:50  lr: 0.000019  loss: 3.3649  time: 1.4600  data: 0.0001  max mem: 27446
Train Epoch: [1]  [1300/3466]  eta: 0:52:37  lr: 0.000019  loss: 2.2827  time: 1.4610  data: 0.0001  max mem: 27446
Train Epoch: [1]  [1350/3466]  eta: 0:51:24  lr: 0.000019  loss: 2.6046  time: 1.4571  data: 0.0001  max mem: 27446
Train Epoch: [1]  [1400/3466]  eta: 0:50:11  lr: 0.000019  loss: 2.5878  time: 1.4575  data: 0.0001  max mem: 27446
Train Epoch: [1]  [1450/3466]  eta: 0:48:58  lr: 0.000019  loss: 3.8938  time: 1.4570  data: 0.0001  max mem: 27446
Train Epoch: [1]  [1500/3466]  eta: 0:47:46  lr: 0.000019  loss: 2.7790  time: 1.4595  data: 0.0001  max mem: 27446
Train Epoch: [1]  [1550/3466]  eta: 0:46:33  lr: 0.000019  loss: 2.9961  time: 1.4581  data: 0.0001  max mem: 27446
Train Epoch: [1]  [1600/3466]  eta: 0:45:20  lr: 0.000019  loss: 2.2085  time: 1.4557  data: 0.0001  max mem: 27446
Train Epoch: [1]  [1650/3466]  eta: 0:44:07  lr: 0.000019  loss: 2.1412  time: 1.4618  data: 0.0001  max mem: 27446
Train Epoch: [1]  [1700/3466]  eta: 0:42:54  lr: 0.000019  loss: 2.1767  time: 1.4596  data: 0.0001  max mem: 27446
Train Epoch: [1]  [1750/3466]  eta: 0:41:41  lr: 0.000019  loss: 3.9101  time: 1.4595  data: 0.0001  max mem: 27446
Train Epoch: [1]  [1800/3466]  eta: 0:40:29  lr: 0.000019  loss: 3.5785  time: 1.4598  data: 0.0001  max mem: 27446
Train Epoch: [1]  [1850/3466]  eta: 0:39:16  lr: 0.000019  loss: 1.6960  time: 1.4603  data: 0.0001  max mem: 27446
Train Epoch: [1]  [1900/3466]  eta: 0:38:03  lr: 0.000019  loss: 4.0472  time: 1.4553  data: 0.0001  max mem: 27446
Train Epoch: [1]  [1950/3466]  eta: 0:36:50  lr: 0.000019  loss: 1.4546  time: 1.4625  data: 0.0001  max mem: 27446
Train Epoch: [1]  [2000/3466]  eta: 0:35:37  lr: 0.000019  loss: 2.6597  time: 1.4524  data: 0.0001  max mem: 27684
Train Epoch: [1]  [2050/3466]  eta: 0:34:24  lr: 0.000019  loss: 2.3264  time: 1.4565  data: 0.0001  max mem: 27684
Train Epoch: [1]  [2100/3466]  eta: 0:33:11  lr: 0.000019  loss: 4.2771  time: 1.4557  data: 0.0001  max mem: 27684
Train Epoch: [1]  [2150/3466]  eta: 0:31:58  lr: 0.000019  loss: 1.6642  time: 1.4567  data: 0.0001  max mem: 27684
Train Epoch: [1]  [2200/3466]  eta: 0:30:45  lr: 0.000019  loss: 2.7444  time: 1.4577  data: 0.0001  max mem: 27684
Train Epoch: [1]  [2250/3466]  eta: 0:29:32  lr: 0.000019  loss: 3.1812  time: 1.4583  data: 0.0001  max mem: 27684
Train Epoch: [1]  [2300/3466]  eta: 0:28:19  lr: 0.000019  loss: 2.2945  time: 1.4580  data: 0.0001  max mem: 27684
Train Epoch: [1]  [2350/3466]  eta: 0:27:07  lr: 0.000019  loss: 1.8884  time: 1.4595  data: 0.0001  max mem: 27684
Train Epoch: [1]  [2400/3466]  eta: 0:25:54  lr: 0.000019  loss: 1.8185  time: 1.4574  data: 0.0001  max mem: 27684
Train Epoch: [1]  [2450/3466]  eta: 0:24:41  lr: 0.000019  loss: 3.4632  time: 1.4573  data: 0.0001  max mem: 27684
Train Epoch: [1]  [2500/3466]  eta: 0:23:28  lr: 0.000019  loss: 3.0995  time: 1.4605  data: 0.0001  max mem: 27684
Train Epoch: [1]  [2550/3466]  eta: 0:22:15  lr: 0.000019  loss: 2.5893  time: 1.4580  data: 0.0001  max mem: 27684
Train Epoch: [1]  [2600/3466]  eta: 0:21:02  lr: 0.000019  loss: 2.2541  time: 1.4597  data: 0.0001  max mem: 27684
Train Epoch: [1]  [2650/3466]  eta: 0:19:49  lr: 0.000019  loss: 1.9966  time: 1.4527  data: 0.0001  max mem: 27684
Train Epoch: [1]  [2700/3466]  eta: 0:18:36  lr: 0.000019  loss: 4.4465  time: 1.4580  data: 0.0001  max mem: 27684
Train Epoch: [1]  [2750/3466]  eta: 0:17:23  lr: 0.000019  loss: 2.5230  time: 1.4528  data: 0.0001  max mem: 27684
Train Epoch: [1]  [2800/3466]  eta: 0:16:10  lr: 0.000019  loss: 1.7144  time: 1.4533  data: 0.0001  max mem: 27684
Train Epoch: [1]  [2850/3466]  eta: 0:14:58  lr: 0.000019  loss: 1.9073  time: 1.4571  data: 0.0001  max mem: 27684
Train Epoch: [1]  [2900/3466]  eta: 0:13:45  lr: 0.000019  loss: 2.5449  time: 1.4549  data: 0.0001  max mem: 27684
Train Epoch: [1]  [2950/3466]  eta: 0:12:32  lr: 0.000019  loss: 2.1202  time: 1.4576  data: 0.0001  max mem: 27684
Train Epoch: [1]  [3000/3466]  eta: 0:11:19  lr: 0.000019  loss: 2.6110  time: 1.4604  data: 0.0001  max mem: 27684
Train Epoch: [1]  [3050/3466]  eta: 0:10:06  lr: 0.000019  loss: 2.0214  time: 1.4582  data: 0.0001  max mem: 27873
Train Epoch: [1]  [3100/3466]  eta: 0:08:53  lr: 0.000019  loss: 3.2847  time: 1.4598  data: 0.0001  max mem: 27873
Train Epoch: [1]  [3150/3466]  eta: 0:07:40  lr: 0.000019  loss: 1.4116  time: 1.4541  data: 0.0001  max mem: 27873
Train Epoch: [1]  [3200/3466]  eta: 0:06:27  lr: 0.000019  loss: 2.0713  time: 1.4584  data: 0.0001  max mem: 27873
Train Epoch: [1]  [3250/3466]  eta: 0:05:14  lr: 0.000019  loss: 3.2890  time: 1.4653  data: 0.0001  max mem: 27873
Train Epoch: [1]  [3300/3466]  eta: 0:04:02  lr: 0.000019  loss: 2.2754  time: 1.4590  data: 0.0001  max mem: 27873
Train Epoch: [1]  [3350/3466]  eta: 0:02:49  lr: 0.000019  loss: 2.4970  time: 1.4603  data: 0.0001  max mem: 27873
Train Epoch: [1]  [3400/3466]  eta: 0:01:36  lr: 0.000019  loss: 2.7641  time: 1.4597  data: 0.0001  max mem: 27873
Train Epoch: [1]  [3450/3466]  eta: 0:00:23  lr: 0.000019  loss: 4.4720  time: 1.4599  data: 0.0001  max mem: 27873
Train Epoch: [1]  [3465/3466]  eta: 0:00:01  lr: 0.000019  loss: 1.5353  time: 1.4544  data: 0.0004  max mem: 27873
Train Epoch: [1] Total time: 1:24:13 (1.4581 s / it)
Averaged stats: lr: 0.0000  loss: 2.6061
Train Epoch: [2]  [   0/3466]  eta: 3:04:26  lr: 0.000017  loss: 3.0771  time: 3.1929  data: 1.5585  max mem: 27873
Train Epoch: [2]  [  50/3466]  eta: 1:24:18  lr: 0.000017  loss: 3.0660  time: 1.4475  data: 0.0001  max mem: 27873
Train Epoch: [2]  [ 100/3466]  eta: 1:22:18  lr: 0.000017  loss: 2.0477  time: 1.4531  data: 0.0001  max mem: 27873
Train Epoch: [2]  [ 150/3466]  eta: 1:20:46  lr: 0.000017  loss: 2.0524  time: 1.4509  data: 0.0001  max mem: 27873
Train Epoch: [2]  [ 200/3466]  eta: 1:19:25  lr: 0.000017  loss: 1.6553  time: 1.4510  data: 0.0001  max mem: 27873
Train Epoch: [2]  [ 250/3466]  eta: 1:18:08  lr: 0.000017  loss: 2.7882  time: 1.4539  data: 0.0001  max mem: 27873
Train Epoch: [2]  [ 300/3466]  eta: 1:16:55  lr: 0.000017  loss: 3.0713  time: 1.4552  data: 0.0001  max mem: 27873
Train Epoch: [2]  [ 350/3466]  eta: 1:15:42  lr: 0.000017  loss: 2.0870  time: 1.4548  data: 0.0001  max mem: 27873
Train Epoch: [2]  [ 400/3466]  eta: 1:14:29  lr: 0.000017  loss: 2.3126  time: 1.4571  data: 0.0001  max mem: 27873
Train Epoch: [2]  [ 450/3466]  eta: 1:13:15  lr: 0.000017  loss: 2.0726  time: 1.4544  data: 0.0001  max mem: 27873
Train Epoch: [2]  [ 500/3466]  eta: 1:12:02  lr: 0.000017  loss: 1.4952  time: 1.4590  data: 0.0001  max mem: 27873
Train Epoch: [2]  [ 550/3466]  eta: 1:10:49  lr: 0.000017  loss: 2.6491  time: 1.4564  data: 0.0001  max mem: 27873
Train Epoch: [2]  [ 600/3466]  eta: 1:09:36  lr: 0.000017  loss: 4.1704  time: 1.4585  data: 0.0001  max mem: 27873
Train Epoch: [2]  [ 650/3466]  eta: 1:08:24  lr: 0.000017  loss: 2.9613  time: 1.4583  data: 0.0001  max mem: 27873
Train Epoch: [2]  [ 700/3466]  eta: 1:07:10  lr: 0.000017  loss: 2.3904  time: 1.4534  data: 0.0001  max mem: 27873
Train Epoch: [2]  [ 750/3466]  eta: 1:05:57  lr: 0.000017  loss: 1.7832  time: 1.4559  data: 0.0001  max mem: 27873
Train Epoch: [2]  [ 800/3466]  eta: 1:04:44  lr: 0.000017  loss: 3.5399  time: 1.4577  data: 0.0001  max mem: 27873
Train Epoch: [2]  [ 850/3466]  eta: 1:03:31  lr: 0.000017  loss: 1.8885  time: 1.4558  data: 0.0001  max mem: 27873
Train Epoch: [2]  [ 900/3466]  eta: 1:02:19  lr: 0.000017  loss: 1.7869  time: 1.4567  data: 0.0001  max mem: 27873
Train Epoch: [2]  [ 950/3466]  eta: 1:01:06  lr: 0.000017  loss: 2.8967  time: 1.4649  data: 0.0001  max mem: 27873
Train Epoch: [2]  [1000/3466]  eta: 0:59:54  lr: 0.000017  loss: 2.0894  time: 1.4607  data: 0.0001  max mem: 27873
Train Epoch: [2]  [1050/3466]  eta: 0:58:41  lr: 0.000017  loss: 1.9440  time: 1.4561  data: 0.0001  max mem: 27873
Train Epoch: [2]  [1100/3466]  eta: 0:57:28  lr: 0.000017  loss: 1.7617  time: 1.4564  data: 0.0001  max mem: 27873
Train Epoch: [2]  [1150/3466]  eta: 0:56:15  lr: 0.000017  loss: 2.4205  time: 1.4580  data: 0.0001  max mem: 27873
Train Epoch: [2]  [1200/3466]  eta: 0:55:03  lr: 0.000017  loss: 3.1630  time: 1.4576  data: 0.0001  max mem: 27873
Train Epoch: [2]  [1250/3466]  eta: 0:53:50  lr: 0.000017  loss: 2.1740  time: 1.4623  data: 0.0001  max mem: 27873
Train Epoch: [2]  [1300/3466]  eta: 0:52:37  lr: 0.000017  loss: 2.8309  time: 1.4565  data: 0.0001  max mem: 27873
Train Epoch: [2]  [1350/3466]  eta: 0:51:24  lr: 0.000017  loss: 2.5689  time: 1.4544  data: 0.0001  max mem: 27873
Train Epoch: [2]  [1400/3466]  eta: 0:50:11  lr: 0.000017  loss: 3.5379  time: 1.4545  data: 0.0001  max mem: 27873
Train Epoch: [2]  [1450/3466]  eta: 0:48:58  lr: 0.000017  loss: 2.8207  time: 1.4573  data: 0.0001  max mem: 27873
Train Epoch: [2]  [1500/3466]  eta: 0:47:45  lr: 0.000017  loss: 2.7782  time: 1.4575  data: 0.0001  max mem: 27873
Train Epoch: [2]  [1550/3466]  eta: 0:46:32  lr: 0.000017  loss: 2.9159  time: 1.4575  data: 0.0001  max mem: 27873
Train Epoch: [2]  [1600/3466]  eta: 0:45:20  lr: 0.000017  loss: 2.3167  time: 1.4602  data: 0.0001  max mem: 27873
Train Epoch: [2]  [1650/3466]  eta: 0:44:07  lr: 0.000017  loss: 1.4562  time: 1.4542  data: 0.0001  max mem: 27873
Train Epoch: [2]  [1700/3466]  eta: 0:42:54  lr: 0.000017  loss: 2.2620  time: 1.4659  data: 0.0001  max mem: 27873
Train Epoch: [2]  [1750/3466]  eta: 0:41:41  lr: 0.000017  loss: 2.4217  time: 1.4584  data: 0.0001  max mem: 27873
Train Epoch: [2]  [1800/3466]  eta: 0:40:28  lr: 0.000017  loss: 2.1231  time: 1.4523  data: 0.0001  max mem: 27873
Train Epoch: [2]  [1850/3466]  eta: 0:39:15  lr: 0.000017  loss: 1.9965  time: 1.4657  data: 0.0001  max mem: 27873
Train Epoch: [2]  [1900/3466]  eta: 0:38:02  lr: 0.000017  loss: 1.9113  time: 1.4608  data: 0.0001  max mem: 27873
Train Epoch: [2]  [1950/3466]  eta: 0:36:49  lr: 0.000017  loss: 1.9492  time: 1.4517  data: 0.0001  max mem: 27873
Train Epoch: [2]  [2000/3466]  eta: 0:35:36  lr: 0.000017  loss: 2.4015  time: 1.4592  data: 0.0001  max mem: 27873
Train Epoch: [2]  [2050/3466]  eta: 0:34:24  lr: 0.000017  loss: 2.4891  time: 1.4539  data: 0.0001  max mem: 27873
Train Epoch: [2]  [2100/3466]  eta: 0:33:11  lr: 0.000017  loss: 1.5190  time: 1.4567  data: 0.0001  max mem: 27873
Train Epoch: [2]  [2150/3466]  eta: 0:31:58  lr: 0.000017  loss: 1.9340  time: 1.4571  data: 0.0001  max mem: 27873
Train Epoch: [2]  [2200/3466]  eta: 0:30:45  lr: 0.000017  loss: 2.0316  time: 1.4552  data: 0.0001  max mem: 27873
Train Epoch: [2]  [2250/3466]  eta: 0:29:32  lr: 0.000017  loss: 2.2496  time: 1.4539  data: 0.0001  max mem: 27873
Train Epoch: [2]  [2300/3466]  eta: 0:28:19  lr: 0.000017  loss: 2.3163  time: 1.4589  data: 0.0001  max mem: 27873
Train Epoch: [2]  [2350/3466]  eta: 0:27:06  lr: 0.000017  loss: 2.6519  time: 1.4571  data: 0.0001  max mem: 27873
Train Epoch: [2]  [2400/3466]  eta: 0:25:53  lr: 0.000017  loss: 2.9648  time: 1.4599  data: 0.0001  max mem: 27873
Train Epoch: [2]  [2450/3466]  eta: 0:24:40  lr: 0.000017  loss: 3.1302  time: 1.4601  data: 0.0001  max mem: 27873
Train Epoch: [2]  [2500/3466]  eta: 0:23:27  lr: 0.000017  loss: 2.2633  time: 1.4562  data: 0.0001  max mem: 27873
Train Epoch: [2]  [2550/3466]  eta: 0:22:15  lr: 0.000017  loss: 2.3774  time: 1.4539  data: 0.0001  max mem: 27873
Train Epoch: [2]  [2600/3466]  eta: 0:21:02  lr: 0.000017  loss: 2.1065  time: 1.4642  data: 0.0001  max mem: 27873
Train Epoch: [2]  [2650/3466]  eta: 0:19:49  lr: 0.000017  loss: 2.8924  time: 1.4600  data: 0.0001  max mem: 27873
Train Epoch: [2]  [2700/3466]  eta: 0:18:36  lr: 0.000017  loss: 2.1981  time: 1.4583  data: 0.0001  max mem: 27873
Train Epoch: [2]  [2750/3466]  eta: 0:17:23  lr: 0.000017  loss: 1.5395  time: 1.4541  data: 0.0001  max mem: 27873
Train Epoch: [2]  [2800/3466]  eta: 0:16:10  lr: 0.000017  loss: 1.9726  time: 1.4559  data: 0.0001  max mem: 27873
Train Epoch: [2]  [2850/3466]  eta: 0:14:57  lr: 0.000017  loss: 1.7233  time: 1.4569  data: 0.0001  max mem: 27873
Train Epoch: [2]  [2900/3466]  eta: 0:13:44  lr: 0.000017  loss: 3.3027  time: 1.4577  data: 0.0001  max mem: 27873
Train Epoch: [2]  [2950/3466]  eta: 0:12:32  lr: 0.000017  loss: 1.3297  time: 1.4540  data: 0.0001  max mem: 27873
Train Epoch: [2]  [3000/3466]  eta: 0:11:19  lr: 0.000017  loss: 1.7694  time: 1.4578  data: 0.0001  max mem: 27873
Train Epoch: [2]  [3050/3466]  eta: 0:10:06  lr: 0.000017  loss: 3.8177  time: 1.4587  data: 0.0001  max mem: 27873
Train Epoch: [2]  [3100/3466]  eta: 0:08:53  lr: 0.000017  loss: 1.8127  time: 1.4557  data: 0.0001  max mem: 27873
Train Epoch: [2]  [3150/3466]  eta: 0:07:40  lr: 0.000017  loss: 3.5655  time: 1.4583  data: 0.0001  max mem: 27873
Train Epoch: [2]  [3200/3466]  eta: 0:06:27  lr: 0.000017  loss: 2.1605  time: 1.4552  data: 0.0001  max mem: 27873
Train Epoch: [2]  [3250/3466]  eta: 0:05:14  lr: 0.000017  loss: 1.9277  time: 1.4599  data: 0.0001  max mem: 27873
Train Epoch: [2]  [3300/3466]  eta: 0:04:01  lr: 0.000017  loss: 3.0338  time: 1.4579  data: 0.0001  max mem: 27873
Train Epoch: [2]  [3350/3466]  eta: 0:02:49  lr: 0.000017  loss: 1.7552  time: 1.4611  data: 0.0001  max mem: 27873
Train Epoch: [2]  [3400/3466]  eta: 0:01:36  lr: 0.000017  loss: 2.5103  time: 1.4544  data: 0.0001  max mem: 27873
Train Epoch: [2]  [3450/3466]  eta: 0:00:23  lr: 0.000017  loss: 2.5844  time: 1.4580  data: 0.0001  max mem: 27873
Train Epoch: [2]  [3465/3466]  eta: 0:00:01  lr: 0.000017  loss: 2.8617  time: 1.4569  data: 0.0004  max mem: 27873
Train Epoch: [2] Total time: 1:24:11 (1.4575 s / it)
Averaged stats: lr: 0.0000  loss: 2.3606
Train Epoch: [3]  [   0/3466]  eta: 3:05:23  lr: 0.000014  loss: 1.7275  time: 3.2093  data: 1.4366  max mem: 27873
Train Epoch: [3]  [  50/3466]  eta: 1:24:24  lr: 0.000014  loss: 2.6013  time: 1.4493  data: 0.0001  max mem: 27873
Train Epoch: [3]  [ 100/3466]  eta: 1:22:16  lr: 0.000014  loss: 1.6064  time: 1.4494  data: 0.0001  max mem: 27873
Train Epoch: [3]  [ 150/3466]  eta: 1:20:44  lr: 0.000014  loss: 1.6566  time: 1.4505  data: 0.0001  max mem: 27873
Train Epoch: [3]  [ 200/3466]  eta: 1:19:23  lr: 0.000014  loss: 1.8505  time: 1.4514  data: 0.0001  max mem: 27873
Train Epoch: [3]  [ 250/3466]  eta: 1:18:08  lr: 0.000014  loss: 1.8705  time: 1.4559  data: 0.0001  max mem: 27873
Train Epoch: [3]  [ 300/3466]  eta: 1:16:52  lr: 0.000014  loss: 1.4400  time: 1.4562  data: 0.0001  max mem: 27873
Train Epoch: [3]  [ 350/3466]  eta: 1:15:38  lr: 0.000014  loss: 2.6102  time: 1.4520  data: 0.0001  max mem: 27873
Train Epoch: [3]  [ 400/3466]  eta: 1:14:24  lr: 0.000014  loss: 2.7473  time: 1.4551  data: 0.0001  max mem: 27873
Train Epoch: [3]  [ 450/3466]  eta: 1:13:11  lr: 0.000014  loss: 2.7333  time: 1.4554  data: 0.0001  max mem: 27873
Train Epoch: [3]  [ 500/3466]  eta: 1:11:59  lr: 0.000014  loss: 2.9246  time: 1.4533  data: 0.0001  max mem: 27873
Train Epoch: [3]  [ 550/3466]  eta: 1:10:46  lr: 0.000014  loss: 1.4778  time: 1.4583  data: 0.0001  max mem: 27873
Train Epoch: [3]  [ 600/3466]  eta: 1:09:33  lr: 0.000014  loss: 1.4882  time: 1.4574  data: 0.0001  max mem: 27873
Train Epoch: [3]  [ 650/3466]  eta: 1:08:21  lr: 0.000014  loss: 2.1775  time: 1.4531  data: 0.0001  max mem: 27873
Train Epoch: [3]  [ 700/3466]  eta: 1:07:09  lr: 0.000014  loss: 1.6140  time: 1.4556  data: 0.0001  max mem: 27873
Train Epoch: [3]  [ 750/3466]  eta: 1:05:56  lr: 0.000014  loss: 1.7007  time: 1.4558  data: 0.0001  max mem: 27873
Train Epoch: [3]  [ 800/3466]  eta: 1:04:43  lr: 0.000014  loss: 3.0003  time: 1.4555  data: 0.0001  max mem: 27873
Train Epoch: [3]  [ 850/3466]  eta: 1:03:29  lr: 0.000014  loss: 2.0151  time: 1.4545  data: 0.0001  max mem: 27873
Train Epoch: [3]  [ 900/3466]  eta: 1:02:17  lr: 0.000014  loss: 2.8420  time: 1.4604  data: 0.0001  max mem: 27873
Train Epoch: [3]  [ 950/3466]  eta: 1:01:04  lr: 0.000014  loss: 1.9481  time: 1.4567  data: 0.0001  max mem: 27873
Train Epoch: [3]  [1000/3466]  eta: 0:59:51  lr: 0.000014  loss: 3.0749  time: 1.4562  data: 0.0001  max mem: 27873
Train Epoch: [3]  [1050/3466]  eta: 0:58:38  lr: 0.000014  loss: 3.1228  time: 1.4565  data: 0.0001  max mem: 27873
Train Epoch: [3]  [1100/3466]  eta: 0:57:26  lr: 0.000014  loss: 1.9747  time: 1.4590  data: 0.0001  max mem: 27873
Train Epoch: [3]  [1150/3466]  eta: 0:56:13  lr: 0.000014  loss: 2.8726  time: 1.4527  data: 0.0001  max mem: 27873
Train Epoch: [3]  [1200/3466]  eta: 0:55:00  lr: 0.000014  loss: 2.8514  time: 1.4584  data: 0.0001  max mem: 27873
Train Epoch: [3]  [1250/3466]  eta: 0:53:47  lr: 0.000014  loss: 3.1526  time: 1.4567  data: 0.0001  max mem: 27873
Train Epoch: [3]  [1300/3466]  eta: 0:52:34  lr: 0.000014  loss: 3.0235  time: 1.4602  data: 0.0001  max mem: 27873
Train Epoch: [3]  [1350/3466]  eta: 0:51:22  lr: 0.000014  loss: 2.1515  time: 1.4597  data: 0.0001  max mem: 27873
Train Epoch: [3]  [1400/3466]  eta: 0:50:09  lr: 0.000014  loss: 2.2795  time: 1.4551  data: 0.0001  max mem: 27873
Train Epoch: [3]  [1450/3466]  eta: 0:48:56  lr: 0.000014  loss: 2.3768  time: 1.4545  data: 0.0001  max mem: 27873
Train Epoch: [3]  [1500/3466]  eta: 0:47:43  lr: 0.000014  loss: 1.8406  time: 1.4592  data: 0.0001  max mem: 27873
Train Epoch: [3]  [1550/3466]  eta: 0:46:31  lr: 0.000014  loss: 1.6593  time: 1.4607  data: 0.0001  max mem: 27873
Train Epoch: [3]  [1600/3466]  eta: 0:45:18  lr: 0.000014  loss: 2.1384  time: 1.4602  data: 0.0001  max mem: 27873
Train Epoch: [3]  [1650/3466]  eta: 0:44:05  lr: 0.000014  loss: 2.5854  time: 1.4536  data: 0.0001  max mem: 27873
Train Epoch: [3]  [1700/3466]  eta: 0:42:52  lr: 0.000014  loss: 1.7726  time: 1.4590  data: 0.0001  max mem: 27873
Train Epoch: [3]  [1750/3466]  eta: 0:41:40  lr: 0.000014  loss: 2.2368  time: 1.4624  data: 0.0001  max mem: 27873
Train Epoch: [3]  [1800/3466]  eta: 0:40:27  lr: 0.000014  loss: 2.4952  time: 1.4580  data: 0.0001  max mem: 27873
Train Epoch: [3]  [1850/3466]  eta: 0:39:14  lr: 0.000014  loss: 3.1843  time: 1.4586  data: 0.0001  max mem: 27873
Train Epoch: [3]  [1900/3466]  eta: 0:38:01  lr: 0.000014  loss: 2.4909  time: 1.4632  data: 0.0001  max mem: 27873
Train Epoch: [3]  [1950/3466]  eta: 0:36:49  lr: 0.000014  loss: 2.3900  time: 1.4565  data: 0.0001  max mem: 27873
Train Epoch: [3]  [2000/3466]  eta: 0:35:36  lr: 0.000014  loss: 1.8598  time: 1.4589  data: 0.0001  max mem: 27873
Train Epoch: [3]  [2050/3466]  eta: 0:34:23  lr: 0.000014  loss: 2.3053  time: 1.4560  data: 0.0001  max mem: 27873
Train Epoch: [3]  [2100/3466]  eta: 0:33:10  lr: 0.000014  loss: 1.7975  time: 1.4575  data: 0.0001  max mem: 27873
Train Epoch: [3]  [2150/3466]  eta: 0:31:57  lr: 0.000014  loss: 2.5458  time: 1.4519  data: 0.0001  max mem: 27873
Train Epoch: [3]  [2200/3466]  eta: 0:30:44  lr: 0.000014  loss: 2.5952  time: 1.4617  data: 0.0001  max mem: 27873
Train Epoch: [3]  [2250/3466]  eta: 0:29:31  lr: 0.000014  loss: 2.4002  time: 1.4601  data: 0.0001  max mem: 27873
Train Epoch: [3]  [2300/3466]  eta: 0:28:18  lr: 0.000014  loss: 2.3638  time: 1.4577  data: 0.0001  max mem: 27873
Train Epoch: [3]  [2350/3466]  eta: 0:27:06  lr: 0.000014  loss: 3.1278  time: 1.4569  data: 0.0001  max mem: 27873
Train Epoch: [3]  [2400/3466]  eta: 0:25:53  lr: 0.000014  loss: 2.1624  time: 1.4601  data: 0.0001  max mem: 27873
Train Epoch: [3]  [2450/3466]  eta: 0:24:40  lr: 0.000014  loss: 2.7930  time: 1.4611  data: 0.0001  max mem: 27873
Train Epoch: [3]  [2500/3466]  eta: 0:23:27  lr: 0.000014  loss: 2.1931  time: 1.4551  data: 0.0001  max mem: 27873
Train Epoch: [3]  [2550/3466]  eta: 0:22:14  lr: 0.000014  loss: 2.0537  time: 1.4566  data: 0.0001  max mem: 27873
Train Epoch: [3]  [2600/3466]  eta: 0:21:01  lr: 0.000014  loss: 1.9269  time: 1.4530  data: 0.0001  max mem: 27873
Train Epoch: [3]  [2650/3466]  eta: 0:19:49  lr: 0.000014  loss: 1.6831  time: 1.4567  data: 0.0001  max mem: 27873
Train Epoch: [3]  [2700/3466]  eta: 0:18:36  lr: 0.000014  loss: 2.2041  time: 1.4589  data: 0.0001  max mem: 27873
Train Epoch: [3]  [2750/3466]  eta: 0:17:23  lr: 0.000014  loss: 2.3165  time: 1.4596  data: 0.0001  max mem: 27873
Train Epoch: [3]  [2800/3466]  eta: 0:16:10  lr: 0.000014  loss: 2.4172  time: 1.4563  data: 0.0001  max mem: 27873
Train Epoch: [3]  [2850/3466]  eta: 0:14:57  lr: 0.000014  loss: 1.9109  time: 1.4563  data: 0.0001  max mem: 27873
Train Epoch: [3]  [2900/3466]  eta: 0:13:44  lr: 0.000014  loss: 1.7212  time: 1.4597  data: 0.0001  max mem: 27873
Train Epoch: [3]  [2950/3466]  eta: 0:12:31  lr: 0.000014  loss: 2.3932  time: 1.4563  data: 0.0001  max mem: 27873
Train Epoch: [3]  [3000/3466]  eta: 0:11:19  lr: 0.000014  loss: 2.2776  time: 1.4575  data: 0.0001  max mem: 27873
Train Epoch: [3]  [3050/3466]  eta: 0:10:06  lr: 0.000014  loss: 2.1009  time: 1.4532  data: 0.0001  max mem: 27873
Train Epoch: [3]  [3100/3466]  eta: 0:08:53  lr: 0.000014  loss: 2.0803  time: 1.4547  data: 0.0001  max mem: 27873
Train Epoch: [3]  [3150/3466]  eta: 0:07:40  lr: 0.000014  loss: 1.8171  time: 1.4572  data: 0.0001  max mem: 27873
Train Epoch: [3]  [3200/3466]  eta: 0:06:27  lr: 0.000014  loss: 3.5418  time: 1.4611  data: 0.0001  max mem: 27873
Train Epoch: [3]  [3250/3466]  eta: 0:05:14  lr: 0.000014  loss: 2.6402  time: 1.4577  data: 0.0001  max mem: 27873
Train Epoch: [3]  [3300/3466]  eta: 0:04:01  lr: 0.000014  loss: 1.9338  time: 1.4658  data: 0.0001  max mem: 27873
Train Epoch: [3]  [3350/3466]  eta: 0:02:49  lr: 0.000014  loss: 1.4902  time: 1.4583  data: 0.0001  max mem: 27873
Train Epoch: [3]  [3400/3466]  eta: 0:01:36  lr: 0.000014  loss: 1.7158  time: 1.4609  data: 0.0001  max mem: 27873
Train Epoch: [3]  [3450/3466]  eta: 0:00:23  lr: 0.000014  loss: 1.9707  time: 1.4599  data: 0.0001  max mem: 27873
Train Epoch: [3]  [3465/3466]  eta: 0:00:01  lr: 0.000014  loss: 2.4858  time: 1.4557  data: 0.0004  max mem: 27873
Train Epoch: [3] Total time: 1:24:11 (1.4574 s / it)
Averaged stats: lr: 0.0000  loss: 2.1873
Train Epoch: [4]  [   0/3466]  eta: 2:56:52  lr: 0.000011  loss: 3.1249  time: 3.0619  data: 1.4442  max mem: 27873
Train Epoch: [4]  [  50/3466]  eta: 1:24:22  lr: 0.000011  loss: 2.8355  time: 1.4512  data: 0.0001  max mem: 27873
Train Epoch: [4]  [ 100/3466]  eta: 1:22:22  lr: 0.000011  loss: 2.1844  time: 1.4549  data: 0.0001  max mem: 27873
Train Epoch: [4]  [ 150/3466]  eta: 1:20:50  lr: 0.000011  loss: 1.9736  time: 1.4513  data: 0.0001  max mem: 28166
Train Epoch: [4]  [ 200/3466]  eta: 1:19:31  lr: 0.000011  loss: 2.1699  time: 1.4605  data: 0.0001  max mem: 28166
Train Epoch: [4]  [ 250/3466]  eta: 1:18:16  lr: 0.000011  loss: 2.5616  time: 1.4576  data: 0.0001  max mem: 28166
Train Epoch: [4]  [ 300/3466]  eta: 1:17:00  lr: 0.000011  loss: 1.7833  time: 1.4570  data: 0.0001  max mem: 28166
Train Epoch: [4]  [ 350/3466]  eta: 1:15:46  lr: 0.000011  loss: 1.7686  time: 1.4557  data: 0.0001  max mem: 28166
Train Epoch: [4]  [ 400/3466]  eta: 1:14:32  lr: 0.000011  loss: 2.3112  time: 1.4600  data: 0.0001  max mem: 28166
Train Epoch: [4]  [ 450/3466]  eta: 1:13:18  lr: 0.000011  loss: 3.0098  time: 1.4539  data: 0.0001  max mem: 28166
Train Epoch: [4]  [ 500/3466]  eta: 1:12:04  lr: 0.000011  loss: 1.2754  time: 1.4556  data: 0.0001  max mem: 28166
Train Epoch: [4]  [ 550/3466]  eta: 1:10:51  lr: 0.000011  loss: 2.5388  time: 1.4603  data: 0.0001  max mem: 28166
Train Epoch: [4]  [ 600/3466]  eta: 1:09:39  lr: 0.000011  loss: 1.7039  time: 1.4567  data: 0.0001  max mem: 28166
Train Epoch: [4]  [ 650/3466]  eta: 1:08:26  lr: 0.000011  loss: 2.0957  time: 1.4542  data: 0.0001  max mem: 28166
Train Epoch: [4]  [ 700/3466]  eta: 1:07:13  lr: 0.000011  loss: 1.5990  time: 1.4572  data: 0.0001  max mem: 28166
Train Epoch: [4]  [ 750/3466]  eta: 1:05:59  lr: 0.000011  loss: 1.5322  time: 1.4536  data: 0.0001  max mem: 28166
Train Epoch: [4]  [ 800/3466]  eta: 1:04:47  lr: 0.000011  loss: 1.7080  time: 1.4559  data: 0.0001  max mem: 28166
Train Epoch: [4]  [ 850/3466]  eta: 1:03:33  lr: 0.000011  loss: 1.8159  time: 1.4539  data: 0.0001  max mem: 28166
Train Epoch: [4]  [ 900/3466]  eta: 1:02:20  lr: 0.000011  loss: 2.3577  time: 1.4559  data: 0.0001  max mem: 28166
Train Epoch: [4]  [ 950/3466]  eta: 1:01:07  lr: 0.000011  loss: 2.4028  time: 1.4581  data: 0.0001  max mem: 28166
Train Epoch: [4]  [1000/3466]  eta: 0:59:55  lr: 0.000011  loss: 2.1711  time: 1.4609  data: 0.0001  max mem: 28166
Train Epoch: [4]  [1050/3466]  eta: 0:58:43  lr: 0.000011  loss: 2.2818  time: 1.4669  data: 0.0001  max mem: 28166
Train Epoch: [4]  [1100/3466]  eta: 0:57:30  lr: 0.000011  loss: 2.3211  time: 1.4559  data: 0.0001  max mem: 28166
Train Epoch: [4]  [1150/3466]  eta: 0:56:17  lr: 0.000011  loss: 1.4817  time: 1.4620  data: 0.0001  max mem: 28166
Train Epoch: [4]  [1200/3466]  eta: 0:55:04  lr: 0.000011  loss: 1.5242  time: 1.4558  data: 0.0001  max mem: 28166
Train Epoch: [4]  [1250/3466]  eta: 0:53:51  lr: 0.000011  loss: 1.6827  time: 1.4632  data: 0.0001  max mem: 28166
Train Epoch: [4]  [1300/3466]  eta: 0:52:39  lr: 0.000011  loss: 1.8107  time: 1.4631  data: 0.0001  max mem: 28166
Train Epoch: [4]  [1350/3466]  eta: 0:51:26  lr: 0.000011  loss: 1.9476  time: 1.4598  data: 0.0001  max mem: 28166
Train Epoch: [4]  [1400/3466]  eta: 0:50:13  lr: 0.000011  loss: 3.2709  time: 1.4597  data: 0.0001  max mem: 28166
Train Epoch: [4]  [1450/3466]  eta: 0:49:00  lr: 0.000011  loss: 1.2954  time: 1.4572  data: 0.0001  max mem: 28166
Train Epoch: [4]  [1500/3466]  eta: 0:47:47  lr: 0.000011  loss: 2.0218  time: 1.4586  data: 0.0001  max mem: 28166
Train Epoch: [4]  [1550/3466]  eta: 0:46:34  lr: 0.000011  loss: 2.0531  time: 1.4593  data: 0.0001  max mem: 28166
Train Epoch: [4]  [1600/3466]  eta: 0:45:21  lr: 0.000011  loss: 1.9458  time: 1.4628  data: 0.0001  max mem: 28166
Train Epoch: [4]  [1650/3466]  eta: 0:44:08  lr: 0.000011  loss: 1.7847  time: 1.4611  data: 0.0001  max mem: 28166
Train Epoch: [4]  [1700/3466]  eta: 0:42:55  lr: 0.000011  loss: 1.6162  time: 1.4610  data: 0.0001  max mem: 28166
Train Epoch: [4]  [1750/3466]  eta: 0:41:42  lr: 0.000011  loss: 2.1995  time: 1.4634  data: 0.0001  max mem: 28166
Train Epoch: [4]  [1800/3466]  eta: 0:40:30  lr: 0.000011  loss: 1.5177  time: 1.4573  data: 0.0001  max mem: 28166
Train Epoch: [4]  [1850/3466]  eta: 0:39:17  lr: 0.000011  loss: 1.9985  time: 1.4623  data: 0.0001  max mem: 28166
Train Epoch: [4]  [1900/3466]  eta: 0:38:04  lr: 0.000011  loss: 2.6340  time: 1.4609  data: 0.0001  max mem: 28166
Train Epoch: [4]  [1950/3466]  eta: 0:36:51  lr: 0.000011  loss: 1.7924  time: 1.4604  data: 0.0001  max mem: 28166
Train Epoch: [4]  [2000/3466]  eta: 0:35:38  lr: 0.000011  loss: 2.2762  time: 1.4527  data: 0.0001  max mem: 28166
Train Epoch: [4]  [2050/3466]  eta: 0:34:25  lr: 0.000011  loss: 2.7584  time: 1.4549  data: 0.0001  max mem: 28166
Train Epoch: [4]  [2100/3466]  eta: 0:33:12  lr: 0.000011  loss: 2.2663  time: 1.4570  data: 0.0001  max mem: 28166
Train Epoch: [4]  [2150/3466]  eta: 0:31:59  lr: 0.000011  loss: 2.2268  time: 1.4600  data: 0.0001  max mem: 28166
Train Epoch: [4]  [2200/3466]  eta: 0:30:46  lr: 0.000011  loss: 2.1268  time: 1.4601  data: 0.0001  max mem: 28166
Train Epoch: [4]  [2250/3466]  eta: 0:29:33  lr: 0.000011  loss: 1.8861  time: 1.4606  data: 0.0001  max mem: 28166
Train Epoch: [4]  [2300/3466]  eta: 0:28:20  lr: 0.000011  loss: 2.5352  time: 1.4590  data: 0.0001  max mem: 28166
Train Epoch: [4]  [2350/3466]  eta: 0:27:07  lr: 0.000011  loss: 2.3336  time: 1.4617  data: 0.0001  max mem: 28166
Train Epoch: [4]  [2400/3466]  eta: 0:25:54  lr: 0.000011  loss: 1.7780  time: 1.4570  data: 0.0001  max mem: 28166
Train Epoch: [4]  [2450/3466]  eta: 0:24:41  lr: 0.000011  loss: 2.8059  time: 1.4557  data: 0.0001  max mem: 28166
Train Epoch: [4]  [2500/3466]  eta: 0:23:29  lr: 0.000011  loss: 2.0025  time: 1.4613  data: 0.0001  max mem: 28166
Train Epoch: [4]  [2550/3466]  eta: 0:22:16  lr: 0.000011  loss: 1.9916  time: 1.4596  data: 0.0001  max mem: 28166
Train Epoch: [4]  [2600/3466]  eta: 0:21:03  lr: 0.000011  loss: 3.0155  time: 1.4620  data: 0.0001  max mem: 28166
Train Epoch: [4]  [2650/3466]  eta: 0:19:50  lr: 0.000011  loss: 1.8882  time: 1.4619  data: 0.0001  max mem: 28166
Train Epoch: [4]  [2700/3466]  eta: 0:18:37  lr: 0.000011  loss: 2.5515  time: 1.4643  data: 0.0001  max mem: 28166
Train Epoch: [4]  [2750/3466]  eta: 0:17:24  lr: 0.000011  loss: 2.6970  time: 1.4572  data: 0.0001  max mem: 28166
Train Epoch: [4]  [2800/3466]  eta: 0:16:11  lr: 0.000011  loss: 1.2860  time: 1.4592  data: 0.0001  max mem: 28166
Train Epoch: [4]  [2850/3466]  eta: 0:14:58  lr: 0.000011  loss: 2.6502  time: 1.4594  data: 0.0001  max mem: 28166
Train Epoch: [4]  [2900/3466]  eta: 0:13:45  lr: 0.000011  loss: 2.0575  time: 1.4633  data: 0.0001  max mem: 28166
Train Epoch: [4]  [2950/3466]  eta: 0:12:32  lr: 0.000011  loss: 2.5812  time: 1.4598  data: 0.0001  max mem: 28166
Train Epoch: [4]  [3000/3466]  eta: 0:11:19  lr: 0.000011  loss: 2.4825  time: 1.4567  data: 0.0001  max mem: 28166
Train Epoch: [4]  [3050/3466]  eta: 0:10:06  lr: 0.000011  loss: 2.1997  time: 1.4554  data: 0.0001  max mem: 28166
Train Epoch: [4]  [3100/3466]  eta: 0:08:53  lr: 0.000011  loss: 1.9100  time: 1.4567  data: 0.0001  max mem: 28182
Train Epoch: [4]  [3150/3466]  eta: 0:07:40  lr: 0.000011  loss: 1.9267  time: 1.4587  data: 0.0001  max mem: 28182
Train Epoch: [4]  [3200/3466]  eta: 0:06:28  lr: 0.000011  loss: 2.6078  time: 1.4612  data: 0.0001  max mem: 28182
Train Epoch: [4]  [3250/3466]  eta: 0:05:15  lr: 0.000011  loss: 1.7013  time: 1.4584  data: 0.0001  max mem: 28182
Train Epoch: [4]  [3300/3466]  eta: 0:04:02  lr: 0.000011  loss: 2.4798  time: 1.4569  data: 0.0001  max mem: 28182
Train Epoch: [4]  [3350/3466]  eta: 0:02:49  lr: 0.000011  loss: 1.9887  time: 1.4617  data: 0.0001  max mem: 28182
Train Epoch: [4]  [3400/3466]  eta: 0:01:36  lr: 0.000011  loss: 1.8847  time: 1.4645  data: 0.0001  max mem: 28182
Train Epoch: [4]  [3450/3466]  eta: 0:00:23  lr: 0.000011  loss: 1.5097  time: 1.4639  data: 0.0001  max mem: 28182
Train Epoch: [4]  [3465/3466]  eta: 0:00:01  lr: 0.000011  loss: 2.3691  time: 1.4546  data: 0.0004  max mem: 28182
Train Epoch: [4] Total time: 1:24:16 (1.4589 s / it)
Averaged stats: lr: 0.0000  loss: 2.0571
Train Epoch: [5]  [   0/3466]  eta: 2:59:32  lr: 0.000007  loss: 2.0195  time: 3.1080  data: 1.4847  max mem: 28182
Train Epoch: [5]  [  50/3466]  eta: 1:24:11  lr: 0.000007  loss: 2.5955  time: 1.4467  data: 0.0001  max mem: 28182
Train Epoch: [5]  [ 100/3466]  eta: 1:22:05  lr: 0.000007  loss: 1.8622  time: 1.4479  data: 0.0001  max mem: 28182
Train Epoch: [5]  [ 150/3466]  eta: 1:20:40  lr: 0.000007  loss: 2.6351  time: 1.4503  data: 0.0001  max mem: 28182
Train Epoch: [5]  [ 200/3466]  eta: 1:19:21  lr: 0.000007  loss: 1.6651  time: 1.4511  data: 0.0001  max mem: 28182
Train Epoch: [5]  [ 250/3466]  eta: 1:18:05  lr: 0.000007  loss: 1.9181  time: 1.4511  data: 0.0001  max mem: 28182
Train Epoch: [5]  [ 300/3466]  eta: 1:16:52  lr: 0.000007  loss: 2.3087  time: 1.4563  data: 0.0001  max mem: 28182
Train Epoch: [5]  [ 350/3466]  eta: 1:15:39  lr: 0.000007  loss: 2.6399  time: 1.4536  data: 0.0001  max mem: 28182
Train Epoch: [5]  [ 400/3466]  eta: 1:14:25  lr: 0.000007  loss: 1.8012  time: 1.4533  data: 0.0001  max mem: 28182
Train Epoch: [5]  [ 450/3466]  eta: 1:13:13  lr: 0.000007  loss: 1.8051  time: 1.4562  data: 0.0001  max mem: 28182
Train Epoch: [5]  [ 500/3466]  eta: 1:12:00  lr: 0.000007  loss: 1.3214  time: 1.4541  data: 0.0001  max mem: 28182
Train Epoch: [5]  [ 550/3466]  eta: 1:10:47  lr: 0.000007  loss: 1.3855  time: 1.4557  data: 0.0001  max mem: 28182
Train Epoch: [5]  [ 600/3466]  eta: 1:09:35  lr: 0.000007  loss: 2.1770  time: 1.4574  data: 0.0001  max mem: 28182
Train Epoch: [5]  [ 650/3466]  eta: 1:08:23  lr: 0.000007  loss: 1.4411  time: 1.4606  data: 0.0001  max mem: 28182
Train Epoch: [5]  [ 700/3466]  eta: 1:07:10  lr: 0.000007  loss: 2.2227  time: 1.4567  data: 0.0001  max mem: 28182
Train Epoch: [5]  [ 750/3466]  eta: 1:05:58  lr: 0.000007  loss: 2.3230  time: 1.4603  data: 0.0001  max mem: 28182
Train Epoch: [5]  [ 800/3466]  eta: 1:04:45  lr: 0.000007  loss: 1.8484  time: 1.4602  data: 0.0001  max mem: 28182
Train Epoch: [5]  [ 850/3466]  eta: 1:03:33  lr: 0.000007  loss: 2.2796  time: 1.4594  data: 0.0001  max mem: 28182
Train Epoch: [5]  [ 900/3466]  eta: 1:02:20  lr: 0.000007  loss: 1.3739  time: 1.4599  data: 0.0001  max mem: 28182
Train Epoch: [5]  [ 950/3466]  eta: 1:01:08  lr: 0.000007  loss: 1.2853  time: 1.4604  data: 0.0001  max mem: 28182
Train Epoch: [5]  [1000/3466]  eta: 0:59:55  lr: 0.000007  loss: 2.3532  time: 1.4622  data: 0.0001  max mem: 28182
Train Epoch: [5]  [1050/3466]  eta: 0:58:43  lr: 0.000007  loss: 2.0984  time: 1.4639  data: 0.0001  max mem: 28182
Train Epoch: [5]  [1100/3466]  eta: 0:57:30  lr: 0.000007  loss: 1.9659  time: 1.4590  data: 0.0001  max mem: 28182
Train Epoch: [5]  [1150/3466]  eta: 0:56:17  lr: 0.000007  loss: 1.9649  time: 1.4619  data: 0.0001  max mem: 28182
Train Epoch: [5]  [1200/3466]  eta: 0:55:04  lr: 0.000007  loss: 2.5164  time: 1.4580  data: 0.0001  max mem: 28182
Train Epoch: [5]  [1250/3466]  eta: 0:53:51  lr: 0.000007  loss: 1.7602  time: 1.4576  data: 0.0001  max mem: 28182
Train Epoch: [5]  [1300/3466]  eta: 0:52:38  lr: 0.000007  loss: 2.4966  time: 1.4566  data: 0.0001  max mem: 28182
Train Epoch: [5]  [1350/3466]  eta: 0:51:25  lr: 0.000007  loss: 2.0679  time: 1.4569  data: 0.0001  max mem: 28182
Train Epoch: [5]  [1400/3466]  eta: 0:50:13  lr: 0.000007  loss: 2.0379  time: 1.4607  data: 0.0001  max mem: 28182
Train Epoch: [5]  [1450/3466]  eta: 0:49:00  lr: 0.000007  loss: 1.5288  time: 1.4615  data: 0.0001  max mem: 28182
Train Epoch: [5]  [1500/3466]  eta: 0:47:47  lr: 0.000007  loss: 1.7966  time: 1.4632  data: 0.0001  max mem: 28182
Train Epoch: [5]  [1550/3466]  eta: 0:46:34  lr: 0.000007  loss: 2.2866  time: 1.4616  data: 0.0001  max mem: 28182
Train Epoch: [5]  [1600/3466]  eta: 0:45:21  lr: 0.000007  loss: 1.9087  time: 1.4605  data: 0.0001  max mem: 28182
Train Epoch: [5]  [1650/3466]  eta: 0:44:09  lr: 0.000007  loss: 1.3318  time: 1.4606  data: 0.0001  max mem: 28182
Train Epoch: [5]  [1700/3466]  eta: 0:42:56  lr: 0.000007  loss: 1.6710  time: 1.4588  data: 0.0001  max mem: 28182
Train Epoch: [5]  [1750/3466]  eta: 0:41:43  lr: 0.000007  loss: 2.8183  time: 1.4622  data: 0.0001  max mem: 28182
Train Epoch: [5]  [1800/3466]  eta: 0:40:30  lr: 0.000007  loss: 3.0929  time: 1.4614  data: 0.0001  max mem: 28182
Train Epoch: [5]  [1850/3466]  eta: 0:39:17  lr: 0.000007  loss: 1.8044  time: 1.4625  data: 0.0001  max mem: 28182
Train Epoch: [5]  [1900/3466]  eta: 0:38:04  lr: 0.000007  loss: 2.2124  time: 1.4579  data: 0.0001  max mem: 28182
Train Epoch: [5]  [1950/3466]  eta: 0:36:51  lr: 0.000007  loss: 1.9251  time: 1.4579  data: 0.0001  max mem: 28182
Train Epoch: [5]  [2000/3466]  eta: 0:35:38  lr: 0.000007  loss: 1.4502  time: 1.4633  data: 0.0001  max mem: 28182
Train Epoch: [5]  [2050/3466]  eta: 0:34:25  lr: 0.000007  loss: 1.5707  time: 1.4640  data: 0.0001  max mem: 28182
Train Epoch: [5]  [2100/3466]  eta: 0:33:12  lr: 0.000007  loss: 2.4976  time: 1.4598  data: 0.0001  max mem: 28182
Train Epoch: [5]  [2150/3466]  eta: 0:31:59  lr: 0.000007  loss: 2.4946  time: 1.4569  data: 0.0001  max mem: 28182
Train Epoch: [5]  [2200/3466]  eta: 0:30:46  lr: 0.000007  loss: 2.0644  time: 1.4589  data: 0.0001  max mem: 28182
Train Epoch: [5]  [2250/3466]  eta: 0:29:34  lr: 0.000007  loss: 2.6200  time: 1.4600  data: 0.0001  max mem: 28182
Train Epoch: [5]  [2300/3466]  eta: 0:28:20  lr: 0.000007  loss: 1.4666  time: 1.4529  data: 0.0001  max mem: 28182
Train Epoch: [5]  [2350/3466]  eta: 0:27:07  lr: 0.000007  loss: 1.3213  time: 1.4554  data: 0.0001  max mem: 28182
Train Epoch: [5]  [2400/3466]  eta: 0:25:55  lr: 0.000007  loss: 1.9296  time: 1.4592  data: 0.0001  max mem: 28182
Train Epoch: [5]  [2450/3466]  eta: 0:24:42  lr: 0.000007  loss: 1.6324  time: 1.4618  data: 0.0001  max mem: 28182
Train Epoch: [5]  [2500/3466]  eta: 0:23:29  lr: 0.000007  loss: 2.3548  time: 1.4522  data: 0.0001  max mem: 28182
Train Epoch: [5]  [2550/3466]  eta: 0:22:16  lr: 0.000007  loss: 2.5384  time: 1.4541  data: 0.0001  max mem: 28182
Train Epoch: [5]  [2600/3466]  eta: 0:21:03  lr: 0.000007  loss: 1.9278  time: 1.4578  data: 0.0001  max mem: 28182
Train Epoch: [5]  [2650/3466]  eta: 0:19:50  lr: 0.000007  loss: 1.9087  time: 1.4560  data: 0.0001  max mem: 28182
Train Epoch: [5]  [2700/3466]  eta: 0:18:37  lr: 0.000007  loss: 2.2845  time: 1.4551  data: 0.0001  max mem: 28182
Train Epoch: [5]  [2750/3466]  eta: 0:17:24  lr: 0.000007  loss: 2.0324  time: 1.4594  data: 0.0001  max mem: 28182
Train Epoch: [5]  [2800/3466]  eta: 0:16:11  lr: 0.000007  loss: 1.9019  time: 1.4578  data: 0.0001  max mem: 28182
Train Epoch: [5]  [2850/3466]  eta: 0:14:58  lr: 0.000007  loss: 2.2963  time: 1.4632  data: 0.0001  max mem: 28182
Train Epoch: [5]  [2900/3466]  eta: 0:13:45  lr: 0.000007  loss: 1.5684  time: 1.4598  data: 0.0001  max mem: 28182
Train Epoch: [5]  [2950/3466]  eta: 0:12:32  lr: 0.000007  loss: 1.7357  time: 1.4585  data: 0.0001  max mem: 28182
Train Epoch: [5]  [3000/3466]  eta: 0:11:19  lr: 0.000007  loss: 2.0035  time: 1.4582  data: 0.0001  max mem: 28182
Train Epoch: [5]  [3050/3466]  eta: 0:10:06  lr: 0.000007  loss: 2.3623  time: 1.4581  data: 0.0001  max mem: 28182
Train Epoch: [5]  [3100/3466]  eta: 0:08:53  lr: 0.000007  loss: 1.3657  time: 1.4602  data: 0.0001  max mem: 28182
Train Epoch: [5]  [3150/3466]  eta: 0:07:40  lr: 0.000007  loss: 1.8391  time: 1.4555  data: 0.0001  max mem: 28182
Train Epoch: [5]  [3200/3466]  eta: 0:06:27  lr: 0.000007  loss: 2.5587  time: 1.4593  data: 0.0001  max mem: 28182
Train Epoch: [5]  [3250/3466]  eta: 0:05:15  lr: 0.000007  loss: 1.5913  time: 1.4631  data: 0.0001  max mem: 28182
Train Epoch: [5]  [3300/3466]  eta: 0:04:02  lr: 0.000007  loss: 1.4784  time: 1.4560  data: 0.0001  max mem: 28182
Train Epoch: [5]  [3350/3466]  eta: 0:02:49  lr: 0.000007  loss: 2.3777  time: 1.4625  data: 0.0001  max mem: 28182
Train Epoch: [5]  [3400/3466]  eta: 0:01:36  lr: 0.000007  loss: 1.5821  time: 1.4591  data: 0.0001  max mem: 28182
Train Epoch: [5]  [3450/3466]  eta: 0:00:23  lr: 0.000007  loss: 2.2540  time: 1.4627  data: 0.0001  max mem: 28182
Train Epoch: [5]  [3465/3466]  eta: 0:00:01  lr: 0.000007  loss: 1.5709  time: 1.4580  data: 0.0004  max mem: 28182
Train Epoch: [5] Total time: 1:24:16 (1.4588 s / it)
Averaged stats: lr: 0.0000  loss: 1.9601
Train Epoch: [6]  [   0/3466]  eta: 3:00:57  lr: 0.000004  loss: 1.6631  time: 3.1324  data: 1.3884  max mem: 28182
Train Epoch: [6]  [  50/3466]  eta: 1:24:40  lr: 0.000004  loss: 2.1659  time: 1.4515  data: 0.0001  max mem: 28182
Train Epoch: [6]  [ 100/3466]  eta: 1:22:33  lr: 0.000004  loss: 1.5535  time: 1.4567  data: 0.0001  max mem: 28182
Train Epoch: [6]  [ 150/3466]  eta: 1:20:59  lr: 0.000004  loss: 2.0511  time: 1.4494  data: 0.0001  max mem: 28182
Train Epoch: [6]  [ 200/3466]  eta: 1:19:37  lr: 0.000004  loss: 2.1793  time: 1.4536  data: 0.0001  max mem: 28182
Train Epoch: [6]  [ 250/3466]  eta: 1:18:19  lr: 0.000004  loss: 1.8368  time: 1.4539  data: 0.0001  max mem: 28182
Train Epoch: [6]  [ 300/3466]  eta: 1:17:03  lr: 0.000004  loss: 1.3136  time: 1.4540  data: 0.0001  max mem: 28182
Train Epoch: [6]  [ 350/3466]  eta: 1:15:51  lr: 0.000004  loss: 1.5279  time: 1.4632  data: 0.0001  max mem: 28182
Train Epoch: [6]  [ 400/3466]  eta: 1:14:36  lr: 0.000004  loss: 2.4640  time: 1.4564  data: 0.0001  max mem: 28182
Train Epoch: [6]  [ 450/3466]  eta: 1:13:23  lr: 0.000004  loss: 2.0539  time: 1.4592  data: 0.0001  max mem: 28182
Train Epoch: [6]  [ 500/3466]  eta: 1:12:09  lr: 0.000004  loss: 1.8990  time: 1.4600  data: 0.0001  max mem: 28182
Train Epoch: [6]  [ 550/3466]  eta: 1:10:55  lr: 0.000004  loss: 1.8963  time: 1.4574  data: 0.0001  max mem: 28182
Train Epoch: [6]  [ 600/3466]  eta: 1:09:41  lr: 0.000004  loss: 1.5502  time: 1.4548  data: 0.0001  max mem: 28182
Train Epoch: [6]  [ 650/3466]  eta: 1:08:28  lr: 0.000004  loss: 2.3537  time: 1.4561  data: 0.0001  max mem: 28182
Train Epoch: [6]  [ 700/3466]  eta: 1:07:15  lr: 0.000004  loss: 1.8303  time: 1.4577  data: 0.0001  max mem: 28182
Train Epoch: [6]  [ 750/3466]  eta: 1:06:02  lr: 0.000004  loss: 1.9780  time: 1.4559  data: 0.0001  max mem: 28182
Train Epoch: [6]  [ 800/3466]  eta: 1:04:49  lr: 0.000004  loss: 2.2799  time: 1.4604  data: 0.0001  max mem: 28182
Train Epoch: [6]  [ 850/3466]  eta: 1:03:36  lr: 0.000004  loss: 2.3807  time: 1.4563  data: 0.0001  max mem: 28182
Train Epoch: [6]  [ 900/3466]  eta: 1:02:23  lr: 0.000004  loss: 1.4007  time: 1.4566  data: 0.0001  max mem: 28182
Train Epoch: [6]  [ 950/3466]  eta: 1:01:10  lr: 0.000004  loss: 2.4623  time: 1.4611  data: 0.0001  max mem: 28182
Train Epoch: [6]  [1000/3466]  eta: 0:59:57  lr: 0.000004  loss: 2.1327  time: 1.4608  data: 0.0001  max mem: 28182
Train Epoch: [6]  [1050/3466]  eta: 0:58:44  lr: 0.000004  loss: 1.1195  time: 1.4596  data: 0.0001  max mem: 28182
Train Epoch: [6]  [1100/3466]  eta: 0:57:31  lr: 0.000004  loss: 1.8355  time: 1.4611  data: 0.0001  max mem: 28182
Train Epoch: [6]  [1150/3466]  eta: 0:56:18  lr: 0.000004  loss: 2.3111  time: 1.4605  data: 0.0001  max mem: 28182
Train Epoch: [6]  [1200/3466]  eta: 0:55:05  lr: 0.000004  loss: 2.3330  time: 1.4588  data: 0.0001  max mem: 28182
Train Epoch: [6]  [1250/3466]  eta: 0:53:52  lr: 0.000004  loss: 2.1191  time: 1.4581  data: 0.0001  max mem: 28182
Train Epoch: [6]  [1300/3466]  eta: 0:52:39  lr: 0.000004  loss: 2.1818  time: 1.4606  data: 0.0001  max mem: 28182
Train Epoch: [6]  [1350/3466]  eta: 0:51:27  lr: 0.000004  loss: 1.9874  time: 1.4623  data: 0.0001  max mem: 28182
Train Epoch: [6]  [1400/3466]  eta: 0:50:14  lr: 0.000004  loss: 1.5564  time: 1.4644  data: 0.0001  max mem: 28182
Train Epoch: [6]  [1450/3466]  eta: 0:49:01  lr: 0.000004  loss: 1.8662  time: 1.4574  data: 0.0001  max mem: 28182
Train Epoch: [6]  [1500/3466]  eta: 0:47:48  lr: 0.000004  loss: 2.0407  time: 1.4571  data: 0.0001  max mem: 28182
Train Epoch: [6]  [1550/3466]  eta: 0:46:35  lr: 0.000004  loss: 2.2876  time: 1.4580  data: 0.0001  max mem: 28182
Train Epoch: [6]  [1600/3466]  eta: 0:45:22  lr: 0.000004  loss: 1.5063  time: 1.4645  data: 0.0001  max mem: 28182
Train Epoch: [6]  [1650/3466]  eta: 0:44:09  lr: 0.000004  loss: 2.0212  time: 1.4633  data: 0.0001  max mem: 28182
Train Epoch: [6]  [1700/3466]  eta: 0:42:56  lr: 0.000004  loss: 1.9216  time: 1.4569  data: 0.0001  max mem: 28182
Train Epoch: [6]  [1750/3466]  eta: 0:41:43  lr: 0.000004  loss: 1.0281  time: 1.4564  data: 0.0001  max mem: 28182
Train Epoch: [6]  [1800/3466]  eta: 0:40:30  lr: 0.000004  loss: 1.8964  time: 1.4554  data: 0.0001  max mem: 28182
Train Epoch: [6]  [1850/3466]  eta: 0:39:17  lr: 0.000004  loss: 2.2182  time: 1.4608  data: 0.0001  max mem: 28182
Train Epoch: [6]  [1900/3466]  eta: 0:38:04  lr: 0.000004  loss: 2.7865  time: 1.4622  data: 0.0001  max mem: 28182
Train Epoch: [6]  [1950/3466]  eta: 0:36:52  lr: 0.000004  loss: 1.1773  time: 1.4637  data: 0.0001  max mem: 28182
Train Epoch: [6]  [2000/3466]  eta: 0:35:38  lr: 0.000004  loss: 2.1681  time: 1.4547  data: 0.0001  max mem: 28182
Train Epoch: [6]  [2050/3466]  eta: 0:34:25  lr: 0.000004  loss: 1.8184  time: 1.4603  data: 0.0001  max mem: 28182
Train Epoch: [6]  [2100/3466]  eta: 0:33:13  lr: 0.000004  loss: 2.1870  time: 1.4581  data: 0.0001  max mem: 28182
Train Epoch: [6]  [2150/3466]  eta: 0:31:59  lr: 0.000004  loss: 1.8746  time: 1.4571  data: 0.0001  max mem: 28182
Train Epoch: [6]  [2200/3466]  eta: 0:30:47  lr: 0.000004  loss: 1.5732  time: 1.4582  data: 0.0001  max mem: 28182
Train Epoch: [6]  [2250/3466]  eta: 0:29:34  lr: 0.000004  loss: 1.6410  time: 1.4536  data: 0.0001  max mem: 28182
Train Epoch: [6]  [2300/3466]  eta: 0:28:21  lr: 0.000004  loss: 2.6439  time: 1.4684  data: 0.0001  max mem: 28182
Train Epoch: [6]  [2350/3466]  eta: 0:27:08  lr: 0.000004  loss: 1.7166  time: 1.4612  data: 0.0001  max mem: 28182
Train Epoch: [6]  [2400/3466]  eta: 0:25:55  lr: 0.000004  loss: 1.7535  time: 1.4595  data: 0.0001  max mem: 28182
Train Epoch: [6]  [2450/3466]  eta: 0:24:42  lr: 0.000004  loss: 1.8620  time: 1.4606  data: 0.0001  max mem: 28182
Train Epoch: [6]  [2500/3466]  eta: 0:23:29  lr: 0.000004  loss: 1.8556  time: 1.4563  data: 0.0001  max mem: 28182
Train Epoch: [6]  [2550/3466]  eta: 0:22:16  lr: 0.000004  loss: 1.4460  time: 1.4559  data: 0.0001  max mem: 28182
Train Epoch: [6]  [2600/3466]  eta: 0:21:03  lr: 0.000004  loss: 1.4516  time: 1.4619  data: 0.0001  max mem: 28182
Train Epoch: [6]  [2650/3466]  eta: 0:19:50  lr: 0.000004  loss: 1.8071  time: 1.4622  data: 0.0001  max mem: 28182
Train Epoch: [6]  [2700/3466]  eta: 0:18:37  lr: 0.000004  loss: 2.1401  time: 1.4548  data: 0.0001  max mem: 28182
Train Epoch: [6]  [2750/3466]  eta: 0:17:24  lr: 0.000004  loss: 1.6198  time: 1.4549  data: 0.0001  max mem: 28182
Train Epoch: [6]  [2800/3466]  eta: 0:16:11  lr: 0.000004  loss: 2.2218  time: 1.4540  data: 0.0001  max mem: 28182
Train Epoch: [6]  [2850/3466]  eta: 0:14:58  lr: 0.000004  loss: 2.3732  time: 1.4563  data: 0.0001  max mem: 28182
Train Epoch: [6]  [2900/3466]  eta: 0:13:45  lr: 0.000004  loss: 1.7022  time: 1.4608  data: 0.0001  max mem: 28182
Train Epoch: [6]  [2950/3466]  eta: 0:12:32  lr: 0.000004  loss: 2.1155  time: 1.4606  data: 0.0001  max mem: 28182
Train Epoch: [6]  [3000/3466]  eta: 0:11:19  lr: 0.000004  loss: 1.8236  time: 1.4608  data: 0.0001  max mem: 28182
Train Epoch: [6]  [3050/3466]  eta: 0:10:06  lr: 0.000004  loss: 1.8558  time: 1.4558  data: 0.0001  max mem: 28182
Train Epoch: [6]  [3100/3466]  eta: 0:08:53  lr: 0.000004  loss: 1.7444  time: 1.4577  data: 0.0001  max mem: 28182
Train Epoch: [6]  [3150/3466]  eta: 0:07:40  lr: 0.000004  loss: 1.6076  time: 1.4575  data: 0.0001  max mem: 28182
Train Epoch: [6]  [3200/3466]  eta: 0:06:28  lr: 0.000004  loss: 1.5480  time: 1.4599  data: 0.0001  max mem: 28182
Train Epoch: [6]  [3250/3466]  eta: 0:05:15  lr: 0.000004  loss: 1.0706  time: 1.4595  data: 0.0001  max mem: 28182
Train Epoch: [6]  [3300/3466]  eta: 0:04:02  lr: 0.000004  loss: 2.1151  time: 1.4568  data: 0.0001  max mem: 28182
Train Epoch: [6]  [3350/3466]  eta: 0:02:49  lr: 0.000004  loss: 1.6661  time: 1.4517  data: 0.0001  max mem: 28182
Train Epoch: [6]  [3400/3466]  eta: 0:01:36  lr: 0.000004  loss: 2.7413  time: 1.4570  data: 0.0001  max mem: 28182
Train Epoch: [6]  [3450/3466]  eta: 0:00:23  lr: 0.000004  loss: 1.9617  time: 1.4617  data: 0.0001  max mem: 28182
Train Epoch: [6]  [3465/3466]  eta: 0:00:01  lr: 0.000004  loss: 1.6003  time: 1.4571  data: 0.0003  max mem: 28182
Train Epoch: [6] Total time: 1:24:16 (1.4588 s / it)
Averaged stats: lr: 0.0000  loss: 1.8921
Train Epoch: [7]  [   0/3466]  eta: 2:55:08  lr: 0.000002  loss: 1.6894  time: 3.0319  data: 1.4004  max mem: 28182
Train Epoch: [7]  [  50/3466]  eta: 1:24:26  lr: 0.000002  loss: 1.9633  time: 1.4524  data: 0.0001  max mem: 28182
Train Epoch: [7]  [ 100/3466]  eta: 1:22:17  lr: 0.000002  loss: 1.4403  time: 1.4517  data: 0.0001  max mem: 28182
Train Epoch: [7]  [ 150/3466]  eta: 1:20:47  lr: 0.000002  loss: 1.4548  time: 1.4515  data: 0.0001  max mem: 28182
Train Epoch: [7]  [ 200/3466]  eta: 1:19:29  lr: 0.000002  loss: 1.1658  time: 1.4583  data: 0.0001  max mem: 28182
Train Epoch: [7]  [ 250/3466]  eta: 1:18:14  lr: 0.000002  loss: 2.2586  time: 1.4566  data: 0.0001  max mem: 28182
Train Epoch: [7]  [ 300/3466]  eta: 1:16:57  lr: 0.000002  loss: 2.0319  time: 1.4524  data: 0.0001  max mem: 28182
Train Epoch: [7]  [ 350/3466]  eta: 1:15:43  lr: 0.000002  loss: 1.1061  time: 1.4579  data: 0.0001  max mem: 28182
Train Epoch: [7]  [ 400/3466]  eta: 1:14:30  lr: 0.000002  loss: 2.5880  time: 1.4589  data: 0.0001  max mem: 28182
Train Epoch: [7]  [ 450/3466]  eta: 1:13:17  lr: 0.000002  loss: 1.5871  time: 1.4546  data: 0.0001  max mem: 28182
Train Epoch: [7]  [ 500/3466]  eta: 1:12:04  lr: 0.000002  loss: 2.2345  time: 1.4614  data: 0.0001  max mem: 28182
Train Epoch: [7]  [ 550/3466]  eta: 1:10:50  lr: 0.000002  loss: 1.6362  time: 1.4541  data: 0.0001  max mem: 28182
Train Epoch: [7]  [ 600/3466]  eta: 1:09:36  lr: 0.000002  loss: 2.0137  time: 1.4548  data: 0.0001  max mem: 28182
Train Epoch: [7]  [ 650/3466]  eta: 1:08:23  lr: 0.000002  loss: 1.9618  time: 1.4535  data: 0.0001  max mem: 28182
Train Epoch: [7]  [ 700/3466]  eta: 1:07:10  lr: 0.000002  loss: 0.9287  time: 1.4572  data: 0.0001  max mem: 28182
Train Epoch: [7]  [ 750/3466]  eta: 1:05:57  lr: 0.000002  loss: 1.1094  time: 1.4603  data: 0.0001  max mem: 28182
Train Epoch: [7]  [ 800/3466]  eta: 1:04:45  lr: 0.000002  loss: 2.2015  time: 1.4548  data: 0.0001  max mem: 28182
Train Epoch: [7]  [ 850/3466]  eta: 1:03:32  lr: 0.000002  loss: 2.1618  time: 1.4605  data: 0.0001  max mem: 28182
Train Epoch: [7]  [ 900/3466]  eta: 1:02:20  lr: 0.000002  loss: 1.1561  time: 1.4643  data: 0.0001  max mem: 28182
Train Epoch: [7]  [ 950/3466]  eta: 1:01:07  lr: 0.000002  loss: 2.7426  time: 1.4614  data: 0.0001  max mem: 28182
Train Epoch: [7]  [1000/3466]  eta: 0:59:55  lr: 0.000002  loss: 1.0521  time: 1.4654  data: 0.0001  max mem: 28182
Train Epoch: [7]  [1050/3466]  eta: 0:58:42  lr: 0.000002  loss: 1.5325  time: 1.4580  data: 0.0001  max mem: 28182
Train Epoch: [7]  [1100/3466]  eta: 0:57:29  lr: 0.000002  loss: 2.6222  time: 1.4572  data: 0.0001  max mem: 28182
Train Epoch: [7]  [1150/3466]  eta: 0:56:16  lr: 0.000002  loss: 1.5751  time: 1.4578  data: 0.0001  max mem: 28182
Train Epoch: [7]  [1200/3466]  eta: 0:55:03  lr: 0.000002  loss: 2.1273  time: 1.4550  data: 0.0001  max mem: 28182
Train Epoch: [7]  [1250/3466]  eta: 0:53:51  lr: 0.000002  loss: 1.4400  time: 1.4629  data: 0.0001  max mem: 28182
Train Epoch: [7]  [1300/3466]  eta: 0:52:38  lr: 0.000002  loss: 1.6248  time: 1.4543  data: 0.0001  max mem: 28182
Train Epoch: [7]  [1350/3466]  eta: 0:51:25  lr: 0.000002  loss: 1.8782  time: 1.4601  data: 0.0001  max mem: 28182
Train Epoch: [7]  [1400/3466]  eta: 0:50:12  lr: 0.000002  loss: 2.3235  time: 1.4609  data: 0.0001  max mem: 28182
Train Epoch: [7]  [1450/3466]  eta: 0:48:59  lr: 0.000002  loss: 1.9927  time: 1.4595  data: 0.0001  max mem: 28182
Train Epoch: [7]  [1500/3466]  eta: 0:47:46  lr: 0.000002  loss: 1.5820  time: 1.4563  data: 0.0001  max mem: 28182
Train Epoch: [7]  [1550/3466]  eta: 0:46:33  lr: 0.000002  loss: 1.7779  time: 1.4556  data: 0.0001  max mem: 28182
Train Epoch: [7]  [1600/3466]  eta: 0:45:20  lr: 0.000002  loss: 1.7499  time: 1.4577  data: 0.0001  max mem: 28182
Train Epoch: [7]  [1650/3466]  eta: 0:44:08  lr: 0.000002  loss: 2.0138  time: 1.4630  data: 0.0001  max mem: 28182
Train Epoch: [7]  [1700/3466]  eta: 0:42:55  lr: 0.000002  loss: 1.3020  time: 1.4623  data: 0.0001  max mem: 28182
Train Epoch: [7]  [1750/3466]  eta: 0:41:42  lr: 0.000002  loss: 1.4466  time: 1.4549  data: 0.0001  max mem: 28182
Train Epoch: [7]  [1800/3466]  eta: 0:40:29  lr: 0.000002  loss: 2.3446  time: 1.4594  data: 0.0001  max mem: 28182
Train Epoch: [7]  [1850/3466]  eta: 0:39:16  lr: 0.000002  loss: 1.7874  time: 1.4622  data: 0.0001  max mem: 28182
Train Epoch: [7]  [1900/3466]  eta: 0:38:03  lr: 0.000002  loss: 2.6447  time: 1.4613  data: 0.0001  max mem: 28182
Train Epoch: [7]  [1950/3466]  eta: 0:36:50  lr: 0.000002  loss: 2.1400  time: 1.4602  data: 0.0001  max mem: 28182
Train Epoch: [7]  [2000/3466]  eta: 0:35:38  lr: 0.000002  loss: 1.7056  time: 1.4619  data: 0.0001  max mem: 28182
Train Epoch: [7]  [2050/3466]  eta: 0:34:25  lr: 0.000002  loss: 2.0378  time: 1.4590  data: 0.0001  max mem: 28182
Train Epoch: [7]  [2100/3466]  eta: 0:33:12  lr: 0.000002  loss: 1.8596  time: 1.4544  data: 0.0001  max mem: 28182
Train Epoch: [7]  [2150/3466]  eta: 0:31:59  lr: 0.000002  loss: 1.2697  time: 1.4550  data: 0.0001  max mem: 28182
Train Epoch: [7]  [2200/3466]  eta: 0:30:46  lr: 0.000002  loss: 1.0491  time: 1.4591  data: 0.0001  max mem: 28182
Train Epoch: [7]  [2250/3466]  eta: 0:29:33  lr: 0.000002  loss: 1.4799  time: 1.4533  data: 0.0001  max mem: 28182
Train Epoch: [7]  [2300/3466]  eta: 0:28:20  lr: 0.000002  loss: 2.0636  time: 1.4568  data: 0.0001  max mem: 28182
Train Epoch: [7]  [2350/3466]  eta: 0:27:07  lr: 0.000002  loss: 1.5713  time: 1.4602  data: 0.0001  max mem: 28182
Train Epoch: [7]  [2400/3466]  eta: 0:25:54  lr: 0.000002  loss: 2.0005  time: 1.4584  data: 0.0001  max mem: 28182
Train Epoch: [7]  [2450/3466]  eta: 0:24:41  lr: 0.000002  loss: 1.8146  time: 1.4567  data: 0.0001  max mem: 28182
Train Epoch: [7]  [2500/3466]  eta: 0:23:28  lr: 0.000002  loss: 2.3073  time: 1.4599  data: 0.0001  max mem: 28182
Train Epoch: [7]  [2550/3466]  eta: 0:22:15  lr: 0.000002  loss: 1.6750  time: 1.4587  data: 0.0001  max mem: 28182
Train Epoch: [7]  [2600/3466]  eta: 0:21:02  lr: 0.000002  loss: 1.2952  time: 1.4545  data: 0.0001  max mem: 28182
Train Epoch: [7]  [2650/3466]  eta: 0:19:49  lr: 0.000002  loss: 1.6055  time: 1.4549  data: 0.0001  max mem: 28182
Train Epoch: [7]  [2700/3466]  eta: 0:18:36  lr: 0.000002  loss: 1.7246  time: 1.4600  data: 0.0001  max mem: 28182
Train Epoch: [7]  [2750/3466]  eta: 0:17:24  lr: 0.000002  loss: 1.7323  time: 1.4533  data: 0.0001  max mem: 28182
Train Epoch: [7]  [2800/3466]  eta: 0:16:11  lr: 0.000002  loss: 1.4606  time: 1.4624  data: 0.0001  max mem: 28182
Train Epoch: [7]  [2850/3466]  eta: 0:14:58  lr: 0.000002  loss: 1.9244  time: 1.4579  data: 0.0001  max mem: 28182
Train Epoch: [7]  [2900/3466]  eta: 0:13:45  lr: 0.000002  loss: 1.6099  time: 1.4586  data: 0.0001  max mem: 28182
Train Epoch: [7]  [2950/3466]  eta: 0:12:32  lr: 0.000002  loss: 2.2294  time: 1.4584  data: 0.0001  max mem: 28182
Train Epoch: [7]  [3000/3466]  eta: 0:11:19  lr: 0.000002  loss: 1.6506  time: 1.4591  data: 0.0001  max mem: 28182
Train Epoch: [7]  [3050/3466]  eta: 0:10:06  lr: 0.000002  loss: 1.6024  time: 1.4562  data: 0.0001  max mem: 28182
Train Epoch: [7]  [3100/3466]  eta: 0:08:53  lr: 0.000002  loss: 1.9816  time: 1.4617  data: 0.0001  max mem: 28182
Train Epoch: [7]  [3150/3466]  eta: 0:07:40  lr: 0.000002  loss: 2.2076  time: 1.4541  data: 0.0001  max mem: 28182
Train Epoch: [7]  [3200/3466]  eta: 0:06:27  lr: 0.000002  loss: 2.4052  time: 1.4599  data: 0.0001  max mem: 28182
Train Epoch: [7]  [3250/3466]  eta: 0:05:14  lr: 0.000002  loss: 2.2681  time: 1.4557  data: 0.0001  max mem: 28182
Train Epoch: [7]  [3300/3466]  eta: 0:04:02  lr: 0.000002  loss: 1.8153  time: 1.4548  data: 0.0001  max mem: 28182
Train Epoch: [7]  [3350/3466]  eta: 0:02:49  lr: 0.000002  loss: 1.8631  time: 1.4592  data: 0.0001  max mem: 28182
Train Epoch: [7]  [3400/3466]  eta: 0:01:36  lr: 0.000002  loss: 1.6410  time: 1.4626  data: 0.0001  max mem: 28182
Train Epoch: [7]  [3450/3466]  eta: 0:00:23  lr: 0.000002  loss: 1.0680  time: 1.4588  data: 0.0001  max mem: 28182
Train Epoch: [7]  [3465/3466]  eta: 0:00:01  lr: 0.000002  loss: 1.3530  time: 1.4527  data: 0.0003  max mem: 28182
Train Epoch: [7] Total time: 1:24:14 (1.4583 s / it)
Averaged stats: lr: 0.0000  loss: 1.8535
Generate VQA test result:  [    0/12025]  eta: 4:36:09    time: 1.3779  data: 0.8099  max mem: 28182
Generate VQA test result:  [   50/12025]  eta: 1:17:57    time: 0.3733  data: 0.0002  max mem: 28182
Generate VQA test result:  [  100/12025]  eta: 1:16:04    time: 0.3763  data: 0.0002  max mem: 28182
Generate VQA test result:  [  150/12025]  eta: 1:15:04    time: 0.3730  data: 0.0001  max mem: 28182
Generate VQA test result:  [  200/12025]  eta: 1:14:27    time: 0.3705  data: 0.0002  max mem: 28182
Generate VQA test result:  [  250/12025]  eta: 1:13:56    time: 0.3736  data: 0.0002  max mem: 28182
Generate VQA test result:  [  300/12025]  eta: 1:13:33    time: 0.3738  data: 0.0001  max mem: 28182
Generate VQA test result:  [  350/12025]  eta: 1:13:11    time: 0.3729  data: 0.0002  max mem: 28182
Generate VQA test result:  [  400/12025]  eta: 1:12:47    time: 0.3720  data: 0.0002  max mem: 28182
Generate VQA test result:  [  450/12025]  eta: 1:12:25    time: 0.3734  data: 0.0002  max mem: 28182
Generate VQA test result:  [  500/12025]  eta: 1:12:06    time: 0.3746  data: 0.0002  max mem: 28182
Generate VQA test result:  [  550/12025]  eta: 1:11:46    time: 0.3741  data: 0.0001  max mem: 28182
Generate VQA test result:  [  600/12025]  eta: 1:11:26    time: 0.3770  data: 0.0002  max mem: 28182
Generate VQA test result:  [  650/12025]  eta: 1:11:08    time: 0.3759  data: 0.0001  max mem: 28182
Generate VQA test result:  [  700/12025]  eta: 1:10:49    time: 0.3736  data: 0.0002  max mem: 28182
Generate VQA test result:  [  750/12025]  eta: 1:10:32    time: 0.3787  data: 0.0002  max mem: 28182
Generate VQA test result:  [  800/12025]  eta: 1:10:14    time: 0.3745  data: 0.0002  max mem: 28182
Generate VQA test result:  [  850/12025]  eta: 1:09:55    time: 0.3755  data: 0.0002  max mem: 28182
Generate VQA test result:  [  900/12025]  eta: 1:09:37    time: 0.3759  data: 0.0001  max mem: 28182
Generate VQA test result:  [  950/12025]  eta: 1:09:20    time: 0.3788  data: 0.0002  max mem: 28182
Generate VQA test result:  [ 1000/12025]  eta: 1:09:01    time: 0.3738  data: 0.0002  max mem: 28182
Generate VQA test result:  [ 1050/12025]  eta: 1:08:43    time: 0.3763  data: 0.0002  max mem: 28182
Generate VQA test result:  [ 1100/12025]  eta: 1:08:24    time: 0.3742  data: 0.0002  max mem: 28182
Generate VQA test result:  [ 1150/12025]  eta: 1:08:05    time: 0.3743  data: 0.0002  max mem: 28182
Generate VQA test result:  [ 1200/12025]  eta: 1:07:46    time: 0.3760  data: 0.0002  max mem: 28182
Generate VQA test result:  [ 1250/12025]  eta: 1:07:28    time: 0.3780  data: 0.0002  max mem: 28182
Generate VQA test result:  [ 1300/12025]  eta: 1:07:09    time: 0.3756  data: 0.0001  max mem: 28182
Generate VQA test result:  [ 1350/12025]  eta: 1:06:50    time: 0.3744  data: 0.0002  max mem: 28182
Generate VQA test result:  [ 1400/12025]  eta: 1:06:31    time: 0.3776  data: 0.0002  max mem: 28182
Generate VQA test result:  [ 1450/12025]  eta: 1:06:12    time: 0.3775  data: 0.0001  max mem: 28182
Generate VQA test result:  [ 1500/12025]  eta: 1:05:53    time: 0.3781  data: 0.0002  max mem: 28182
Generate VQA test result:  [ 1550/12025]  eta: 1:05:34    time: 0.3751  data: 0.0002  max mem: 28182
Generate VQA test result:  [ 1600/12025]  eta: 1:05:16    time: 0.3787  data: 0.0002  max mem: 28182
Generate VQA test result:  [ 1650/12025]  eta: 1:04:57    time: 0.3763  data: 0.0002  max mem: 28182
Generate VQA test result:  [ 1700/12025]  eta: 1:04:39    time: 0.3797  data: 0.0002  max mem: 28182
Generate VQA test result:  [ 1750/12025]  eta: 1:04:20    time: 0.3761  data: 0.0002  max mem: 28182
Generate VQA test result:  [ 1800/12025]  eta: 1:04:02    time: 0.3771  data: 0.0002  max mem: 28182
Generate VQA test result:  [ 1850/12025]  eta: 1:03:43    time: 0.3793  data: 0.0001  max mem: 28182
Generate VQA test result:  [ 1900/12025]  eta: 1:03:25    time: 0.3783  data: 0.0002  max mem: 28182
Generate VQA test result:  [ 1950/12025]  eta: 1:03:06    time: 0.3772  data: 0.0002  max mem: 28182
Generate VQA test result:  [ 2000/12025]  eta: 1:02:48    time: 0.3760  data: 0.0002  max mem: 28182
Generate VQA test result:  [ 2050/12025]  eta: 1:02:28    time: 0.3726  data: 0.0002  max mem: 28182
Generate VQA test result:  [ 2100/12025]  eta: 1:02:09    time: 0.3744  data: 0.0002  max mem: 28182
Generate VQA test result:  [ 2150/12025]  eta: 1:01:50    time: 0.3762  data: 0.0001  max mem: 28182
Generate VQA test result:  [ 2200/12025]  eta: 1:01:31    time: 0.3759  data: 0.0002  max mem: 28182
Generate VQA test result:  [ 2250/12025]  eta: 1:01:12    time: 0.3777  data: 0.0002  max mem: 28182
Generate VQA test result:  [ 2300/12025]  eta: 1:00:53    time: 0.3721  data: 0.0002  max mem: 28182
Generate VQA test result:  [ 2350/12025]  eta: 1:00:35    time: 0.3764  data: 0.0002  max mem: 28182
Generate VQA test result:  [ 2400/12025]  eta: 1:00:16    time: 0.3741  data: 0.0002  max mem: 28182
Generate VQA test result:  [ 2450/12025]  eta: 0:59:57    time: 0.3780  data: 0.0002  max mem: 28182
Generate VQA test result:  [ 2500/12025]  eta: 0:59:39    time: 0.3792  data: 0.0002  max mem: 28182
Generate VQA test result:  [ 2550/12025]  eta: 0:59:21    time: 0.3775  data: 0.0002  max mem: 28182
Generate VQA test result:  [ 2600/12025]  eta: 0:59:02    time: 0.3801  data: 0.0002  max mem: 28182
Generate VQA test result:  [ 2650/12025]  eta: 0:58:44    time: 0.3765  data: 0.0002  max mem: 28182
Generate VQA test result:  [ 2700/12025]  eta: 0:58:26    time: 0.3755  data: 0.0001  max mem: 28182
Generate VQA test result:  [ 2750/12025]  eta: 0:58:06    time: 0.3730  data: 0.0001  max mem: 28182
Generate VQA test result:  [ 2800/12025]  eta: 0:57:48    time: 0.3768  data: 0.0002  max mem: 28182
Generate VQA test result:  [ 2850/12025]  eta: 0:57:29    time: 0.3745  data: 0.0002  max mem: 28182
Generate VQA test result:  [ 2900/12025]  eta: 0:57:10    time: 0.3743  data: 0.0002  max mem: 28182
Generate VQA test result:  [ 2950/12025]  eta: 0:56:51    time: 0.3736  data: 0.0001  max mem: 28182
Generate VQA test result:  [ 3000/12025]  eta: 0:56:32    time: 0.3764  data: 0.0002  max mem: 28182
Generate VQA test result:  [ 3050/12025]  eta: 0:56:14    time: 0.3774  data: 0.0002  max mem: 28182
Generate VQA test result:  [ 3100/12025]  eta: 0:55:55    time: 0.3736  data: 0.0002  max mem: 28182
Generate VQA test result:  [ 3150/12025]  eta: 0:55:36    time: 0.3750  data: 0.0002  max mem: 28182
Generate VQA test result:  [ 3200/12025]  eta: 0:55:17    time: 0.3738  data: 0.0002  max mem: 28182
Generate VQA test result:  [ 3250/12025]  eta: 0:54:58    time: 0.3758  data: 0.0002  max mem: 28182
Generate VQA test result:  [ 3300/12025]  eta: 0:54:39    time: 0.3762  data: 0.0002  max mem: 28182
Generate VQA test result:  [ 3350/12025]  eta: 0:54:20    time: 0.3761  data: 0.0001  max mem: 28182
Generate VQA test result:  [ 3400/12025]  eta: 0:54:02    time: 0.3768  data: 0.0002  max mem: 28182
Generate VQA test result:  [ 3450/12025]  eta: 0:53:43    time: 0.3762  data: 0.0001  max mem: 28182
Generate VQA test result:  [ 3500/12025]  eta: 0:53:24    time: 0.3733  data: 0.0002  max mem: 28182
Generate VQA test result:  [ 3550/12025]  eta: 0:53:05    time: 0.3761  data: 0.0002  max mem: 28182
Generate VQA test result:  [ 3600/12025]  eta: 0:52:46    time: 0.3728  data: 0.0002  max mem: 28182
Generate VQA test result:  [ 3650/12025]  eta: 0:52:27    time: 0.3724  data: 0.0002  max mem: 28182
Generate VQA test result:  [ 3700/12025]  eta: 0:52:08    time: 0.3732  data: 0.0002  max mem: 28182
Generate VQA test result:  [ 3750/12025]  eta: 0:51:49    time: 0.3771  data: 0.0002  max mem: 28182
Generate VQA test result:  [ 3800/12025]  eta: 0:51:31    time: 0.3729  data: 0.0002  max mem: 28182
Generate VQA test result:  [ 3850/12025]  eta: 0:51:12    time: 0.3771  data: 0.0002  max mem: 28182
Generate VQA test result:  [ 3900/12025]  eta: 0:50:53    time: 0.3749  data: 0.0001  max mem: 28182
Generate VQA test result:  [ 3950/12025]  eta: 0:50:34    time: 0.3753  data: 0.0002  max mem: 28182
Generate VQA test result:  [ 4000/12025]  eta: 0:50:15    time: 0.3784  data: 0.0002  max mem: 28182
Generate VQA test result:  [ 4050/12025]  eta: 0:49:56    time: 0.3747  data: 0.0002  max mem: 28182
Generate VQA test result:  [ 4100/12025]  eta: 0:49:38    time: 0.3762  data: 0.0001  max mem: 28182
Generate VQA test result:  [ 4150/12025]  eta: 0:49:19    time: 0.3749  data: 0.0002  max mem: 28182
Generate VQA test result:  [ 4200/12025]  eta: 0:49:00    time: 0.3741  data: 0.0002  max mem: 28182
Generate VQA test result:  [ 4250/12025]  eta: 0:48:41    time: 0.3756  data: 0.0002  max mem: 28182
Generate VQA test result:  [ 4300/12025]  eta: 0:48:22    time: 0.3740  data: 0.0002  max mem: 28182
Generate VQA test result:  [ 4350/12025]  eta: 0:48:03    time: 0.3741  data: 0.0001  max mem: 28182
Generate VQA test result:  [ 4400/12025]  eta: 0:47:44    time: 0.3746  data: 0.0002  max mem: 28182
Generate VQA test result:  [ 4450/12025]  eta: 0:47:25    time: 0.3745  data: 0.0002  max mem: 28182
Generate VQA test result:  [ 4500/12025]  eta: 0:47:07    time: 0.3738  data: 0.0001  max mem: 28182
Generate VQA test result:  [ 4550/12025]  eta: 0:46:48    time: 0.3761  data: 0.0002  max mem: 28182
Generate VQA test result:  [ 4600/12025]  eta: 0:46:29    time: 0.3757  data: 0.0002  max mem: 28182
Generate VQA test result:  [ 4650/12025]  eta: 0:46:10    time: 0.3740  data: 0.0001  max mem: 28182
Generate VQA test result:  [ 4700/12025]  eta: 0:45:51    time: 0.3764  data: 0.0002  max mem: 28182
Generate VQA test result:  [ 4750/12025]  eta: 0:45:32    time: 0.3754  data: 0.0002  max mem: 28182
Generate VQA test result:  [ 4800/12025]  eta: 0:45:14    time: 0.3740  data: 0.0002  max mem: 28182
Generate VQA test result:  [ 4850/12025]  eta: 0:44:55    time: 0.3725  data: 0.0002  max mem: 28182
Generate VQA test result:  [ 4900/12025]  eta: 0:44:36    time: 0.3727  data: 0.0001  max mem: 28182
Generate VQA test result:  [ 4950/12025]  eta: 0:44:17    time: 0.3726  data: 0.0002  max mem: 28182
Generate VQA test result:  [ 5000/12025]  eta: 0:43:58    time: 0.3737  data: 0.0002  max mem: 28182
Generate VQA test result:  [ 5050/12025]  eta: 0:43:39    time: 0.3749  data: 0.0002  max mem: 28182
Generate VQA test result:  [ 5100/12025]  eta: 0:43:20    time: 0.3781  data: 0.0002  max mem: 28182
Generate VQA test result:  [ 5150/12025]  eta: 0:43:01    time: 0.3757  data: 0.0002  max mem: 28182
Generate VQA test result:  [ 5200/12025]  eta: 0:42:43    time: 0.3749  data: 0.0002  max mem: 28182
Generate VQA test result:  [ 5250/12025]  eta: 0:42:24    time: 0.3767  data: 0.0002  max mem: 28182
Generate VQA test result:  [ 5300/12025]  eta: 0:42:05    time: 0.3708  data: 0.0002  max mem: 28182
Generate VQA test result:  [ 5350/12025]  eta: 0:41:46    time: 0.3719  data: 0.0001  max mem: 28182
Generate VQA test result:  [ 5400/12025]  eta: 0:41:27    time: 0.3761  data: 0.0001  max mem: 28182
Generate VQA test result:  [ 5450/12025]  eta: 0:41:08    time: 0.3749  data: 0.0002  max mem: 28182
Generate VQA test result:  [ 5500/12025]  eta: 0:40:50    time: 0.3748  data: 0.0002  max mem: 28182
Generate VQA test result:  [ 5550/12025]  eta: 0:40:31    time: 0.3734  data: 0.0002  max mem: 28182
Generate VQA test result:  [ 5600/12025]  eta: 0:40:12    time: 0.3742  data: 0.0002  max mem: 28182
Generate VQA test result:  [ 5650/12025]  eta: 0:39:53    time: 0.3717  data: 0.0002  max mem: 28182
Generate VQA test result:  [ 5700/12025]  eta: 0:39:34    time: 0.3737  data: 0.0002  max mem: 28182
Generate VQA test result:  [ 5750/12025]  eta: 0:39:15    time: 0.3740  data: 0.0002  max mem: 28182
Generate VQA test result:  [ 5800/12025]  eta: 0:38:57    time: 0.3736  data: 0.0002  max mem: 28182
Generate VQA test result:  [ 5850/12025]  eta: 0:38:38    time: 0.3781  data: 0.0002  max mem: 28182
Generate VQA test result:  [ 5900/12025]  eta: 0:38:19    time: 0.3738  data: 0.0002  max mem: 28182
Generate VQA test result:  [ 5950/12025]  eta: 0:38:00    time: 0.3759  data: 0.0002  max mem: 28182
Generate VQA test result:  [ 6000/12025]  eta: 0:37:42    time: 0.3765  data: 0.0002  max mem: 28182
Generate VQA test result:  [ 6050/12025]  eta: 0:37:23    time: 0.3759  data: 0.0002  max mem: 28182
Generate VQA test result:  [ 6100/12025]  eta: 0:37:04    time: 0.3741  data: 0.0001  max mem: 28182
Generate VQA test result:  [ 6150/12025]  eta: 0:36:45    time: 0.3747  data: 0.0002  max mem: 28182
Generate VQA test result:  [ 6200/12025]  eta: 0:36:26    time: 0.3738  data: 0.0002  max mem: 28182
Generate VQA test result:  [ 6250/12025]  eta: 0:36:08    time: 0.3752  data: 0.0002  max mem: 28182
Generate VQA test result:  [ 6300/12025]  eta: 0:35:49    time: 0.3751  data: 0.0002  max mem: 28182
Generate VQA test result:  [ 6350/12025]  eta: 0:35:30    time: 0.3758  data: 0.0002  max mem: 28182
Generate VQA test result:  [ 6400/12025]  eta: 0:35:11    time: 0.3762  data: 0.0001  max mem: 28182
Generate VQA test result:  [ 6450/12025]  eta: 0:34:52    time: 0.3765  data: 0.0002  max mem: 28182
Generate VQA test result:  [ 6500/12025]  eta: 0:34:34    time: 0.3741  data: 0.0002  max mem: 28182
Generate VQA test result:  [ 6550/12025]  eta: 0:34:15    time: 0.3758  data: 0.0002  max mem: 28182
Generate VQA test result:  [ 6600/12025]  eta: 0:33:56    time: 0.3762  data: 0.0001  max mem: 28182
Generate VQA test result:  [ 6650/12025]  eta: 0:33:37    time: 0.3753  data: 0.0002  max mem: 28182
Generate VQA test result:  [ 6700/12025]  eta: 0:33:19    time: 0.3728  data: 0.0002  max mem: 28182
Generate VQA test result:  [ 6750/12025]  eta: 0:33:00    time: 0.3748  data: 0.0002  max mem: 28182
Generate VQA test result:  [ 6800/12025]  eta: 0:32:41    time: 0.3749  data: 0.0002  max mem: 28182
Generate VQA test result:  [ 6850/12025]  eta: 0:32:22    time: 0.3741  data: 0.0002  max mem: 28182
Generate VQA test result:  [ 6900/12025]  eta: 0:32:03    time: 0.3744  data: 0.0002  max mem: 28182
Generate VQA test result:  [ 6950/12025]  eta: 0:31:45    time: 0.3759  data: 0.0002  max mem: 28182
Generate VQA test result:  [ 7000/12025]  eta: 0:31:26    time: 0.3774  data: 0.0002  max mem: 28182
Generate VQA test result:  [ 7050/12025]  eta: 0:31:07    time: 0.3781  data: 0.0002  max mem: 28182
Generate VQA test result:  [ 7100/12025]  eta: 0:30:48    time: 0.3747  data: 0.0002  max mem: 28182
Generate VQA test result:  [ 7150/12025]  eta: 0:30:30    time: 0.3774  data: 0.0002  max mem: 28182
Generate VQA test result:  [ 7200/12025]  eta: 0:30:11    time: 0.3740  data: 0.0002  max mem: 28182
Generate VQA test result:  [ 7250/12025]  eta: 0:29:52    time: 0.3736  data: 0.0002  max mem: 28182
Generate VQA test result:  [ 7300/12025]  eta: 0:29:33    time: 0.3764  data: 0.0002  max mem: 28182
Generate VQA test result:  [ 7350/12025]  eta: 0:29:14    time: 0.3768  data: 0.0002  max mem: 28182
Generate VQA test result:  [ 7400/12025]  eta: 0:28:56    time: 0.3765  data: 0.0002  max mem: 28182
Generate VQA test result:  [ 7450/12025]  eta: 0:28:37    time: 0.3748  data: 0.0001  max mem: 28182
Generate VQA test result:  [ 7500/12025]  eta: 0:28:18    time: 0.3755  data: 0.0002  max mem: 28182
Generate VQA test result:  [ 7550/12025]  eta: 0:27:59    time: 0.3760  data: 0.0002  max mem: 28182
Generate VQA test result:  [ 7600/12025]  eta: 0:27:41    time: 0.3730  data: 0.0002  max mem: 28182
Generate VQA test result:  [ 7650/12025]  eta: 0:27:22    time: 0.3732  data: 0.0002  max mem: 28182
Generate VQA test result:  [ 7700/12025]  eta: 0:27:03    time: 0.3721  data: 0.0001  max mem: 28182
Generate VQA test result:  [ 7750/12025]  eta: 0:26:44    time: 0.3759  data: 0.0002  max mem: 28182
Generate VQA test result:  [ 7800/12025]  eta: 0:26:25    time: 0.3736  data: 0.0002  max mem: 28182
Generate VQA test result:  [ 7850/12025]  eta: 0:26:07    time: 0.3741  data: 0.0002  max mem: 28182
Generate VQA test result:  [ 7900/12025]  eta: 0:25:48    time: 0.3740  data: 0.0002  max mem: 28182
Generate VQA test result:  [ 7950/12025]  eta: 0:25:29    time: 0.3758  data: 0.0002  max mem: 28182
Generate VQA test result:  [ 8000/12025]  eta: 0:25:10    time: 0.3766  data: 0.0002  max mem: 28182
Generate VQA test result:  [ 8050/12025]  eta: 0:24:52    time: 0.3747  data: 0.0001  max mem: 28182
Generate VQA test result:  [ 8100/12025]  eta: 0:24:33    time: 0.3755  data: 0.0001  max mem: 28182
Generate VQA test result:  [ 8150/12025]  eta: 0:24:14    time: 0.3725  data: 0.0002  max mem: 28182
Generate VQA test result:  [ 8200/12025]  eta: 0:23:55    time: 0.3764  data: 0.0002  max mem: 28182
Generate VQA test result:  [ 8250/12025]  eta: 0:23:36    time: 0.3745  data: 0.0002  max mem: 28182
Generate VQA test result:  [ 8300/12025]  eta: 0:23:18    time: 0.3751  data: 0.0002  max mem: 28182
Generate VQA test result:  [ 8350/12025]  eta: 0:22:59    time: 0.3723  data: 0.0002  max mem: 28182
Generate VQA test result:  [ 8400/12025]  eta: 0:22:40    time: 0.3755  data: 0.0002  max mem: 28182
Generate VQA test result:  [ 8450/12025]  eta: 0:22:21    time: 0.3753  data: 0.0002  max mem: 28182
Generate VQA test result:  [ 8500/12025]  eta: 0:22:02    time: 0.3733  data: 0.0002  max mem: 28182
Generate VQA test result:  [ 8550/12025]  eta: 0:21:44    time: 0.3749  data: 0.0002  max mem: 28182
Generate VQA test result:  [ 8600/12025]  eta: 0:21:25    time: 0.3742  data: 0.0002  max mem: 28182
Generate VQA test result:  [ 8650/12025]  eta: 0:21:06    time: 0.3751  data: 0.0002  max mem: 28182
Generate VQA test result:  [ 8700/12025]  eta: 0:20:47    time: 0.3743  data: 0.0002  max mem: 28182
Generate VQA test result:  [ 8750/12025]  eta: 0:20:29    time: 0.3772  data: 0.0002  max mem: 28182
Generate VQA test result:  [ 8800/12025]  eta: 0:20:10    time: 0.3784  data: 0.0002  max mem: 28182
Generate VQA test result:  [ 8850/12025]  eta: 0:19:51    time: 0.3770  data: 0.0002  max mem: 28182
Generate VQA test result:  [ 8900/12025]  eta: 0:19:32    time: 0.3750  data: 0.0002  max mem: 28182
Generate VQA test result:  [ 8950/12025]  eta: 0:19:14    time: 0.3777  data: 0.0002  max mem: 28182
Generate VQA test result:  [ 9000/12025]  eta: 0:18:55    time: 0.3756  data: 0.0001  max mem: 28182
Generate VQA test result:  [ 9050/12025]  eta: 0:18:36    time: 0.3771  data: 0.0002  max mem: 28182
Generate VQA test result:  [ 9100/12025]  eta: 0:18:17    time: 0.3770  data: 0.0002  max mem: 28182
Generate VQA test result:  [ 9150/12025]  eta: 0:17:59    time: 0.3739  data: 0.0002  max mem: 28182
Generate VQA test result:  [ 9200/12025]  eta: 0:17:40    time: 0.3754  data: 0.0002  max mem: 28182
Generate VQA test result:  [ 9250/12025]  eta: 0:17:21    time: 0.3757  data: 0.0001  max mem: 28182
Generate VQA test result:  [ 9300/12025]  eta: 0:17:02    time: 0.3734  data: 0.0002  max mem: 28182
Generate VQA test result:  [ 9350/12025]  eta: 0:16:43    time: 0.3722  data: 0.0002  max mem: 28182
Generate VQA test result:  [ 9400/12025]  eta: 0:16:25    time: 0.3780  data: 0.0001  max mem: 28182
Generate VQA test result:  [ 9450/12025]  eta: 0:16:06    time: 0.3741  data: 0.0002  max mem: 28182
Generate VQA test result:  [ 9500/12025]  eta: 0:15:47    time: 0.3791  data: 0.0002  max mem: 28182
Generate VQA test result:  [ 9550/12025]  eta: 0:15:28    time: 0.3756  data: 0.0002  max mem: 28182
Generate VQA test result:  [ 9600/12025]  eta: 0:15:10    time: 0.3750  data: 0.0002  max mem: 28182
Generate VQA test result:  [ 9650/12025]  eta: 0:14:51    time: 0.3782  data: 0.0001  max mem: 28182
Generate VQA test result:  [ 9700/12025]  eta: 0:14:32    time: 0.3737  data: 0.0002  max mem: 28182
Generate VQA test result:  [ 9750/12025]  eta: 0:14:13    time: 0.3757  data: 0.0002  max mem: 28182
Generate VQA test result:  [ 9800/12025]  eta: 0:13:55    time: 0.3728  data: 0.0001  max mem: 28182
Generate VQA test result:  [ 9850/12025]  eta: 0:13:36    time: 0.3757  data: 0.0002  max mem: 28182
Generate VQA test result:  [ 9900/12025]  eta: 0:13:17    time: 0.3757  data: 0.0001  max mem: 28182
Generate VQA test result:  [ 9950/12025]  eta: 0:12:58    time: 0.3762  data: 0.0001  max mem: 28182
Generate VQA test result:  [10000/12025]  eta: 0:12:39    time: 0.3741  data: 0.0002  max mem: 28182
Generate VQA test result:  [10050/12025]  eta: 0:12:21    time: 0.3726  data: 0.0002  max mem: 28182
Generate VQA test result:  [10100/12025]  eta: 0:12:02    time: 0.3782  data: 0.0002  max mem: 28182
Generate VQA test result:  [10150/12025]  eta: 0:11:43    time: 0.3749  data: 0.0002  max mem: 28182
Generate VQA test result:  [10200/12025]  eta: 0:11:24    time: 0.3762  data: 0.0002  max mem: 28182
Generate VQA test result:  [10250/12025]  eta: 0:11:06    time: 0.3767  data: 0.0002  max mem: 28182
Generate VQA test result:  [10300/12025]  eta: 0:10:47    time: 0.3745  data: 0.0002  max mem: 28182
Generate VQA test result:  [10350/12025]  eta: 0:10:28    time: 0.3731  data: 0.0002  max mem: 28182
Generate VQA test result:  [10400/12025]  eta: 0:10:09    time: 0.3724  data: 0.0001  max mem: 28182
Generate VQA test result:  [10450/12025]  eta: 0:09:51    time: 0.3724  data: 0.0002  max mem: 28182
Generate VQA test result:  [10500/12025]  eta: 0:09:32    time: 0.3753  data: 0.0002  max mem: 28182
Generate VQA test result:  [10550/12025]  eta: 0:09:13    time: 0.3756  data: 0.0002  max mem: 28182
Generate VQA test result:  [10600/12025]  eta: 0:08:54    time: 0.3734  data: 0.0002  max mem: 28182
Generate VQA test result:  [10650/12025]  eta: 0:08:36    time: 0.3741  data: 0.0002  max mem: 28182
Generate VQA test result:  [10700/12025]  eta: 0:08:17    time: 0.3737  data: 0.0002  max mem: 28182
Generate VQA test result:  [10750/12025]  eta: 0:07:58    time: 0.3749  data: 0.0001  max mem: 28182
Generate VQA test result:  [10800/12025]  eta: 0:07:39    time: 0.3740  data: 0.0002  max mem: 28182
Generate VQA test result:  [10850/12025]  eta: 0:07:20    time: 0.3729  data: 0.0002  max mem: 28182
Generate VQA test result:  [10900/12025]  eta: 0:07:02    time: 0.3762  data: 0.0002  max mem: 28182
Generate VQA test result:  [10950/12025]  eta: 0:06:43    time: 0.3743  data: 0.0002  max mem: 28182
Generate VQA test result:  [11000/12025]  eta: 0:06:24    time: 0.3752  data: 0.0002  max mem: 28182
Generate VQA test result:  [11050/12025]  eta: 0:06:05    time: 0.3754  data: 0.0002  max mem: 28182
Generate VQA test result:  [11100/12025]  eta: 0:05:47    time: 0.3742  data: 0.0002  max mem: 28182
Generate VQA test result:  [11150/12025]  eta: 0:05:28    time: 0.3737  data: 0.0002  max mem: 28182
Generate VQA test result:  [11200/12025]  eta: 0:05:09    time: 0.3782  data: 0.0002  max mem: 28182
Generate VQA test result:  [11250/12025]  eta: 0:04:50    time: 0.3773  data: 0.0002  max mem: 28182
Generate VQA test result:  [11300/12025]  eta: 0:04:32    time: 0.3766  data: 0.0002  max mem: 28182
Generate VQA test result:  [11350/12025]  eta: 0:04:13    time: 0.3736  data: 0.0002  max mem: 28182
Generate VQA test result:  [11400/12025]  eta: 0:03:54    time: 0.3759  data: 0.0002  max mem: 28182
Generate VQA test result:  [11450/12025]  eta: 0:03:35    time: 0.3756  data: 0.0002  max mem: 28182
Generate VQA test result:  [11500/12025]  eta: 0:03:17    time: 0.3757  data: 0.0001  max mem: 28182
Generate VQA test result:  [11550/12025]  eta: 0:02:58    time: 0.3763  data: 0.0002  max mem: 28182
Generate VQA test result:  [11600/12025]  eta: 0:02:39    time: 0.3733  data: 0.0001  max mem: 28182
Generate VQA test result:  [11650/12025]  eta: 0:02:20    time: 0.3731  data: 0.0002  max mem: 28182
Generate VQA test result:  [11700/12025]  eta: 0:02:01    time: 0.3713  data: 0.0002  max mem: 28182
Generate VQA test result:  [11750/12025]  eta: 0:01:43    time: 0.3758  data: 0.0001  max mem: 28182
Generate VQA test result:  [11800/12025]  eta: 0:01:24    time: 0.3775  data: 0.0002  max mem: 28182
Generate VQA test result:  [11850/12025]  eta: 0:01:05    time: 0.3765  data: 0.0001  max mem: 28182
Generate VQA test result:  [11900/12025]  eta: 0:00:46    time: 0.3768  data: 0.0002  max mem: 28182
Generate VQA test result:  [11950/12025]  eta: 0:00:28    time: 0.3767  data: 0.0002  max mem: 28182
Generate VQA test result:  [12000/12025]  eta: 0:00:09    time: 0.3758  data: 0.0002  max mem: 28182
Generate VQA test result:  [12024/12025]  eta: 0:00:00    time: 0.3596  data: 0.0006  max mem: 28182
Generate VQA test result: Total time: 1:15:13 (0.3753 s / it)
result file saved to /projects/nlp/data/data/multimodal-gender-bias/outputs/VQA/albef_4m/result/vqa_result_epoch7.json
Training time 12:32:33
