| distributed init (rank 2): env://
| distributed init (rank 3): env://
| distributed init (rank 0): env://
| distributed init (rank 1): env://
Creating dataset
Creating model
reshape position embedding from 256 to 576
reshape position embedding from 256 to 576
load checkpoint from /projects/nlp/data/data/multimodal-gender-bias/checkpoints/ALBEF_4M.pth
_IncompatibleKeys(missing_keys=['cls_head.0.weight', 'cls_head.0.bias', 'cls_head.2.weight', 'cls_head.2.bias', 'cls_head_m.0.weight', 'cls_head_m.0.bias', 'cls_head_m.2.weight', 'cls_head_m.2.bias'], unexpected_keys=['temp', 'image_queue', 'text_queue', 'queue_ptr', 'vision_proj.weight', 'vision_proj.bias', 'text_proj.weight', 'text_proj.bias', 'itm_head.weight', 'itm_head.bias', 'vision_proj_m.weight', 'vision_proj_m.bias', 'text_proj_m.weight', 'text_proj_m.bias', 'text_encoder.cls.predictions.bias', 'text_encoder.cls.predictions.transform.dense.weight', 'text_encoder.cls.predictions.transform.dense.bias', 'text_encoder.cls.predictions.transform.LayerNorm.weight', 'text_encoder.cls.predictions.transform.LayerNorm.bias', 'text_encoder.cls.predictions.decoder.weight', 'text_encoder.cls.predictions.decoder.bias', 'text_encoder_m.cls.predictions.bias', 'text_encoder_m.cls.predictions.transform.dense.weight', 'text_encoder_m.cls.predictions.transform.dense.bias', 'text_encoder_m.cls.predictions.transform.LayerNorm.weight', 'text_encoder_m.cls.predictions.transform.LayerNorm.bias', 'text_encoder_m.cls.predictions.decoder.weight', 'text_encoder_m.cls.predictions.decoder.bias'])
Start training
Train Epoch: [0]  [   0/1349]  eta: 3:18:55  lr: 0.000010  loss: 0.6907  time: 8.8473  data: 2.9312  max mem: 22212
Train Epoch: [0]  [  50/1349]  eta: 0:34:16  lr: 0.000010  loss: 0.7101  time: 1.4377  data: 0.0001  max mem: 25468
Train Epoch: [0]  [ 100/1349]  eta: 0:31:30  lr: 0.000010  loss: 0.7103  time: 1.4439  data: 0.0001  max mem: 25468
Train Epoch: [0]  [ 150/1349]  eta: 0:29:47  lr: 0.000020  loss: 0.6015  time: 1.4454  data: 0.0001  max mem: 25468
Train Epoch: [0]  [ 200/1349]  eta: 0:28:21  lr: 0.000020  loss: 0.6975  time: 1.4539  data: 0.0001  max mem: 25468
Train Epoch: [0]  [ 250/1349]  eta: 0:27:00  lr: 0.000020  loss: 0.6333  time: 1.4501  data: 0.0001  max mem: 25468
Train Epoch: [0]  [ 300/1349]  eta: 0:25:43  lr: 0.000020  loss: 0.7462  time: 1.4545  data: 0.0001  max mem: 25468
Train Epoch: [0]  [ 350/1349]  eta: 0:24:27  lr: 0.000020  loss: 0.5828  time: 1.4522  data: 0.0001  max mem: 25546
Train Epoch: [0]  [ 400/1349]  eta: 0:23:12  lr: 0.000020  loss: 0.5828  time: 1.4578  data: 0.0001  max mem: 25546
Train Epoch: [0]  [ 450/1349]  eta: 0:21:57  lr: 0.000020  loss: 0.6241  time: 1.4571  data: 0.0001  max mem: 25546
Train Epoch: [0]  [ 500/1349]  eta: 0:20:43  lr: 0.000020  loss: 0.5668  time: 1.4584  data: 0.0001  max mem: 25546
Train Epoch: [0]  [ 550/1349]  eta: 0:19:29  lr: 0.000020  loss: 0.6477  time: 1.4544  data: 0.0001  max mem: 25546
Train Epoch: [0]  [ 600/1349]  eta: 0:18:15  lr: 0.000020  loss: 0.5999  time: 1.4512  data: 0.0001  max mem: 25546
Train Epoch: [0]  [ 650/1349]  eta: 0:17:02  lr: 0.000020  loss: 0.5581  time: 1.4555  data: 0.0001  max mem: 25546
Train Epoch: [0]  [ 700/1349]  eta: 0:15:48  lr: 0.000020  loss: 0.4485  time: 1.4585  data: 0.0001  max mem: 25546
Train Epoch: [0]  [ 750/1349]  eta: 0:14:35  lr: 0.000020  loss: 0.5057  time: 1.4546  data: 0.0001  max mem: 25546
Train Epoch: [0]  [ 800/1349]  eta: 0:13:22  lr: 0.000020  loss: 0.5817  time: 1.4546  data: 0.0001  max mem: 25546
Train Epoch: [0]  [ 850/1349]  eta: 0:12:08  lr: 0.000020  loss: 0.6161  time: 1.4532  data: 0.0001  max mem: 25557
Train Epoch: [0]  [ 900/1349]  eta: 0:10:55  lr: 0.000020  loss: 0.6464  time: 1.4535  data: 0.0001  max mem: 25557
Train Epoch: [0]  [ 950/1349]  eta: 0:09:42  lr: 0.000020  loss: 0.5475  time: 1.4561  data: 0.0001  max mem: 25557
Train Epoch: [0]  [1000/1349]  eta: 0:08:29  lr: 0.000020  loss: 0.7315  time: 1.4549  data: 0.0001  max mem: 25557
Train Epoch: [0]  [1050/1349]  eta: 0:07:16  lr: 0.000020  loss: 0.5865  time: 1.4582  data: 0.0001  max mem: 25557
Train Epoch: [0]  [1100/1349]  eta: 0:06:03  lr: 0.000020  loss: 0.6016  time: 1.4542  data: 0.0001  max mem: 25557
Train Epoch: [0]  [1150/1349]  eta: 0:04:50  lr: 0.000020  loss: 0.5823  time: 1.4551  data: 0.0001  max mem: 25557
Train Epoch: [0]  [1200/1349]  eta: 0:03:37  lr: 0.000020  loss: 0.5989  time: 1.4556  data: 0.0001  max mem: 25557
Train Epoch: [0]  [1250/1349]  eta: 0:02:24  lr: 0.000020  loss: 0.6186  time: 1.4557  data: 0.0001  max mem: 25557
Train Epoch: [0]  [1300/1349]  eta: 0:01:11  lr: 0.000020  loss: 0.4220  time: 1.4599  data: 0.0001  max mem: 25557
Train Epoch: [0]  [1348/1349]  eta: 0:00:01  lr: 0.000020  loss: 0.4560  time: 1.4503  data: 0.0002  max mem: 25557
Train Epoch: [0] Total time: 0:32:48 (1.4592 s / it)
Averaged stats: lr: 0.0000  loss: 0.5827
Evaluation:  [  0/110]  eta: 0:02:45  acc: 0.8125 (0.8125)  time: 1.5048  data: 1.0989  max mem: 25557
Evaluation:  [ 50/110]  eta: 0:00:23  acc: 0.6875 (0.7353)  time: 0.3630  data: 0.0002  max mem: 25557
Evaluation:  [100/110]  eta: 0:00:03  acc: 0.6875 (0.7413)  time: 0.3630  data: 0.0002  max mem: 25557
Evaluation:  [109/110]  eta: 0:00:00  acc: 0.7500 (0.7423)  time: 0.3468  data: 0.0002  max mem: 25557
Evaluation: Total time: 0:00:41 (0.3746 s / it)
Averaged stats: acc: 0.7411
Evaluation:  [  0/109]  eta: 0:02:52  acc: 0.7500 (0.7500)  time: 1.5841  data: 1.1843  max mem: 25557
Evaluation:  [ 50/109]  eta: 0:00:23  acc: 0.6875 (0.7586)  time: 0.3652  data: 0.0002  max mem: 25557
Evaluation:  [100/109]  eta: 0:00:03  acc: 0.7500 (0.7457)  time: 0.3658  data: 0.0003  max mem: 25557
Evaluation:  [108/109]  eta: 0:00:00  acc: 0.7500 (0.7451)  time: 0.3588  data: 0.0002  max mem: 25557
Evaluation: Total time: 0:00:41 (0.3773 s / it)
Averaged stats: acc: 0.7456
result file saved to /projects/nlp/data/data/multimodal-gender-bias/outputs/NLVR/albef_4m/result/nlvr2_val_epoch0.json
result file saved to /projects/nlp/data/data/multimodal-gender-bias/outputs/NLVR/albef_4m/result/nlvr2_test_epoch0.json
Train Epoch: [1]  [   0/1349]  eta: 1:11:44  lr: 0.000020  loss: 0.4908  time: 3.1908  data: 1.6006  max mem: 26281
Train Epoch: [1]  [  50/1349]  eta: 0:31:55  lr: 0.000020  loss: 0.4719  time: 1.4411  data: 0.0001  max mem: 26478
Train Epoch: [1]  [ 100/1349]  eta: 0:30:24  lr: 0.000020  loss: 0.6360  time: 1.4469  data: 0.0001  max mem: 26478
Train Epoch: [1]  [ 150/1349]  eta: 0:29:06  lr: 0.000020  loss: 0.4171  time: 1.4512  data: 0.0001  max mem: 26478
Train Epoch: [1]  [ 200/1349]  eta: 0:27:51  lr: 0.000020  loss: 0.6174  time: 1.4513  data: 0.0001  max mem: 26478
Train Epoch: [1]  [ 250/1349]  eta: 0:26:38  lr: 0.000020  loss: 0.4201  time: 1.4486  data: 0.0001  max mem: 26478
Train Epoch: [1]  [ 300/1349]  eta: 0:25:25  lr: 0.000020  loss: 0.3905  time: 1.4542  data: 0.0001  max mem: 26568
Train Epoch: [1]  [ 350/1349]  eta: 0:24:12  lr: 0.000020  loss: 0.5548  time: 1.4552  data: 0.0001  max mem: 26568
Train Epoch: [1]  [ 400/1349]  eta: 0:23:00  lr: 0.000020  loss: 0.5840  time: 1.4554  data: 0.0001  max mem: 26568
Train Epoch: [1]  [ 450/1349]  eta: 0:21:47  lr: 0.000020  loss: 0.5137  time: 1.4542  data: 0.0001  max mem: 26568
Train Epoch: [1]  [ 500/1349]  eta: 0:20:34  lr: 0.000020  loss: 0.4217  time: 1.4511  data: 0.0001  max mem: 26568
Train Epoch: [1]  [ 550/1349]  eta: 0:19:21  lr: 0.000020  loss: 0.6896  time: 1.4548  data: 0.0001  max mem: 26568
Train Epoch: [1]  [ 600/1349]  eta: 0:18:09  lr: 0.000020  loss: 0.7964  time: 1.4565  data: 0.0001  max mem: 26568
Train Epoch: [1]  [ 650/1349]  eta: 0:16:56  lr: 0.000020  loss: 0.4595  time: 1.4534  data: 0.0001  max mem: 26568
Train Epoch: [1]  [ 700/1349]  eta: 0:15:43  lr: 0.000020  loss: 0.4996  time: 1.4523  data: 0.0001  max mem: 26568
Train Epoch: [1]  [ 750/1349]  eta: 0:14:31  lr: 0.000020  loss: 0.3716  time: 1.4558  data: 0.0001  max mem: 26568
Train Epoch: [1]  [ 800/1349]  eta: 0:13:18  lr: 0.000020  loss: 0.4353  time: 1.4558  data: 0.0001  max mem: 26568
Train Epoch: [1]  [ 850/1349]  eta: 0:12:05  lr: 0.000020  loss: 0.3593  time: 1.4522  data: 0.0001  max mem: 26568
Train Epoch: [1]  [ 900/1349]  eta: 0:10:53  lr: 0.000020  loss: 0.5315  time: 1.4552  data: 0.0001  max mem: 26568
Train Epoch: [1]  [ 950/1349]  eta: 0:09:40  lr: 0.000020  loss: 0.4141  time: 1.4532  data: 0.0001  max mem: 26568
Train Epoch: [1]  [1000/1349]  eta: 0:08:27  lr: 0.000020  loss: 0.4102  time: 1.4539  data: 0.0001  max mem: 26568
Train Epoch: [1]  [1050/1349]  eta: 0:07:14  lr: 0.000020  loss: 0.4348  time: 1.4557  data: 0.0001  max mem: 26568
Train Epoch: [1]  [1100/1349]  eta: 0:06:02  lr: 0.000020  loss: 0.3845  time: 1.4534  data: 0.0001  max mem: 26568
Train Epoch: [1]  [1150/1349]  eta: 0:04:49  lr: 0.000020  loss: 0.5072  time: 1.4554  data: 0.0001  max mem: 26568
Train Epoch: [1]  [1200/1349]  eta: 0:03:36  lr: 0.000020  loss: 0.4718  time: 1.4565  data: 0.0001  max mem: 26568
Train Epoch: [1]  [1250/1349]  eta: 0:02:24  lr: 0.000020  loss: 0.5508  time: 1.4535  data: 0.0001  max mem: 26568
Train Epoch: [1]  [1300/1349]  eta: 0:01:11  lr: 0.000020  loss: 0.3943  time: 1.4544  data: 0.0001  max mem: 26568
Train Epoch: [1]  [1348/1349]  eta: 0:00:01  lr: 0.000020  loss: 0.3484  time: 1.4479  data: 0.0002  max mem: 26568
Train Epoch: [1] Total time: 0:32:42 (1.4548 s / it)
Averaged stats: lr: 0.0000  loss: 0.4713
Evaluation:  [  0/110]  eta: 0:02:52  acc: 0.7500 (0.7500)  time: 1.5639  data: 1.1396  max mem: 26568
Evaluation:  [ 50/110]  eta: 0:00:23  acc: 0.7500 (0.7439)  time: 0.3649  data: 0.0002  max mem: 26568
Evaluation:  [100/110]  eta: 0:00:03  acc: 0.6875 (0.7469)  time: 0.3716  data: 0.0002  max mem: 26568
Evaluation:  [109/110]  eta: 0:00:00  acc: 0.7500 (0.7474)  time: 0.3505  data: 0.0002  max mem: 26568
Evaluation: Total time: 0:00:41 (0.3788 s / it)
Averaged stats: acc: 0.7524
Evaluation:  [  0/109]  eta: 0:02:55  acc: 0.7500 (0.7500)  time: 1.6062  data: 1.2009  max mem: 26568
Evaluation:  [ 50/109]  eta: 0:00:23  acc: 0.6875 (0.7831)  time: 0.3673  data: 0.0002  max mem: 26568
Evaluation:  [100/109]  eta: 0:00:03  acc: 0.8125 (0.7735)  time: 0.3634  data: 0.0002  max mem: 26568
Evaluation:  [108/109]  eta: 0:00:00  acc: 0.7500 (0.7687)  time: 0.3579  data: 0.0002  max mem: 26568
Evaluation: Total time: 0:00:41 (0.3776 s / it)
Averaged stats: acc: 0.7537
result file saved to /projects/nlp/data/data/multimodal-gender-bias/outputs/NLVR/albef_4m/result/nlvr2_val_epoch1.json
result file saved to /projects/nlp/data/data/multimodal-gender-bias/outputs/NLVR/albef_4m/result/nlvr2_test_epoch1.json
Train Epoch: [2]  [   0/1349]  eta: 1:17:49  lr: 0.000018  loss: 0.3884  time: 3.4616  data: 1.6300  max mem: 26568
Train Epoch: [2]  [  50/1349]  eta: 0:32:06  lr: 0.000018  loss: 0.5360  time: 1.4428  data: 0.0002  max mem: 26568
Train Epoch: [2]  [ 100/1349]  eta: 0:30:30  lr: 0.000018  loss: 0.3597  time: 1.4496  data: 0.0001  max mem: 26568
Train Epoch: [2]  [ 150/1349]  eta: 0:29:11  lr: 0.000018  loss: 0.3023  time: 1.4496  data: 0.0001  max mem: 26568
Train Epoch: [2]  [ 200/1349]  eta: 0:27:56  lr: 0.000018  loss: 0.4101  time: 1.4527  data: 0.0001  max mem: 26568
Train Epoch: [2]  [ 250/1349]  eta: 0:26:42  lr: 0.000018  loss: 0.3321  time: 1.4537  data: 0.0001  max mem: 26568
Train Epoch: [2]  [ 300/1349]  eta: 0:25:28  lr: 0.000018  loss: 0.2660  time: 1.4539  data: 0.0001  max mem: 26568
Train Epoch: [2]  [ 350/1349]  eta: 0:24:15  lr: 0.000018  loss: 0.3885  time: 1.4600  data: 0.0001  max mem: 26568
Train Epoch: [2]  [ 400/1349]  eta: 0:23:02  lr: 0.000018  loss: 0.4017  time: 1.4519  data: 0.0001  max mem: 26568
Train Epoch: [2]  [ 450/1349]  eta: 0:21:49  lr: 0.000018  loss: 0.3984  time: 1.4543  data: 0.0001  max mem: 26568
Train Epoch: [2]  [ 500/1349]  eta: 0:20:36  lr: 0.000018  loss: 0.4391  time: 1.4568  data: 0.0001  max mem: 26568
Train Epoch: [2]  [ 550/1349]  eta: 0:19:23  lr: 0.000018  loss: 0.3344  time: 1.4531  data: 0.0001  max mem: 26568
Train Epoch: [2]  [ 600/1349]  eta: 0:18:10  lr: 0.000018  loss: 0.4157  time: 1.4553  data: 0.0001  max mem: 26568
Train Epoch: [2]  [ 650/1349]  eta: 0:16:57  lr: 0.000018  loss: 0.4115  time: 1.4562  data: 0.0001  max mem: 26568
Train Epoch: [2]  [ 700/1349]  eta: 0:15:44  lr: 0.000018  loss: 0.4716  time: 1.4554  data: 0.0001  max mem: 26568
Train Epoch: [2]  [ 750/1349]  eta: 0:14:32  lr: 0.000018  loss: 0.5160  time: 1.4538  data: 0.0001  max mem: 26568
Train Epoch: [2]  [ 800/1349]  eta: 0:13:19  lr: 0.000018  loss: 0.2997  time: 1.4549  data: 0.0001  max mem: 26568
Train Epoch: [2]  [ 850/1349]  eta: 0:12:06  lr: 0.000018  loss: 0.4381  time: 1.4588  data: 0.0001  max mem: 26568
Train Epoch: [2]  [ 900/1349]  eta: 0:10:53  lr: 0.000018  loss: 0.3819  time: 1.4562  data: 0.0001  max mem: 26568
Train Epoch: [2]  [ 950/1349]  eta: 0:09:40  lr: 0.000018  loss: 0.3263  time: 1.4557  data: 0.0001  max mem: 26568
Train Epoch: [2]  [1000/1349]  eta: 0:08:28  lr: 0.000018  loss: 0.2304  time: 1.4564  data: 0.0001  max mem: 26568
Train Epoch: [2]  [1050/1349]  eta: 0:07:15  lr: 0.000018  loss: 0.4622  time: 1.4533  data: 0.0001  max mem: 26568
Train Epoch: [2]  [1100/1349]  eta: 0:06:02  lr: 0.000018  loss: 0.3828  time: 1.4559  data: 0.0001  max mem: 26568
Train Epoch: [2]  [1150/1349]  eta: 0:04:49  lr: 0.000018  loss: 0.4144  time: 1.4540  data: 0.0001  max mem: 26568
Train Epoch: [2]  [1200/1349]  eta: 0:03:36  lr: 0.000018  loss: 0.3204  time: 1.4531  data: 0.0001  max mem: 26568
Train Epoch: [2]  [1250/1349]  eta: 0:02:24  lr: 0.000018  loss: 0.4616  time: 1.4559  data: 0.0001  max mem: 26568
Train Epoch: [2]  [1300/1349]  eta: 0:01:11  lr: 0.000018  loss: 0.4677  time: 1.4507  data: 0.0001  max mem: 26568
Train Epoch: [2]  [1348/1349]  eta: 0:00:01  lr: 0.000018  loss: 0.4378  time: 1.4501  data: 0.0002  max mem: 26568
Train Epoch: [2] Total time: 0:32:43 (1.4556 s / it)
Averaged stats: lr: 0.0000  loss: 0.4071
Evaluation:  [  0/110]  eta: 0:02:53  acc: 0.7500 (0.7500)  time: 1.5788  data: 1.1884  max mem: 26568
Evaluation:  [ 50/110]  eta: 0:00:23  acc: 0.8125 (0.7635)  time: 0.3659  data: 0.0002  max mem: 26568
Evaluation:  [100/110]  eta: 0:00:03  acc: 0.8125 (0.7766)  time: 0.3652  data: 0.0002  max mem: 26568
Evaluation:  [109/110]  eta: 0:00:00  acc: 0.8125 (0.7732)  time: 0.3465  data: 0.0002  max mem: 26568
Evaluation: Total time: 0:00:41 (0.3762 s / it)
Averaged stats: acc: 0.7779
Evaluation:  [  0/109]  eta: 0:02:45  acc: 0.7500 (0.7500)  time: 1.5164  data: 1.1403  max mem: 26568
Evaluation:  [ 50/109]  eta: 0:00:23  acc: 0.8125 (0.8137)  time: 0.3661  data: 0.0002  max mem: 26568
Evaluation:  [100/109]  eta: 0:00:03  acc: 0.7500 (0.8001)  time: 0.3700  data: 0.0002  max mem: 26568
Evaluation:  [108/109]  eta: 0:00:00  acc: 0.7500 (0.8002)  time: 0.3628  data: 0.0002  max mem: 26568
Evaluation: Total time: 0:00:41 (0.3787 s / it)
Averaged stats: acc: 0.7788
result file saved to /projects/nlp/data/data/multimodal-gender-bias/outputs/NLVR/albef_4m/result/nlvr2_val_epoch2.json
result file saved to /projects/nlp/data/data/multimodal-gender-bias/outputs/NLVR/albef_4m/result/nlvr2_test_epoch2.json
Train Epoch: [3]  [   0/1349]  eta: 1:18:36  lr: 0.000016  loss: 0.4596  time: 3.4962  data: 1.8424  max mem: 26568
Train Epoch: [3]  [  50/1349]  eta: 0:32:11  lr: 0.000016  loss: 0.2621  time: 1.4461  data: 0.0001  max mem: 26568
Train Epoch: [3]  [ 100/1349]  eta: 0:30:34  lr: 0.000016  loss: 0.2321  time: 1.4526  data: 0.0001  max mem: 26568
Train Epoch: [3]  [ 150/1349]  eta: 0:29:14  lr: 0.000016  loss: 0.2441  time: 1.4522  data: 0.0001  max mem: 26568
Train Epoch: [3]  [ 200/1349]  eta: 0:27:59  lr: 0.000016  loss: 0.2781  time: 1.4588  data: 0.0001  max mem: 26568
Train Epoch: [3]  [ 250/1349]  eta: 0:26:44  lr: 0.000016  loss: 0.2264  time: 1.4494  data: 0.0001  max mem: 26568
Train Epoch: [3]  [ 300/1349]  eta: 0:25:30  lr: 0.000016  loss: 0.3573  time: 1.4583  data: 0.0001  max mem: 26568
Train Epoch: [3]  [ 350/1349]  eta: 0:24:17  lr: 0.000016  loss: 0.3493  time: 1.4552  data: 0.0001  max mem: 26568
Train Epoch: [3]  [ 400/1349]  eta: 0:23:04  lr: 0.000016  loss: 0.5091  time: 1.4578  data: 0.0001  max mem: 26568
Train Epoch: [3]  [ 450/1349]  eta: 0:21:50  lr: 0.000016  loss: 0.3792  time: 1.4554  data: 0.0001  max mem: 26568
Train Epoch: [3]  [ 500/1349]  eta: 0:20:37  lr: 0.000016  loss: 0.2851  time: 1.4545  data: 0.0001  max mem: 26568
Train Epoch: [3]  [ 550/1349]  eta: 0:19:24  lr: 0.000016  loss: 0.3315  time: 1.4567  data: 0.0001  max mem: 26568
Train Epoch: [3]  [ 600/1349]  eta: 0:18:11  lr: 0.000016  loss: 0.1888  time: 1.4560  data: 0.0001  max mem: 26568
Train Epoch: [3]  [ 650/1349]  eta: 0:16:58  lr: 0.000016  loss: 0.2672  time: 1.4577  data: 0.0001  max mem: 26568
Train Epoch: [3]  [ 700/1349]  eta: 0:15:45  lr: 0.000016  loss: 0.3055  time: 1.4554  data: 0.0001  max mem: 26568
Train Epoch: [3]  [ 750/1349]  eta: 0:14:32  lr: 0.000016  loss: 0.3684  time: 1.4549  data: 0.0001  max mem: 26568
Train Epoch: [3]  [ 800/1349]  eta: 0:13:19  lr: 0.000016  loss: 0.2565  time: 1.4552  data: 0.0001  max mem: 26568
Train Epoch: [3]  [ 850/1349]  eta: 0:12:06  lr: 0.000016  loss: 0.2707  time: 1.4556  data: 0.0001  max mem: 26568
Train Epoch: [3]  [ 900/1349]  eta: 0:10:53  lr: 0.000016  loss: 0.3262  time: 1.4547  data: 0.0001  max mem: 26568
Train Epoch: [3]  [ 950/1349]  eta: 0:09:41  lr: 0.000016  loss: 0.3448  time: 1.4574  data: 0.0001  max mem: 26568
Train Epoch: [3]  [1000/1349]  eta: 0:08:28  lr: 0.000016  loss: 0.5184  time: 1.4563  data: 0.0001  max mem: 26568
Train Epoch: [3]  [1050/1349]  eta: 0:07:15  lr: 0.000016  loss: 0.2072  time: 1.4517  data: 0.0001  max mem: 26568
Train Epoch: [3]  [1100/1349]  eta: 0:06:02  lr: 0.000016  loss: 0.3676  time: 1.4549  data: 0.0001  max mem: 26568
Train Epoch: [3]  [1150/1349]  eta: 0:04:49  lr: 0.000016  loss: 0.3197  time: 1.4573  data: 0.0001  max mem: 26568
Train Epoch: [3]  [1200/1349]  eta: 0:03:36  lr: 0.000016  loss: 0.2386  time: 1.4526  data: 0.0001  max mem: 26568
Train Epoch: [3]  [1250/1349]  eta: 0:02:24  lr: 0.000016  loss: 0.2259  time: 1.4544  data: 0.0001  max mem: 26568
Train Epoch: [3]  [1300/1349]  eta: 0:01:11  lr: 0.000016  loss: 0.3447  time: 1.4549  data: 0.0001  max mem: 26568
Train Epoch: [3]  [1348/1349]  eta: 0:00:01  lr: 0.000016  loss: 0.3238  time: 1.4483  data: 0.0002  max mem: 26568
Train Epoch: [3] Total time: 0:32:43 (1.4559 s / it)
Averaged stats: lr: 0.0000  loss: 0.3236
Evaluation:  [  0/110]  eta: 0:02:47  acc: 0.7500 (0.7500)  time: 1.5186  data: 1.1379  max mem: 26568
Evaluation:  [ 50/110]  eta: 0:00:23  acc: 0.7500 (0.7696)  time: 0.3706  data: 0.0003  max mem: 26568
Evaluation:  [100/110]  eta: 0:00:03  acc: 0.7500 (0.7748)  time: 0.3650  data: 0.0002  max mem: 26568
Evaluation:  [109/110]  eta: 0:00:00  acc: 0.8125 (0.7784)  time: 0.3463  data: 0.0002  max mem: 26568
Evaluation: Total time: 0:00:41 (0.3777 s / it)
Averaged stats: acc: 0.7835
Evaluation:  [  0/109]  eta: 0:02:44  acc: 0.8125 (0.8125)  time: 1.5084  data: 1.1245  max mem: 26568
Evaluation:  [ 50/109]  eta: 0:00:23  acc: 0.7500 (0.7929)  time: 0.3669  data: 0.0002  max mem: 26568
Evaluation:  [100/109]  eta: 0:00:03  acc: 0.7500 (0.7921)  time: 0.3651  data: 0.0002  max mem: 26568
Evaluation:  [108/109]  eta: 0:00:00  acc: 0.8125 (0.7887)  time: 0.3589  data: 0.0002  max mem: 26568
Evaluation: Total time: 0:00:41 (0.3772 s / it)
Averaged stats: acc: 0.7786
result file saved to /projects/nlp/data/data/multimodal-gender-bias/outputs/NLVR/albef_4m/result/nlvr2_val_epoch3.json
result file saved to /projects/nlp/data/data/multimodal-gender-bias/outputs/NLVR/albef_4m/result/nlvr2_test_epoch3.json
Train Epoch: [4]  [   0/1349]  eta: 1:14:18  lr: 0.000013  loss: 0.2850  time: 3.3054  data: 1.7418  max mem: 26568
Train Epoch: [4]  [  50/1349]  eta: 0:32:02  lr: 0.000013  loss: 0.2615  time: 1.4437  data: 0.0001  max mem: 26568
Train Epoch: [4]  [ 100/1349]  eta: 0:30:27  lr: 0.000013  loss: 0.1941  time: 1.4453  data: 0.0001  max mem: 26568
Train Epoch: [4]  [ 150/1349]  eta: 0:29:09  lr: 0.000013  loss: 0.3490  time: 1.4511  data: 0.0001  max mem: 26568
Train Epoch: [4]  [ 200/1349]  eta: 0:27:53  lr: 0.000013  loss: 0.1169  time: 1.4513  data: 0.0001  max mem: 26568
Train Epoch: [4]  [ 250/1349]  eta: 0:26:40  lr: 0.000013  loss: 0.3216  time: 1.4585  data: 0.0001  max mem: 26568
Train Epoch: [4]  [ 300/1349]  eta: 0:25:27  lr: 0.000013  loss: 0.1918  time: 1.4537  data: 0.0001  max mem: 26568
Train Epoch: [4]  [ 350/1349]  eta: 0:24:14  lr: 0.000013  loss: 0.1951  time: 1.4529  data: 0.0001  max mem: 26568
Train Epoch: [4]  [ 400/1349]  eta: 0:23:01  lr: 0.000013  loss: 0.4677  time: 1.4528  data: 0.0001  max mem: 26568
Train Epoch: [4]  [ 450/1349]  eta: 0:21:48  lr: 0.000013  loss: 0.1760  time: 1.4518  data: 0.0001  max mem: 26568
Train Epoch: [4]  [ 500/1349]  eta: 0:20:35  lr: 0.000013  loss: 0.2497  time: 1.4537  data: 0.0001  max mem: 26568
Train Epoch: [4]  [ 550/1349]  eta: 0:19:22  lr: 0.000013  loss: 0.3458  time: 1.4556  data: 0.0001  max mem: 26568
Train Epoch: [4]  [ 600/1349]  eta: 0:18:09  lr: 0.000013  loss: 0.3412  time: 1.4550  data: 0.0001  max mem: 26568
Train Epoch: [4]  [ 650/1349]  eta: 0:16:57  lr: 0.000013  loss: 0.2155  time: 1.4583  data: 0.0001  max mem: 26568
Train Epoch: [4]  [ 700/1349]  eta: 0:15:44  lr: 0.000013  loss: 0.2630  time: 1.4570  data: 0.0001  max mem: 26568
Train Epoch: [4]  [ 750/1349]  eta: 0:14:31  lr: 0.000013  loss: 0.1816  time: 1.4533  data: 0.0001  max mem: 26568
Train Epoch: [4]  [ 800/1349]  eta: 0:13:18  lr: 0.000013  loss: 0.3610  time: 1.4532  data: 0.0001  max mem: 26568
Train Epoch: [4]  [ 850/1349]  eta: 0:12:06  lr: 0.000013  loss: 0.3099  time: 1.4564  data: 0.0001  max mem: 26568
Train Epoch: [4]  [ 900/1349]  eta: 0:10:53  lr: 0.000013  loss: 0.3371  time: 1.4557  data: 0.0001  max mem: 26568
Train Epoch: [4]  [ 950/1349]  eta: 0:09:40  lr: 0.000013  loss: 0.2004  time: 1.4561  data: 0.0001  max mem: 26568
Train Epoch: [4]  [1000/1349]  eta: 0:08:27  lr: 0.000013  loss: 0.3043  time: 1.4559  data: 0.0001  max mem: 26568
Train Epoch: [4]  [1050/1349]  eta: 0:07:15  lr: 0.000013  loss: 0.2484  time: 1.4553  data: 0.0001  max mem: 26568
Train Epoch: [4]  [1100/1349]  eta: 0:06:02  lr: 0.000013  loss: 0.2538  time: 1.4528  data: 0.0001  max mem: 26568
Train Epoch: [4]  [1150/1349]  eta: 0:04:49  lr: 0.000013  loss: 0.4212  time: 1.4581  data: 0.0001  max mem: 26568
Train Epoch: [4]  [1200/1349]  eta: 0:03:36  lr: 0.000013  loss: 0.2656  time: 1.4549  data: 0.0001  max mem: 26568
Train Epoch: [4]  [1250/1349]  eta: 0:02:24  lr: 0.000013  loss: 0.4113  time: 1.4524  data: 0.0001  max mem: 26568
Train Epoch: [4]  [1300/1349]  eta: 0:01:11  lr: 0.000013  loss: 0.2094  time: 1.4544  data: 0.0001  max mem: 26569
Train Epoch: [4]  [1348/1349]  eta: 0:00:01  lr: 0.000013  loss: 0.1728  time: 1.4498  data: 0.0002  max mem: 26569
Train Epoch: [4] Total time: 0:32:43 (1.4554 s / it)
Averaged stats: lr: 0.0000  loss: 0.2655
Evaluation:  [  0/110]  eta: 0:02:45  acc: 0.8125 (0.8125)  time: 1.5029  data: 1.1095  max mem: 26569
Evaluation:  [ 50/110]  eta: 0:00:23  acc: 0.7500 (0.7782)  time: 0.3660  data: 0.0002  max mem: 26569
Evaluation:  [100/110]  eta: 0:00:03  acc: 0.7500 (0.7847)  time: 0.3648  data: 0.0002  max mem: 26569
Evaluation:  [109/110]  eta: 0:00:00  acc: 0.8125 (0.7841)  time: 0.3462  data: 0.0002  max mem: 26569
Evaluation: Total time: 0:00:41 (0.3761 s / it)
Averaged stats: acc: 0.7871
Evaluation:  [  0/109]  eta: 0:02:50  acc: 0.7500 (0.7500)  time: 1.5633  data: 1.1860  max mem: 26569
Evaluation:  [ 50/109]  eta: 0:00:23  acc: 0.7500 (0.7892)  time: 0.3656  data: 0.0002  max mem: 26569
Evaluation:  [100/109]  eta: 0:00:03  acc: 0.7500 (0.7915)  time: 0.3665  data: 0.0002  max mem: 26569
Evaluation:  [108/109]  eta: 0:00:00  acc: 0.7500 (0.7905)  time: 0.3594  data: 0.0002  max mem: 26569
Evaluation: Total time: 0:00:41 (0.3774 s / it)
Averaged stats: acc: 0.7839
result file saved to /projects/nlp/data/data/multimodal-gender-bias/outputs/NLVR/albef_4m/result/nlvr2_val_epoch4.json
result file saved to /projects/nlp/data/data/multimodal-gender-bias/outputs/NLVR/albef_4m/result/nlvr2_test_epoch4.json
Train Epoch: [5]  [   0/1349]  eta: 1:13:27  lr: 0.000011  loss: 0.3161  time: 3.2669  data: 1.6757  max mem: 26569
Train Epoch: [5]  [  50/1349]  eta: 0:31:59  lr: 0.000011  loss: 0.3957  time: 1.4420  data: 0.0001  max mem: 26569
Train Epoch: [5]  [ 100/1349]  eta: 0:30:24  lr: 0.000011  loss: 0.1107  time: 1.4467  data: 0.0001  max mem: 26569
Train Epoch: [5]  [ 150/1349]  eta: 0:29:06  lr: 0.000011  loss: 0.3381  time: 1.4500  data: 0.0001  max mem: 26569
Train Epoch: [5]  [ 200/1349]  eta: 0:27:52  lr: 0.000011  loss: 0.2743  time: 1.4502  data: 0.0001  max mem: 26569
Train Epoch: [5]  [ 250/1349]  eta: 0:26:40  lr: 0.000011  loss: 0.2253  time: 1.4538  data: 0.0001  max mem: 26569
Train Epoch: [5]  [ 300/1349]  eta: 0:25:26  lr: 0.000011  loss: 0.2022  time: 1.4555  data: 0.0001  max mem: 26569
Train Epoch: [5]  [ 350/1349]  eta: 0:24:14  lr: 0.000011  loss: 0.1765  time: 1.4580  data: 0.0001  max mem: 26569
Train Epoch: [5]  [ 400/1349]  eta: 0:23:01  lr: 0.000011  loss: 0.2184  time: 1.4555  data: 0.0001  max mem: 26569
Train Epoch: [5]  [ 450/1349]  eta: 0:21:48  lr: 0.000011  loss: 0.1663  time: 1.4520  data: 0.0001  max mem: 26569
Train Epoch: [5]  [ 500/1349]  eta: 0:20:35  lr: 0.000011  loss: 0.1578  time: 1.4523  data: 0.0001  max mem: 26569
Train Epoch: [5]  [ 550/1349]  eta: 0:19:22  lr: 0.000011  loss: 0.1880  time: 1.4535  data: 0.0001  max mem: 26569
Train Epoch: [5]  [ 600/1349]  eta: 0:18:10  lr: 0.000011  loss: 0.1732  time: 1.4562  data: 0.0001  max mem: 26569
Train Epoch: [5]  [ 650/1349]  eta: 0:16:57  lr: 0.000011  loss: 0.4093  time: 1.4557  data: 0.0001  max mem: 26569
Train Epoch: [5]  [ 700/1349]  eta: 0:15:44  lr: 0.000011  loss: 0.2513  time: 1.4555  data: 0.0001  max mem: 26569
Train Epoch: [5]  [ 750/1349]  eta: 0:14:31  lr: 0.000011  loss: 0.1913  time: 1.4568  data: 0.0001  max mem: 26569
Train Epoch: [5]  [ 800/1349]  eta: 0:13:18  lr: 0.000011  loss: 0.1662  time: 1.4526  data: 0.0001  max mem: 26569
Train Epoch: [5]  [ 850/1349]  eta: 0:12:06  lr: 0.000011  loss: 0.2809  time: 1.4539  data: 0.0001  max mem: 26569
Train Epoch: [5]  [ 900/1349]  eta: 0:10:53  lr: 0.000011  loss: 0.2298  time: 1.4538  data: 0.0001  max mem: 26571
Train Epoch: [5]  [ 950/1349]  eta: 0:09:40  lr: 0.000011  loss: 0.0766  time: 1.4543  data: 0.0001  max mem: 26571
Train Epoch: [5]  [1000/1349]  eta: 0:08:27  lr: 0.000011  loss: 0.2508  time: 1.4540  data: 0.0001  max mem: 26571
Train Epoch: [5]  [1050/1349]  eta: 0:07:15  lr: 0.000011  loss: 0.2057  time: 1.4550  data: 0.0001  max mem: 26571
Train Epoch: [5]  [1100/1349]  eta: 0:06:02  lr: 0.000011  loss: 0.1206  time: 1.4529  data: 0.0001  max mem: 26571
Train Epoch: [5]  [1150/1349]  eta: 0:04:49  lr: 0.000011  loss: 0.3541  time: 1.4600  data: 0.0001  max mem: 26571
Train Epoch: [5]  [1200/1349]  eta: 0:03:36  lr: 0.000011  loss: 0.2715  time: 1.4518  data: 0.0001  max mem: 26571
Train Epoch: [5]  [1250/1349]  eta: 0:02:24  lr: 0.000011  loss: 0.1340  time: 1.4522  data: 0.0001  max mem: 26571
Train Epoch: [5]  [1300/1349]  eta: 0:01:11  lr: 0.000011  loss: 0.2791  time: 1.4533  data: 0.0001  max mem: 26571
Train Epoch: [5]  [1348/1349]  eta: 0:00:01  lr: 0.000011  loss: 0.1053  time: 1.4515  data: 0.0002  max mem: 26571
Train Epoch: [5] Total time: 0:32:42 (1.4549 s / it)
Averaged stats: lr: 0.0000  loss: 0.2195
Evaluation:  [  0/110]  eta: 0:02:51  acc: 0.7500 (0.7500)  time: 1.5622  data: 1.1202  max mem: 26571
Evaluation:  [ 50/110]  eta: 0:00:23  acc: 0.7500 (0.7708)  time: 0.3677  data: 0.0002  max mem: 26571
Evaluation:  [100/110]  eta: 0:00:03  acc: 0.8125 (0.7828)  time: 0.3661  data: 0.0002  max mem: 26571
Evaluation:  [109/110]  eta: 0:00:00  acc: 0.8125 (0.7812)  time: 0.3478  data: 0.0002  max mem: 26571
Evaluation: Total time: 0:00:41 (0.3766 s / it)
Averaged stats: acc: 0.7819
Evaluation:  [  0/109]  eta: 0:02:45  acc: 0.8125 (0.8125)  time: 1.5148  data: 1.1422  max mem: 26571
Evaluation:  [ 50/109]  eta: 0:00:22  acc: 0.7500 (0.7892)  time: 0.3660  data: 0.0002  max mem: 26571
Evaluation:  [100/109]  eta: 0:00:03  acc: 0.8125 (0.7927)  time: 0.3637  data: 0.0002  max mem: 26571
Evaluation:  [108/109]  eta: 0:00:00  acc: 0.8750 (0.7956)  time: 0.3584  data: 0.0002  max mem: 26571
Evaluation: Total time: 0:00:41 (0.3765 s / it)
Averaged stats: acc: 0.7899
result file saved to /projects/nlp/data/data/multimodal-gender-bias/outputs/NLVR/albef_4m/result/nlvr2_val_epoch5.json
result file saved to /projects/nlp/data/data/multimodal-gender-bias/outputs/NLVR/albef_4m/result/nlvr2_test_epoch5.json
Train Epoch: [6]  [   0/1349]  eta: 1:25:00  lr: 0.000008  loss: 0.1286  time: 3.7811  data: 2.3029  max mem: 26571
Train Epoch: [6]  [  50/1349]  eta: 0:32:22  lr: 0.000008  loss: 0.1360  time: 1.4512  data: 0.0001  max mem: 26571
Train Epoch: [6]  [ 100/1349]  eta: 0:30:40  lr: 0.000008  loss: 0.4043  time: 1.4511  data: 0.0001  max mem: 26571
Train Epoch: [6]  [ 150/1349]  eta: 0:29:18  lr: 0.000008  loss: 0.1301  time: 1.4514  data: 0.0001  max mem: 26571
Train Epoch: [6]  [ 200/1349]  eta: 0:28:02  lr: 0.000008  loss: 0.2620  time: 1.4560  data: 0.0001  max mem: 26571
Train Epoch: [6]  [ 250/1349]  eta: 0:26:47  lr: 0.000008  loss: 0.1140  time: 1.4526  data: 0.0001  max mem: 26571
Train Epoch: [6]  [ 300/1349]  eta: 0:25:32  lr: 0.000008  loss: 0.1483  time: 1.4555  data: 0.0001  max mem: 26571
Train Epoch: [6]  [ 350/1349]  eta: 0:24:19  lr: 0.000008  loss: 0.0869  time: 1.4599  data: 0.0001  max mem: 26571
Train Epoch: [6]  [ 400/1349]  eta: 0:23:05  lr: 0.000008  loss: 0.1376  time: 1.4574  data: 0.0001  max mem: 26571
Train Epoch: [6]  [ 450/1349]  eta: 0:21:52  lr: 0.000008  loss: 0.1559  time: 1.4577  data: 0.0001  max mem: 26571
Train Epoch: [6]  [ 500/1349]  eta: 0:20:38  lr: 0.000008  loss: 0.1249  time: 1.4559  data: 0.0001  max mem: 26571
Train Epoch: [6]  [ 550/1349]  eta: 0:19:25  lr: 0.000008  loss: 0.2024  time: 1.4538  data: 0.0001  max mem: 26571
Train Epoch: [6]  [ 600/1349]  eta: 0:18:12  lr: 0.000008  loss: 0.0388  time: 1.4533  data: 0.0001  max mem: 26571
Train Epoch: [6]  [ 650/1349]  eta: 0:16:59  lr: 0.000008  loss: 0.0249  time: 1.4530  data: 0.0001  max mem: 26571
Train Epoch: [6]  [ 700/1349]  eta: 0:15:46  lr: 0.000008  loss: 0.1002  time: 1.4561  data: 0.0001  max mem: 26571
Train Epoch: [6]  [ 750/1349]  eta: 0:14:33  lr: 0.000008  loss: 0.1390  time: 1.4558  data: 0.0001  max mem: 26571
Train Epoch: [6]  [ 800/1349]  eta: 0:13:20  lr: 0.000008  loss: 0.2248  time: 1.4561  data: 0.0001  max mem: 26571
Train Epoch: [6]  [ 850/1349]  eta: 0:12:07  lr: 0.000008  loss: 0.2031  time: 1.4531  data: 0.0001  max mem: 26571
Train Epoch: [6]  [ 900/1349]  eta: 0:10:54  lr: 0.000008  loss: 0.2007  time: 1.4518  data: 0.0001  max mem: 26571
Train Epoch: [6]  [ 950/1349]  eta: 0:09:41  lr: 0.000008  loss: 0.1607  time: 1.4521  data: 0.0001  max mem: 26571
Train Epoch: [6]  [1000/1349]  eta: 0:08:28  lr: 0.000008  loss: 0.1721  time: 1.4539  data: 0.0001  max mem: 26571
Train Epoch: [6]  [1050/1349]  eta: 0:07:15  lr: 0.000008  loss: 0.1961  time: 1.4564  data: 0.0001  max mem: 26571
Train Epoch: [6]  [1100/1349]  eta: 0:06:02  lr: 0.000008  loss: 0.1616  time: 1.4562  data: 0.0001  max mem: 26571
Train Epoch: [6]  [1150/1349]  eta: 0:04:49  lr: 0.000008  loss: 0.1816  time: 1.4560  data: 0.0001  max mem: 26571
Train Epoch: [6]  [1200/1349]  eta: 0:03:37  lr: 0.000008  loss: 0.1534  time: 1.4544  data: 0.0001  max mem: 26571
Train Epoch: [6]  [1250/1349]  eta: 0:02:24  lr: 0.000008  loss: 0.1052  time: 1.4550  data: 0.0001  max mem: 26571
Train Epoch: [6]  [1300/1349]  eta: 0:01:11  lr: 0.000008  loss: 0.2336  time: 1.4596  data: 0.0001  max mem: 26571
Train Epoch: [6]  [1348/1349]  eta: 0:00:01  lr: 0.000008  loss: 0.3872  time: 1.4499  data: 0.0002  max mem: 26571
Train Epoch: [6] Total time: 0:32:44 (1.4566 s / it)
Averaged stats: lr: 0.0000  loss: 0.1793
Evaluation:  [  0/110]  eta: 0:02:46  acc: 0.8125 (0.8125)  time: 1.5169  data: 1.1336  max mem: 26571
Evaluation:  [ 50/110]  eta: 0:00:23  acc: 0.8125 (0.7868)  time: 0.3683  data: 0.0002  max mem: 26571
Evaluation:  [100/110]  eta: 0:00:03  acc: 0.8125 (0.7927)  time: 0.3696  data: 0.0002  max mem: 26571
Evaluation:  [109/110]  eta: 0:00:00  acc: 0.8125 (0.7904)  time: 0.3486  data: 0.0002  max mem: 26571
Evaluation: Total time: 0:00:41 (0.3764 s / it)
Averaged stats: acc: 0.7829
Evaluation:  [  0/109]  eta: 0:02:49  acc: 0.8125 (0.8125)  time: 1.5508  data: 1.1742  max mem: 26571
Evaluation:  [ 50/109]  eta: 0:00:23  acc: 0.7500 (0.8015)  time: 0.3637  data: 0.0002  max mem: 26571
Evaluation:  [100/109]  eta: 0:00:03  acc: 0.7500 (0.7958)  time: 0.3629  data: 0.0002  max mem: 26571
Evaluation:  [108/109]  eta: 0:00:00  acc: 0.8125 (0.7962)  time: 0.3577  data: 0.0002  max mem: 26571
Evaluation: Total time: 0:00:41 (0.3773 s / it)
Averaged stats: acc: 0.7870
result file saved to /projects/nlp/data/data/multimodal-gender-bias/outputs/NLVR/albef_4m/result/nlvr2_val_epoch6.json
result file saved to /projects/nlp/data/data/multimodal-gender-bias/outputs/NLVR/albef_4m/result/nlvr2_test_epoch6.json
Train Epoch: [7]  [   0/1349]  eta: 1:15:43  lr: 0.000005  loss: 0.0608  time: 3.3682  data: 1.7409  max mem: 26571
Train Epoch: [7]  [  50/1349]  eta: 0:32:13  lr: 0.000005  loss: 0.0994  time: 1.4507  data: 0.0001  max mem: 26571
Train Epoch: [7]  [ 100/1349]  eta: 0:30:37  lr: 0.000005  loss: 0.0773  time: 1.4510  data: 0.0001  max mem: 26571
Train Epoch: [7]  [ 150/1349]  eta: 0:29:17  lr: 0.000005  loss: 0.1174  time: 1.4570  data: 0.0001  max mem: 26571
Train Epoch: [7]  [ 200/1349]  eta: 0:28:01  lr: 0.000005  loss: 0.1117  time: 1.4531  data: 0.0001  max mem: 26571
Train Epoch: [7]  [ 250/1349]  eta: 0:26:45  lr: 0.000005  loss: 0.1461  time: 1.4541  data: 0.0001  max mem: 26571
Train Epoch: [7]  [ 300/1349]  eta: 0:25:32  lr: 0.000005  loss: 0.1179  time: 1.4578  data: 0.0001  max mem: 26571
Train Epoch: [7]  [ 350/1349]  eta: 0:24:18  lr: 0.000005  loss: 0.1393  time: 1.4545  data: 0.0001  max mem: 26571
Train Epoch: [7]  [ 400/1349]  eta: 0:23:04  lr: 0.000005  loss: 0.2817  time: 1.4576  data: 0.0001  max mem: 26571
Train Epoch: [7]  [ 450/1349]  eta: 0:21:51  lr: 0.000005  loss: 0.1891  time: 1.4549  data: 0.0001  max mem: 26571
Train Epoch: [7]  [ 500/1349]  eta: 0:20:38  lr: 0.000005  loss: 0.1763  time: 1.4533  data: 0.0001  max mem: 26571
Train Epoch: [7]  [ 550/1349]  eta: 0:19:25  lr: 0.000005  loss: 0.1015  time: 1.4546  data: 0.0001  max mem: 26571
Train Epoch: [7]  [ 600/1349]  eta: 0:18:11  lr: 0.000005  loss: 0.2392  time: 1.4549  data: 0.0001  max mem: 26571
Train Epoch: [7]  [ 650/1349]  eta: 0:16:58  lr: 0.000005  loss: 0.0605  time: 1.4559  data: 0.0001  max mem: 26571
Train Epoch: [7]  [ 700/1349]  eta: 0:15:45  lr: 0.000005  loss: 0.2704  time: 1.4573  data: 0.0001  max mem: 26571
Train Epoch: [7]  [ 750/1349]  eta: 0:14:33  lr: 0.000005  loss: 0.3525  time: 1.4554  data: 0.0001  max mem: 26571
Train Epoch: [7]  [ 800/1349]  eta: 0:13:20  lr: 0.000005  loss: 0.2005  time: 1.4546  data: 0.0001  max mem: 26571
Train Epoch: [7]  [ 850/1349]  eta: 0:12:07  lr: 0.000005  loss: 0.0820  time: 1.4557  data: 0.0001  max mem: 26571
Train Epoch: [7]  [ 900/1349]  eta: 0:10:54  lr: 0.000005  loss: 0.1371  time: 1.4555  data: 0.0001  max mem: 26571
Train Epoch: [7]  [ 950/1349]  eta: 0:09:41  lr: 0.000005  loss: 0.2177  time: 1.4555  data: 0.0001  max mem: 26571
Train Epoch: [7]  [1000/1349]  eta: 0:08:28  lr: 0.000005  loss: 0.1130  time: 1.4553  data: 0.0001  max mem: 26571
Train Epoch: [7]  [1050/1349]  eta: 0:07:15  lr: 0.000005  loss: 0.1707  time: 1.4535  data: 0.0001  max mem: 26571
Train Epoch: [7]  [1100/1349]  eta: 0:06:02  lr: 0.000005  loss: 0.2649  time: 1.4510  data: 0.0001  max mem: 26571
Train Epoch: [7]  [1150/1349]  eta: 0:04:49  lr: 0.000005  loss: 0.1747  time: 1.4511  data: 0.0001  max mem: 26571
Train Epoch: [7]  [1200/1349]  eta: 0:03:36  lr: 0.000005  loss: 0.1428  time: 1.4517  data: 0.0001  max mem: 26571
Train Epoch: [7]  [1250/1349]  eta: 0:02:24  lr: 0.000005  loss: 0.1134  time: 1.4535  data: 0.0001  max mem: 26571
Train Epoch: [7]  [1300/1349]  eta: 0:01:11  lr: 0.000005  loss: 0.2484  time: 1.4555  data: 0.0001  max mem: 26571
Train Epoch: [7]  [1348/1349]  eta: 0:00:01  lr: 0.000005  loss: 0.2015  time: 1.4495  data: 0.0002  max mem: 26571
Train Epoch: [7] Total time: 0:32:44 (1.4563 s / it)
Averaged stats: lr: 0.0000  loss: 0.1479
Evaluation:  [  0/110]  eta: 0:02:48  acc: 0.7500 (0.7500)  time: 1.5282  data: 1.0990  max mem: 26571
Evaluation:  [ 50/110]  eta: 0:00:23  acc: 0.8125 (0.7892)  time: 0.3685  data: 0.0002  max mem: 26571
Evaluation:  [100/110]  eta: 0:00:03  acc: 0.8125 (0.7908)  time: 0.3652  data: 0.0002  max mem: 26571
Evaluation:  [109/110]  eta: 0:00:00  acc: 0.8125 (0.7898)  time: 0.3458  data: 0.0002  max mem: 26571
Evaluation: Total time: 0:00:41 (0.3759 s / it)
Averaged stats: acc: 0.7861
Evaluation:  [  0/109]  eta: 0:02:40  acc: 0.8750 (0.8750)  time: 1.4751  data: 1.1033  max mem: 26571
Evaluation:  [ 50/109]  eta: 0:00:22  acc: 0.7500 (0.7953)  time: 0.3635  data: 0.0002  max mem: 26571
Evaluation:  [100/109]  eta: 0:00:03  acc: 0.8125 (0.7946)  time: 0.3666  data: 0.0002  max mem: 26571
Evaluation:  [108/109]  eta: 0:00:00  acc: 0.8125 (0.7939)  time: 0.3610  data: 0.0002  max mem: 26571
Evaluation: Total time: 0:00:40 (0.3758 s / it)
Averaged stats: acc: 0.7936
result file saved to /projects/nlp/data/data/multimodal-gender-bias/outputs/NLVR/albef_4m/result/nlvr2_val_epoch7.json
result file saved to /projects/nlp/data/data/multimodal-gender-bias/outputs/NLVR/albef_4m/result/nlvr2_test_epoch7.json
Train Epoch: [8]  [   0/1349]  eta: 1:11:43  lr: 0.000003  loss: 0.0953  time: 3.1901  data: 1.5248  max mem: 26571
Train Epoch: [8]  [  50/1349]  eta: 0:32:11  lr: 0.000003  loss: 0.1733  time: 1.4528  data: 0.0001  max mem: 26571
Train Epoch: [8]  [ 100/1349]  eta: 0:30:37  lr: 0.000003  loss: 0.1124  time: 1.4551  data: 0.0001  max mem: 26571
Train Epoch: [8]  [ 150/1349]  eta: 0:29:17  lr: 0.000003  loss: 0.1012  time: 1.4550  data: 0.0001  max mem: 26571
Train Epoch: [8]  [ 200/1349]  eta: 0:28:01  lr: 0.000003  loss: 0.1501  time: 1.4504  data: 0.0001  max mem: 26571
Train Epoch: [8]  [ 250/1349]  eta: 0:26:45  lr: 0.000003  loss: 0.0725  time: 1.4523  data: 0.0001  max mem: 26571
Train Epoch: [8]  [ 300/1349]  eta: 0:25:31  lr: 0.000003  loss: 0.2132  time: 1.4529  data: 0.0001  max mem: 26571
Train Epoch: [8]  [ 350/1349]  eta: 0:24:17  lr: 0.000003  loss: 0.0424  time: 1.4529  data: 0.0001  max mem: 26571
Train Epoch: [8]  [ 400/1349]  eta: 0:23:04  lr: 0.000003  loss: 0.1135  time: 1.4569  data: 0.0001  max mem: 26571
Train Epoch: [8]  [ 450/1349]  eta: 0:21:50  lr: 0.000003  loss: 0.0366  time: 1.4530  data: 0.0001  max mem: 26571
Train Epoch: [8]  [ 500/1349]  eta: 0:20:37  lr: 0.000003  loss: 0.0940  time: 1.4544  data: 0.0001  max mem: 26571
Train Epoch: [8]  [ 550/1349]  eta: 0:19:24  lr: 0.000003  loss: 0.2397  time: 1.4540  data: 0.0001  max mem: 26571
Train Epoch: [8]  [ 600/1349]  eta: 0:18:11  lr: 0.000003  loss: 0.1417  time: 1.4560  data: 0.0001  max mem: 26571
Train Epoch: [8]  [ 650/1349]  eta: 0:16:58  lr: 0.000003  loss: 0.2155  time: 1.4535  data: 0.0001  max mem: 26571
Train Epoch: [8]  [ 700/1349]  eta: 0:15:45  lr: 0.000003  loss: 0.0365  time: 1.4542  data: 0.0001  max mem: 26571
Train Epoch: [8]  [ 750/1349]  eta: 0:14:32  lr: 0.000003  loss: 0.0331  time: 1.4529  data: 0.0001  max mem: 26571
Train Epoch: [8]  [ 800/1349]  eta: 0:13:19  lr: 0.000003  loss: 0.3408  time: 1.4557  data: 0.0001  max mem: 26571
Train Epoch: [8]  [ 850/1349]  eta: 0:12:06  lr: 0.000003  loss: 0.1416  time: 1.4601  data: 0.0001  max mem: 26571
Train Epoch: [8]  [ 900/1349]  eta: 0:10:53  lr: 0.000003  loss: 0.0815  time: 1.4541  data: 0.0001  max mem: 26571
Train Epoch: [8]  [ 950/1349]  eta: 0:09:41  lr: 0.000003  loss: 0.0530  time: 1.4547  data: 0.0001  max mem: 26571
Train Epoch: [8]  [1000/1349]  eta: 0:08:28  lr: 0.000003  loss: 0.0686  time: 1.4548  data: 0.0001  max mem: 26571
Train Epoch: [8]  [1050/1349]  eta: 0:07:15  lr: 0.000003  loss: 0.2852  time: 1.4535  data: 0.0001  max mem: 26571
Train Epoch: [8]  [1100/1349]  eta: 0:06:02  lr: 0.000003  loss: 0.0893  time: 1.4536  data: 0.0001  max mem: 26571
Train Epoch: [8]  [1150/1349]  eta: 0:04:49  lr: 0.000003  loss: 0.0626  time: 1.4588  data: 0.0001  max mem: 26571
Train Epoch: [8]  [1200/1349]  eta: 0:03:36  lr: 0.000003  loss: 0.2593  time: 1.4549  data: 0.0001  max mem: 26571
Train Epoch: [8]  [1250/1349]  eta: 0:02:24  lr: 0.000003  loss: 0.0560  time: 1.4547  data: 0.0001  max mem: 26571
Train Epoch: [8]  [1300/1349]  eta: 0:01:11  lr: 0.000003  loss: 0.0649  time: 1.4557  data: 0.0001  max mem: 26571
Train Epoch: [8]  [1348/1349]  eta: 0:00:01  lr: 0.000003  loss: 0.0533  time: 1.4465  data: 0.0002  max mem: 26571
Train Epoch: [8] Total time: 0:32:44 (1.4561 s / it)
Averaged stats: lr: 0.0000  loss: 0.1274
Evaluation:  [  0/110]  eta: 0:02:43  acc: 0.7500 (0.7500)  time: 1.4891  data: 1.0783  max mem: 26571
Evaluation:  [ 50/110]  eta: 0:00:23  acc: 0.8125 (0.7880)  time: 0.3642  data: 0.0002  max mem: 26571
Evaluation:  [100/110]  eta: 0:00:03  acc: 0.8125 (0.7908)  time: 0.3653  data: 0.0002  max mem: 26571
Evaluation:  [109/110]  eta: 0:00:00  acc: 0.8125 (0.7892)  time: 0.3473  data: 0.0002  max mem: 26571
Evaluation: Total time: 0:00:41 (0.3750 s / it)
Averaged stats: acc: 0.7834
Evaluation:  [  0/109]  eta: 0:02:44  acc: 0.7500 (0.7500)  time: 1.5074  data: 1.1250  max mem: 26571
Evaluation:  [ 50/109]  eta: 0:00:23  acc: 0.8125 (0.7978)  time: 0.3655  data: 0.0002  max mem: 26571
Evaluation:  [100/109]  eta: 0:00:03  acc: 0.7500 (0.7946)  time: 0.3639  data: 0.0002  max mem: 26571
Evaluation:  [108/109]  eta: 0:00:00  acc: 0.8125 (0.7945)  time: 0.3608  data: 0.0002  max mem: 26571
Evaluation: Total time: 0:00:41 (0.3776 s / it)
Averaged stats: acc: 0.7939
result file saved to /projects/nlp/data/data/multimodal-gender-bias/outputs/NLVR/albef_4m/result/nlvr2_val_epoch8.json
result file saved to /projects/nlp/data/data/multimodal-gender-bias/outputs/NLVR/albef_4m/result/nlvr2_test_epoch8.json
Train Epoch: [9]  [   0/1349]  eta: 1:24:05  lr: 0.000001  loss: 0.1546  time: 3.7400  data: 1.6638  max mem: 26571
Train Epoch: [9]  [  50/1349]  eta: 0:32:25  lr: 0.000001  loss: 0.0751  time: 1.4520  data: 0.0001  max mem: 26571
Train Epoch: [9]  [ 100/1349]  eta: 0:30:44  lr: 0.000001  loss: 0.2438  time: 1.4549  data: 0.0001  max mem: 26571
Train Epoch: [9]  [ 150/1349]  eta: 0:29:21  lr: 0.000001  loss: 0.1496  time: 1.4556  data: 0.0001  max mem: 26571
Train Epoch: [9]  [ 200/1349]  eta: 0:28:04  lr: 0.000001  loss: 0.1990  time: 1.4540  data: 0.0001  max mem: 26571
Train Epoch: [9]  [ 250/1349]  eta: 0:26:47  lr: 0.000001  loss: 0.1177  time: 1.4528  data: 0.0001  max mem: 26571
Train Epoch: [9]  [ 300/1349]  eta: 0:25:33  lr: 0.000001  loss: 0.1007  time: 1.4589  data: 0.0001  max mem: 26571
Train Epoch: [9]  [ 350/1349]  eta: 0:24:19  lr: 0.000001  loss: 0.0937  time: 1.4522  data: 0.0001  max mem: 26571
Train Epoch: [9]  [ 400/1349]  eta: 0:23:05  lr: 0.000001  loss: 0.0582  time: 1.4557  data: 0.0001  max mem: 26571
Train Epoch: [9]  [ 450/1349]  eta: 0:21:52  lr: 0.000001  loss: 0.1290  time: 1.4555  data: 0.0001  max mem: 26571
Train Epoch: [9]  [ 500/1349]  eta: 0:20:39  lr: 0.000001  loss: 0.2006  time: 1.4554  data: 0.0001  max mem: 26571
Train Epoch: [9]  [ 550/1349]  eta: 0:19:25  lr: 0.000001  loss: 0.1176  time: 1.4524  data: 0.0001  max mem: 26571
Train Epoch: [9]  [ 600/1349]  eta: 0:18:12  lr: 0.000001  loss: 0.1243  time: 1.4597  data: 0.0001  max mem: 26571
Train Epoch: [9]  [ 650/1349]  eta: 0:16:59  lr: 0.000001  loss: 0.0855  time: 1.4579  data: 0.0001  max mem: 26571
Train Epoch: [9]  [ 700/1349]  eta: 0:15:46  lr: 0.000001  loss: 0.0967  time: 1.4546  data: 0.0001  max mem: 26571
Train Epoch: [9]  [ 750/1349]  eta: 0:14:33  lr: 0.000001  loss: 0.1026  time: 1.4562  data: 0.0001  max mem: 26571
Train Epoch: [9]  [ 800/1349]  eta: 0:13:20  lr: 0.000001  loss: 0.1749  time: 1.4532  data: 0.0001  max mem: 26571
Train Epoch: [9]  [ 850/1349]  eta: 0:12:07  lr: 0.000001  loss: 0.1393  time: 1.4561  data: 0.0001  max mem: 26571
Train Epoch: [9]  [ 900/1349]  eta: 0:10:54  lr: 0.000001  loss: 0.1053  time: 1.4517  data: 0.0001  max mem: 26571
Train Epoch: [9]  [ 950/1349]  eta: 0:09:41  lr: 0.000001  loss: 0.1663  time: 1.4543  data: 0.0001  max mem: 26571
Train Epoch: [9]  [1000/1349]  eta: 0:08:28  lr: 0.000001  loss: 0.0190  time: 1.4574  data: 0.0001  max mem: 26571
Train Epoch: [9]  [1050/1349]  eta: 0:07:15  lr: 0.000001  loss: 0.1085  time: 1.4534  data: 0.0001  max mem: 26571
Train Epoch: [9]  [1100/1349]  eta: 0:06:02  lr: 0.000001  loss: 0.0948  time: 1.4527  data: 0.0001  max mem: 26571
Train Epoch: [9]  [1150/1349]  eta: 0:04:49  lr: 0.000001  loss: 0.0973  time: 1.4545  data: 0.0001  max mem: 26571
Train Epoch: [9]  [1200/1349]  eta: 0:03:37  lr: 0.000001  loss: 0.1922  time: 1.4561  data: 0.0001  max mem: 26571
Train Epoch: [9]  [1250/1349]  eta: 0:02:24  lr: 0.000001  loss: 0.1169  time: 1.4554  data: 0.0001  max mem: 26571
Train Epoch: [9]  [1300/1349]  eta: 0:01:11  lr: 0.000001  loss: 0.0766  time: 1.4511  data: 0.0001  max mem: 26571
Train Epoch: [9]  [1348/1349]  eta: 0:00:01  lr: 0.000001  loss: 0.0448  time: 1.4494  data: 0.0002  max mem: 26571
Train Epoch: [9] Total time: 0:32:45 (1.4568 s / it)
Averaged stats: lr: 0.0000  loss: 0.1116
Evaluation:  [  0/110]  eta: 0:02:47  acc: 0.7500 (0.7500)  time: 1.5217  data: 1.0951  max mem: 26571
Evaluation:  [ 50/110]  eta: 0:00:23  acc: 0.8125 (0.7770)  time: 0.3650  data: 0.0002  max mem: 26571
Evaluation:  [100/110]  eta: 0:00:03  acc: 0.8125 (0.7840)  time: 0.3650  data: 0.0002  max mem: 26571
Evaluation:  [109/110]  eta: 0:00:00  acc: 0.8125 (0.7835)  time: 0.3460  data: 0.0001  max mem: 26571
Evaluation: Total time: 0:00:41 (0.3762 s / it)
Averaged stats: acc: 0.7806
Evaluation:  [  0/109]  eta: 0:02:44  acc: 0.8125 (0.8125)  time: 1.5054  data: 1.1181  max mem: 26571
Evaluation:  [ 50/109]  eta: 0:00:22  acc: 0.7500 (0.7941)  time: 0.3674  data: 0.0002  max mem: 26571
Evaluation:  [100/109]  eta: 0:00:03  acc: 0.7500 (0.7939)  time: 0.3698  data: 0.0002  max mem: 26571
Evaluation:  [108/109]  eta: 0:00:00  acc: 0.8125 (0.7945)  time: 0.3633  data: 0.0002  max mem: 26571
Evaluation: Total time: 0:00:41 (0.3793 s / it)
Averaged stats: acc: 0.7925
result file saved to /projects/nlp/data/data/multimodal-gender-bias/outputs/NLVR/albef_4m/result/nlvr2_val_epoch9.json
result file saved to /projects/nlp/data/data/multimodal-gender-bias/outputs/NLVR/albef_4m/result/nlvr2_test_epoch9.json
Training time 5:42:48
