| distributed init (rank 2): env://
| distributed init (rank 0): env://
| distributed init (rank 3): env://
| distributed init (rank 1): env://
Creating vqa datasets
Creating model
reshape position embedding from 256 to 576
reshape position embedding from 256 to 576
load checkpoint from /projects/nlp/data/data/multimodal-gender-bias/outputs/Pretrain_COCO_neutral/albef_14m/checkpoint_00.pth
_IncompatibleKeys(missing_keys=[], unexpected_keys=['temp', 'image_queue', 'text_queue', 'queue_ptr', 'vision_proj.weight', 'vision_proj.bias', 'text_proj.weight', 'text_proj.bias', 'itm_head.weight', 'itm_head.bias', 'vision_proj_m.weight', 'vision_proj_m.bias', 'text_proj_m.weight', 'text_proj_m.bias'])
Start training
Train Epoch: [0]  [   0/3466]  eta: 8:25:52  lr: 0.000010  loss: 43.3486  time: 8.7571  data: 3.0713  max mem: 22093
Train Epoch: [0]  [  50/3466]  eta: 1:29:34  lr: 0.000010  loss: 8.7656  time: 1.4284  data: 0.0001  max mem: 25974
Train Epoch: [0]  [ 100/3466]  eta: 1:24:31  lr: 0.000010  loss: 7.5287  time: 1.4409  data: 0.0001  max mem: 26087
Train Epoch: [0]  [ 150/3466]  eta: 1:22:07  lr: 0.000013  loss: 5.9495  time: 1.4465  data: 0.0001  max mem: 26087
Train Epoch: [0]  [ 200/3466]  eta: 1:20:20  lr: 0.000013  loss: 4.2149  time: 1.4472  data: 0.0001  max mem: 26087
Train Epoch: [0]  [ 250/3466]  eta: 1:18:48  lr: 0.000015  loss: 6.1510  time: 1.4502  data: 0.0001  max mem: 26903
Train Epoch: [0]  [ 300/3466]  eta: 1:17:23  lr: 0.000015  loss: 5.1220  time: 1.4479  data: 0.0001  max mem: 26903
Train Epoch: [0]  [ 350/3466]  eta: 1:16:02  lr: 0.000018  loss: 5.1886  time: 1.4475  data: 0.0001  max mem: 26903
Train Epoch: [0]  [ 400/3466]  eta: 1:14:43  lr: 0.000018  loss: 4.6318  time: 1.4479  data: 0.0001  max mem: 26903
Train Epoch: [0]  [ 450/3466]  eta: 1:13:25  lr: 0.000020  loss: 5.1404  time: 1.4440  data: 0.0001  max mem: 26903
Train Epoch: [0]  [ 500/3466]  eta: 1:12:08  lr: 0.000020  loss: 4.0230  time: 1.4481  data: 0.0001  max mem: 26903
Train Epoch: [0]  [ 550/3466]  eta: 1:10:53  lr: 0.000020  loss: 5.0124  time: 1.4475  data: 0.0001  max mem: 26903
Train Epoch: [0]  [ 600/3466]  eta: 1:09:37  lr: 0.000020  loss: 6.4509  time: 1.4496  data: 0.0001  max mem: 26903
Train Epoch: [0]  [ 650/3466]  eta: 1:08:23  lr: 0.000020  loss: 3.3611  time: 1.4537  data: 0.0001  max mem: 26903
Train Epoch: [0]  [ 700/3466]  eta: 1:07:09  lr: 0.000020  loss: 6.0269  time: 1.4529  data: 0.0001  max mem: 26903
Train Epoch: [0]  [ 750/3466]  eta: 1:05:55  lr: 0.000020  loss: 4.1154  time: 1.4499  data: 0.0001  max mem: 26903
Train Epoch: [0]  [ 800/3466]  eta: 1:04:41  lr: 0.000020  loss: 3.3933  time: 1.4456  data: 0.0001  max mem: 26903
Train Epoch: [0]  [ 850/3466]  eta: 1:03:27  lr: 0.000020  loss: 4.6897  time: 1.4471  data: 0.0001  max mem: 26903
Train Epoch: [0]  [ 900/3466]  eta: 1:02:13  lr: 0.000020  loss: 3.1525  time: 1.4475  data: 0.0001  max mem: 26903
Train Epoch: [0]  [ 950/3466]  eta: 1:00:59  lr: 0.000020  loss: 5.1466  time: 1.4482  data: 0.0001  max mem: 26903
Train Epoch: [0]  [1000/3466]  eta: 0:59:46  lr: 0.000020  loss: 4.1648  time: 1.4477  data: 0.0001  max mem: 26903
Train Epoch: [0]  [1050/3466]  eta: 0:58:33  lr: 0.000020  loss: 5.2692  time: 1.4492  data: 0.0001  max mem: 26903
Train Epoch: [0]  [1100/3466]  eta: 0:57:20  lr: 0.000020  loss: 4.5709  time: 1.4504  data: 0.0001  max mem: 26903
Train Epoch: [0]  [1150/3466]  eta: 0:56:06  lr: 0.000020  loss: 4.4631  time: 1.4482  data: 0.0001  max mem: 26903
Train Epoch: [0]  [1200/3466]  eta: 0:54:53  lr: 0.000020  loss: 3.4334  time: 1.4462  data: 0.0001  max mem: 26903
Train Epoch: [0]  [1250/3466]  eta: 0:53:40  lr: 0.000020  loss: 4.1082  time: 1.4524  data: 0.0001  max mem: 26903
Train Epoch: [0]  [1300/3466]  eta: 0:52:27  lr: 0.000020  loss: 3.7901  time: 1.4452  data: 0.0001  max mem: 26903
Train Epoch: [0]  [1350/3466]  eta: 0:51:14  lr: 0.000020  loss: 4.4741  time: 1.4513  data: 0.0001  max mem: 26903
Train Epoch: [0]  [1400/3466]  eta: 0:50:01  lr: 0.000020  loss: 4.6427  time: 1.4490  data: 0.0001  max mem: 26903
Train Epoch: [0]  [1450/3466]  eta: 0:48:48  lr: 0.000020  loss: 3.5273  time: 1.4506  data: 0.0001  max mem: 26903
Train Epoch: [0]  [1500/3466]  eta: 0:47:35  lr: 0.000020  loss: 3.3578  time: 1.4510  data: 0.0001  max mem: 26903
Train Epoch: [0]  [1550/3466]  eta: 0:46:23  lr: 0.000020  loss: 1.7287  time: 1.4464  data: 0.0001  max mem: 26903
Train Epoch: [0]  [1600/3466]  eta: 0:45:10  lr: 0.000020  loss: 4.5716  time: 1.4481  data: 0.0001  max mem: 26903
Train Epoch: [0]  [1650/3466]  eta: 0:43:57  lr: 0.000020  loss: 4.3712  time: 1.4491  data: 0.0001  max mem: 26903
Train Epoch: [0]  [1700/3466]  eta: 0:42:44  lr: 0.000020  loss: 2.7782  time: 1.4456  data: 0.0001  max mem: 26903
Train Epoch: [0]  [1750/3466]  eta: 0:41:31  lr: 0.000020  loss: 3.6738  time: 1.4477  data: 0.0001  max mem: 26903
Train Epoch: [0]  [1800/3466]  eta: 0:40:18  lr: 0.000020  loss: 3.3247  time: 1.4495  data: 0.0001  max mem: 26903
Train Epoch: [0]  [1850/3466]  eta: 0:39:06  lr: 0.000020  loss: 3.2268  time: 1.4503  data: 0.0001  max mem: 26903
Train Epoch: [0]  [1900/3466]  eta: 0:37:53  lr: 0.000020  loss: 3.2211  time: 1.4491  data: 0.0001  max mem: 26903
Train Epoch: [0]  [1950/3466]  eta: 0:36:40  lr: 0.000020  loss: 3.3077  time: 1.4460  data: 0.0001  max mem: 26903
Train Epoch: [0]  [2000/3466]  eta: 0:35:28  lr: 0.000020  loss: 1.9156  time: 1.4537  data: 0.0001  max mem: 26903
Train Epoch: [0]  [2050/3466]  eta: 0:34:15  lr: 0.000020  loss: 2.5680  time: 1.4516  data: 0.0001  max mem: 26903
Train Epoch: [0]  [2100/3466]  eta: 0:33:02  lr: 0.000020  loss: 2.8536  time: 1.4511  data: 0.0001  max mem: 26903
Train Epoch: [0]  [2150/3466]  eta: 0:31:50  lr: 0.000020  loss: 2.2010  time: 1.4471  data: 0.0001  max mem: 26903
Train Epoch: [0]  [2200/3466]  eta: 0:30:37  lr: 0.000020  loss: 3.3177  time: 1.4496  data: 0.0001  max mem: 26903
Train Epoch: [0]  [2250/3466]  eta: 0:29:24  lr: 0.000020  loss: 3.1312  time: 1.4467  data: 0.0001  max mem: 26903
Train Epoch: [0]  [2300/3466]  eta: 0:28:12  lr: 0.000020  loss: 1.7676  time: 1.4455  data: 0.0001  max mem: 26903
Train Epoch: [0]  [2350/3466]  eta: 0:26:59  lr: 0.000020  loss: 2.8445  time: 1.4477  data: 0.0001  max mem: 26903
Train Epoch: [0]  [2400/3466]  eta: 0:25:46  lr: 0.000020  loss: 2.3331  time: 1.4466  data: 0.0001  max mem: 26903
Train Epoch: [0]  [2450/3466]  eta: 0:24:34  lr: 0.000020  loss: 2.6209  time: 1.4484  data: 0.0001  max mem: 26903
Train Epoch: [0]  [2500/3466]  eta: 0:23:21  lr: 0.000020  loss: 2.6937  time: 1.4477  data: 0.0001  max mem: 26903
Train Epoch: [0]  [2550/3466]  eta: 0:22:09  lr: 0.000020  loss: 2.6539  time: 1.4496  data: 0.0002  max mem: 26903
Train Epoch: [0]  [2600/3466]  eta: 0:20:56  lr: 0.000020  loss: 3.5264  time: 1.4467  data: 0.0001  max mem: 26903
Train Epoch: [0]  [2650/3466]  eta: 0:19:43  lr: 0.000020  loss: 3.2342  time: 1.4451  data: 0.0001  max mem: 26903
Train Epoch: [0]  [2700/3466]  eta: 0:18:31  lr: 0.000020  loss: 3.0123  time: 1.4474  data: 0.0001  max mem: 26903
Train Epoch: [0]  [2750/3466]  eta: 0:17:18  lr: 0.000020  loss: 3.6221  time: 1.4507  data: 0.0001  max mem: 26903
Train Epoch: [0]  [2800/3466]  eta: 0:16:06  lr: 0.000020  loss: 2.9546  time: 1.4527  data: 0.0001  max mem: 26903
Train Epoch: [0]  [2850/3466]  eta: 0:14:53  lr: 0.000020  loss: 2.4558  time: 1.4491  data: 0.0001  max mem: 26903
Train Epoch: [0]  [2900/3466]  eta: 0:13:41  lr: 0.000020  loss: 2.7986  time: 1.4524  data: 0.0001  max mem: 26903
Train Epoch: [0]  [2950/3466]  eta: 0:12:28  lr: 0.000020  loss: 3.3418  time: 1.4488  data: 0.0001  max mem: 26903
Train Epoch: [0]  [3000/3466]  eta: 0:11:16  lr: 0.000020  loss: 2.9521  time: 1.4500  data: 0.0001  max mem: 26903
Train Epoch: [0]  [3050/3466]  eta: 0:10:03  lr: 0.000020  loss: 2.6325  time: 1.4483  data: 0.0001  max mem: 26903
Train Epoch: [0]  [3100/3466]  eta: 0:08:50  lr: 0.000020  loss: 2.7257  time: 1.4473  data: 0.0001  max mem: 26903
Train Epoch: [0]  [3150/3466]  eta: 0:07:38  lr: 0.000020  loss: 2.9177  time: 1.4477  data: 0.0001  max mem: 26903
Train Epoch: [0]  [3200/3466]  eta: 0:06:25  lr: 0.000020  loss: 3.2843  time: 1.4514  data: 0.0001  max mem: 26903
Train Epoch: [0]  [3250/3466]  eta: 0:05:13  lr: 0.000020  loss: 2.9322  time: 1.4463  data: 0.0001  max mem: 26903
Train Epoch: [0]  [3300/3466]  eta: 0:04:00  lr: 0.000020  loss: 3.4311  time: 1.4466  data: 0.0001  max mem: 26903
Train Epoch: [0]  [3350/3466]  eta: 0:02:48  lr: 0.000020  loss: 3.0352  time: 1.4478  data: 0.0001  max mem: 26903
Train Epoch: [0]  [3400/3466]  eta: 0:01:35  lr: 0.000020  loss: 2.5603  time: 1.4532  data: 0.0001  max mem: 26903
Train Epoch: [0]  [3450/3466]  eta: 0:00:23  lr: 0.000020  loss: 3.5692  time: 1.4470  data: 0.0001  max mem: 26903
Train Epoch: [0]  [3465/3466]  eta: 0:00:01  lr: 0.000020  loss: 2.9793  time: 1.4451  data: 0.0004  max mem: 26903
Train Epoch: [0] Total time: 1:23:47 (1.4506 s / it)
Averaged stats: lr: 0.0000  loss: 3.9381
Train Epoch: [1]  [   0/3466]  eta: 3:06:48  lr: 0.000019  loss: 2.5596  time: 3.2339  data: 1.4296  max mem: 26903
Train Epoch: [1]  [  50/3466]  eta: 1:23:54  lr: 0.000019  loss: 2.7230  time: 1.4370  data: 0.0001  max mem: 27126
Train Epoch: [1]  [ 100/3466]  eta: 1:21:43  lr: 0.000019  loss: 3.6246  time: 1.4403  data: 0.0001  max mem: 27126
Train Epoch: [1]  [ 150/3466]  eta: 1:20:18  lr: 0.000019  loss: 2.2959  time: 1.4435  data: 0.0001  max mem: 27126
Train Epoch: [1]  [ 200/3466]  eta: 1:19:03  lr: 0.000019  loss: 3.5520  time: 1.4495  data: 0.0001  max mem: 27126
Train Epoch: [1]  [ 250/3466]  eta: 1:17:48  lr: 0.000019  loss: 2.0485  time: 1.4504  data: 0.0001  max mem: 27126
Train Epoch: [1]  [ 300/3466]  eta: 1:16:32  lr: 0.000019  loss: 3.2841  time: 1.4472  data: 0.0001  max mem: 27126
Train Epoch: [1]  [ 350/3466]  eta: 1:15:20  lr: 0.000019  loss: 1.9792  time: 1.4489  data: 0.0001  max mem: 27126
Train Epoch: [1]  [ 400/3466]  eta: 1:14:08  lr: 0.000019  loss: 3.2033  time: 1.4540  data: 0.0001  max mem: 27126
Train Epoch: [1]  [ 450/3466]  eta: 1:12:55  lr: 0.000019  loss: 2.7259  time: 1.4494  data: 0.0001  max mem: 27169
Train Epoch: [1]  [ 500/3466]  eta: 1:11:42  lr: 0.000019  loss: 2.9522  time: 1.4502  data: 0.0001  max mem: 27169
Train Epoch: [1]  [ 550/3466]  eta: 1:10:30  lr: 0.000019  loss: 2.4327  time: 1.4488  data: 0.0001  max mem: 27169
Train Epoch: [1]  [ 600/3466]  eta: 1:09:17  lr: 0.000019  loss: 4.1826  time: 1.4513  data: 0.0001  max mem: 27169
Train Epoch: [1]  [ 650/3466]  eta: 1:08:04  lr: 0.000019  loss: 2.7732  time: 1.4449  data: 0.0001  max mem: 27169
Train Epoch: [1]  [ 700/3466]  eta: 1:06:51  lr: 0.000019  loss: 2.4055  time: 1.4541  data: 0.0001  max mem: 27169
Train Epoch: [1]  [ 750/3466]  eta: 1:05:38  lr: 0.000019  loss: 3.3195  time: 1.4502  data: 0.0001  max mem: 27169
Train Epoch: [1]  [ 800/3466]  eta: 1:04:26  lr: 0.000019  loss: 2.8200  time: 1.4502  data: 0.0001  max mem: 27176
Train Epoch: [1]  [ 850/3466]  eta: 1:03:13  lr: 0.000019  loss: 2.8314  time: 1.4515  data: 0.0001  max mem: 27176
Train Epoch: [1]  [ 900/3466]  eta: 1:02:01  lr: 0.000019  loss: 2.3193  time: 1.4495  data: 0.0001  max mem: 27445
Train Epoch: [1]  [ 950/3466]  eta: 1:00:48  lr: 0.000019  loss: 3.7375  time: 1.4514  data: 0.0001  max mem: 27445
Train Epoch: [1]  [1000/3466]  eta: 0:59:35  lr: 0.000019  loss: 2.4047  time: 1.4481  data: 0.0001  max mem: 27445
Train Epoch: [1]  [1050/3466]  eta: 0:58:22  lr: 0.000019  loss: 2.8598  time: 1.4469  data: 0.0001  max mem: 27445
Train Epoch: [1]  [1100/3466]  eta: 0:57:09  lr: 0.000019  loss: 3.2752  time: 1.4456  data: 0.0001  max mem: 27445
Train Epoch: [1]  [1150/3466]  eta: 0:55:57  lr: 0.000019  loss: 3.4644  time: 1.4502  data: 0.0001  max mem: 27445
Train Epoch: [1]  [1200/3466]  eta: 0:54:44  lr: 0.000019  loss: 2.8016  time: 1.4460  data: 0.0001  max mem: 27445
Train Epoch: [1]  [1250/3466]  eta: 0:53:31  lr: 0.000019  loss: 3.4103  time: 1.4474  data: 0.0001  max mem: 27445
Train Epoch: [1]  [1300/3466]  eta: 0:52:19  lr: 0.000019  loss: 2.2839  time: 1.4463  data: 0.0002  max mem: 27445
Train Epoch: [1]  [1350/3466]  eta: 0:51:06  lr: 0.000019  loss: 2.4723  time: 1.4448  data: 0.0001  max mem: 27445
Train Epoch: [1]  [1400/3466]  eta: 0:49:54  lr: 0.000019  loss: 2.6437  time: 1.4499  data: 0.0001  max mem: 27445
Train Epoch: [1]  [1450/3466]  eta: 0:48:41  lr: 0.000019  loss: 3.8363  time: 1.4479  data: 0.0001  max mem: 27445
Train Epoch: [1]  [1500/3466]  eta: 0:47:28  lr: 0.000019  loss: 3.0340  time: 1.4440  data: 0.0001  max mem: 27445
Train Epoch: [1]  [1550/3466]  eta: 0:46:16  lr: 0.000019  loss: 3.0680  time: 1.4491  data: 0.0001  max mem: 27445
Train Epoch: [1]  [1600/3466]  eta: 0:45:03  lr: 0.000019  loss: 2.1810  time: 1.4446  data: 0.0001  max mem: 27445
Train Epoch: [1]  [1650/3466]  eta: 0:43:51  lr: 0.000019  loss: 2.3539  time: 1.4496  data: 0.0001  max mem: 27445
Train Epoch: [1]  [1700/3466]  eta: 0:42:39  lr: 0.000019  loss: 2.2931  time: 1.4514  data: 0.0001  max mem: 27445
Train Epoch: [1]  [1750/3466]  eta: 0:41:26  lr: 0.000019  loss: 3.7250  time: 1.4514  data: 0.0001  max mem: 27445
Train Epoch: [1]  [1800/3466]  eta: 0:40:14  lr: 0.000019  loss: 3.6754  time: 1.4491  data: 0.0001  max mem: 27445
Train Epoch: [1]  [1850/3466]  eta: 0:39:01  lr: 0.000019  loss: 1.6591  time: 1.4484  data: 0.0001  max mem: 27445
Train Epoch: [1]  [1900/3466]  eta: 0:37:49  lr: 0.000019  loss: 4.1897  time: 1.4473  data: 0.0001  max mem: 27445
Train Epoch: [1]  [1950/3466]  eta: 0:36:36  lr: 0.000019  loss: 1.4877  time: 1.4520  data: 0.0001  max mem: 27445
Train Epoch: [1]  [2000/3466]  eta: 0:35:24  lr: 0.000019  loss: 2.7677  time: 1.4462  data: 0.0001  max mem: 27671
Train Epoch: [1]  [2050/3466]  eta: 0:34:11  lr: 0.000019  loss: 2.4541  time: 1.4462  data: 0.0001  max mem: 27671
Train Epoch: [1]  [2100/3466]  eta: 0:32:59  lr: 0.000019  loss: 4.2441  time: 1.4479  data: 0.0001  max mem: 27671
Train Epoch: [1]  [2150/3466]  eta: 0:31:46  lr: 0.000019  loss: 1.5849  time: 1.4505  data: 0.0001  max mem: 27671
Train Epoch: [1]  [2200/3466]  eta: 0:30:34  lr: 0.000019  loss: 2.8007  time: 1.4507  data: 0.0001  max mem: 27671
Train Epoch: [1]  [2250/3466]  eta: 0:29:21  lr: 0.000019  loss: 3.0405  time: 1.4507  data: 0.0001  max mem: 27671
Train Epoch: [1]  [2300/3466]  eta: 0:28:09  lr: 0.000019  loss: 2.3153  time: 1.4516  data: 0.0001  max mem: 27671
Train Epoch: [1]  [2350/3466]  eta: 0:26:57  lr: 0.000019  loss: 2.0523  time: 1.4506  data: 0.0001  max mem: 27671
Train Epoch: [1]  [2400/3466]  eta: 0:25:44  lr: 0.000019  loss: 1.7828  time: 1.4504  data: 0.0001  max mem: 27671
Train Epoch: [1]  [2450/3466]  eta: 0:24:32  lr: 0.000019  loss: 3.4341  time: 1.4496  data: 0.0001  max mem: 27671
Train Epoch: [1]  [2500/3466]  eta: 0:23:19  lr: 0.000019  loss: 3.1142  time: 1.4542  data: 0.0001  max mem: 27671
Train Epoch: [1]  [2550/3466]  eta: 0:22:07  lr: 0.000019  loss: 2.7205  time: 1.4502  data: 0.0001  max mem: 27671
Train Epoch: [1]  [2600/3466]  eta: 0:20:55  lr: 0.000019  loss: 2.4112  time: 1.4481  data: 0.0001  max mem: 27671
Train Epoch: [1]  [2650/3466]  eta: 0:19:42  lr: 0.000019  loss: 2.1023  time: 1.4483  data: 0.0001  max mem: 27671
Train Epoch: [1]  [2700/3466]  eta: 0:18:30  lr: 0.000019  loss: 4.3031  time: 1.4496  data: 0.0001  max mem: 27671
Train Epoch: [1]  [2750/3466]  eta: 0:17:17  lr: 0.000019  loss: 2.4705  time: 1.4453  data: 0.0001  max mem: 27671
Train Epoch: [1]  [2800/3466]  eta: 0:16:05  lr: 0.000019  loss: 1.8604  time: 1.4449  data: 0.0001  max mem: 27671
Train Epoch: [1]  [2850/3466]  eta: 0:14:52  lr: 0.000019  loss: 1.9407  time: 1.4480  data: 0.0001  max mem: 27671
Train Epoch: [1]  [2900/3466]  eta: 0:13:40  lr: 0.000019  loss: 2.4252  time: 1.4457  data: 0.0001  max mem: 27671
Train Epoch: [1]  [2950/3466]  eta: 0:12:27  lr: 0.000019  loss: 2.3427  time: 1.4499  data: 0.0001  max mem: 27671
Train Epoch: [1]  [3000/3466]  eta: 0:11:15  lr: 0.000019  loss: 2.5558  time: 1.4506  data: 0.0001  max mem: 27671
Train Epoch: [1]  [3050/3466]  eta: 0:10:02  lr: 0.000019  loss: 1.9618  time: 1.4510  data: 0.0001  max mem: 27857
Train Epoch: [1]  [3100/3466]  eta: 0:08:50  lr: 0.000019  loss: 3.1441  time: 1.4476  data: 0.0001  max mem: 27857
Train Epoch: [1]  [3150/3466]  eta: 0:07:37  lr: 0.000019  loss: 1.4286  time: 1.4451  data: 0.0001  max mem: 27857
Train Epoch: [1]  [3200/3466]  eta: 0:06:25  lr: 0.000019  loss: 1.8920  time: 1.4472  data: 0.0001  max mem: 27857
Train Epoch: [1]  [3250/3466]  eta: 0:05:13  lr: 0.000019  loss: 3.1426  time: 1.4519  data: 0.0001  max mem: 27857
Train Epoch: [1]  [3300/3466]  eta: 0:04:00  lr: 0.000019  loss: 2.3948  time: 1.4509  data: 0.0001  max mem: 27857
Train Epoch: [1]  [3350/3466]  eta: 0:02:48  lr: 0.000019  loss: 2.6040  time: 1.4483  data: 0.0001  max mem: 27857
Train Epoch: [1]  [3400/3466]  eta: 0:01:35  lr: 0.000019  loss: 2.6308  time: 1.4475  data: 0.0001  max mem: 27857
Train Epoch: [1]  [3450/3466]  eta: 0:00:23  lr: 0.000019  loss: 4.1102  time: 1.4477  data: 0.0001  max mem: 27857
Train Epoch: [1]  [3465/3466]  eta: 0:00:01  lr: 0.000019  loss: 1.6960  time: 1.4453  data: 0.0004  max mem: 27857
Train Epoch: [1] Total time: 1:23:42 (1.4492 s / it)
Averaged stats: lr: 0.0000  loss: 2.6328
Train Epoch: [2]  [   0/3466]  eta: 3:08:56  lr: 0.000017  loss: 2.9567  time: 3.2709  data: 1.6785  max mem: 27857
Train Epoch: [2]  [  50/3466]  eta: 1:23:59  lr: 0.000017  loss: 3.0369  time: 1.4433  data: 0.0001  max mem: 27857
Train Epoch: [2]  [ 100/3466]  eta: 1:22:01  lr: 0.000017  loss: 2.0666  time: 1.4540  data: 0.0001  max mem: 27857
Train Epoch: [2]  [ 150/3466]  eta: 1:20:32  lr: 0.000017  loss: 2.0049  time: 1.4464  data: 0.0001  max mem: 27857
Train Epoch: [2]  [ 200/3466]  eta: 1:19:11  lr: 0.000017  loss: 1.7156  time: 1.4471  data: 0.0001  max mem: 27857
Train Epoch: [2]  [ 250/3466]  eta: 1:17:54  lr: 0.000017  loss: 2.6365  time: 1.4488  data: 0.0001  max mem: 27857
Train Epoch: [2]  [ 300/3466]  eta: 1:16:40  lr: 0.000017  loss: 3.0870  time: 1.4471  data: 0.0001  max mem: 27857
Train Epoch: [2]  [ 350/3466]  eta: 1:15:28  lr: 0.000017  loss: 2.0012  time: 1.4508  data: 0.0001  max mem: 27857
Train Epoch: [2]  [ 400/3466]  eta: 1:14:14  lr: 0.000017  loss: 2.3857  time: 1.4507  data: 0.0001  max mem: 27857
Train Epoch: [2]  [ 450/3466]  eta: 1:13:00  lr: 0.000017  loss: 1.9753  time: 1.4468  data: 0.0001  max mem: 27857
Train Epoch: [2]  [ 500/3466]  eta: 1:11:46  lr: 0.000017  loss: 1.5502  time: 1.4503  data: 0.0001  max mem: 27857
Train Epoch: [2]  [ 550/3466]  eta: 1:10:32  lr: 0.000017  loss: 2.5552  time: 1.4469  data: 0.0001  max mem: 27857
Train Epoch: [2]  [ 600/3466]  eta: 1:09:19  lr: 0.000017  loss: 4.1891  time: 1.4494  data: 0.0001  max mem: 27857
Train Epoch: [2]  [ 650/3466]  eta: 1:08:07  lr: 0.000017  loss: 3.0218  time: 1.4522  data: 0.0001  max mem: 27857
Train Epoch: [2]  [ 700/3466]  eta: 1:06:53  lr: 0.000017  loss: 2.4180  time: 1.4455  data: 0.0001  max mem: 27857
Train Epoch: [2]  [ 750/3466]  eta: 1:05:40  lr: 0.000017  loss: 1.7472  time: 1.4469  data: 0.0001  max mem: 27857
Train Epoch: [2]  [ 800/3466]  eta: 1:04:27  lr: 0.000017  loss: 3.6010  time: 1.4501  data: 0.0001  max mem: 27857
Train Epoch: [2]  [ 850/3466]  eta: 1:03:14  lr: 0.000017  loss: 1.9389  time: 1.4480  data: 0.0001  max mem: 27857
Train Epoch: [2]  [ 900/3466]  eta: 1:02:01  lr: 0.000017  loss: 1.7186  time: 1.4491  data: 0.0001  max mem: 27857
Train Epoch: [2]  [ 950/3466]  eta: 1:00:49  lr: 0.000017  loss: 2.7316  time: 1.4565  data: 0.0001  max mem: 27857
Train Epoch: [2]  [1000/3466]  eta: 0:59:37  lr: 0.000017  loss: 1.9421  time: 1.4501  data: 0.0001  max mem: 27857
Train Epoch: [2]  [1050/3466]  eta: 0:58:24  lr: 0.000017  loss: 1.9183  time: 1.4508  data: 0.0001  max mem: 27857
Train Epoch: [2]  [1100/3466]  eta: 0:57:12  lr: 0.000017  loss: 1.7126  time: 1.4494  data: 0.0001  max mem: 27857
Train Epoch: [2]  [1150/3466]  eta: 0:55:59  lr: 0.000017  loss: 2.4117  time: 1.4502  data: 0.0001  max mem: 27857
Train Epoch: [2]  [1200/3466]  eta: 0:54:47  lr: 0.000017  loss: 3.2632  time: 1.4495  data: 0.0001  max mem: 27857
Train Epoch: [2]  [1250/3466]  eta: 0:53:34  lr: 0.000017  loss: 2.1825  time: 1.4541  data: 0.0001  max mem: 27857
Train Epoch: [2]  [1300/3466]  eta: 0:52:21  lr: 0.000017  loss: 2.8231  time: 1.4486  data: 0.0001  max mem: 27857
Train Epoch: [2]  [1350/3466]  eta: 0:51:09  lr: 0.000017  loss: 2.7031  time: 1.4479  data: 0.0001  max mem: 27857
Train Epoch: [2]  [1400/3466]  eta: 0:49:56  lr: 0.000017  loss: 3.5371  time: 1.4479  data: 0.0001  max mem: 27857
Train Epoch: [2]  [1450/3466]  eta: 0:48:43  lr: 0.000017  loss: 2.8950  time: 1.4499  data: 0.0001  max mem: 27857
Train Epoch: [2]  [1500/3466]  eta: 0:47:31  lr: 0.000017  loss: 2.8476  time: 1.4482  data: 0.0001  max mem: 27857
Train Epoch: [2]  [1550/3466]  eta: 0:46:18  lr: 0.000017  loss: 2.8631  time: 1.4469  data: 0.0001  max mem: 27857
Train Epoch: [2]  [1600/3466]  eta: 0:45:06  lr: 0.000017  loss: 2.4258  time: 1.4519  data: 0.0001  max mem: 27857
Train Epoch: [2]  [1650/3466]  eta: 0:43:53  lr: 0.000017  loss: 1.5291  time: 1.4451  data: 0.0001  max mem: 27857
Train Epoch: [2]  [1700/3466]  eta: 0:42:41  lr: 0.000017  loss: 2.0420  time: 1.4576  data: 0.0001  max mem: 27857
Train Epoch: [2]  [1750/3466]  eta: 0:41:28  lr: 0.000017  loss: 2.5561  time: 1.4494  data: 0.0001  max mem: 27857
Train Epoch: [2]  [1800/3466]  eta: 0:40:16  lr: 0.000017  loss: 2.0173  time: 1.4496  data: 0.0001  max mem: 27857
Train Epoch: [2]  [1850/3466]  eta: 0:39:03  lr: 0.000017  loss: 2.0881  time: 1.4553  data: 0.0001  max mem: 27857
Train Epoch: [2]  [1900/3466]  eta: 0:37:50  lr: 0.000017  loss: 1.9397  time: 1.4485  data: 0.0001  max mem: 27857
Train Epoch: [2]  [1950/3466]  eta: 0:36:38  lr: 0.000017  loss: 1.9606  time: 1.4458  data: 0.0001  max mem: 27857
Train Epoch: [2]  [2000/3466]  eta: 0:35:25  lr: 0.000017  loss: 2.5186  time: 1.4477  data: 0.0001  max mem: 27857
Train Epoch: [2]  [2050/3466]  eta: 0:34:13  lr: 0.000017  loss: 2.4098  time: 1.4423  data: 0.0001  max mem: 27857
Train Epoch: [2]  [2100/3466]  eta: 0:33:00  lr: 0.000017  loss: 1.6652  time: 1.4473  data: 0.0001  max mem: 27857
Train Epoch: [2]  [2150/3466]  eta: 0:31:47  lr: 0.000017  loss: 1.9197  time: 1.4465  data: 0.0001  max mem: 27857
Train Epoch: [2]  [2200/3466]  eta: 0:30:35  lr: 0.000017  loss: 1.9867  time: 1.4490  data: 0.0001  max mem: 27857
Train Epoch: [2]  [2250/3466]  eta: 0:29:22  lr: 0.000017  loss: 2.1726  time: 1.4471  data: 0.0001  max mem: 27857
Train Epoch: [2]  [2300/3466]  eta: 0:28:10  lr: 0.000017  loss: 2.2008  time: 1.4536  data: 0.0001  max mem: 27857
Train Epoch: [2]  [2350/3466]  eta: 0:26:57  lr: 0.000017  loss: 2.5948  time: 1.4500  data: 0.0001  max mem: 27857
Train Epoch: [2]  [2400/3466]  eta: 0:25:45  lr: 0.000017  loss: 3.0893  time: 1.4521  data: 0.0001  max mem: 27857
Train Epoch: [2]  [2450/3466]  eta: 0:24:32  lr: 0.000017  loss: 3.0705  time: 1.4463  data: 0.0001  max mem: 27857
Train Epoch: [2]  [2500/3466]  eta: 0:23:20  lr: 0.000017  loss: 2.2683  time: 1.4468  data: 0.0001  max mem: 27857
Train Epoch: [2]  [2550/3466]  eta: 0:22:07  lr: 0.000017  loss: 2.3698  time: 1.4435  data: 0.0001  max mem: 27857
Train Epoch: [2]  [2600/3466]  eta: 0:20:55  lr: 0.000017  loss: 2.0985  time: 1.4544  data: 0.0001  max mem: 27857
Train Epoch: [2]  [2650/3466]  eta: 0:19:42  lr: 0.000017  loss: 2.8801  time: 1.4503  data: 0.0001  max mem: 27857
Train Epoch: [2]  [2700/3466]  eta: 0:18:30  lr: 0.000017  loss: 2.2641  time: 1.4502  data: 0.0001  max mem: 27857
Train Epoch: [2]  [2750/3466]  eta: 0:17:18  lr: 0.000017  loss: 1.4787  time: 1.4501  data: 0.0001  max mem: 27857
Train Epoch: [2]  [2800/3466]  eta: 0:16:05  lr: 0.000017  loss: 2.0844  time: 1.4506  data: 0.0001  max mem: 27857
Train Epoch: [2]  [2850/3466]  eta: 0:14:53  lr: 0.000017  loss: 1.7405  time: 1.4504  data: 0.0001  max mem: 27857
Train Epoch: [2]  [2900/3466]  eta: 0:13:40  lr: 0.000017  loss: 3.3334  time: 1.4527  data: 0.0001  max mem: 27857
Train Epoch: [2]  [2950/3466]  eta: 0:12:28  lr: 0.000017  loss: 1.3732  time: 1.4486  data: 0.0001  max mem: 27857
Train Epoch: [2]  [3000/3466]  eta: 0:11:15  lr: 0.000017  loss: 1.7287  time: 1.4515  data: 0.0001  max mem: 27857
Train Epoch: [2]  [3050/3466]  eta: 0:10:03  lr: 0.000017  loss: 3.6468  time: 1.4514  data: 0.0001  max mem: 27857
Train Epoch: [2]  [3100/3466]  eta: 0:08:50  lr: 0.000017  loss: 1.7934  time: 1.4460  data: 0.0001  max mem: 27857
Train Epoch: [2]  [3150/3466]  eta: 0:07:38  lr: 0.000017  loss: 3.3600  time: 1.4497  data: 0.0001  max mem: 27857
Train Epoch: [2]  [3200/3466]  eta: 0:06:25  lr: 0.000017  loss: 2.2486  time: 1.4488  data: 0.0001  max mem: 27857
Train Epoch: [2]  [3250/3466]  eta: 0:05:13  lr: 0.000017  loss: 1.9532  time: 1.4511  data: 0.0001  max mem: 27857
Train Epoch: [2]  [3300/3466]  eta: 0:04:00  lr: 0.000017  loss: 3.1159  time: 1.4461  data: 0.0001  max mem: 27857
Train Epoch: [2]  [3350/3466]  eta: 0:02:48  lr: 0.000017  loss: 1.7693  time: 1.4513  data: 0.0001  max mem: 27857
Train Epoch: [2]  [3400/3466]  eta: 0:01:35  lr: 0.000017  loss: 2.4428  time: 1.4455  data: 0.0001  max mem: 27857
Train Epoch: [2]  [3450/3466]  eta: 0:00:23  lr: 0.000017  loss: 2.6688  time: 1.4471  data: 0.0001  max mem: 27857
Train Epoch: [2]  [3465/3466]  eta: 0:00:01  lr: 0.000017  loss: 2.6256  time: 1.4453  data: 0.0003  max mem: 27857
Train Epoch: [2] Total time: 1:23:44 (1.4496 s / it)
Averaged stats: lr: 0.0000  loss: 2.3585
Train Epoch: [3]  [   0/3466]  eta: 2:58:16  lr: 0.000014  loss: 1.8554  time: 3.0861  data: 1.4581  max mem: 27857
Train Epoch: [3]  [  50/3466]  eta: 1:23:50  lr: 0.000014  loss: 2.3986  time: 1.4432  data: 0.0001  max mem: 27857
Train Epoch: [3]  [ 100/3466]  eta: 1:21:48  lr: 0.000014  loss: 1.5859  time: 1.4415  data: 0.0001  max mem: 27857
Train Epoch: [3]  [ 150/3466]  eta: 1:20:25  lr: 0.000014  loss: 1.6507  time: 1.4511  data: 0.0001  max mem: 27857
Train Epoch: [3]  [ 200/3466]  eta: 1:19:03  lr: 0.000014  loss: 1.8025  time: 1.4435  data: 0.0001  max mem: 27857
Train Epoch: [3]  [ 250/3466]  eta: 1:17:49  lr: 0.000014  loss: 1.8804  time: 1.4526  data: 0.0001  max mem: 27857
Train Epoch: [3]  [ 300/3466]  eta: 1:16:35  lr: 0.000014  loss: 1.4363  time: 1.4490  data: 0.0001  max mem: 27857
Train Epoch: [3]  [ 350/3466]  eta: 1:15:22  lr: 0.000014  loss: 2.7405  time: 1.4507  data: 0.0001  max mem: 27857
Train Epoch: [3]  [ 400/3466]  eta: 1:14:09  lr: 0.000014  loss: 2.6347  time: 1.4475  data: 0.0001  max mem: 27857
Train Epoch: [3]  [ 450/3466]  eta: 1:12:56  lr: 0.000014  loss: 2.7405  time: 1.4516  data: 0.0001  max mem: 27857
Train Epoch: [3]  [ 500/3466]  eta: 1:11:43  lr: 0.000014  loss: 2.6818  time: 1.4490  data: 0.0001  max mem: 27857
Train Epoch: [3]  [ 550/3466]  eta: 1:10:30  lr: 0.000014  loss: 1.3328  time: 1.4503  data: 0.0001  max mem: 27857
Train Epoch: [3]  [ 600/3466]  eta: 1:09:18  lr: 0.000014  loss: 1.5416  time: 1.4493  data: 0.0001  max mem: 27857
Train Epoch: [3]  [ 650/3466]  eta: 1:08:05  lr: 0.000014  loss: 2.2235  time: 1.4495  data: 0.0001  max mem: 27857
Train Epoch: [3]  [ 700/3466]  eta: 1:06:53  lr: 0.000014  loss: 1.5013  time: 1.4491  data: 0.0001  max mem: 27857
Train Epoch: [3]  [ 750/3466]  eta: 1:05:40  lr: 0.000014  loss: 1.8011  time: 1.4496  data: 0.0001  max mem: 27857
Train Epoch: [3]  [ 800/3466]  eta: 1:04:27  lr: 0.000014  loss: 3.0321  time: 1.4454  data: 0.0001  max mem: 27857
Train Epoch: [3]  [ 850/3466]  eta: 1:03:14  lr: 0.000014  loss: 1.9666  time: 1.4454  data: 0.0001  max mem: 27857
Train Epoch: [3]  [ 900/3466]  eta: 1:02:01  lr: 0.000014  loss: 2.7676  time: 1.4522  data: 0.0001  max mem: 27857
Train Epoch: [3]  [ 950/3466]  eta: 1:00:48  lr: 0.000014  loss: 2.0521  time: 1.4455  data: 0.0001  max mem: 27857
Train Epoch: [3]  [1000/3466]  eta: 0:59:35  lr: 0.000014  loss: 3.0355  time: 1.4502  data: 0.0001  max mem: 27857
Train Epoch: [3]  [1050/3466]  eta: 0:58:23  lr: 0.000014  loss: 2.9435  time: 1.4498  data: 0.0001  max mem: 27857
Train Epoch: [3]  [1100/3466]  eta: 0:57:10  lr: 0.000014  loss: 1.9397  time: 1.4500  data: 0.0001  max mem: 27857
Train Epoch: [3]  [1150/3466]  eta: 0:55:57  lr: 0.000014  loss: 3.0573  time: 1.4450  data: 0.0001  max mem: 27857
Train Epoch: [3]  [1200/3466]  eta: 0:54:45  lr: 0.000014  loss: 2.6254  time: 1.4479  data: 0.0001  max mem: 27857
Train Epoch: [3]  [1250/3466]  eta: 0:53:32  lr: 0.000014  loss: 3.0070  time: 1.4513  data: 0.0001  max mem: 27857
Train Epoch: [3]  [1300/3466]  eta: 0:52:20  lr: 0.000014  loss: 2.8794  time: 1.4503  data: 0.0001  max mem: 27857
Train Epoch: [3]  [1350/3466]  eta: 0:51:07  lr: 0.000014  loss: 2.1083  time: 1.4511  data: 0.0001  max mem: 27857
Train Epoch: [3]  [1400/3466]  eta: 0:49:55  lr: 0.000014  loss: 2.2943  time: 1.4441  data: 0.0001  max mem: 27857
Train Epoch: [3]  [1450/3466]  eta: 0:48:42  lr: 0.000014  loss: 2.2585  time: 1.4462  data: 0.0001  max mem: 27857
Train Epoch: [3]  [1500/3466]  eta: 0:47:29  lr: 0.000014  loss: 1.9242  time: 1.4511  data: 0.0001  max mem: 27857
Train Epoch: [3]  [1550/3466]  eta: 0:46:17  lr: 0.000014  loss: 1.6486  time: 1.4537  data: 0.0001  max mem: 27857
Train Epoch: [3]  [1600/3466]  eta: 0:45:05  lr: 0.000014  loss: 2.1677  time: 1.4478  data: 0.0001  max mem: 27857
Train Epoch: [3]  [1650/3466]  eta: 0:43:52  lr: 0.000014  loss: 2.6979  time: 1.4476  data: 0.0001  max mem: 27857
Train Epoch: [3]  [1700/3466]  eta: 0:42:40  lr: 0.000014  loss: 1.8407  time: 1.4508  data: 0.0001  max mem: 27857
Train Epoch: [3]  [1750/3466]  eta: 0:41:27  lr: 0.000014  loss: 2.1832  time: 1.4510  data: 0.0001  max mem: 27857
Train Epoch: [3]  [1800/3466]  eta: 0:40:15  lr: 0.000014  loss: 2.4779  time: 1.4449  data: 0.0001  max mem: 27857
Train Epoch: [3]  [1850/3466]  eta: 0:39:02  lr: 0.000014  loss: 3.1594  time: 1.4501  data: 0.0001  max mem: 27857
Train Epoch: [3]  [1900/3466]  eta: 0:37:50  lr: 0.000014  loss: 2.6476  time: 1.4523  data: 0.0001  max mem: 27857
Train Epoch: [3]  [1950/3466]  eta: 0:36:37  lr: 0.000014  loss: 2.2918  time: 1.4479  data: 0.0001  max mem: 27857
Train Epoch: [3]  [2000/3466]  eta: 0:35:25  lr: 0.000014  loss: 1.9952  time: 1.4505  data: 0.0001  max mem: 27857
Train Epoch: [3]  [2050/3466]  eta: 0:34:12  lr: 0.000014  loss: 2.3913  time: 1.4474  data: 0.0001  max mem: 27857
Train Epoch: [3]  [2100/3466]  eta: 0:32:59  lr: 0.000014  loss: 1.7692  time: 1.4487  data: 0.0001  max mem: 27857
Train Epoch: [3]  [2150/3466]  eta: 0:31:47  lr: 0.000014  loss: 2.4961  time: 1.4453  data: 0.0001  max mem: 27857
Train Epoch: [3]  [2200/3466]  eta: 0:30:34  lr: 0.000014  loss: 2.6030  time: 1.4508  data: 0.0001  max mem: 27857
Train Epoch: [3]  [2250/3466]  eta: 0:29:22  lr: 0.000014  loss: 2.4927  time: 1.4491  data: 0.0001  max mem: 27857
Train Epoch: [3]  [2300/3466]  eta: 0:28:09  lr: 0.000014  loss: 2.2455  time: 1.4489  data: 0.0001  max mem: 27857
Train Epoch: [3]  [2350/3466]  eta: 0:26:57  lr: 0.000014  loss: 3.0796  time: 1.4447  data: 0.0001  max mem: 27857
Train Epoch: [3]  [2400/3466]  eta: 0:25:44  lr: 0.000014  loss: 2.1764  time: 1.4504  data: 0.0001  max mem: 27857
Train Epoch: [3]  [2450/3466]  eta: 0:24:32  lr: 0.000014  loss: 2.7108  time: 1.4485  data: 0.0001  max mem: 27857
Train Epoch: [3]  [2500/3466]  eta: 0:23:19  lr: 0.000014  loss: 2.2915  time: 1.4447  data: 0.0001  max mem: 27857
Train Epoch: [3]  [2550/3466]  eta: 0:22:07  lr: 0.000014  loss: 1.8334  time: 1.4455  data: 0.0001  max mem: 27857
Train Epoch: [3]  [2600/3466]  eta: 0:20:54  lr: 0.000014  loss: 1.8867  time: 1.4420  data: 0.0001  max mem: 27857
Train Epoch: [3]  [2650/3466]  eta: 0:19:42  lr: 0.000014  loss: 1.7414  time: 1.4446  data: 0.0001  max mem: 27857
Train Epoch: [3]  [2700/3466]  eta: 0:18:29  lr: 0.000014  loss: 2.3056  time: 1.4497  data: 0.0001  max mem: 27857
Train Epoch: [3]  [2750/3466]  eta: 0:17:17  lr: 0.000014  loss: 2.4075  time: 1.4504  data: 0.0001  max mem: 27857
Train Epoch: [3]  [2800/3466]  eta: 0:16:05  lr: 0.000014  loss: 2.4784  time: 1.4494  data: 0.0001  max mem: 27857
Train Epoch: [3]  [2850/3466]  eta: 0:14:52  lr: 0.000014  loss: 2.0016  time: 1.4501  data: 0.0001  max mem: 27857
Train Epoch: [3]  [2900/3466]  eta: 0:13:40  lr: 0.000014  loss: 1.8292  time: 1.4500  data: 0.0001  max mem: 27857
Train Epoch: [3]  [2950/3466]  eta: 0:12:27  lr: 0.000014  loss: 2.2365  time: 1.4447  data: 0.0001  max mem: 27857
Train Epoch: [3]  [3000/3466]  eta: 0:11:15  lr: 0.000014  loss: 2.3716  time: 1.4497  data: 0.0001  max mem: 27857
Train Epoch: [3]  [3050/3466]  eta: 0:10:02  lr: 0.000014  loss: 2.2237  time: 1.4467  data: 0.0001  max mem: 27857
Train Epoch: [3]  [3100/3466]  eta: 0:08:50  lr: 0.000014  loss: 2.0719  time: 1.4479  data: 0.0001  max mem: 27857
Train Epoch: [3]  [3150/3466]  eta: 0:07:37  lr: 0.000014  loss: 1.8693  time: 1.4437  data: 0.0001  max mem: 27857
Train Epoch: [3]  [3200/3466]  eta: 0:06:25  lr: 0.000014  loss: 3.4047  time: 1.4501  data: 0.0001  max mem: 27857
Train Epoch: [3]  [3250/3466]  eta: 0:05:12  lr: 0.000014  loss: 2.7131  time: 1.4487  data: 0.0001  max mem: 27857
Train Epoch: [3]  [3300/3466]  eta: 0:04:00  lr: 0.000014  loss: 2.1769  time: 1.4519  data: 0.0001  max mem: 27857
Train Epoch: [3]  [3350/3466]  eta: 0:02:48  lr: 0.000014  loss: 1.5057  time: 1.4489  data: 0.0001  max mem: 27857
Train Epoch: [3]  [3400/3466]  eta: 0:01:35  lr: 0.000014  loss: 1.6785  time: 1.4478  data: 0.0001  max mem: 27857
Train Epoch: [3]  [3450/3466]  eta: 0:00:23  lr: 0.000014  loss: 1.9069  time: 1.4472  data: 0.0001  max mem: 27857
Train Epoch: [3]  [3465/3466]  eta: 0:00:01  lr: 0.000014  loss: 2.5629  time: 1.4449  data: 0.0004  max mem: 27857
Train Epoch: [3] Total time: 1:23:41 (1.4489 s / it)
Averaged stats: lr: 0.0000  loss: 2.1779
Train Epoch: [4]  [   0/3466]  eta: 3:03:06  lr: 0.000011  loss: 3.3337  time: 3.1698  data: 1.4880  max mem: 27857
Train Epoch: [4]  [  50/3466]  eta: 1:24:03  lr: 0.000011  loss: 2.6724  time: 1.4435  data: 0.0001  max mem: 27857
Train Epoch: [4]  [ 100/3466]  eta: 1:21:57  lr: 0.000011  loss: 2.3015  time: 1.4446  data: 0.0001  max mem: 27857
Train Epoch: [4]  [ 150/3466]  eta: 1:20:27  lr: 0.000011  loss: 2.0869  time: 1.4444  data: 0.0001  max mem: 28160
Train Epoch: [4]  [ 200/3466]  eta: 1:19:11  lr: 0.000011  loss: 2.1626  time: 1.4535  data: 0.0001  max mem: 28160
Train Epoch: [4]  [ 250/3466]  eta: 1:17:55  lr: 0.000011  loss: 2.6277  time: 1.4526  data: 0.0001  max mem: 28160
Train Epoch: [4]  [ 300/3466]  eta: 1:16:40  lr: 0.000011  loss: 1.7254  time: 1.4506  data: 0.0001  max mem: 28160
Train Epoch: [4]  [ 350/3466]  eta: 1:15:24  lr: 0.000011  loss: 1.6999  time: 1.4461  data: 0.0001  max mem: 28160
Train Epoch: [4]  [ 400/3466]  eta: 1:14:10  lr: 0.000011  loss: 2.4420  time: 1.4513  data: 0.0001  max mem: 28160
Train Epoch: [4]  [ 450/3466]  eta: 1:12:57  lr: 0.000011  loss: 3.0570  time: 1.4511  data: 0.0001  max mem: 28160
Train Epoch: [4]  [ 500/3466]  eta: 1:11:43  lr: 0.000011  loss: 1.2275  time: 1.4474  data: 0.0001  max mem: 28160
Train Epoch: [4]  [ 550/3466]  eta: 1:10:30  lr: 0.000011  loss: 2.6854  time: 1.4495  data: 0.0001  max mem: 28160
Train Epoch: [4]  [ 600/3466]  eta: 1:09:17  lr: 0.000011  loss: 1.6366  time: 1.4504  data: 0.0001  max mem: 28160
Train Epoch: [4]  [ 650/3466]  eta: 1:08:04  lr: 0.000011  loss: 2.0409  time: 1.4458  data: 0.0001  max mem: 28160
Train Epoch: [4]  [ 700/3466]  eta: 1:06:51  lr: 0.000011  loss: 1.4549  time: 1.4499  data: 0.0001  max mem: 28160
Train Epoch: [4]  [ 750/3466]  eta: 1:05:38  lr: 0.000011  loss: 1.3781  time: 1.4481  data: 0.0001  max mem: 28160
Train Epoch: [4]  [ 800/3466]  eta: 1:04:26  lr: 0.000011  loss: 1.6609  time: 1.4497  data: 0.0001  max mem: 28160
Train Epoch: [4]  [ 850/3466]  eta: 1:03:13  lr: 0.000011  loss: 1.8452  time: 1.4462  data: 0.0001  max mem: 28160
Train Epoch: [4]  [ 900/3466]  eta: 1:02:00  lr: 0.000011  loss: 2.2621  time: 1.4470  data: 0.0001  max mem: 28160
Train Epoch: [4]  [ 950/3466]  eta: 1:00:47  lr: 0.000011  loss: 2.4583  time: 1.4485  data: 0.0001  max mem: 28160
Train Epoch: [4]  [1000/3466]  eta: 0:59:35  lr: 0.000011  loss: 2.0058  time: 1.4518  data: 0.0001  max mem: 28160
Train Epoch: [4]  [1050/3466]  eta: 0:58:23  lr: 0.000011  loss: 2.2958  time: 1.4535  data: 0.0001  max mem: 28160
Train Epoch: [4]  [1100/3466]  eta: 0:57:10  lr: 0.000011  loss: 2.4411  time: 1.4485  data: 0.0001  max mem: 28160
Train Epoch: [4]  [1150/3466]  eta: 0:55:58  lr: 0.000011  loss: 1.5670  time: 1.4541  data: 0.0001  max mem: 28160
Train Epoch: [4]  [1200/3466]  eta: 0:54:45  lr: 0.000011  loss: 1.4561  time: 1.4486  data: 0.0001  max mem: 28160
Train Epoch: [4]  [1250/3466]  eta: 0:53:33  lr: 0.000011  loss: 1.5813  time: 1.4539  data: 0.0001  max mem: 28160
Train Epoch: [4]  [1300/3466]  eta: 0:52:20  lr: 0.000011  loss: 2.0536  time: 1.4509  data: 0.0001  max mem: 28160
Train Epoch: [4]  [1350/3466]  eta: 0:51:08  lr: 0.000011  loss: 2.0682  time: 1.4518  data: 0.0001  max mem: 28160
Train Epoch: [4]  [1400/3466]  eta: 0:49:55  lr: 0.000011  loss: 3.3831  time: 1.4487  data: 0.0001  max mem: 28160
Train Epoch: [4]  [1450/3466]  eta: 0:48:43  lr: 0.000011  loss: 1.1985  time: 1.4489  data: 0.0001  max mem: 28160
Train Epoch: [4]  [1500/3466]  eta: 0:47:30  lr: 0.000011  loss: 2.0776  time: 1.4477  data: 0.0001  max mem: 28160
Train Epoch: [4]  [1550/3466]  eta: 0:46:17  lr: 0.000011  loss: 2.0180  time: 1.4492  data: 0.0001  max mem: 28160
Train Epoch: [4]  [1600/3466]  eta: 0:45:05  lr: 0.000011  loss: 1.8859  time: 1.4509  data: 0.0001  max mem: 28160
Train Epoch: [4]  [1650/3466]  eta: 0:43:52  lr: 0.000011  loss: 1.7047  time: 1.4523  data: 0.0001  max mem: 28160
Train Epoch: [4]  [1700/3466]  eta: 0:42:40  lr: 0.000011  loss: 1.5314  time: 1.4549  data: 0.0001  max mem: 28160
Train Epoch: [4]  [1750/3466]  eta: 0:41:28  lr: 0.000011  loss: 2.0762  time: 1.4558  data: 0.0001  max mem: 28160
Train Epoch: [4]  [1800/3466]  eta: 0:40:15  lr: 0.000011  loss: 1.5352  time: 1.4489  data: 0.0001  max mem: 28160
Train Epoch: [4]  [1850/3466]  eta: 0:39:03  lr: 0.000011  loss: 1.8470  time: 1.4499  data: 0.0001  max mem: 28160
Train Epoch: [4]  [1900/3466]  eta: 0:37:50  lr: 0.000011  loss: 2.4767  time: 1.4487  data: 0.0001  max mem: 28160
Train Epoch: [4]  [1950/3466]  eta: 0:36:38  lr: 0.000011  loss: 1.8892  time: 1.4481  data: 0.0001  max mem: 28160
Train Epoch: [4]  [2000/3466]  eta: 0:35:25  lr: 0.000011  loss: 2.1099  time: 1.4468  data: 0.0001  max mem: 28160
Train Epoch: [4]  [2050/3466]  eta: 0:34:12  lr: 0.000011  loss: 2.6259  time: 1.4480  data: 0.0001  max mem: 28160
Train Epoch: [4]  [2100/3466]  eta: 0:33:00  lr: 0.000011  loss: 2.4064  time: 1.4480  data: 0.0001  max mem: 28160
Train Epoch: [4]  [2150/3466]  eta: 0:31:47  lr: 0.000011  loss: 2.4278  time: 1.4502  data: 0.0001  max mem: 28160
Train Epoch: [4]  [2200/3466]  eta: 0:30:35  lr: 0.000011  loss: 2.2253  time: 1.4500  data: 0.0001  max mem: 28160
Train Epoch: [4]  [2250/3466]  eta: 0:29:22  lr: 0.000011  loss: 1.9206  time: 1.4509  data: 0.0001  max mem: 28160
Train Epoch: [4]  [2300/3466]  eta: 0:28:10  lr: 0.000011  loss: 2.6997  time: 1.4480  data: 0.0001  max mem: 28160
Train Epoch: [4]  [2350/3466]  eta: 0:26:57  lr: 0.000011  loss: 2.2721  time: 1.4486  data: 0.0001  max mem: 28160
Train Epoch: [4]  [2400/3466]  eta: 0:25:45  lr: 0.000011  loss: 1.8078  time: 1.4508  data: 0.0001  max mem: 28160
Train Epoch: [4]  [2450/3466]  eta: 0:24:32  lr: 0.000011  loss: 2.7752  time: 1.4463  data: 0.0001  max mem: 28160
Train Epoch: [4]  [2500/3466]  eta: 0:23:20  lr: 0.000011  loss: 2.1127  time: 1.4526  data: 0.0001  max mem: 28160
Train Epoch: [4]  [2550/3466]  eta: 0:22:07  lr: 0.000011  loss: 2.0253  time: 1.4487  data: 0.0001  max mem: 28160
Train Epoch: [4]  [2600/3466]  eta: 0:20:55  lr: 0.000011  loss: 2.9751  time: 1.4493  data: 0.0001  max mem: 28160
Train Epoch: [4]  [2650/3466]  eta: 0:19:42  lr: 0.000011  loss: 1.9302  time: 1.4489  data: 0.0001  max mem: 28160
Train Epoch: [4]  [2700/3466]  eta: 0:18:30  lr: 0.000011  loss: 2.6145  time: 1.4521  data: 0.0001  max mem: 28160
Train Epoch: [4]  [2750/3466]  eta: 0:17:17  lr: 0.000011  loss: 2.7602  time: 1.4462  data: 0.0001  max mem: 28160
Train Epoch: [4]  [2800/3466]  eta: 0:16:05  lr: 0.000011  loss: 1.3467  time: 1.4510  data: 0.0001  max mem: 28160
Train Epoch: [4]  [2850/3466]  eta: 0:14:52  lr: 0.000011  loss: 2.6483  time: 1.4479  data: 0.0001  max mem: 28160
Train Epoch: [4]  [2900/3466]  eta: 0:13:40  lr: 0.000011  loss: 1.9931  time: 1.4555  data: 0.0001  max mem: 28160
Train Epoch: [4]  [2950/3466]  eta: 0:12:27  lr: 0.000011  loss: 2.6880  time: 1.4472  data: 0.0001  max mem: 28160
Train Epoch: [4]  [3000/3466]  eta: 0:11:15  lr: 0.000011  loss: 2.2983  time: 1.4485  data: 0.0001  max mem: 28160
Train Epoch: [4]  [3050/3466]  eta: 0:10:03  lr: 0.000011  loss: 2.0483  time: 1.4488  data: 0.0001  max mem: 28160
Train Epoch: [4]  [3100/3466]  eta: 0:08:50  lr: 0.000011  loss: 2.0528  time: 1.4479  data: 0.0001  max mem: 28181
Train Epoch: [4]  [3150/3466]  eta: 0:07:38  lr: 0.000011  loss: 1.9757  time: 1.4542  data: 0.0001  max mem: 28181
Train Epoch: [4]  [3200/3466]  eta: 0:06:25  lr: 0.000011  loss: 2.6695  time: 1.4526  data: 0.0001  max mem: 28181
Train Epoch: [4]  [3250/3466]  eta: 0:05:13  lr: 0.000011  loss: 1.7367  time: 1.4473  data: 0.0001  max mem: 28181
Train Epoch: [4]  [3300/3466]  eta: 0:04:00  lr: 0.000011  loss: 2.5421  time: 1.4493  data: 0.0001  max mem: 28181
Train Epoch: [4]  [3350/3466]  eta: 0:02:48  lr: 0.000011  loss: 2.0375  time: 1.4493  data: 0.0001  max mem: 28181
Train Epoch: [4]  [3400/3466]  eta: 0:01:35  lr: 0.000011  loss: 1.9407  time: 1.4565  data: 0.0001  max mem: 28181
Train Epoch: [4]  [3450/3466]  eta: 0:00:23  lr: 0.000011  loss: 1.5755  time: 1.4480  data: 0.0001  max mem: 28181
Train Epoch: [4]  [3465/3466]  eta: 0:00:01  lr: 0.000011  loss: 2.2929  time: 1.4410  data: 0.0004  max mem: 28181
Train Epoch: [4] Total time: 1:23:44 (1.4496 s / it)
Averaged stats: lr: 0.0000  loss: 2.0435
Train Epoch: [5]  [   0/3466]  eta: 3:03:14  lr: 0.000007  loss: 2.1099  time: 3.1721  data: 1.6376  max mem: 28181
Train Epoch: [5]  [  50/3466]  eta: 1:23:55  lr: 0.000007  loss: 2.5887  time: 1.4423  data: 0.0001  max mem: 28181
Train Epoch: [5]  [ 100/3466]  eta: 1:21:50  lr: 0.000007  loss: 1.7882  time: 1.4439  data: 0.0001  max mem: 28181
Train Epoch: [5]  [ 150/3466]  eta: 1:20:22  lr: 0.000007  loss: 2.6221  time: 1.4464  data: 0.0001  max mem: 28181
Train Epoch: [5]  [ 200/3466]  eta: 1:19:03  lr: 0.000007  loss: 1.6129  time: 1.4474  data: 0.0001  max mem: 28181
Train Epoch: [5]  [ 250/3466]  eta: 1:17:46  lr: 0.000007  loss: 1.8625  time: 1.4449  data: 0.0001  max mem: 28181
Train Epoch: [5]  [ 300/3466]  eta: 1:16:33  lr: 0.000007  loss: 2.2529  time: 1.4491  data: 0.0001  max mem: 28181
Train Epoch: [5]  [ 350/3466]  eta: 1:15:18  lr: 0.000007  loss: 2.7178  time: 1.4457  data: 0.0001  max mem: 28181
Train Epoch: [5]  [ 400/3466]  eta: 1:14:04  lr: 0.000007  loss: 1.8041  time: 1.4430  data: 0.0001  max mem: 28181
Train Epoch: [5]  [ 450/3466]  eta: 1:12:51  lr: 0.000007  loss: 1.7800  time: 1.4467  data: 0.0001  max mem: 28181
Train Epoch: [5]  [ 500/3466]  eta: 1:11:38  lr: 0.000007  loss: 1.4165  time: 1.4460  data: 0.0001  max mem: 28181
Train Epoch: [5]  [ 550/3466]  eta: 1:10:25  lr: 0.000007  loss: 1.4296  time: 1.4469  data: 0.0001  max mem: 28181
Train Epoch: [5]  [ 600/3466]  eta: 1:09:13  lr: 0.000007  loss: 2.1406  time: 1.4482  data: 0.0001  max mem: 28181
Train Epoch: [5]  [ 650/3466]  eta: 1:08:00  lr: 0.000007  loss: 1.3826  time: 1.4499  data: 0.0001  max mem: 28181
Train Epoch: [5]  [ 700/3466]  eta: 1:06:47  lr: 0.000007  loss: 1.9933  time: 1.4482  data: 0.0001  max mem: 28181
Train Epoch: [5]  [ 750/3466]  eta: 1:05:35  lr: 0.000007  loss: 2.3755  time: 1.4481  data: 0.0001  max mem: 28181
Train Epoch: [5]  [ 800/3466]  eta: 1:04:23  lr: 0.000007  loss: 1.8816  time: 1.4506  data: 0.0001  max mem: 28181
Train Epoch: [5]  [ 850/3466]  eta: 1:03:11  lr: 0.000007  loss: 2.1725  time: 1.4522  data: 0.0001  max mem: 28181
Train Epoch: [5]  [ 900/3466]  eta: 1:01:58  lr: 0.000007  loss: 1.6000  time: 1.4498  data: 0.0001  max mem: 28181
Train Epoch: [5]  [ 950/3466]  eta: 1:00:46  lr: 0.000007  loss: 1.3511  time: 1.4502  data: 0.0001  max mem: 28181
Train Epoch: [5]  [1000/3466]  eta: 0:59:33  lr: 0.000007  loss: 2.1318  time: 1.4496  data: 0.0001  max mem: 28181
Train Epoch: [5]  [1050/3466]  eta: 0:58:21  lr: 0.000007  loss: 2.0931  time: 1.4520  data: 0.0001  max mem: 28181
Train Epoch: [5]  [1100/3466]  eta: 0:57:08  lr: 0.000007  loss: 2.0547  time: 1.4470  data: 0.0001  max mem: 28181
Train Epoch: [5]  [1150/3466]  eta: 0:55:56  lr: 0.000007  loss: 1.9834  time: 1.4500  data: 0.0001  max mem: 28181
Train Epoch: [5]  [1200/3466]  eta: 0:54:43  lr: 0.000007  loss: 2.5919  time: 1.4480  data: 0.0001  max mem: 28181
Train Epoch: [5]  [1250/3466]  eta: 0:53:30  lr: 0.000007  loss: 1.8672  time: 1.4462  data: 0.0001  max mem: 28181
Train Epoch: [5]  [1300/3466]  eta: 0:52:18  lr: 0.000007  loss: 2.4613  time: 1.4497  data: 0.0001  max mem: 28181
Train Epoch: [5]  [1350/3466]  eta: 0:51:06  lr: 0.000007  loss: 2.0276  time: 1.4507  data: 0.0001  max mem: 28181
Train Epoch: [5]  [1400/3466]  eta: 0:49:53  lr: 0.000007  loss: 2.0537  time: 1.4476  data: 0.0001  max mem: 28181
Train Epoch: [5]  [1450/3466]  eta: 0:48:40  lr: 0.000007  loss: 1.5114  time: 1.4474  data: 0.0001  max mem: 28181
Train Epoch: [5]  [1500/3466]  eta: 0:47:28  lr: 0.000007  loss: 1.7436  time: 1.4518  data: 0.0001  max mem: 28181
Train Epoch: [5]  [1550/3466]  eta: 0:46:15  lr: 0.000007  loss: 2.3087  time: 1.4467  data: 0.0001  max mem: 28181
Train Epoch: [5]  [1600/3466]  eta: 0:45:03  lr: 0.000007  loss: 1.9408  time: 1.4500  data: 0.0001  max mem: 28181
Train Epoch: [5]  [1650/3466]  eta: 0:43:51  lr: 0.000007  loss: 1.2377  time: 1.4480  data: 0.0001  max mem: 28181
Train Epoch: [5]  [1700/3466]  eta: 0:42:38  lr: 0.000007  loss: 1.7674  time: 1.4484  data: 0.0001  max mem: 28181
Train Epoch: [5]  [1750/3466]  eta: 0:41:26  lr: 0.000007  loss: 2.6644  time: 1.4476  data: 0.0001  max mem: 28181
Train Epoch: [5]  [1800/3466]  eta: 0:40:13  lr: 0.000007  loss: 3.0117  time: 1.4493  data: 0.0001  max mem: 28181
Train Epoch: [5]  [1850/3466]  eta: 0:39:01  lr: 0.000007  loss: 1.8938  time: 1.4511  data: 0.0001  max mem: 28181
Train Epoch: [5]  [1900/3466]  eta: 0:37:48  lr: 0.000007  loss: 2.3508  time: 1.4515  data: 0.0001  max mem: 28181
Train Epoch: [5]  [1950/3466]  eta: 0:36:36  lr: 0.000007  loss: 1.8844  time: 1.4454  data: 0.0001  max mem: 28181
Train Epoch: [5]  [2000/3466]  eta: 0:35:23  lr: 0.000007  loss: 1.5327  time: 1.4509  data: 0.0001  max mem: 28181
Train Epoch: [5]  [2050/3466]  eta: 0:34:11  lr: 0.000007  loss: 1.5665  time: 1.4523  data: 0.0001  max mem: 28181
Train Epoch: [5]  [2100/3466]  eta: 0:32:59  lr: 0.000007  loss: 2.3835  time: 1.4501  data: 0.0001  max mem: 28181
Train Epoch: [5]  [2150/3466]  eta: 0:31:46  lr: 0.000007  loss: 2.4621  time: 1.4477  data: 0.0001  max mem: 28181
Train Epoch: [5]  [2200/3466]  eta: 0:30:34  lr: 0.000007  loss: 2.1502  time: 1.4486  data: 0.0001  max mem: 28181
Train Epoch: [5]  [2250/3466]  eta: 0:29:21  lr: 0.000007  loss: 2.3942  time: 1.4504  data: 0.0001  max mem: 28181
Train Epoch: [5]  [2300/3466]  eta: 0:28:09  lr: 0.000007  loss: 1.5751  time: 1.4448  data: 0.0001  max mem: 28181
Train Epoch: [5]  [2350/3466]  eta: 0:26:56  lr: 0.000007  loss: 1.2271  time: 1.4475  data: 0.0001  max mem: 28181
Train Epoch: [5]  [2400/3466]  eta: 0:25:44  lr: 0.000007  loss: 1.8556  time: 1.4486  data: 0.0001  max mem: 28181
Train Epoch: [5]  [2450/3466]  eta: 0:24:31  lr: 0.000007  loss: 1.5617  time: 1.4513  data: 0.0001  max mem: 28181
Train Epoch: [5]  [2500/3466]  eta: 0:23:19  lr: 0.000007  loss: 2.4744  time: 1.4429  data: 0.0001  max mem: 28181
Train Epoch: [5]  [2550/3466]  eta: 0:22:07  lr: 0.000007  loss: 2.4572  time: 1.4455  data: 0.0001  max mem: 28181
Train Epoch: [5]  [2600/3466]  eta: 0:20:54  lr: 0.000007  loss: 2.0635  time: 1.4479  data: 0.0001  max mem: 28181
Train Epoch: [5]  [2650/3466]  eta: 0:19:42  lr: 0.000007  loss: 1.8427  time: 1.4435  data: 0.0001  max mem: 28181
Train Epoch: [5]  [2700/3466]  eta: 0:18:29  lr: 0.000007  loss: 2.3774  time: 1.4489  data: 0.0001  max mem: 28181
Train Epoch: [5]  [2750/3466]  eta: 0:17:17  lr: 0.000007  loss: 2.1708  time: 1.4447  data: 0.0001  max mem: 28181
Train Epoch: [5]  [2800/3466]  eta: 0:16:04  lr: 0.000007  loss: 1.8164  time: 1.4460  data: 0.0001  max mem: 28181
Train Epoch: [5]  [2850/3466]  eta: 0:14:52  lr: 0.000007  loss: 2.1966  time: 1.4481  data: 0.0001  max mem: 28181
Train Epoch: [5]  [2900/3466]  eta: 0:13:39  lr: 0.000007  loss: 1.5014  time: 1.4490  data: 0.0001  max mem: 28181
Train Epoch: [5]  [2950/3466]  eta: 0:12:27  lr: 0.000007  loss: 1.7326  time: 1.4470  data: 0.0001  max mem: 28181
Train Epoch: [5]  [3000/3466]  eta: 0:11:15  lr: 0.000007  loss: 1.8706  time: 1.4492  data: 0.0001  max mem: 28181
Train Epoch: [5]  [3050/3466]  eta: 0:10:02  lr: 0.000007  loss: 2.4226  time: 1.4490  data: 0.0001  max mem: 28181
Train Epoch: [5]  [3100/3466]  eta: 0:08:50  lr: 0.000007  loss: 1.3804  time: 1.4491  data: 0.0001  max mem: 28181
Train Epoch: [5]  [3150/3466]  eta: 0:07:37  lr: 0.000007  loss: 1.8047  time: 1.4463  data: 0.0001  max mem: 28181
Train Epoch: [5]  [3200/3466]  eta: 0:06:25  lr: 0.000007  loss: 2.4911  time: 1.4470  data: 0.0001  max mem: 28181
Train Epoch: [5]  [3250/3466]  eta: 0:05:12  lr: 0.000007  loss: 1.5597  time: 1.4523  data: 0.0001  max mem: 28181
Train Epoch: [5]  [3300/3466]  eta: 0:04:00  lr: 0.000007  loss: 1.3898  time: 1.4477  data: 0.0001  max mem: 28181
Train Epoch: [5]  [3350/3466]  eta: 0:02:48  lr: 0.000007  loss: 2.2685  time: 1.4537  data: 0.0001  max mem: 28181
Train Epoch: [5]  [3400/3466]  eta: 0:01:35  lr: 0.000007  loss: 1.6751  time: 1.4538  data: 0.0001  max mem: 28181
Train Epoch: [5]  [3450/3466]  eta: 0:00:23  lr: 0.000007  loss: 2.1764  time: 1.4523  data: 0.0001  max mem: 28181
Train Epoch: [5]  [3465/3466]  eta: 0:00:01  lr: 0.000007  loss: 1.5607  time: 1.4473  data: 0.0004  max mem: 28181
Train Epoch: [5] Total time: 1:23:41 (1.4487 s / it)
Averaged stats: lr: 0.0000  loss: 1.9435
Train Epoch: [6]  [   0/3466]  eta: 2:57:02  lr: 0.000004  loss: 1.6299  time: 3.0647  data: 1.4789  max mem: 28181
Train Epoch: [6]  [  50/3466]  eta: 1:24:01  lr: 0.000004  loss: 2.0723  time: 1.4447  data: 0.0002  max mem: 28181
Train Epoch: [6]  [ 100/3466]  eta: 1:22:03  lr: 0.000004  loss: 1.4857  time: 1.4512  data: 0.0001  max mem: 28181
Train Epoch: [6]  [ 150/3466]  eta: 1:20:32  lr: 0.000004  loss: 2.0198  time: 1.4455  data: 0.0001  max mem: 28181
Train Epoch: [6]  [ 200/3466]  eta: 1:19:14  lr: 0.000004  loss: 2.1944  time: 1.4492  data: 0.0001  max mem: 28181
Train Epoch: [6]  [ 250/3466]  eta: 1:17:55  lr: 0.000004  loss: 1.9327  time: 1.4435  data: 0.0001  max mem: 28181
Train Epoch: [6]  [ 300/3466]  eta: 1:16:39  lr: 0.000004  loss: 1.4866  time: 1.4459  data: 0.0001  max mem: 28181
Train Epoch: [6]  [ 350/3466]  eta: 1:15:25  lr: 0.000004  loss: 1.5885  time: 1.4510  data: 0.0001  max mem: 28181
Train Epoch: [6]  [ 400/3466]  eta: 1:14:11  lr: 0.000004  loss: 2.4331  time: 1.4461  data: 0.0001  max mem: 28181
Train Epoch: [6]  [ 450/3466]  eta: 1:12:57  lr: 0.000004  loss: 1.9163  time: 1.4476  data: 0.0001  max mem: 28181
Train Epoch: [6]  [ 500/3466]  eta: 1:11:43  lr: 0.000004  loss: 1.7677  time: 1.4495  data: 0.0001  max mem: 28181
Train Epoch: [6]  [ 550/3466]  eta: 1:10:30  lr: 0.000004  loss: 1.8517  time: 1.4455  data: 0.0001  max mem: 28181
Train Epoch: [6]  [ 600/3466]  eta: 1:09:16  lr: 0.000004  loss: 1.4447  time: 1.4448  data: 0.0001  max mem: 28181
Train Epoch: [6]  [ 650/3466]  eta: 1:08:02  lr: 0.000004  loss: 2.1985  time: 1.4442  data: 0.0001  max mem: 28181
Train Epoch: [6]  [ 700/3466]  eta: 1:06:49  lr: 0.000004  loss: 1.9807  time: 1.4468  data: 0.0001  max mem: 28181
Train Epoch: [6]  [ 750/3466]  eta: 1:05:36  lr: 0.000004  loss: 2.0082  time: 1.4471  data: 0.0001  max mem: 28181
Train Epoch: [6]  [ 800/3466]  eta: 1:04:24  lr: 0.000004  loss: 2.3124  time: 1.4521  data: 0.0001  max mem: 28181
Train Epoch: [6]  [ 850/3466]  eta: 1:03:12  lr: 0.000004  loss: 2.3235  time: 1.4470  data: 0.0001  max mem: 28181
Train Epoch: [6]  [ 900/3466]  eta: 1:01:59  lr: 0.000004  loss: 1.3458  time: 1.4465  data: 0.0001  max mem: 28181
Train Epoch: [6]  [ 950/3466]  eta: 1:00:47  lr: 0.000004  loss: 2.2984  time: 1.4525  data: 0.0001  max mem: 28181
Train Epoch: [6]  [1000/3466]  eta: 0:59:34  lr: 0.000004  loss: 2.1349  time: 1.4493  data: 0.0001  max mem: 28181
Train Epoch: [6]  [1050/3466]  eta: 0:58:21  lr: 0.000004  loss: 1.1559  time: 1.4459  data: 0.0001  max mem: 28181
Train Epoch: [6]  [1100/3466]  eta: 0:57:09  lr: 0.000004  loss: 1.8868  time: 1.4507  data: 0.0001  max mem: 28181
Train Epoch: [6]  [1150/3466]  eta: 0:55:56  lr: 0.000004  loss: 2.1626  time: 1.4444  data: 0.0001  max mem: 28181
Train Epoch: [6]  [1200/3466]  eta: 0:54:44  lr: 0.000004  loss: 2.3305  time: 1.4490  data: 0.0001  max mem: 28181
Train Epoch: [6]  [1250/3466]  eta: 0:53:31  lr: 0.000004  loss: 2.0050  time: 1.4499  data: 0.0001  max mem: 28181
Train Epoch: [6]  [1300/3466]  eta: 0:52:19  lr: 0.000004  loss: 2.1818  time: 1.4494  data: 0.0001  max mem: 28181
Train Epoch: [6]  [1350/3466]  eta: 0:51:06  lr: 0.000004  loss: 2.1168  time: 1.4485  data: 0.0001  max mem: 28181
Train Epoch: [6]  [1400/3466]  eta: 0:49:54  lr: 0.000004  loss: 1.6280  time: 1.4505  data: 0.0001  max mem: 28181
Train Epoch: [6]  [1450/3466]  eta: 0:48:41  lr: 0.000004  loss: 1.8021  time: 1.4469  data: 0.0001  max mem: 28181
Train Epoch: [6]  [1500/3466]  eta: 0:47:29  lr: 0.000004  loss: 1.9677  time: 1.4459  data: 0.0001  max mem: 28181
Train Epoch: [6]  [1550/3466]  eta: 0:46:16  lr: 0.000004  loss: 2.1392  time: 1.4456  data: 0.0001  max mem: 28181
Train Epoch: [6]  [1600/3466]  eta: 0:45:04  lr: 0.000004  loss: 1.5520  time: 1.4519  data: 0.0001  max mem: 28181
Train Epoch: [6]  [1650/3466]  eta: 0:43:51  lr: 0.000004  loss: 2.1778  time: 1.4490  data: 0.0001  max mem: 28181
Train Epoch: [6]  [1700/3466]  eta: 0:42:39  lr: 0.000004  loss: 1.9801  time: 1.4490  data: 0.0001  max mem: 28181
Train Epoch: [6]  [1750/3466]  eta: 0:41:27  lr: 0.000004  loss: 0.9669  time: 1.4482  data: 0.0001  max mem: 28181
Train Epoch: [6]  [1800/3466]  eta: 0:40:14  lr: 0.000004  loss: 1.8383  time: 1.4441  data: 0.0001  max mem: 28181
Train Epoch: [6]  [1850/3466]  eta: 0:39:01  lr: 0.000004  loss: 2.1281  time: 1.4516  data: 0.0001  max mem: 28181
Train Epoch: [6]  [1900/3466]  eta: 0:37:49  lr: 0.000004  loss: 2.7827  time: 1.4510  data: 0.0001  max mem: 28181
Train Epoch: [6]  [1950/3466]  eta: 0:36:37  lr: 0.000004  loss: 1.1839  time: 1.4546  data: 0.0001  max mem: 28181
Train Epoch: [6]  [2000/3466]  eta: 0:35:24  lr: 0.000004  loss: 2.1622  time: 1.4438  data: 0.0001  max mem: 28181
Train Epoch: [6]  [2050/3466]  eta: 0:34:12  lr: 0.000004  loss: 1.7856  time: 1.4517  data: 0.0001  max mem: 28181
Train Epoch: [6]  [2100/3466]  eta: 0:32:59  lr: 0.000004  loss: 2.2339  time: 1.4475  data: 0.0001  max mem: 28181
Train Epoch: [6]  [2150/3466]  eta: 0:31:47  lr: 0.000004  loss: 1.9085  time: 1.4493  data: 0.0001  max mem: 28181
Train Epoch: [6]  [2200/3466]  eta: 0:30:34  lr: 0.000004  loss: 1.4891  time: 1.4491  data: 0.0001  max mem: 28181
Train Epoch: [6]  [2250/3466]  eta: 0:29:22  lr: 0.000004  loss: 1.7390  time: 1.4441  data: 0.0001  max mem: 28181
Train Epoch: [6]  [2300/3466]  eta: 0:28:09  lr: 0.000004  loss: 2.7771  time: 1.4527  data: 0.0001  max mem: 28181
Train Epoch: [6]  [2350/3466]  eta: 0:26:57  lr: 0.000004  loss: 1.5075  time: 1.4492  data: 0.0001  max mem: 28181
Train Epoch: [6]  [2400/3466]  eta: 0:25:44  lr: 0.000004  loss: 1.7434  time: 1.4513  data: 0.0001  max mem: 28181
Train Epoch: [6]  [2450/3466]  eta: 0:24:32  lr: 0.000004  loss: 1.9169  time: 1.4497  data: 0.0001  max mem: 28181
Train Epoch: [6]  [2500/3466]  eta: 0:23:19  lr: 0.000004  loss: 1.8429  time: 1.4447  data: 0.0001  max mem: 28181
Train Epoch: [6]  [2550/3466]  eta: 0:22:07  lr: 0.000004  loss: 1.3707  time: 1.4487  data: 0.0001  max mem: 28181
Train Epoch: [6]  [2600/3466]  eta: 0:20:54  lr: 0.000004  loss: 1.5263  time: 1.4518  data: 0.0001  max mem: 28181
Train Epoch: [6]  [2650/3466]  eta: 0:19:42  lr: 0.000004  loss: 1.8667  time: 1.4519  data: 0.0001  max mem: 28181
Train Epoch: [6]  [2700/3466]  eta: 0:18:30  lr: 0.000004  loss: 2.1362  time: 1.4489  data: 0.0001  max mem: 28181
Train Epoch: [6]  [2750/3466]  eta: 0:17:17  lr: 0.000004  loss: 1.6089  time: 1.4443  data: 0.0001  max mem: 28181
Train Epoch: [6]  [2800/3466]  eta: 0:16:05  lr: 0.000004  loss: 2.2372  time: 1.4444  data: 0.0001  max mem: 28181
Train Epoch: [6]  [2850/3466]  eta: 0:14:52  lr: 0.000004  loss: 2.3449  time: 1.4469  data: 0.0001  max mem: 28181
Train Epoch: [6]  [2900/3466]  eta: 0:13:40  lr: 0.000004  loss: 1.7582  time: 1.4533  data: 0.0001  max mem: 28181
Train Epoch: [6]  [2950/3466]  eta: 0:12:27  lr: 0.000004  loss: 2.0213  time: 1.4475  data: 0.0001  max mem: 28181
Train Epoch: [6]  [3000/3466]  eta: 0:11:15  lr: 0.000004  loss: 1.7396  time: 1.4483  data: 0.0001  max mem: 28181
Train Epoch: [6]  [3050/3466]  eta: 0:10:02  lr: 0.000004  loss: 1.8846  time: 1.4488  data: 0.0001  max mem: 28181
Train Epoch: [6]  [3100/3466]  eta: 0:08:50  lr: 0.000004  loss: 1.7604  time: 1.4482  data: 0.0001  max mem: 28181
Train Epoch: [6]  [3150/3466]  eta: 0:07:37  lr: 0.000004  loss: 1.5621  time: 1.4432  data: 0.0001  max mem: 28181
Train Epoch: [6]  [3200/3466]  eta: 0:06:25  lr: 0.000004  loss: 1.4327  time: 1.4481  data: 0.0001  max mem: 28181
Train Epoch: [6]  [3250/3466]  eta: 0:05:12  lr: 0.000004  loss: 1.0561  time: 1.4490  data: 0.0001  max mem: 28181
Train Epoch: [6]  [3300/3466]  eta: 0:04:00  lr: 0.000004  loss: 2.0641  time: 1.4484  data: 0.0001  max mem: 28181
Train Epoch: [6]  [3350/3466]  eta: 0:02:48  lr: 0.000004  loss: 1.6542  time: 1.4463  data: 0.0001  max mem: 28181
Train Epoch: [6]  [3400/3466]  eta: 0:01:35  lr: 0.000004  loss: 2.6976  time: 1.4455  data: 0.0001  max mem: 28181
Train Epoch: [6]  [3450/3466]  eta: 0:00:23  lr: 0.000004  loss: 2.1456  time: 1.4521  data: 0.0001  max mem: 28181
Train Epoch: [6]  [3465/3466]  eta: 0:00:01  lr: 0.000004  loss: 1.6195  time: 1.4487  data: 0.0004  max mem: 28181
Train Epoch: [6] Total time: 1:23:42 (1.4490 s / it)
Averaged stats: lr: 0.0000  loss: 1.8729
Train Epoch: [7]  [   0/3466]  eta: 3:04:58  lr: 0.000002  loss: 1.6763  time: 3.2021  data: 1.4895  max mem: 28181
Train Epoch: [7]  [  50/3466]  eta: 1:23:52  lr: 0.000002  loss: 1.8712  time: 1.4394  data: 0.0001  max mem: 28181
Train Epoch: [7]  [ 100/3466]  eta: 1:21:43  lr: 0.000002  loss: 1.4988  time: 1.4423  data: 0.0001  max mem: 28181
Train Epoch: [7]  [ 150/3466]  eta: 1:20:14  lr: 0.000002  loss: 1.5467  time: 1.4421  data: 0.0001  max mem: 28181
Train Epoch: [7]  [ 200/3466]  eta: 1:18:57  lr: 0.000002  loss: 1.3182  time: 1.4488  data: 0.0001  max mem: 28181
Train Epoch: [7]  [ 250/3466]  eta: 1:17:43  lr: 0.000002  loss: 2.2442  time: 1.4491  data: 0.0001  max mem: 28181
Train Epoch: [7]  [ 300/3466]  eta: 1:16:29  lr: 0.000002  loss: 2.0270  time: 1.4474  data: 0.0001  max mem: 28181
Train Epoch: [7]  [ 350/3466]  eta: 1:15:16  lr: 0.000002  loss: 1.0844  time: 1.4530  data: 0.0001  max mem: 28181
Train Epoch: [7]  [ 400/3466]  eta: 1:14:03  lr: 0.000002  loss: 2.4995  time: 1.4505  data: 0.0001  max mem: 28181
Train Epoch: [7]  [ 450/3466]  eta: 1:12:51  lr: 0.000002  loss: 1.6730  time: 1.4473  data: 0.0001  max mem: 28181
Train Epoch: [7]  [ 500/3466]  eta: 1:11:38  lr: 0.000002  loss: 2.1967  time: 1.4517  data: 0.0001  max mem: 28181
Train Epoch: [7]  [ 550/3466]  eta: 1:10:25  lr: 0.000002  loss: 1.5839  time: 1.4481  data: 0.0001  max mem: 28181
Train Epoch: [7]  [ 600/3466]  eta: 1:09:12  lr: 0.000002  loss: 1.9628  time: 1.4464  data: 0.0001  max mem: 28181
Train Epoch: [7]  [ 650/3466]  eta: 1:07:59  lr: 0.000002  loss: 2.0046  time: 1.4439  data: 0.0001  max mem: 28181
Train Epoch: [7]  [ 700/3466]  eta: 1:06:46  lr: 0.000002  loss: 0.9280  time: 1.4462  data: 0.0001  max mem: 28181
Train Epoch: [7]  [ 750/3466]  eta: 1:05:34  lr: 0.000002  loss: 1.2052  time: 1.4505  data: 0.0001  max mem: 28181
Train Epoch: [7]  [ 800/3466]  eta: 1:04:21  lr: 0.000002  loss: 2.2911  time: 1.4461  data: 0.0001  max mem: 28181
Train Epoch: [7]  [ 850/3466]  eta: 1:03:09  lr: 0.000002  loss: 2.3428  time: 1.4505  data: 0.0001  max mem: 28181
Train Epoch: [7]  [ 900/3466]  eta: 1:01:57  lr: 0.000002  loss: 1.1325  time: 1.4524  data: 0.0001  max mem: 28181
Train Epoch: [7]  [ 950/3466]  eta: 1:00:44  lr: 0.000002  loss: 2.4346  time: 1.4489  data: 0.0001  max mem: 28181
Train Epoch: [7]  [1000/3466]  eta: 0:59:32  lr: 0.000002  loss: 1.1488  time: 1.4533  data: 0.0001  max mem: 28181
Train Epoch: [7]  [1050/3466]  eta: 0:58:20  lr: 0.000002  loss: 1.4637  time: 1.4517  data: 0.0001  max mem: 28181
Train Epoch: [7]  [1100/3466]  eta: 0:57:08  lr: 0.000002  loss: 2.5807  time: 1.4459  data: 0.0001  max mem: 28181
Train Epoch: [7]  [1150/3466]  eta: 0:55:55  lr: 0.000002  loss: 1.6183  time: 1.4468  data: 0.0001  max mem: 28181
Train Epoch: [7]  [1200/3466]  eta: 0:54:43  lr: 0.000002  loss: 2.1662  time: 1.4491  data: 0.0001  max mem: 28181
Train Epoch: [7]  [1250/3466]  eta: 0:53:30  lr: 0.000002  loss: 1.4550  time: 1.4549  data: 0.0001  max mem: 28181
Train Epoch: [7]  [1300/3466]  eta: 0:52:18  lr: 0.000002  loss: 1.5998  time: 1.4476  data: 0.0001  max mem: 28181
Train Epoch: [7]  [1350/3466]  eta: 0:51:06  lr: 0.000002  loss: 1.7073  time: 1.4534  data: 0.0001  max mem: 28181
Train Epoch: [7]  [1400/3466]  eta: 0:49:53  lr: 0.000002  loss: 2.3179  time: 1.4550  data: 0.0001  max mem: 28181
Train Epoch: [7]  [1450/3466]  eta: 0:48:41  lr: 0.000002  loss: 1.9003  time: 1.4452  data: 0.0001  max mem: 28181
Train Epoch: [7]  [1500/3466]  eta: 0:47:28  lr: 0.000002  loss: 1.6557  time: 1.4479  data: 0.0001  max mem: 28181
Train Epoch: [7]  [1550/3466]  eta: 0:46:16  lr: 0.000002  loss: 1.7751  time: 1.4454  data: 0.0002  max mem: 28181
Train Epoch: [7]  [1600/3466]  eta: 0:45:03  lr: 0.000002  loss: 1.7800  time: 1.4505  data: 0.0001  max mem: 28181
Train Epoch: [7]  [1650/3466]  eta: 0:43:51  lr: 0.000002  loss: 1.8378  time: 1.4549  data: 0.0001  max mem: 28181
Train Epoch: [7]  [1700/3466]  eta: 0:42:38  lr: 0.000002  loss: 1.2939  time: 1.4482  data: 0.0001  max mem: 28181
Train Epoch: [7]  [1750/3466]  eta: 0:41:26  lr: 0.000002  loss: 1.3868  time: 1.4510  data: 0.0001  max mem: 28181
Train Epoch: [7]  [1800/3466]  eta: 0:40:14  lr: 0.000002  loss: 2.3154  time: 1.4480  data: 0.0001  max mem: 28181
Train Epoch: [7]  [1850/3466]  eta: 0:39:01  lr: 0.000002  loss: 1.8084  time: 1.4530  data: 0.0001  max mem: 28181
Train Epoch: [7]  [1900/3466]  eta: 0:37:49  lr: 0.000002  loss: 2.4582  time: 1.4497  data: 0.0001  max mem: 28181
Train Epoch: [7]  [1950/3466]  eta: 0:36:36  lr: 0.000002  loss: 2.1080  time: 1.4511  data: 0.0001  max mem: 28181
Train Epoch: [7]  [2000/3466]  eta: 0:35:24  lr: 0.000002  loss: 1.5348  time: 1.4517  data: 0.0001  max mem: 28181
Train Epoch: [7]  [2050/3466]  eta: 0:34:11  lr: 0.000002  loss: 2.0140  time: 1.4471  data: 0.0001  max mem: 28181
Train Epoch: [7]  [2100/3466]  eta: 0:32:59  lr: 0.000002  loss: 1.7574  time: 1.4452  data: 0.0001  max mem: 28181
Train Epoch: [7]  [2150/3466]  eta: 0:31:46  lr: 0.000002  loss: 1.3817  time: 1.4462  data: 0.0001  max mem: 28181
Train Epoch: [7]  [2200/3466]  eta: 0:30:34  lr: 0.000002  loss: 1.0234  time: 1.4515  data: 0.0001  max mem: 28181
Train Epoch: [7]  [2250/3466]  eta: 0:29:21  lr: 0.000002  loss: 1.4016  time: 1.4420  data: 0.0001  max mem: 28181
Train Epoch: [7]  [2300/3466]  eta: 0:28:09  lr: 0.000002  loss: 2.1642  time: 1.4487  data: 0.0001  max mem: 28181
Train Epoch: [7]  [2350/3466]  eta: 0:26:56  lr: 0.000002  loss: 1.5286  time: 1.4444  data: 0.0001  max mem: 28181
Train Epoch: [7]  [2400/3466]  eta: 0:25:44  lr: 0.000002  loss: 2.0379  time: 1.4442  data: 0.0001  max mem: 28181
Train Epoch: [7]  [2450/3466]  eta: 0:24:31  lr: 0.000002  loss: 1.7411  time: 1.4421  data: 0.0001  max mem: 28181
Train Epoch: [7]  [2500/3466]  eta: 0:23:19  lr: 0.000002  loss: 2.2593  time: 1.4506  data: 0.0001  max mem: 28181
Train Epoch: [7]  [2550/3466]  eta: 0:22:07  lr: 0.000002  loss: 1.6565  time: 1.4515  data: 0.0001  max mem: 28181
Train Epoch: [7]  [2600/3466]  eta: 0:20:54  lr: 0.000002  loss: 1.3699  time: 1.4462  data: 0.0001  max mem: 28181
Train Epoch: [7]  [2650/3466]  eta: 0:19:42  lr: 0.000002  loss: 1.6128  time: 1.4436  data: 0.0001  max mem: 28181
Train Epoch: [7]  [2700/3466]  eta: 0:18:29  lr: 0.000002  loss: 1.7092  time: 1.4468  data: 0.0001  max mem: 28181
Train Epoch: [7]  [2750/3466]  eta: 0:17:17  lr: 0.000002  loss: 1.6607  time: 1.4437  data: 0.0001  max mem: 28181
Train Epoch: [7]  [2800/3466]  eta: 0:16:04  lr: 0.000002  loss: 1.4005  time: 1.4487  data: 0.0001  max mem: 28181
Train Epoch: [7]  [2850/3466]  eta: 0:14:52  lr: 0.000002  loss: 1.8249  time: 1.4457  data: 0.0001  max mem: 28181
Train Epoch: [7]  [2900/3466]  eta: 0:13:39  lr: 0.000002  loss: 1.5468  time: 1.4480  data: 0.0001  max mem: 28181
Train Epoch: [7]  [2950/3466]  eta: 0:12:27  lr: 0.000002  loss: 2.2147  time: 1.4496  data: 0.0001  max mem: 28181
Train Epoch: [7]  [3000/3466]  eta: 0:11:15  lr: 0.000002  loss: 1.5057  time: 1.4493  data: 0.0001  max mem: 28181
Train Epoch: [7]  [3050/3466]  eta: 0:10:02  lr: 0.000002  loss: 1.4870  time: 1.4471  data: 0.0001  max mem: 28181
Train Epoch: [7]  [3100/3466]  eta: 0:08:50  lr: 0.000002  loss: 1.8695  time: 1.4507  data: 0.0001  max mem: 28181
Train Epoch: [7]  [3150/3466]  eta: 0:07:37  lr: 0.000002  loss: 2.3189  time: 1.4433  data: 0.0001  max mem: 28181
Train Epoch: [7]  [3200/3466]  eta: 0:06:25  lr: 0.000002  loss: 2.3723  time: 1.4454  data: 0.0001  max mem: 28181
Train Epoch: [7]  [3250/3466]  eta: 0:05:12  lr: 0.000002  loss: 2.2664  time: 1.4450  data: 0.0001  max mem: 28181
Train Epoch: [7]  [3300/3466]  eta: 0:04:00  lr: 0.000002  loss: 1.8137  time: 1.4478  data: 0.0002  max mem: 28181
Train Epoch: [7]  [3350/3466]  eta: 0:02:48  lr: 0.000002  loss: 1.8352  time: 1.4484  data: 0.0001  max mem: 28181
Train Epoch: [7]  [3400/3466]  eta: 0:01:35  lr: 0.000002  loss: 1.5282  time: 1.4525  data: 0.0001  max mem: 28181
Train Epoch: [7]  [3450/3466]  eta: 0:00:23  lr: 0.000002  loss: 1.0988  time: 1.4473  data: 0.0001  max mem: 28181
Train Epoch: [7]  [3465/3466]  eta: 0:00:01  lr: 0.000002  loss: 1.4827  time: 1.4459  data: 0.0004  max mem: 28181
Train Epoch: [7] Total time: 1:23:40 (1.4486 s / it)
Averaged stats: lr: 0.0000  loss: 1.8325
Generate VQA test result:  [    0/12025]  eta: 4:22:44    time: 1.3110  data: 0.7685  max mem: 28181
Generate VQA test result:  [   50/12025]  eta: 1:13:27    time: 0.3517  data: 0.0002  max mem: 28181
Generate VQA test result:  [  100/12025]  eta: 1:11:29    time: 0.3539  data: 0.0002  max mem: 28181
Generate VQA test result:  [  150/12025]  eta: 1:10:39    time: 0.3525  data: 0.0001  max mem: 28181
Generate VQA test result:  [  200/12025]  eta: 1:10:08    time: 0.3520  data: 0.0002  max mem: 28181
Generate VQA test result:  [  250/12025]  eta: 1:09:41    time: 0.3515  data: 0.0002  max mem: 28181
Generate VQA test result:  [  300/12025]  eta: 1:09:15    time: 0.3505  data: 0.0002  max mem: 28181
Generate VQA test result:  [  350/12025]  eta: 1:08:53    time: 0.3505  data: 0.0002  max mem: 28181
Generate VQA test result:  [  400/12025]  eta: 1:08:31    time: 0.3494  data: 0.0001  max mem: 28181
Generate VQA test result:  [  450/12025]  eta: 1:08:14    time: 0.3558  data: 0.0002  max mem: 28181
Generate VQA test result:  [  500/12025]  eta: 1:07:57    time: 0.3534  data: 0.0002  max mem: 28181
Generate VQA test result:  [  550/12025]  eta: 1:07:39    time: 0.3550  data: 0.0002  max mem: 28181
Generate VQA test result:  [  600/12025]  eta: 1:07:22    time: 0.3564  data: 0.0001  max mem: 28181
Generate VQA test result:  [  650/12025]  eta: 1:07:04    time: 0.3542  data: 0.0001  max mem: 28181
Generate VQA test result:  [  700/12025]  eta: 1:06:47    time: 0.3526  data: 0.0002  max mem: 28181
Generate VQA test result:  [  750/12025]  eta: 1:06:29    time: 0.3527  data: 0.0001  max mem: 28181
Generate VQA test result:  [  800/12025]  eta: 1:06:12    time: 0.3552  data: 0.0002  max mem: 28181
Generate VQA test result:  [  850/12025]  eta: 1:05:55    time: 0.3558  data: 0.0002  max mem: 28181
Generate VQA test result:  [  900/12025]  eta: 1:05:39    time: 0.3557  data: 0.0002  max mem: 28181
Generate VQA test result:  [  950/12025]  eta: 1:05:23    time: 0.3549  data: 0.0002  max mem: 28181
Generate VQA test result:  [ 1000/12025]  eta: 1:05:06    time: 0.3543  data: 0.0002  max mem: 28181
Generate VQA test result:  [ 1050/12025]  eta: 1:04:49    time: 0.3554  data: 0.0002  max mem: 28181
Generate VQA test result:  [ 1100/12025]  eta: 1:04:32    time: 0.3551  data: 0.0002  max mem: 28181
Generate VQA test result:  [ 1150/12025]  eta: 1:04:15    time: 0.3557  data: 0.0001  max mem: 28181
Generate VQA test result:  [ 1200/12025]  eta: 1:03:58    time: 0.3564  data: 0.0002  max mem: 28181
Generate VQA test result:  [ 1250/12025]  eta: 1:03:41    time: 0.3566  data: 0.0002  max mem: 28181
Generate VQA test result:  [ 1300/12025]  eta: 1:03:23    time: 0.3538  data: 0.0002  max mem: 28181
Generate VQA test result:  [ 1350/12025]  eta: 1:03:06    time: 0.3574  data: 0.0002  max mem: 28181
Generate VQA test result:  [ 1400/12025]  eta: 1:02:49    time: 0.3581  data: 0.0002  max mem: 28181
Generate VQA test result:  [ 1450/12025]  eta: 1:02:31    time: 0.3562  data: 0.0002  max mem: 28181
Generate VQA test result:  [ 1500/12025]  eta: 1:02:14    time: 0.3585  data: 0.0002  max mem: 28181
Generate VQA test result:  [ 1550/12025]  eta: 1:01:57    time: 0.3561  data: 0.0002  max mem: 28181
Generate VQA test result:  [ 1600/12025]  eta: 1:01:40    time: 0.3585  data: 0.0002  max mem: 28181
Generate VQA test result:  [ 1650/12025]  eta: 1:01:22    time: 0.3541  data: 0.0001  max mem: 28181
Generate VQA test result:  [ 1700/12025]  eta: 1:01:05    time: 0.3577  data: 0.0002  max mem: 28181
Generate VQA test result:  [ 1750/12025]  eta: 1:00:47    time: 0.3590  data: 0.0002  max mem: 28181
Generate VQA test result:  [ 1800/12025]  eta: 1:00:30    time: 0.3577  data: 0.0002  max mem: 28181
Generate VQA test result:  [ 1850/12025]  eta: 1:00:13    time: 0.3594  data: 0.0002  max mem: 28181
Generate VQA test result:  [ 1900/12025]  eta: 0:59:56    time: 0.3557  data: 0.0002  max mem: 28181
Generate VQA test result:  [ 1950/12025]  eta: 0:59:38    time: 0.3540  data: 0.0001  max mem: 28181
Generate VQA test result:  [ 2000/12025]  eta: 0:59:21    time: 0.3577  data: 0.0002  max mem: 28181
Generate VQA test result:  [ 2050/12025]  eta: 0:59:04    time: 0.3588  data: 0.0002  max mem: 28181
Generate VQA test result:  [ 2100/12025]  eta: 0:58:47    time: 0.3598  data: 0.0002  max mem: 28181
Generate VQA test result:  [ 2150/12025]  eta: 0:58:30    time: 0.3603  data: 0.0002  max mem: 28181
Generate VQA test result:  [ 2200/12025]  eta: 0:58:13    time: 0.3582  data: 0.0002  max mem: 28181
Generate VQA test result:  [ 2250/12025]  eta: 0:57:55    time: 0.3569  data: 0.0002  max mem: 28181
Generate VQA test result:  [ 2300/12025]  eta: 0:57:37    time: 0.3537  data: 0.0002  max mem: 28181
Generate VQA test result:  [ 2350/12025]  eta: 0:57:19    time: 0.3558  data: 0.0002  max mem: 28181
Generate VQA test result:  [ 2400/12025]  eta: 0:57:01    time: 0.3538  data: 0.0001  max mem: 28181
Generate VQA test result:  [ 2450/12025]  eta: 0:56:44    time: 0.3562  data: 0.0002  max mem: 28181
Generate VQA test result:  [ 2500/12025]  eta: 0:56:26    time: 0.3568  data: 0.0001  max mem: 28181
Generate VQA test result:  [ 2550/12025]  eta: 0:56:09    time: 0.3569  data: 0.0002  max mem: 28181
Generate VQA test result:  [ 2600/12025]  eta: 0:55:51    time: 0.3591  data: 0.0002  max mem: 28181
Generate VQA test result:  [ 2650/12025]  eta: 0:55:34    time: 0.3553  data: 0.0001  max mem: 28181
Generate VQA test result:  [ 2700/12025]  eta: 0:55:16    time: 0.3573  data: 0.0002  max mem: 28181
Generate VQA test result:  [ 2750/12025]  eta: 0:54:59    time: 0.3593  data: 0.0002  max mem: 28181
Generate VQA test result:  [ 2800/12025]  eta: 0:54:42    time: 0.3573  data: 0.0002  max mem: 28181
Generate VQA test result:  [ 2850/12025]  eta: 0:54:24    time: 0.3546  data: 0.0002  max mem: 28181
Generate VQA test result:  [ 2900/12025]  eta: 0:54:06    time: 0.3555  data: 0.0002  max mem: 28181
Generate VQA test result:  [ 2950/12025]  eta: 0:53:49    time: 0.3577  data: 0.0002  max mem: 28181
Generate VQA test result:  [ 3000/12025]  eta: 0:53:31    time: 0.3565  data: 0.0001  max mem: 28181
Generate VQA test result:  [ 3050/12025]  eta: 0:53:14    time: 0.3557  data: 0.0002  max mem: 28181
Generate VQA test result:  [ 3100/12025]  eta: 0:52:56    time: 0.3588  data: 0.0002  max mem: 28181
Generate VQA test result:  [ 3150/12025]  eta: 0:52:39    time: 0.3587  data: 0.0002  max mem: 28181
Generate VQA test result:  [ 3200/12025]  eta: 0:52:21    time: 0.3523  data: 0.0002  max mem: 28181
Generate VQA test result:  [ 3250/12025]  eta: 0:52:03    time: 0.3557  data: 0.0002  max mem: 28181
Generate VQA test result:  [ 3300/12025]  eta: 0:51:46    time: 0.3585  data: 0.0002  max mem: 28181
